[0.553s] Invoking command in '/home/mu/Documents/RINS/project/RINSproject/build/dis_tutorial3': CMAKE_PREFIX_PATH=${CMAKE_PREFIX_PATH}:/opt/ros/humble /usr/bin/cmake --build /home/mu/Documents/RINS/project/RINSproject/build/dis_tutorial3 -- -j16 -l16
[0.717s] Invoked command in '/home/mu/Documents/RINS/project/RINSproject/build/dis_tutorial3' returned '0': CMAKE_PREFIX_PATH=${CMAKE_PREFIX_PATH}:/opt/ros/humble /usr/bin/cmake --build /home/mu/Documents/RINS/project/RINSproject/build/dis_tutorial3 -- -j16 -l16
[0.836s] Invoking command in '/home/mu/Documents/RINS/project/RINSproject/build/dis_tutorial3': CMAKE_PREFIX_PATH=${CMAKE_PREFIX_PATH}:/opt/ros/humble /usr/bin/cmake --install /home/mu/Documents/RINS/project/RINSproject/build/dis_tutorial3
[0.878s] -- Install configuration: ""
[0.880s] -- Up-to-date: /home/mu/Documents/RINS/project/RINSproject/install/dis_tutorial3/share/dis_tutorial3//launch
[0.880s] -- Up-to-date: /home/mu/Documents/RINS/project/RINSproject/install/dis_tutorial3/share/dis_tutorial3//launch/ignition.launch.py
[0.882s] -- Up-to-date: /home/mu/Documents/RINS/project/RINSproject/install/dis_tutorial3/share/dis_tutorial3//launch/nav2.launch.py
[0.882s] -- Up-to-date: /home/mu/Documents/RINS/project/RINSproject/install/dis_tutorial3/share/dis_tutorial3//launch/sim_turtlebot_slam.launch.py
[0.883s] -- Up-to-date: /home/mu/Documents/RINS/project/RINSproject/install/dis_tutorial3/share/dis_tutorial3//launch/dis_sim.launch.py
[0.883s] -- Up-to-date: /home/mu/Documents/RINS/project/RINSproject/install/dis_tutorial3/share/dis_tutorial3//launch/sim_turtlebot_nav.launch.py
[0.884s] -- Up-to-date: /home/mu/Documents/RINS/project/RINSproject/install/dis_tutorial3/share/dis_tutorial3//launch/slam.launch.py
[0.885s] -- Up-to-date: /home/mu/Documents/RINS/project/RINSproject/install/dis_tutorial3/share/dis_tutorial3//launch/turtlebot4_spawn.launch.py
[0.886s] -- Up-to-date: /home/mu/Documents/RINS/project/RINSproject/install/dis_tutorial3/share/dis_tutorial3//launch/localization.launch.py
[0.886s] -- Up-to-date: /home/mu/Documents/RINS/project/RINSproject/install/dis_tutorial3/share/dis_tutorial3//launch/turtlebot4_spawn_nav.launch.py
[0.887s] -- Up-to-date: /home/mu/Documents/RINS/project/RINSproject/install/dis_tutorial3/share/dis_tutorial3//config
[0.888s] -- Up-to-date: /home/mu/Documents/RINS/project/RINSproject/install/dis_tutorial3/share/dis_tutorial3//config/nav2.yaml
[0.888s] -- Up-to-date: /home/mu/Documents/RINS/project/RINSproject/install/dis_tutorial3/share/dis_tutorial3//config/laser_filter_chain.yaml
[0.888s] -- Up-to-date: /home/mu/Documents/RINS/project/RINSproject/install/dis_tutorial3/share/dis_tutorial3//config/localization.yaml
[0.889s] -- Up-to-date: /home/mu/Documents/RINS/project/RINSproject/install/dis_tutorial3/share/dis_tutorial3//config/slam.yaml
[0.889s] -- Up-to-date: /home/mu/Documents/RINS/project/RINSproject/install/dis_tutorial3/share/dis_tutorial3//worlds
[0.889s] -- Up-to-date: /home/mu/Documents/RINS/project/RINSproject/install/dis_tutorial3/share/dis_tutorial3//worlds/dis.sdf
[0.889s] -- Up-to-date: /home/mu/Documents/RINS/project/RINSproject/install/dis_tutorial3/share/dis_tutorial3//worlds/demo2.sdf
[0.908s] -- Up-to-date: /home/mu/Documents/RINS/project/RINSproject/install/dis_tutorial3/share/dis_tutorial3//worlds/dis_meshes
[0.910s] -- Up-to-date: /home/mu/Documents/RINS/project/RINSproject/install/dis_tutorial3/share/dis_tutorial3//worlds/dis_meshes/mona1.jpg
[0.910s] -- Up-to-date: /home/mu/Documents/RINS/project/RINSproject/install/dis_tutorial3/share/dis_tutorial3//worlds/dis_meshes/fakering3.jpg
[0.911s] -- Up-to-date: /home/mu/Documents/RINS/project/RINSproject/install/dis_tutorial3/share/dis_tutorial3//worlds/dis_meshes/map_colliders.dae
[0.911s] -- Up-to-date: /home/mu/Documents/RINS/project/RINSproject/install/dis_tutorial3/share/dis_tutorial3//worlds/dis_meshes/objects.jpg
[0.912s] -- Up-to-date: /home/mu/Documents/RINS/project/RINSproject/install/dis_tutorial3/share/dis_tutorial3//worlds/dis_meshes/person2.jpg
[0.912s] -- Up-to-date: /home/mu/Documents/RINS/project/RINSproject/install/dis_tutorial3/share/dis_tutorial3//worlds/dis_meshes/person4.jpg
[0.913s] -- Up-to-date: /home/mu/Documents/RINS/project/RINSproject/install/dis_tutorial3/share/dis_tutorial3//worlds/dis_meshes/parking_space.jpg
[0.914s] -- Up-to-date: /home/mu/Documents/RINS/project/RINSproject/install/dis_tutorial3/share/dis_tutorial3//worlds/dis_meshes/person5.jpg
[0.914s] -- Up-to-date: /home/mu/Documents/RINS/project/RINSproject/install/dis_tutorial3/share/dis_tutorial3//worlds/dis_meshes/qr2.jpg
[0.915s] -- Up-to-date: /home/mu/Documents/RINS/project/RINSproject/install/dis_tutorial3/share/dis_tutorial3//worlds/dis_meshes/fakering2.jpg
[0.916s] -- Up-to-date: /home/mu/Documents/RINS/project/RINSproject/install/dis_tutorial3/share/dis_tutorial3//worlds/dis_meshes/person3.jpg
[0.917s] -- Up-to-date: /home/mu/Documents/RINS/project/RINSproject/install/dis_tutorial3/share/dis_tutorial3//worlds/dis_meshes/person1.jpg
[0.917s] -- Up-to-date: /home/mu/Documents/RINS/project/RINSproject/install/dis_tutorial3/share/dis_tutorial3//worlds/dis_meshes/fakering1.jpg
[0.918s] -- Up-to-date: /home/mu/Documents/RINS/project/RINSproject/install/dis_tutorial3/share/dis_tutorial3//worlds/dis_meshes/wood.jpg
[0.918s] -- Up-to-date: /home/mu/Documents/RINS/project/RINSproject/install/dis_tutorial3/share/dis_tutorial3//worlds/dis_meshes/qr1.jpg
[0.919s] -- Up-to-date: /home/mu/Documents/RINS/project/RINSproject/install/dis_tutorial3/share/dis_tutorial3//worlds/dis_meshes/davinci.jpg
[0.919s] -- Up-to-date: /home/mu/Documents/RINS/project/RINSproject/install/dis_tutorial3/share/dis_tutorial3//worlds/dis_meshes/ground.jpg
[0.920s] -- Up-to-date: /home/mu/Documents/RINS/project/RINSproject/install/dis_tutorial3/share/dis_tutorial3//worlds/dis_meshes/cylinders.jpg
[0.921s] -- Up-to-date: /home/mu/Documents/RINS/project/RINSproject/install/dis_tutorial3/share/dis_tutorial3//worlds/dis_meshes/map.dae
[0.922s] -- Up-to-date: /home/mu/Documents/RINS/project/RINSproject/install/dis_tutorial3/share/dis_tutorial3//worlds/task_meshes
[0.922s] -- Up-to-date: /home/mu/Documents/RINS/project/RINSproject/install/dis_tutorial3/share/dis_tutorial3//worlds/task_meshes/fakering3.jpg
[0.923s] -- Up-to-date: /home/mu/Documents/RINS/project/RINSproject/install/dis_tutorial3/share/dis_tutorial3//worlds/task_meshes/map_colliders.dae
[0.923s] -- Up-to-date: /home/mu/Documents/RINS/project/RINSproject/install/dis_tutorial3/share/dis_tutorial3//worlds/task_meshes/objects.jpg
[0.923s] -- Up-to-date: /home/mu/Documents/RINS/project/RINSproject/install/dis_tutorial3/share/dis_tutorial3//worlds/task_meshes/parking_space.jpg
[0.923s] -- Up-to-date: /home/mu/Documents/RINS/project/RINSproject/install/dis_tutorial3/share/dis_tutorial3//worlds/task_meshes/qr2.jpg
[0.923s] -- Up-to-date: /home/mu/Documents/RINS/project/RINSproject/install/dis_tutorial3/share/dis_tutorial3//worlds/task_meshes/person17.png
[0.924s] -- Up-to-date: /home/mu/Documents/RINS/project/RINSproject/install/dis_tutorial3/share/dis_tutorial3//worlds/task_meshes/fakering2.jpg
[0.924s] -- Up-to-date: /home/mu/Documents/RINS/project/RINSproject/install/dis_tutorial3/share/dis_tutorial3//worlds/task_meshes/person21.png
[0.924s] -- Up-to-date: /home/mu/Documents/RINS/project/RINSproject/install/dis_tutorial3/share/dis_tutorial3//worlds/task_meshes/person19.png
[0.924s] -- Up-to-date: /home/mu/Documents/RINS/project/RINSproject/install/dis_tutorial3/share/dis_tutorial3//worlds/task_meshes/fakering1.jpg
[0.925s] -- Up-to-date: /home/mu/Documents/RINS/project/RINSproject/install/dis_tutorial3/share/dis_tutorial3//worlds/task_meshes/person15.png
[0.925s] -- Up-to-date: /home/mu/Documents/RINS/project/RINSproject/install/dis_tutorial3/share/dis_tutorial3//worlds/task_meshes/qr1.jpg
[0.925s] -- Up-to-date: /home/mu/Documents/RINS/project/RINSproject/install/dis_tutorial3/share/dis_tutorial3//worlds/task_meshes/ground.jpg
[0.926s] -- Up-to-date: /home/mu/Documents/RINS/project/RINSproject/install/dis_tutorial3/share/dis_tutorial3//worlds/task_meshes/cylinders.jpg
[0.928s] -- Up-to-date: /home/mu/Documents/RINS/project/RINSproject/install/dis_tutorial3/share/dis_tutorial3//worlds/task_meshes/person23.png
[0.928s] -- Up-to-date: /home/mu/Documents/RINS/project/RINSproject/install/dis_tutorial3/share/dis_tutorial3//worlds/task_meshes/map.dae
[0.929s] -- Up-to-date: /home/mu/Documents/RINS/project/RINSproject/install/dis_tutorial3/share/dis_tutorial3//worlds/task_meshes/person22.png
[0.929s] -- Up-to-date: /home/mu/Documents/RINS/project/RINSproject/install/dis_tutorial3/share/dis_tutorial3//worlds/demo1.sdf
[0.929s] -- Up-to-date: /home/mu/Documents/RINS/project/RINSproject/install/dis_tutorial3/share/dis_tutorial3//worlds/task.sdf
[0.930s] -- Up-to-date: /home/mu/Documents/RINS/project/RINSproject/install/dis_tutorial3/share/dis_tutorial3//worlds/demo1_meshes
[0.930s] -- Up-to-date: /home/mu/Documents/RINS/project/RINSproject/install/dis_tutorial3/share/dis_tutorial3//worlds/demo1_meshes/fakering3.jpg
[0.931s] -- Up-to-date: /home/mu/Documents/RINS/project/RINSproject/install/dis_tutorial3/share/dis_tutorial3//worlds/demo1_meshes/map_colliders.dae
[0.932s] -- Up-to-date: /home/mu/Documents/RINS/project/RINSproject/install/dis_tutorial3/share/dis_tutorial3//worlds/demo1_meshes/objects.jpg
[0.933s] -- Up-to-date: /home/mu/Documents/RINS/project/RINSproject/install/dis_tutorial3/share/dis_tutorial3//worlds/demo1_meshes/person5.png
[0.934s] -- Up-to-date: /home/mu/Documents/RINS/project/RINSproject/install/dis_tutorial3/share/dis_tutorial3//worlds/demo1_meshes/parking_space.jpg
[0.935s] -- Up-to-date: /home/mu/Documents/RINS/project/RINSproject/install/dis_tutorial3/share/dis_tutorial3//worlds/demo1_meshes/person2.png
[0.935s] -- Up-to-date: /home/mu/Documents/RINS/project/RINSproject/install/dis_tutorial3/share/dis_tutorial3//worlds/demo1_meshes/person1.png
[0.935s] -- Up-to-date: /home/mu/Documents/RINS/project/RINSproject/install/dis_tutorial3/share/dis_tutorial3//worlds/demo1_meshes/qr2.jpg
[0.935s] -- Up-to-date: /home/mu/Documents/RINS/project/RINSproject/install/dis_tutorial3/share/dis_tutorial3//worlds/demo1_meshes/person4.png
[0.936s] -- Up-to-date: /home/mu/Documents/RINS/project/RINSproject/install/dis_tutorial3/share/dis_tutorial3//worlds/demo1_meshes/person3.png
[0.936s] -- Up-to-date: /home/mu/Documents/RINS/project/RINSproject/install/dis_tutorial3/share/dis_tutorial3//worlds/demo1_meshes/fakering2.jpg
[0.936s] -- Up-to-date: /home/mu/Documents/RINS/project/RINSproject/install/dis_tutorial3/share/dis_tutorial3//worlds/demo1_meshes/fakering1.jpg
[0.936s] -- Up-to-date: /home/mu/Documents/RINS/project/RINSproject/install/dis_tutorial3/share/dis_tutorial3//worlds/demo1_meshes/qr1.jpg
[0.936s] -- Up-to-date: /home/mu/Documents/RINS/project/RINSproject/install/dis_tutorial3/share/dis_tutorial3//worlds/demo1_meshes/person11.png
[0.937s] -- Up-to-date: /home/mu/Documents/RINS/project/RINSproject/install/dis_tutorial3/share/dis_tutorial3//worlds/demo1_meshes/ground.jpg
[0.938s] -- Up-to-date: /home/mu/Documents/RINS/project/RINSproject/install/dis_tutorial3/share/dis_tutorial3//worlds/demo1_meshes/cylinders.jpg
[0.939s] -- Up-to-date: /home/mu/Documents/RINS/project/RINSproject/install/dis_tutorial3/share/dis_tutorial3//worlds/demo1_meshes/map.dae
[0.939s] -- Up-to-date: /home/mu/Documents/RINS/project/RINSproject/install/dis_tutorial3/share/dis_tutorial3//worlds/demo2_meshes
[0.939s] -- Up-to-date: /home/mu/Documents/RINS/project/RINSproject/install/dis_tutorial3/share/dis_tutorial3//worlds/demo2_meshes/fakering3.jpg
[0.940s] -- Up-to-date: /home/mu/Documents/RINS/project/RINSproject/install/dis_tutorial3/share/dis_tutorial3//worlds/demo2_meshes/map_colliders.dae
[0.940s] -- Up-to-date: /home/mu/Documents/RINS/project/RINSproject/install/dis_tutorial3/share/dis_tutorial3//worlds/demo2_meshes/objects.jpg
[0.940s] -- Up-to-date: /home/mu/Documents/RINS/project/RINSproject/install/dis_tutorial3/share/dis_tutorial3//worlds/demo2_meshes/person7.png
[0.940s] -- Up-to-date: /home/mu/Documents/RINS/project/RINSproject/install/dis_tutorial3/share/dis_tutorial3//worlds/demo2_meshes/parking_space.jpg
[0.941s] -- Up-to-date: /home/mu/Documents/RINS/project/RINSproject/install/dis_tutorial3/share/dis_tutorial3//worlds/demo2_meshes/person8.png
[0.941s] -- Up-to-date: /home/mu/Documents/RINS/project/RINSproject/install/dis_tutorial3/share/dis_tutorial3//worlds/demo2_meshes/qr2.jpg
[0.942s] -- Up-to-date: /home/mu/Documents/RINS/project/RINSproject/install/dis_tutorial3/share/dis_tutorial3//worlds/demo2_meshes/fakering2.jpg
[0.943s] -- Up-to-date: /home/mu/Documents/RINS/project/RINSproject/install/dis_tutorial3/share/dis_tutorial3//worlds/demo2_meshes/person18.png
[0.943s] -- Up-to-date: /home/mu/Documents/RINS/project/RINSproject/install/dis_tutorial3/share/dis_tutorial3//worlds/demo2_meshes/person20.png
[0.943s] -- Up-to-date: /home/mu/Documents/RINS/project/RINSproject/install/dis_tutorial3/share/dis_tutorial3//worlds/demo2_meshes/fakering1.jpg
[0.944s] -- Up-to-date: /home/mu/Documents/RINS/project/RINSproject/install/dis_tutorial3/share/dis_tutorial3//worlds/demo2_meshes/person9.png
[0.945s] -- Up-to-date: /home/mu/Documents/RINS/project/RINSproject/install/dis_tutorial3/share/dis_tutorial3//worlds/demo2_meshes/qr1.jpg
[0.946s] -- Up-to-date: /home/mu/Documents/RINS/project/RINSproject/install/dis_tutorial3/share/dis_tutorial3//worlds/demo2_meshes/ground.jpg
[0.947s] -- Up-to-date: /home/mu/Documents/RINS/project/RINSproject/install/dis_tutorial3/share/dis_tutorial3//worlds/demo2_meshes/cylinders.jpg
[0.947s] -- Up-to-date: /home/mu/Documents/RINS/project/RINSproject/install/dis_tutorial3/share/dis_tutorial3//worlds/demo2_meshes/person6.png
[0.948s] -- Up-to-date: /home/mu/Documents/RINS/project/RINSproject/install/dis_tutorial3/share/dis_tutorial3//worlds/demo2_meshes/map.dae
[0.949s] -- Up-to-date: /home/mu/Documents/RINS/project/RINSproject/install/dis_tutorial3/share/dis_tutorial3//maps
[0.951s] -- Up-to-date: /home/mu/Documents/RINS/project/RINSproject/install/dis_tutorial3/share/dis_tutorial3//maps/map.pgm
[0.951s] -- Up-to-date: /home/mu/Documents/RINS/project/RINSproject/install/dis_tutorial3/share/dis_tutorial3//maps/map.yaml
[0.951s] -- Installing: /home/mu/Documents/RINS/project/RINSproject/install/dis_tutorial3/lib/dis_tutorial3/detect_people.py
[0.952s] -- Up-to-date: /home/mu/Documents/RINS/project/RINSproject/install/dis_tutorial3/lib/dis_tutorial3/robot_commander.py
[0.952s] -- Up-to-date: /home/mu/Documents/RINS/project/RINSproject/install/dis_tutorial3/share/ament_index/resource_index/package_run_dependencies/dis_tutorial3
[0.952s] -- Up-to-date: /home/mu/Documents/RINS/project/RINSproject/install/dis_tutorial3/share/ament_index/resource_index/parent_prefix_path/dis_tutorial3
[0.952s] -- Up-to-date: /home/mu/Documents/RINS/project/RINSproject/install/dis_tutorial3/share/dis_tutorial3/environment/ament_prefix_path.sh
[0.952s] -- Up-to-date: /home/mu/Documents/RINS/project/RINSproject/install/dis_tutorial3/share/dis_tutorial3/environment/ament_prefix_path.dsv
[0.952s] -- Up-to-date: /home/mu/Documents/RINS/project/RINSproject/install/dis_tutorial3/share/dis_tutorial3/environment/path.sh
[0.953s] -- Up-to-date: /home/mu/Documents/RINS/project/RINSproject/install/dis_tutorial3/share/dis_tutorial3/environment/path.dsv
[0.953s] -- Up-to-date: /home/mu/Documents/RINS/project/RINSproject/install/dis_tutorial3/share/dis_tutorial3/local_setup.bash
[0.953s] -- Up-to-date: /home/mu/Documents/RINS/project/RINSproject/install/dis_tutorial3/share/dis_tutorial3/local_setup.sh
[0.954s] -- Up-to-date: /home/mu/Documents/RINS/project/RINSproject/install/dis_tutorial3/share/dis_tutorial3/local_setup.zsh
[0.955s] -- Up-to-date: /home/mu/Documents/RINS/project/RINSproject/install/dis_tutorial3/share/dis_tutorial3/local_setup.dsv
[0.956s] -- Installing: /home/mu/Documents/RINS/project/RINSproject/install/dis_tutorial3/share/dis_tutorial3/package.dsv
[0.957s] -- Up-to-date: /home/mu/Documents/RINS/project/RINSproject/install/dis_tutorial3/share/ament_index/resource_index/packages/dis_tutorial3
[0.958s] -- Up-to-date: /home/mu/Documents/RINS/project/RINSproject/install/dis_tutorial3/share/dis_tutorial3/cmake/dis_tutorial3Config.cmake
[0.958s] -- Up-to-date: /home/mu/Documents/RINS/project/RINSproject/install/dis_tutorial3/share/dis_tutorial3/cmake/dis_tutorial3Config-version.cmake
[0.959s] -- Up-to-date: /home/mu/Documents/RINS/project/RINSproject/install/dis_tutorial3/share/dis_tutorial3/package.xml
[1.119s] Invoked command in '/home/mu/Documents/RINS/project/RINSproject/build/dis_tutorial3' returned '0': CMAKE_PREFIX_PATH=${CMAKE_PREFIX_PATH}:/opt/ros/humble /usr/bin/cmake --install /home/mu/Documents/RINS/project/RINSproject/build/dis_tutorial3
