[1.189s] DEBUG:colcon:Command line arguments: ['/usr/bin/colcon', 'build', '--packages-select', 'dis_tutorial6']
[1.189s] DEBUG:colcon:Parsed command line arguments: Namespace(log_base=None, log_level=None, verb_name='build', build_base='build', install_base='install', merge_install=False, symlink_install=False, test_result_base=None, continue_on_error=False, executor='parallel', parallel_workers=16, event_handlers=None, ignore_user_meta=False, metas=['./colcon.meta'], base_paths=['.'], packages_ignore=None, packages_ignore_regex=None, paths=None, packages_up_to=None, packages_up_to_regex=None, packages_above=None, packages_above_and_dependencies=None, packages_above_depth=None, packages_select_by_dep=None, packages_skip_by_dep=None, packages_skip_up_to=None, packages_select_build_failed=False, packages_skip_build_finished=False, packages_select_test_failures=False, packages_skip_test_passed=False, packages_select=['dis_tutorial6'], packages_skip=None, packages_select_regex=None, packages_skip_regex=None, packages_start=None, packages_end=None, allow_overriding=[], cmake_args=None, cmake_target=None, cmake_target_skip_unavailable=False, cmake_clean_cache=False, cmake_clean_first=False, cmake_force_configure=False, ament_cmake_args=None, catkin_cmake_args=None, catkin_skip_building_tests=False, verb_parser=<colcon_defaults.argument_parser.defaults.DefaultArgumentsDecorator object at 0x76c2bc395390>, verb_extension=<colcon_core.verb.build.BuildVerb object at 0x76c2bc69bd60>, main=<bound method BuildVerb.main of <colcon_core.verb.build.BuildVerb object at 0x76c2bc69bd60>>)
[1.246s] Level 1:colcon.colcon_core.package_discovery:discover_packages(colcon_meta) check parameters
[1.247s] Level 1:colcon.colcon_core.package_discovery:discover_packages(recursive) check parameters
[1.247s] Level 1:colcon.colcon_core.package_discovery:discover_packages(ignore) check parameters
[1.247s] Level 1:colcon.colcon_core.package_discovery:discover_packages(path) check parameters
[1.247s] Level 1:colcon.colcon_core.package_discovery:discover_packages(colcon_meta) discover
[1.247s] Level 1:colcon.colcon_core.package_discovery:discover_packages(recursive) discover
[1.247s] INFO:colcon.colcon_core.package_discovery:Crawling recursively for packages in '/home/mu/RINSproject/src'
[1.247s] Level 1:colcon.colcon_core.package_identification:_identify(.) by extensions ['ignore', 'ignore_ament_install']
[1.247s] Level 1:colcon.colcon_core.package_identification:_identify(.) by extension 'ignore'
[1.247s] Level 1:colcon.colcon_core.package_identification:_identify(.) by extension 'ignore_ament_install'
[1.247s] Level 1:colcon.colcon_core.package_identification:_identify(.) by extensions ['colcon_pkg']
[1.247s] Level 1:colcon.colcon_core.package_identification:_identify(.) by extension 'colcon_pkg'
[1.247s] Level 1:colcon.colcon_core.package_identification:_identify(.) by extensions ['colcon_meta']
[1.247s] Level 1:colcon.colcon_core.package_identification:_identify(.) by extension 'colcon_meta'
[1.247s] Level 1:colcon.colcon_core.package_identification:_identify(.) by extensions ['ros']
[1.247s] Level 1:colcon.colcon_core.package_identification:_identify(.) by extension 'ros'
[1.259s] Level 1:colcon.colcon_core.package_identification:_identify(.) by extensions ['cmake', 'python']
[1.259s] Level 1:colcon.colcon_core.package_identification:_identify(.) by extension 'cmake'
[1.259s] Level 1:colcon.colcon_core.package_identification:_identify(.) by extension 'python'
[1.259s] Level 1:colcon.colcon_core.package_identification:_identify(.) by extensions ['python_setup_py']
[1.259s] Level 1:colcon.colcon_core.package_identification:_identify(.) by extension 'python_setup_py'
[1.259s] Level 1:colcon.colcon_core.package_identification:_identify(build) by extensions ['ignore', 'ignore_ament_install']
[1.259s] Level 1:colcon.colcon_core.package_identification:_identify(build) by extension 'ignore'
[1.259s] Level 1:colcon.colcon_core.package_identification:_identify(build) ignored
[1.260s] Level 1:colcon.colcon_core.package_identification:_identify(dis_tutorial3) by extensions ['ignore', 'ignore_ament_install']
[1.260s] Level 1:colcon.colcon_core.package_identification:_identify(dis_tutorial3) by extension 'ignore'
[1.260s] Level 1:colcon.colcon_core.package_identification:_identify(dis_tutorial3) by extension 'ignore_ament_install'
[1.260s] Level 1:colcon.colcon_core.package_identification:_identify(dis_tutorial3) by extensions ['colcon_pkg']
[1.260s] Level 1:colcon.colcon_core.package_identification:_identify(dis_tutorial3) by extension 'colcon_pkg'
[1.260s] Level 1:colcon.colcon_core.package_identification:_identify(dis_tutorial3) by extensions ['colcon_meta']
[1.260s] Level 1:colcon.colcon_core.package_identification:_identify(dis_tutorial3) by extension 'colcon_meta'
[1.260s] Level 1:colcon.colcon_core.package_identification:_identify(dis_tutorial3) by extensions ['ros']
[1.260s] Level 1:colcon.colcon_core.package_identification:_identify(dis_tutorial3) by extension 'ros'
[1.263s] DEBUG:colcon.colcon_core.package_identification:Package 'dis_tutorial3' with type 'ros.ament_cmake' and name 'dis_tutorial3'
[1.263s] Level 1:colcon.colcon_core.package_identification:_identify(dis_tutorial4) by extensions ['ignore', 'ignore_ament_install']
[1.263s] Level 1:colcon.colcon_core.package_identification:_identify(dis_tutorial4) by extension 'ignore'
[1.263s] Level 1:colcon.colcon_core.package_identification:_identify(dis_tutorial4) by extension 'ignore_ament_install'
[1.263s] Level 1:colcon.colcon_core.package_identification:_identify(dis_tutorial4) by extensions ['colcon_pkg']
[1.263s] Level 1:colcon.colcon_core.package_identification:_identify(dis_tutorial4) by extension 'colcon_pkg'
[1.263s] Level 1:colcon.colcon_core.package_identification:_identify(dis_tutorial4) by extensions ['colcon_meta']
[1.263s] Level 1:colcon.colcon_core.package_identification:_identify(dis_tutorial4) by extension 'colcon_meta'
[1.263s] Level 1:colcon.colcon_core.package_identification:_identify(dis_tutorial4) by extensions ['ros']
[1.263s] Level 1:colcon.colcon_core.package_identification:_identify(dis_tutorial4) by extension 'ros'
[1.264s] DEBUG:colcon.colcon_core.package_identification:Package 'dis_tutorial4' with type 'ros.ament_cmake' and name 'dis_tutorial4'
[1.264s] Level 1:colcon.colcon_core.package_identification:_identify(dis_tutorial6) by extensions ['ignore', 'ignore_ament_install']
[1.264s] Level 1:colcon.colcon_core.package_identification:_identify(dis_tutorial6) by extension 'ignore'
[1.264s] Level 1:colcon.colcon_core.package_identification:_identify(dis_tutorial6) by extension 'ignore_ament_install'
[1.264s] Level 1:colcon.colcon_core.package_identification:_identify(dis_tutorial6) by extensions ['colcon_pkg']
[1.264s] Level 1:colcon.colcon_core.package_identification:_identify(dis_tutorial6) by extension 'colcon_pkg'
[1.264s] Level 1:colcon.colcon_core.package_identification:_identify(dis_tutorial6) by extensions ['colcon_meta']
[1.264s] Level 1:colcon.colcon_core.package_identification:_identify(dis_tutorial6) by extension 'colcon_meta'
[1.264s] Level 1:colcon.colcon_core.package_identification:_identify(dis_tutorial6) by extensions ['ros']
[1.264s] Level 1:colcon.colcon_core.package_identification:_identify(dis_tutorial6) by extension 'ros'
[1.266s] DEBUG:colcon.colcon_core.package_identification:Package 'dis_tutorial6' with type 'ros.ament_cmake' and name 'dis_tutorial6'
[1.266s] Level 1:colcon.colcon_core.package_identification:_identify(dis_tutorial7) by extensions ['ignore', 'ignore_ament_install']
[1.266s] Level 1:colcon.colcon_core.package_identification:_identify(dis_tutorial7) by extension 'ignore'
[1.266s] Level 1:colcon.colcon_core.package_identification:_identify(dis_tutorial7) by extension 'ignore_ament_install'
[1.266s] Level 1:colcon.colcon_core.package_identification:_identify(dis_tutorial7) by extensions ['colcon_pkg']
[1.266s] Level 1:colcon.colcon_core.package_identification:_identify(dis_tutorial7) by extension 'colcon_pkg'
[1.266s] Level 1:colcon.colcon_core.package_identification:_identify(dis_tutorial7) by extensions ['colcon_meta']
[1.266s] Level 1:colcon.colcon_core.package_identification:_identify(dis_tutorial7) by extension 'colcon_meta'
[1.266s] Level 1:colcon.colcon_core.package_identification:_identify(dis_tutorial7) by extensions ['ros']
[1.266s] Level 1:colcon.colcon_core.package_identification:_identify(dis_tutorial7) by extension 'ros'
[1.266s] Level 1:colcon.colcon_core.package_identification:_identify(dis_tutorial7) by extensions ['cmake', 'python']
[1.266s] Level 1:colcon.colcon_core.package_identification:_identify(dis_tutorial7) by extension 'cmake'
[1.266s] Level 1:colcon.colcon_core.package_identification:_identify(dis_tutorial7) by extension 'python'
[1.266s] Level 1:colcon.colcon_core.package_identification:_identify(dis_tutorial7) by extensions ['python_setup_py']
[1.266s] Level 1:colcon.colcon_core.package_identification:_identify(dis_tutorial7) by extension 'python_setup_py'
[1.266s] Level 1:colcon.colcon_core.package_identification:_identify(install) by extensions ['ignore', 'ignore_ament_install']
[1.266s] Level 1:colcon.colcon_core.package_identification:_identify(install) by extension 'ignore'
[1.266s] Level 1:colcon.colcon_core.package_identification:_identify(install) ignored
[1.267s] Level 1:colcon.colcon_core.package_identification:_identify(log) by extensions ['ignore', 'ignore_ament_install']
[1.267s] Level 1:colcon.colcon_core.package_identification:_identify(log) by extension 'ignore'
[1.267s] Level 1:colcon.colcon_core.package_identification:_identify(log) ignored
[1.267s] Level 1:colcon.colcon_core.package_discovery:discover_packages(recursive) using defaults
[1.267s] Level 1:colcon.colcon_core.package_discovery:discover_packages(ignore) discover
[1.267s] Level 1:colcon.colcon_core.package_discovery:discover_packages(ignore) using defaults
[1.267s] Level 1:colcon.colcon_core.package_discovery:discover_packages(path) discover
[1.267s] Level 1:colcon.colcon_core.package_discovery:discover_packages(path) using defaults
[1.339s] INFO:colcon.colcon_core.package_selection:Skipping not selected package 'dis_tutorial3' in 'dis_tutorial3'
[1.339s] INFO:colcon.colcon_core.package_selection:Skipping not selected package 'dis_tutorial4' in 'dis_tutorial4'
[1.372s] Level 1:colcon.colcon_core.package_discovery:discover_packages(prefix_path) check parameters
[1.372s] Level 1:colcon.colcon_core.package_discovery:discover_packages(prefix_path) discover
[1.408s] DEBUG:colcon.colcon_installed_package_information.package_discovery:Found 2 installed packages in /home/mu/RINSproject/src/install
[1.426s] DEBUG:colcon.colcon_installed_package_information.package_discovery:Found 4 installed packages in /home/mu/RINSproject/install
[1.463s] DEBUG:colcon.colcon_installed_package_information.package_discovery:Found 0 installed packages in /home/mu/colcon_ws/install
[1.481s] DEBUG:colcon.colcon_installed_package_information.package_discovery:Found 409 installed packages in /opt/ros/humble
[1.483s] Level 1:colcon.colcon_core.package_discovery:discover_packages(prefix_path) using defaults
[1.599s] Level 5:colcon.colcon_core.verb:set package 'dis_tutorial6' build argument 'cmake_args' from command line to 'None'
[1.599s] Level 5:colcon.colcon_core.verb:set package 'dis_tutorial6' build argument 'cmake_target' from command line to 'None'
[1.599s] Level 5:colcon.colcon_core.verb:set package 'dis_tutorial6' build argument 'cmake_target_skip_unavailable' from command line to 'False'
[1.599s] Level 5:colcon.colcon_core.verb:set package 'dis_tutorial6' build argument 'cmake_clean_cache' from command line to 'False'
[1.599s] Level 5:colcon.colcon_core.verb:set package 'dis_tutorial6' build argument 'cmake_clean_first' from command line to 'False'
[1.599s] Level 5:colcon.colcon_core.verb:set package 'dis_tutorial6' build argument 'cmake_force_configure' from command line to 'False'
[1.599s] Level 5:colcon.colcon_core.verb:set package 'dis_tutorial6' build argument 'ament_cmake_args' from command line to 'None'
[1.599s] Level 5:colcon.colcon_core.verb:set package 'dis_tutorial6' build argument 'catkin_cmake_args' from command line to 'None'
[1.599s] Level 5:colcon.colcon_core.verb:set package 'dis_tutorial6' build argument 'catkin_skip_building_tests' from command line to 'False'
[1.599s] DEBUG:colcon.colcon_core.verb:Building package 'dis_tutorial6' with the following arguments: {'ament_cmake_args': None, 'build_base': '/home/mu/RINSproject/src/build/dis_tutorial6', 'catkin_cmake_args': None, 'catkin_skip_building_tests': False, 'cmake_args': None, 'cmake_clean_cache': False, 'cmake_clean_first': False, 'cmake_force_configure': False, 'cmake_target': None, 'cmake_target_skip_unavailable': False, 'install_base': '/home/mu/RINSproject/src/install/dis_tutorial6', 'merge_install': False, 'path': '/home/mu/RINSproject/src/dis_tutorial6', 'symlink_install': False, 'test_result_base': None}
[1.617s] INFO:colcon.colcon_core.executor:Executing jobs using 'parallel' executor
[1.636s] DEBUG:colcon.colcon_parallel_executor.executor.parallel:run_until_complete
[1.636s] INFO:colcon.colcon_ros.task.ament_cmake.build:Building ROS package in '/home/mu/RINSproject/src/dis_tutorial6' with build type 'ament_cmake'
[1.637s] INFO:colcon.colcon_cmake.task.cmake.build:Building CMake package in '/home/mu/RINSproject/src/dis_tutorial6'
[1.654s] INFO:colcon.colcon_core.plugin_system:Skipping extension 'colcon_core.shell.bat': Not used on non-Windows systems
[1.655s] INFO:colcon.colcon_core.shell:Skip shell extension 'powershell' for command environment: Not usable outside of PowerShell
[1.655s] DEBUG:colcon.colcon_core.shell:Skip shell extension 'dsv' for command environment
[1.753s] DEBUG:colcon.colcon_core.event_handler.log_command:Invoking command in '/home/mu/RINSproject/src/build/dis_tutorial6': CMAKE_PREFIX_PATH=${CMAKE_PREFIX_PATH}:/opt/ros/humble /usr/bin/cmake --build /home/mu/RINSproject/src/build/dis_tutorial6 -- -j16 -l16
[1.845s] DEBUG:colcon.colcon_core.event_handler.log_command:Invoked command in '/home/mu/RINSproject/src/build/dis_tutorial6' returned '0': CMAKE_PREFIX_PATH=${CMAKE_PREFIX_PATH}:/opt/ros/humble /usr/bin/cmake --build /home/mu/RINSproject/src/build/dis_tutorial6 -- -j16 -l16
[1.891s] DEBUG:colcon.colcon_core.event_handler.log_command:Invoking command in '/home/mu/RINSproject/src/build/dis_tutorial6': CMAKE_PREFIX_PATH=${CMAKE_PREFIX_PATH}:/opt/ros/humble /usr/bin/cmake --install /home/mu/RINSproject/src/build/dis_tutorial6
[1.904s] Level 1:colcon.colcon_core.environment:create_environment_scripts_only(dis_tutorial6)
[1.904s] DEBUG:colcon.colcon_core.event_handler.log_command:Invoked command in '/home/mu/RINSproject/src/build/dis_tutorial6' returned '0': CMAKE_PREFIX_PATH=${CMAKE_PREFIX_PATH}:/opt/ros/humble /usr/bin/cmake --install /home/mu/RINSproject/src/build/dis_tutorial6
[1.926s] Level 1:colcon.colcon_core.environment:checking '/home/mu/RINSproject/src/install/dis_tutorial6' for CMake module files
[1.927s] Level 1:colcon.colcon_core.environment:checking '/home/mu/RINSproject/src/install/dis_tutorial6' for CMake config files
[1.927s] Level 1:colcon.colcon_core.shell:create_environment_hook('dis_tutorial6', 'cmake_prefix_path')
[1.945s] INFO:colcon.colcon_core.shell:Creating environment hook '/home/mu/RINSproject/src/install/dis_tutorial6/share/dis_tutorial6/hook/cmake_prefix_path.ps1'
[1.946s] INFO:colcon.colcon_core.shell:Creating environment descriptor '/home/mu/RINSproject/src/install/dis_tutorial6/share/dis_tutorial6/hook/cmake_prefix_path.dsv'
[1.946s] INFO:colcon.colcon_core.shell:Creating environment hook '/home/mu/RINSproject/src/install/dis_tutorial6/share/dis_tutorial6/hook/cmake_prefix_path.sh'
[1.947s] Level 1:colcon.colcon_core.environment:checking '/home/mu/RINSproject/src/install/dis_tutorial6/lib'
[1.947s] Level 1:colcon.colcon_core.environment:checking '/home/mu/RINSproject/src/install/dis_tutorial6/bin'
[1.947s] Level 1:colcon.colcon_core.environment:checking '/home/mu/RINSproject/src/install/dis_tutorial6/lib/pkgconfig/dis_tutorial6.pc'
[1.948s] Level 1:colcon.colcon_core.environment:checking '/home/mu/RINSproject/src/install/dis_tutorial6/lib/python3.10/site-packages'
[1.948s] Level 1:colcon.colcon_core.environment:checking '/home/mu/RINSproject/src/install/dis_tutorial6/bin'
[1.965s] INFO:colcon.colcon_core.shell:Creating package script '/home/mu/RINSproject/src/install/dis_tutorial6/share/dis_tutorial6/package.ps1'
[1.966s] INFO:colcon.colcon_core.shell:Creating package descriptor '/home/mu/RINSproject/src/install/dis_tutorial6/share/dis_tutorial6/package.dsv'
[1.967s] INFO:colcon.colcon_core.shell:Creating package script '/home/mu/RINSproject/src/install/dis_tutorial6/share/dis_tutorial6/package.sh'
[1.967s] INFO:colcon.colcon_core.shell:Creating package script '/home/mu/RINSproject/src/install/dis_tutorial6/share/dis_tutorial6/package.bash'
[1.968s] INFO:colcon.colcon_core.shell:Creating package script '/home/mu/RINSproject/src/install/dis_tutorial6/share/dis_tutorial6/package.zsh'
[1.969s] Level 1:colcon.colcon_core.environment:create_file_with_runtime_dependencies(/home/mu/RINSproject/src/install/dis_tutorial6/share/colcon-core/packages/dis_tutorial6)
[2.025s] Level 1:colcon.colcon_core.environment:create_environment_scripts_only(dis_tutorial6)
[2.043s] Level 1:colcon.colcon_core.environment:checking '/home/mu/RINSproject/src/install/dis_tutorial6' for CMake module files
[2.044s] Level 1:colcon.colcon_core.environment:checking '/home/mu/RINSproject/src/install/dis_tutorial6' for CMake config files
[2.044s] Level 1:colcon.colcon_core.shell:create_environment_hook('dis_tutorial6', 'cmake_prefix_path')
[2.061s] INFO:colcon.colcon_core.shell:Creating environment hook '/home/mu/RINSproject/src/install/dis_tutorial6/share/dis_tutorial6/hook/cmake_prefix_path.ps1'
[2.062s] INFO:colcon.colcon_core.shell:Creating environment descriptor '/home/mu/RINSproject/src/install/dis_tutorial6/share/dis_tutorial6/hook/cmake_prefix_path.dsv'
[2.062s] INFO:colcon.colcon_core.shell:Creating environment hook '/home/mu/RINSproject/src/install/dis_tutorial6/share/dis_tutorial6/hook/cmake_prefix_path.sh'
[2.063s] Level 1:colcon.colcon_core.environment:checking '/home/mu/RINSproject/src/install/dis_tutorial6/lib'
[2.063s] Level 1:colcon.colcon_core.environment:checking '/home/mu/RINSproject/src/install/dis_tutorial6/bin'
[2.063s] Level 1:colcon.colcon_core.environment:checking '/home/mu/RINSproject/src/install/dis_tutorial6/lib/pkgconfig/dis_tutorial6.pc'
[2.063s] Level 1:colcon.colcon_core.environment:checking '/home/mu/RINSproject/src/install/dis_tutorial6/lib/python3.10/site-packages'
[2.063s] Level 1:colcon.colcon_core.environment:checking '/home/mu/RINSproject/src/install/dis_tutorial6/bin'
[2.081s] INFO:colcon.colcon_core.shell:Creating package script '/home/mu/RINSproject/src/install/dis_tutorial6/share/dis_tutorial6/package.ps1'
[2.082s] INFO:colcon.colcon_core.shell:Creating package descriptor '/home/mu/RINSproject/src/install/dis_tutorial6/share/dis_tutorial6/package.dsv'
[2.082s] INFO:colcon.colcon_core.shell:Creating package script '/home/mu/RINSproject/src/install/dis_tutorial6/share/dis_tutorial6/package.sh'
[2.083s] INFO:colcon.colcon_core.shell:Creating package script '/home/mu/RINSproject/src/install/dis_tutorial6/share/dis_tutorial6/package.bash'
[2.083s] INFO:colcon.colcon_core.shell:Creating package script '/home/mu/RINSproject/src/install/dis_tutorial6/share/dis_tutorial6/package.zsh'
[2.084s] Level 1:colcon.colcon_core.environment:create_file_with_runtime_dependencies(/home/mu/RINSproject/src/install/dis_tutorial6/share/colcon-core/packages/dis_tutorial6)
[2.084s] DEBUG:colcon.colcon_parallel_executor.executor.parallel:closing loop
[2.084s] DEBUG:colcon.colcon_parallel_executor.executor.parallel:loop closed
[2.084s] DEBUG:colcon.colcon_parallel_executor.executor.parallel:run_until_complete finished with '0'
[2.084s] DEBUG:colcon.colcon_core.event_reactor:joining thread
[2.108s] INFO:colcon.colcon_core.plugin_system:Skipping extension 'colcon_notification.desktop_notification.notify_send': Could not find 'notify-send'
[2.108s] INFO:colcon.colcon_core.plugin_system:Skipping extension 'colcon_notification.desktop_notification.terminal_notifier': Not used on non-Darwin systems
[2.108s] INFO:colcon.colcon_core.plugin_system:Skipping extension 'colcon_notification.desktop_notification.win32': Not used on non-Windows systems
[2.108s] INFO:colcon.colcon_notification.desktop_notification:Sending desktop notification using 'notify2'
[2.129s] DEBUG:colcon.colcon_core.event_reactor:joined thread
[2.146s] INFO:colcon.colcon_core.shell:Creating prefix script '/home/mu/RINSproject/src/install/local_setup.ps1'
[2.147s] INFO:colcon.colcon_core.shell:Creating prefix util module '/home/mu/RINSproject/src/install/_local_setup_util_ps1.py'
[2.148s] INFO:colcon.colcon_core.shell:Creating prefix chain script '/home/mu/RINSproject/src/install/setup.ps1'
[2.166s] INFO:colcon.colcon_core.shell:Creating prefix script '/home/mu/RINSproject/src/install/local_setup.sh'
[2.166s] INFO:colcon.colcon_core.shell:Creating prefix util module '/home/mu/RINSproject/src/install/_local_setup_util_sh.py'
[2.167s] INFO:colcon.colcon_core.shell:Creating prefix chain script '/home/mu/RINSproject/src/install/setup.sh'
[2.181s] INFO:colcon.colcon_core.shell:Creating prefix script '/home/mu/RINSproject/src/install/local_setup.bash'
[2.181s] INFO:colcon.colcon_core.shell:Creating prefix chain script '/home/mu/RINSproject/src/install/setup.bash'
[2.198s] INFO:colcon.colcon_core.shell:Creating prefix script '/home/mu/RINSproject/src/install/local_setup.zsh'
[2.198s] INFO:colcon.colcon_core.shell:Creating prefix chain script '/home/mu/RINSproject/src/install/setup.zsh'
