[0.107s] Invoking command in '/home/mu/Documents/RINS/project/RINSproject/build/dis_tutorial4': CMAKE_PREFIX_PATH=${CMAKE_PREFIX_PATH}:/opt/ros/humble /usr/bin/cmake --build /home/mu/Documents/RINS/project/RINSproject/build/dis_tutorial4 -- -j16 -l16
[0.158s] Invoked command in '/home/mu/Documents/RINS/project/RINSproject/build/dis_tutorial4' returned '0': CMAKE_PREFIX_PATH=${CMAKE_PREFIX_PATH}:/opt/ros/humble /usr/bin/cmake --build /home/mu/Documents/RINS/project/RINSproject/build/dis_tutorial4 -- -j16 -l16
[0.198s] Invoking command in '/home/mu/Documents/RINS/project/RINSproject/build/dis_tutorial4': CMAKE_PREFIX_PATH=${CMAKE_PREFIX_PATH}:/opt/ros/humble /usr/bin/cmake --install /home/mu/Documents/RINS/project/RINSproject/build/dis_tutorial4
[0.216s] -- Install configuration: ""
[0.218s] -- Up-to-date: /home/mu/Documents/RINS/project/RINSproject/install/dis_tutorial4/share/dis_tutorial4//launch
[0.219s] -- Up-to-date: /home/mu/Documents/RINS/project/RINSproject/install/dis_tutorial4/share/dis_tutorial4//launch/turtlebot4_spawn_nav.launch.py
[0.219s] -- Up-to-date: /home/mu/Documents/RINS/project/RINSproject/install/dis_tutorial4/share/dis_tutorial4//launch/ignition.launch.py
[0.219s] -- Up-to-date: /home/mu/Documents/RINS/project/RINSproject/install/dis_tutorial4/share/dis_tutorial4//launch/turtlebot4_spawn.launch.py
[0.219s] -- Up-to-date: /home/mu/Documents/RINS/project/RINSproject/install/dis_tutorial4/share/dis_tutorial4//launch/localization.launch.py
[0.219s] -- Up-to-date: /home/mu/Documents/RINS/project/RINSproject/install/dis_tutorial4/share/dis_tutorial4//launch/sim_turtlebot_nav.launch.py
[0.219s] -- Up-to-date: /home/mu/Documents/RINS/project/RINSproject/install/dis_tutorial4/share/dis_tutorial4//launch/nav2.launch.py
[0.219s] -- Up-to-date: /home/mu/Documents/RINS/project/RINSproject/install/dis_tutorial4/share/dis_tutorial4//launch/slam.launch.py
[0.219s] -- Up-to-date: /home/mu/Documents/RINS/project/RINSproject/install/dis_tutorial4/share/dis_tutorial4//launch/create3_nodes.launch.py
[0.220s] -- Up-to-date: /home/mu/Documents/RINS/project/RINSproject/install/dis_tutorial4/share/dis_tutorial4//launch/sim_turtlebot_slam.launch.py
[0.220s] -- Up-to-date: /home/mu/Documents/RINS/project/RINSproject/install/dis_tutorial4/share/dis_tutorial4//launch/dis_sim.launch.py
[0.220s] -- Up-to-date: /home/mu/Documents/RINS/project/RINSproject/install/dis_tutorial4/lib/dis_tutorial4/map_goals.py
[0.220s] -- Up-to-date: /home/mu/Documents/RINS/project/RINSproject/install/dis_tutorial4/lib/dis_tutorial4/transform_point.py
[0.220s] -- Up-to-date: /home/mu/Documents/RINS/project/RINSproject/install/dis_tutorial4/share/ament_index/resource_index/package_run_dependencies/dis_tutorial4
[0.220s] -- Up-to-date: /home/mu/Documents/RINS/project/RINSproject/install/dis_tutorial4/share/ament_index/resource_index/parent_prefix_path/dis_tutorial4
[0.220s] -- Up-to-date: /home/mu/Documents/RINS/project/RINSproject/install/dis_tutorial4/share/dis_tutorial4/environment/ament_prefix_path.sh
[0.220s] -- Up-to-date: /home/mu/Documents/RINS/project/RINSproject/install/dis_tutorial4/share/dis_tutorial4/environment/ament_prefix_path.dsv
[0.220s] -- Up-to-date: /home/mu/Documents/RINS/project/RINSproject/install/dis_tutorial4/share/dis_tutorial4/environment/path.sh
[0.220s] -- Up-to-date: /home/mu/Documents/RINS/project/RINSproject/install/dis_tutorial4/share/dis_tutorial4/environment/path.dsv
[0.221s] -- Up-to-date: /home/mu/Documents/RINS/project/RINSproject/install/dis_tutorial4/share/dis_tutorial4/local_setup.bash
[0.221s] -- Up-to-date: /home/mu/Documents/RINS/project/RINSproject/install/dis_tutorial4/share/dis_tutorial4/local_setup.sh
[0.221s] -- Up-to-date: /home/mu/Documents/RINS/project/RINSproject/install/dis_tutorial4/share/dis_tutorial4/local_setup.zsh
[0.221s] -- Up-to-date: /home/mu/Documents/RINS/project/RINSproject/install/dis_tutorial4/share/dis_tutorial4/local_setup.dsv
[0.221s] -- Installing: /home/mu/Documents/RINS/project/RINSproject/install/dis_tutorial4/share/dis_tutorial4/package.dsv
[0.221s] -- Up-to-date: /home/mu/Documents/RINS/project/RINSproject/install/dis_tutorial4/share/ament_index/resource_index/packages/dis_tutorial4
[0.221s] -- Up-to-date: /home/mu/Documents/RINS/project/RINSproject/install/dis_tutorial4/share/dis_tutorial4/cmake/dis_tutorial4Config.cmake
[0.222s] -- Up-to-date: /home/mu/Documents/RINS/project/RINSproject/install/dis_tutorial4/share/dis_tutorial4/cmake/dis_tutorial4Config-version.cmake
[0.222s] -- Up-to-date: /home/mu/Documents/RINS/project/RINSproject/install/dis_tutorial4/share/dis_tutorial4/package.xml
[0.223s] Invoked command in '/home/mu/Documents/RINS/project/RINSproject/build/dis_tutorial4' returned '0': CMAKE_PREFIX_PATH=${CMAKE_PREFIX_PATH}:/opt/ros/humble /usr/bin/cmake --install /home/mu/Documents/RINS/project/RINSproject/build/dis_tutorial4
