[0.305s] Invoking command in '/home/mu/Documents/RINS/project/RINSproject/build/dis_tutorial3': CMAKE_PREFIX_PATH=${CMAKE_PREFIX_PATH}:/opt/ros/humble /usr/bin/cmake --build /home/mu/Documents/RINS/project/RINSproject/build/dis_tutorial3 -- -j16 -l16
[0.475s] Invoked command in '/home/mu/Documents/RINS/project/RINSproject/build/dis_tutorial3' returned '0': CMAKE_PREFIX_PATH=${CMAKE_PREFIX_PATH}:/opt/ros/humble /usr/bin/cmake --build /home/mu/Documents/RINS/project/RINSproject/build/dis_tutorial3 -- -j16 -l16
[0.583s] Invoking command in '/home/mu/Documents/RINS/project/RINSproject/build/dis_tutorial3': CMAKE_PREFIX_PATH=${CMAKE_PREFIX_PATH}:/opt/ros/humble /usr/bin/cmake --install /home/mu/Documents/RINS/project/RINSproject/build/dis_tutorial3
[0.622s] -- Install configuration: ""
[0.624s] -- Up-to-date: /home/mu/Documents/RINS/project/RINSproject/install/dis_tutorial3/share/dis_tutorial3//launch
[0.625s] -- Up-to-date: /home/mu/Documents/RINS/project/RINSproject/install/dis_tutorial3/share/dis_tutorial3//launch/ignition.launch.py
[0.625s] -- Up-to-date: /home/mu/Documents/RINS/project/RINSproject/install/dis_tutorial3/share/dis_tutorial3//launch/nav2.launch.py
[0.626s] -- Up-to-date: /home/mu/Documents/RINS/project/RINSproject/install/dis_tutorial3/share/dis_tutorial3//launch/sim_turtlebot_slam.launch.py
[0.626s] -- Up-to-date: /home/mu/Documents/RINS/project/RINSproject/install/dis_tutorial3/share/dis_tutorial3//launch/dis_sim.launch.py
[0.627s] -- Up-to-date: /home/mu/Documents/RINS/project/RINSproject/install/dis_tutorial3/share/dis_tutorial3//launch/sim_turtlebot_nav.launch.py
[0.628s] -- Up-to-date: /home/mu/Documents/RINS/project/RINSproject/install/dis_tutorial3/share/dis_tutorial3//launch/slam.launch.py
[0.628s] -- Up-to-date: /home/mu/Documents/RINS/project/RINSproject/install/dis_tutorial3/share/dis_tutorial3//launch/turtlebot4_spawn.launch.py
[0.628s] -- Up-to-date: /home/mu/Documents/RINS/project/RINSproject/install/dis_tutorial3/share/dis_tutorial3//launch/localization.launch.py
[0.629s] -- Up-to-date: /home/mu/Documents/RINS/project/RINSproject/install/dis_tutorial3/share/dis_tutorial3//launch/turtlebot4_spawn_nav.launch.py
[0.629s] -- Up-to-date: /home/mu/Documents/RINS/project/RINSproject/install/dis_tutorial3/share/dis_tutorial3//config
[0.629s] -- Up-to-date: /home/mu/Documents/RINS/project/RINSproject/install/dis_tutorial3/share/dis_tutorial3//config/nav2.yaml
[0.630s] -- Up-to-date: /home/mu/Documents/RINS/project/RINSproject/install/dis_tutorial3/share/dis_tutorial3//config/laser_filter_chain.yaml
[0.630s] -- Up-to-date: /home/mu/Documents/RINS/project/RINSproject/install/dis_tutorial3/share/dis_tutorial3//config/localization.yaml
[0.630s] -- Up-to-date: /home/mu/Documents/RINS/project/RINSproject/install/dis_tutorial3/share/dis_tutorial3//config/slam.yaml
[0.637s] -- Up-to-date: /home/mu/Documents/RINS/project/RINSproject/install/dis_tutorial3/share/dis_tutorial3//worlds
[0.646s] -- Up-to-date: /home/mu/Documents/RINS/project/RINSproject/install/dis_tutorial3/share/dis_tutorial3//worlds/dis.sdf
[0.662s] -- Up-to-date: /home/mu/Documents/RINS/project/RINSproject/install/dis_tutorial3/share/dis_tutorial3//worlds/demo2.sdf
[0.664s] -- Up-to-date: /home/mu/Documents/RINS/project/RINSproject/install/dis_tutorial3/share/dis_tutorial3//worlds/dis_meshes
[0.666s] -- Up-to-date: /home/mu/Documents/RINS/project/RINSproject/install/dis_tutorial3/share/dis_tutorial3//worlds/dis_meshes/mona1.jpg
[0.666s] -- Up-to-date: /home/mu/Documents/RINS/project/RINSproject/install/dis_tutorial3/share/dis_tutorial3//worlds/dis_meshes/fakering3.jpg
[0.667s] -- Up-to-date: /home/mu/Documents/RINS/project/RINSproject/install/dis_tutorial3/share/dis_tutorial3//worlds/dis_meshes/map_colliders.dae
[0.667s] -- Up-to-date: /home/mu/Documents/RINS/project/RINSproject/install/dis_tutorial3/share/dis_tutorial3//worlds/dis_meshes/objects.jpg
[0.668s] -- Up-to-date: /home/mu/Documents/RINS/project/RINSproject/install/dis_tutorial3/share/dis_tutorial3//worlds/dis_meshes/person2.jpg
[0.668s] -- Up-to-date: /home/mu/Documents/RINS/project/RINSproject/install/dis_tutorial3/share/dis_tutorial3//worlds/dis_meshes/person4.jpg
[0.669s] -- Up-to-date: /home/mu/Documents/RINS/project/RINSproject/install/dis_tutorial3/share/dis_tutorial3//worlds/dis_meshes/parking_space.jpg
[0.669s] -- Up-to-date: /home/mu/Documents/RINS/project/RINSproject/install/dis_tutorial3/share/dis_tutorial3//worlds/dis_meshes/person5.jpg
[0.670s] -- Up-to-date: /home/mu/Documents/RINS/project/RINSproject/install/dis_tutorial3/share/dis_tutorial3//worlds/dis_meshes/qr2.jpg
[0.670s] -- Up-to-date: /home/mu/Documents/RINS/project/RINSproject/install/dis_tutorial3/share/dis_tutorial3//worlds/dis_meshes/fakering2.jpg
[0.671s] -- Up-to-date: /home/mu/Documents/RINS/project/RINSproject/install/dis_tutorial3/share/dis_tutorial3//worlds/dis_meshes/person3.jpg
[0.671s] -- Up-to-date: /home/mu/Documents/RINS/project/RINSproject/install/dis_tutorial3/share/dis_tutorial3//worlds/dis_meshes/person1.jpg
[0.679s] -- Up-to-date: /home/mu/Documents/RINS/project/RINSproject/install/dis_tutorial3/share/dis_tutorial3//worlds/dis_meshes/fakering1.jpg
[0.679s] -- Up-to-date: /home/mu/Documents/RINS/project/RINSproject/install/dis_tutorial3/share/dis_tutorial3//worlds/dis_meshes/wood.jpg
[0.680s] -- Up-to-date: /home/mu/Documents/RINS/project/RINSproject/install/dis_tutorial3/share/dis_tutorial3//worlds/dis_meshes/qr1.jpg
[0.681s] -- Up-to-date: /home/mu/Documents/RINS/project/RINSproject/install/dis_tutorial3/share/dis_tutorial3//worlds/dis_meshes/davinci.jpg
[0.681s] -- Up-to-date: /home/mu/Documents/RINS/project/RINSproject/install/dis_tutorial3/share/dis_tutorial3//worlds/dis_meshes/ground.jpg
[0.682s] -- Up-to-date: /home/mu/Documents/RINS/project/RINSproject/install/dis_tutorial3/share/dis_tutorial3//worlds/dis_meshes/cylinders.jpg
[0.682s] -- Up-to-date: /home/mu/Documents/RINS/project/RINSproject/install/dis_tutorial3/share/dis_tutorial3//worlds/dis_meshes/map.dae
[0.682s] -- Up-to-date: /home/mu/Documents/RINS/project/RINSproject/install/dis_tutorial3/share/dis_tutorial3//worlds/task_meshes
[0.682s] -- Up-to-date: /home/mu/Documents/RINS/project/RINSproject/install/dis_tutorial3/share/dis_tutorial3//worlds/task_meshes/fakering3.jpg
[0.683s] -- Up-to-date: /home/mu/Documents/RINS/project/RINSproject/install/dis_tutorial3/share/dis_tutorial3//worlds/task_meshes/map_colliders.dae
[0.684s] -- Up-to-date: /home/mu/Documents/RINS/project/RINSproject/install/dis_tutorial3/share/dis_tutorial3//worlds/task_meshes/objects.jpg
[0.693s] -- Up-to-date: /home/mu/Documents/RINS/project/RINSproject/install/dis_tutorial3/share/dis_tutorial3//worlds/task_meshes/parking_space.jpg
[0.694s] -- Up-to-date: /home/mu/Documents/RINS/project/RINSproject/install/dis_tutorial3/share/dis_tutorial3//worlds/task_meshes/qr2.jpg
[0.694s] -- Up-to-date: /home/mu/Documents/RINS/project/RINSproject/install/dis_tutorial3/share/dis_tutorial3//worlds/task_meshes/person17.png
[0.694s] -- Up-to-date: /home/mu/Documents/RINS/project/RINSproject/install/dis_tutorial3/share/dis_tutorial3//worlds/task_meshes/fakering2.jpg
[0.694s] -- Up-to-date: /home/mu/Documents/RINS/project/RINSproject/install/dis_tutorial3/share/dis_tutorial3//worlds/task_meshes/person21.png
[0.694s] -- Up-to-date: /home/mu/Documents/RINS/project/RINSproject/install/dis_tutorial3/share/dis_tutorial3//worlds/task_meshes/person19.png
[0.695s] -- Up-to-date: /home/mu/Documents/RINS/project/RINSproject/install/dis_tutorial3/share/dis_tutorial3//worlds/task_meshes/fakering1.jpg
[0.696s] -- Up-to-date: /home/mu/Documents/RINS/project/RINSproject/install/dis_tutorial3/share/dis_tutorial3//worlds/task_meshes/person15.png
[0.696s] -- Up-to-date: /home/mu/Documents/RINS/project/RINSproject/install/dis_tutorial3/share/dis_tutorial3//worlds/task_meshes/qr1.jpg
[0.697s] -- Up-to-date: /home/mu/Documents/RINS/project/RINSproject/install/dis_tutorial3/share/dis_tutorial3//worlds/task_meshes/ground.jpg
[0.697s] -- Up-to-date: /home/mu/Documents/RINS/project/RINSproject/install/dis_tutorial3/share/dis_tutorial3//worlds/task_meshes/cylinders.jpg
[0.698s] -- Up-to-date: /home/mu/Documents/RINS/project/RINSproject/install/dis_tutorial3/share/dis_tutorial3//worlds/task_meshes/person23.png
[0.698s] -- Up-to-date: /home/mu/Documents/RINS/project/RINSproject/install/dis_tutorial3/share/dis_tutorial3//worlds/task_meshes/map.dae
[0.699s] -- Up-to-date: /home/mu/Documents/RINS/project/RINSproject/install/dis_tutorial3/share/dis_tutorial3//worlds/task_meshes/person22.png
[0.699s] -- Up-to-date: /home/mu/Documents/RINS/project/RINSproject/install/dis_tutorial3/share/dis_tutorial3//worlds/demo1.sdf
[0.700s] -- Up-to-date: /home/mu/Documents/RINS/project/RINSproject/install/dis_tutorial3/share/dis_tutorial3//worlds/task.sdf
[0.700s] -- Up-to-date: /home/mu/Documents/RINS/project/RINSproject/install/dis_tutorial3/share/dis_tutorial3//worlds/demo1_meshes
[0.700s] -- Up-to-date: /home/mu/Documents/RINS/project/RINSproject/install/dis_tutorial3/share/dis_tutorial3//worlds/demo1_meshes/fakering3.jpg
[0.701s] -- Up-to-date: /home/mu/Documents/RINS/project/RINSproject/install/dis_tutorial3/share/dis_tutorial3//worlds/demo1_meshes/map_colliders.dae
[0.703s] -- Up-to-date: /home/mu/Documents/RINS/project/RINSproject/install/dis_tutorial3/share/dis_tutorial3//worlds/demo1_meshes/objects.jpg
[0.703s] -- Up-to-date: /home/mu/Documents/RINS/project/RINSproject/install/dis_tutorial3/share/dis_tutorial3//worlds/demo1_meshes/person5.png
[0.704s] -- Up-to-date: /home/mu/Documents/RINS/project/RINSproject/install/dis_tutorial3/share/dis_tutorial3//worlds/demo1_meshes/parking_space.jpg
[0.704s] -- Up-to-date: /home/mu/Documents/RINS/project/RINSproject/install/dis_tutorial3/share/dis_tutorial3//worlds/demo1_meshes/person2.png
[0.705s] -- Up-to-date: /home/mu/Documents/RINS/project/RINSproject/install/dis_tutorial3/share/dis_tutorial3//worlds/demo1_meshes/person1.png
[0.705s] -- Up-to-date: /home/mu/Documents/RINS/project/RINSproject/install/dis_tutorial3/share/dis_tutorial3//worlds/demo1_meshes/qr2.jpg
[0.708s] -- Up-to-date: /home/mu/Documents/RINS/project/RINSproject/install/dis_tutorial3/share/dis_tutorial3//worlds/demo1_meshes/person4.png
[0.709s] -- Up-to-date: /home/mu/Documents/RINS/project/RINSproject/install/dis_tutorial3/share/dis_tutorial3//worlds/demo1_meshes/person3.png
[0.709s] -- Up-to-date: /home/mu/Documents/RINS/project/RINSproject/install/dis_tutorial3/share/dis_tutorial3//worlds/demo1_meshes/fakering2.jpg
[0.711s] -- Up-to-date: /home/mu/Documents/RINS/project/RINSproject/install/dis_tutorial3/share/dis_tutorial3//worlds/demo1_meshes/fakering1.jpg
[0.711s] -- Up-to-date: /home/mu/Documents/RINS/project/RINSproject/install/dis_tutorial3/share/dis_tutorial3//worlds/demo1_meshes/qr1.jpg
[0.711s] -- Up-to-date: /home/mu/Documents/RINS/project/RINSproject/install/dis_tutorial3/share/dis_tutorial3//worlds/demo1_meshes/person11.png
[0.712s] -- Up-to-date: /home/mu/Documents/RINS/project/RINSproject/install/dis_tutorial3/share/dis_tutorial3//worlds/demo1_meshes/ground.jpg
[0.712s] -- Up-to-date: /home/mu/Documents/RINS/project/RINSproject/install/dis_tutorial3/share/dis_tutorial3//worlds/demo1_meshes/cylinders.jpg
[0.713s] -- Up-to-date: /home/mu/Documents/RINS/project/RINSproject/install/dis_tutorial3/share/dis_tutorial3//worlds/demo1_meshes/map.dae
[0.714s] -- Up-to-date: /home/mu/Documents/RINS/project/RINSproject/install/dis_tutorial3/share/dis_tutorial3//worlds/demo2_meshes
[0.715s] -- Up-to-date: /home/mu/Documents/RINS/project/RINSproject/install/dis_tutorial3/share/dis_tutorial3//worlds/demo2_meshes/fakering3.jpg
[0.715s] -- Up-to-date: /home/mu/Documents/RINS/project/RINSproject/install/dis_tutorial3/share/dis_tutorial3//worlds/demo2_meshes/map_colliders.dae
[0.716s] -- Up-to-date: /home/mu/Documents/RINS/project/RINSproject/install/dis_tutorial3/share/dis_tutorial3//worlds/demo2_meshes/objects.jpg
[0.717s] -- Up-to-date: /home/mu/Documents/RINS/project/RINSproject/install/dis_tutorial3/share/dis_tutorial3//worlds/demo2_meshes/person7.png
[0.717s] -- Up-to-date: /home/mu/Documents/RINS/project/RINSproject/install/dis_tutorial3/share/dis_tutorial3//worlds/demo2_meshes/parking_space.jpg
[0.718s] -- Up-to-date: /home/mu/Documents/RINS/project/RINSproject/install/dis_tutorial3/share/dis_tutorial3//worlds/demo2_meshes/person8.png
[0.719s] -- Up-to-date: /home/mu/Documents/RINS/project/RINSproject/install/dis_tutorial3/share/dis_tutorial3//worlds/demo2_meshes/qr2.jpg
[0.720s] -- Up-to-date: /home/mu/Documents/RINS/project/RINSproject/install/dis_tutorial3/share/dis_tutorial3//worlds/demo2_meshes/fakering2.jpg
[0.721s] -- Up-to-date: /home/mu/Documents/RINS/project/RINSproject/install/dis_tutorial3/share/dis_tutorial3//worlds/demo2_meshes/person18.png
[0.722s] -- Up-to-date: /home/mu/Documents/RINS/project/RINSproject/install/dis_tutorial3/share/dis_tutorial3//worlds/demo2_meshes/person20.png
[0.724s] -- Up-to-date: /home/mu/Documents/RINS/project/RINSproject/install/dis_tutorial3/share/dis_tutorial3//worlds/demo2_meshes/fakering1.jpg
[0.724s] -- Up-to-date: /home/mu/Documents/RINS/project/RINSproject/install/dis_tutorial3/share/dis_tutorial3//worlds/demo2_meshes/person9.png
[0.725s] -- Up-to-date: /home/mu/Documents/RINS/project/RINSproject/install/dis_tutorial3/share/dis_tutorial3//worlds/demo2_meshes/qr1.jpg
[0.725s] -- Up-to-date: /home/mu/Documents/RINS/project/RINSproject/install/dis_tutorial3/share/dis_tutorial3//worlds/demo2_meshes/ground.jpg
[0.725s] -- Up-to-date: /home/mu/Documents/RINS/project/RINSproject/install/dis_tutorial3/share/dis_tutorial3//worlds/demo2_meshes/cylinders.jpg
[0.726s] -- Up-to-date: /home/mu/Documents/RINS/project/RINSproject/install/dis_tutorial3/share/dis_tutorial3//worlds/demo2_meshes/person6.png
[0.726s] -- Up-to-date: /home/mu/Documents/RINS/project/RINSproject/install/dis_tutorial3/share/dis_tutorial3//worlds/demo2_meshes/map.dae
[0.727s] -- Up-to-date: /home/mu/Documents/RINS/project/RINSproject/install/dis_tutorial3/share/dis_tutorial3//maps
[0.728s] -- Up-to-date: /home/mu/Documents/RINS/project/RINSproject/install/dis_tutorial3/share/dis_tutorial3//maps/map.pgm
[0.728s] -- Up-to-date: /home/mu/Documents/RINS/project/RINSproject/install/dis_tutorial3/share/dis_tutorial3//maps/map.yaml
[0.729s] -- Installing: /home/mu/Documents/RINS/project/RINSproject/install/dis_tutorial3/lib/dis_tutorial3/detect_people.py
[0.729s] -- Up-to-date: /home/mu/Documents/RINS/project/RINSproject/install/dis_tutorial3/lib/dis_tutorial3/robot_commander.py
[0.729s] -- Up-to-date: /home/mu/Documents/RINS/project/RINSproject/install/dis_tutorial3/share/ament_index/resource_index/package_run_dependencies/dis_tutorial3
[0.729s] -- Up-to-date: /home/mu/Documents/RINS/project/RINSproject/install/dis_tutorial3/share/ament_index/resource_index/parent_prefix_path/dis_tutorial3
[0.730s] -- Up-to-date: /home/mu/Documents/RINS/project/RINSproject/install/dis_tutorial3/share/dis_tutorial3/environment/ament_prefix_path.sh
[0.731s] -- Up-to-date: /home/mu/Documents/RINS/project/RINSproject/install/dis_tutorial3/share/dis_tutorial3/environment/ament_prefix_path.dsv
[0.731s] -- Up-to-date: /home/mu/Documents/RINS/project/RINSproject/install/dis_tutorial3/share/dis_tutorial3/environment/path.sh
[0.731s] -- Up-to-date: /home/mu/Documents/RINS/project/RINSproject/install/dis_tutorial3/share/dis_tutorial3/environment/path.dsv
[0.732s] -- Up-to-date: /home/mu/Documents/RINS/project/RINSproject/install/dis_tutorial3/share/dis_tutorial3/local_setup.bash
[0.732s] -- Up-to-date: /home/mu/Documents/RINS/project/RINSproject/install/dis_tutorial3/share/dis_tutorial3/local_setup.sh
[0.733s] -- Up-to-date: /home/mu/Documents/RINS/project/RINSproject/install/dis_tutorial3/share/dis_tutorial3/local_setup.zsh
[0.734s] -- Up-to-date: /home/mu/Documents/RINS/project/RINSproject/install/dis_tutorial3/share/dis_tutorial3/local_setup.dsv
[0.734s] -- Installing: /home/mu/Documents/RINS/project/RINSproject/install/dis_tutorial3/share/dis_tutorial3/package.dsv
[0.736s] -- Up-to-date: /home/mu/Documents/RINS/project/RINSproject/install/dis_tutorial3/share/ament_index/resource_index/packages/dis_tutorial3
[0.738s] -- Up-to-date: /home/mu/Documents/RINS/project/RINSproject/install/dis_tutorial3/share/dis_tutorial3/cmake/dis_tutorial3Config.cmake
[0.738s] -- Up-to-date: /home/mu/Documents/RINS/project/RINSproject/install/dis_tutorial3/share/dis_tutorial3/cmake/dis_tutorial3Config-version.cmake
[0.739s] -- Up-to-date: /home/mu/Documents/RINS/project/RINSproject/install/dis_tutorial3/share/dis_tutorial3/package.xml
[1.164s] Invoked command in '/home/mu/Documents/RINS/project/RINSproject/build/dis_tutorial3' returned '0': CMAKE_PREFIX_PATH=${CMAKE_PREFIX_PATH}:/opt/ros/humble /usr/bin/cmake --install /home/mu/Documents/RINS/project/RINSproject/build/dis_tutorial3
