[1.363s] DEBUG:colcon:Command line arguments: ['/usr/bin/colcon', 'build']
[1.363s] DEBUG:colcon:Parsed command line arguments: Namespace(log_base=None, log_level=None, verb_name='build', build_base='build', install_base='install', merge_install=False, symlink_install=False, test_result_base=None, continue_on_error=False, executor='parallel', parallel_workers=16, event_handlers=None, ignore_user_meta=False, metas=['./colcon.meta'], base_paths=['.'], packages_ignore=None, packages_ignore_regex=None, paths=None, packages_up_to=None, packages_up_to_regex=None, packages_above=None, packages_above_and_dependencies=None, packages_above_depth=None, packages_select_by_dep=None, packages_skip_by_dep=None, packages_skip_up_to=None, packages_select_build_failed=False, packages_skip_build_finished=False, packages_select_test_failures=False, packages_skip_test_passed=False, packages_select=None, packages_skip=None, packages_select_regex=None, packages_skip_regex=None, packages_start=None, packages_end=None, allow_overriding=[], cmake_args=None, cmake_target=None, cmake_target_skip_unavailable=False, cmake_clean_cache=False, cmake_clean_first=False, cmake_force_configure=False, ament_cmake_args=None, catkin_cmake_args=None, catkin_skip_building_tests=False, verb_parser=<colcon_defaults.argument_parser.defaults.DefaultArgumentsDecorator object at 0x7c9f5eb44820>, verb_extension=<colcon_core.verb.build.BuildVerb object at 0x7c9f5eb46c20>, main=<bound method BuildVerb.main of <colcon_core.verb.build.BuildVerb object at 0x7c9f5eb46c20>>)
[1.425s] Level 1:colcon.colcon_core.package_discovery:discover_packages(colcon_meta) check parameters
[1.425s] Level 1:colcon.colcon_core.package_discovery:discover_packages(recursive) check parameters
[1.425s] Level 1:colcon.colcon_core.package_discovery:discover_packages(ignore) check parameters
[1.425s] Level 1:colcon.colcon_core.package_discovery:discover_packages(path) check parameters
[1.425s] Level 1:colcon.colcon_core.package_discovery:discover_packages(colcon_meta) discover
[1.425s] Level 1:colcon.colcon_core.package_discovery:discover_packages(recursive) discover
[1.425s] INFO:colcon.colcon_core.package_discovery:Crawling recursively for packages in '/home/mu/Documents/RINS/project/RINSproject'
[1.425s] Level 1:colcon.colcon_core.package_identification:_identify(.) by extensions ['ignore', 'ignore_ament_install']
[1.426s] Level 1:colcon.colcon_core.package_identification:_identify(.) by extension 'ignore'
[1.426s] Level 1:colcon.colcon_core.package_identification:_identify(.) by extension 'ignore_ament_install'
[1.426s] Level 1:colcon.colcon_core.package_identification:_identify(.) by extensions ['colcon_pkg']
[1.426s] Level 1:colcon.colcon_core.package_identification:_identify(.) by extension 'colcon_pkg'
[1.426s] Level 1:colcon.colcon_core.package_identification:_identify(.) by extensions ['colcon_meta']
[1.426s] Level 1:colcon.colcon_core.package_identification:_identify(.) by extension 'colcon_meta'
[1.426s] Level 1:colcon.colcon_core.package_identification:_identify(.) by extensions ['ros']
[1.426s] Level 1:colcon.colcon_core.package_identification:_identify(.) by extension 'ros'
[1.437s] Level 1:colcon.colcon_core.package_identification:_identify(.) by extensions ['cmake', 'python']
[1.437s] Level 1:colcon.colcon_core.package_identification:_identify(.) by extension 'cmake'
[1.438s] Level 1:colcon.colcon_core.package_identification:_identify(.) by extension 'python'
[1.438s] Level 1:colcon.colcon_core.package_identification:_identify(.) by extensions ['python_setup_py']
[1.438s] Level 1:colcon.colcon_core.package_identification:_identify(.) by extension 'python_setup_py'
[1.438s] Level 1:colcon.colcon_core.package_identification:_identify(build) by extensions ['ignore', 'ignore_ament_install']
[1.438s] Level 1:colcon.colcon_core.package_identification:_identify(build) by extension 'ignore'
[1.438s] Level 1:colcon.colcon_core.package_identification:_identify(build) ignored
[1.438s] Level 1:colcon.colcon_core.package_identification:_identify(install) by extensions ['ignore', 'ignore_ament_install']
[1.438s] Level 1:colcon.colcon_core.package_identification:_identify(install) by extension 'ignore'
[1.438s] Level 1:colcon.colcon_core.package_identification:_identify(install) ignored
[1.439s] Level 1:colcon.colcon_core.package_identification:_identify(log) by extensions ['ignore', 'ignore_ament_install']
[1.439s] Level 1:colcon.colcon_core.package_identification:_identify(log) by extension 'ignore'
[1.439s] Level 1:colcon.colcon_core.package_identification:_identify(log) ignored
[1.439s] Level 1:colcon.colcon_core.package_identification:_identify(src) by extensions ['ignore', 'ignore_ament_install']
[1.439s] Level 1:colcon.colcon_core.package_identification:_identify(src) by extension 'ignore'
[1.439s] Level 1:colcon.colcon_core.package_identification:_identify(src) by extension 'ignore_ament_install'
[1.439s] Level 1:colcon.colcon_core.package_identification:_identify(src) by extensions ['colcon_pkg']
[1.439s] Level 1:colcon.colcon_core.package_identification:_identify(src) by extension 'colcon_pkg'
[1.439s] Level 1:colcon.colcon_core.package_identification:_identify(src) by extensions ['colcon_meta']
[1.439s] Level 1:colcon.colcon_core.package_identification:_identify(src) by extension 'colcon_meta'
[1.439s] Level 1:colcon.colcon_core.package_identification:_identify(src) by extensions ['ros']
[1.439s] Level 1:colcon.colcon_core.package_identification:_identify(src) by extension 'ros'
[1.439s] Level 1:colcon.colcon_core.package_identification:_identify(src) by extensions ['cmake', 'python']
[1.439s] Level 1:colcon.colcon_core.package_identification:_identify(src) by extension 'cmake'
[1.439s] Level 1:colcon.colcon_core.package_identification:_identify(src) by extension 'python'
[1.439s] Level 1:colcon.colcon_core.package_identification:_identify(src) by extensions ['python_setup_py']
[1.439s] Level 1:colcon.colcon_core.package_identification:_identify(src) by extension 'python_setup_py'
[1.440s] Level 1:colcon.colcon_core.package_identification:_identify(src/dis_tutorial3) by extensions ['ignore', 'ignore_ament_install']
[1.440s] Level 1:colcon.colcon_core.package_identification:_identify(src/dis_tutorial3) by extension 'ignore'
[1.440s] Level 1:colcon.colcon_core.package_identification:_identify(src/dis_tutorial3) by extension 'ignore_ament_install'
[1.440s] Level 1:colcon.colcon_core.package_identification:_identify(src/dis_tutorial3) by extensions ['colcon_pkg']
[1.440s] Level 1:colcon.colcon_core.package_identification:_identify(src/dis_tutorial3) by extension 'colcon_pkg'
[1.440s] Level 1:colcon.colcon_core.package_identification:_identify(src/dis_tutorial3) by extensions ['colcon_meta']
[1.440s] Level 1:colcon.colcon_core.package_identification:_identify(src/dis_tutorial3) by extension 'colcon_meta'
[1.440s] Level 1:colcon.colcon_core.package_identification:_identify(src/dis_tutorial3) by extensions ['ros']
[1.440s] Level 1:colcon.colcon_core.package_identification:_identify(src/dis_tutorial3) by extension 'ros'
[1.445s] DEBUG:colcon.colcon_core.package_identification:Package 'src/dis_tutorial3' with type 'ros.ament_cmake' and name 'dis_tutorial3'
[1.446s] Level 1:colcon.colcon_core.package_identification:_identify(src/dis_tutorial4) by extensions ['ignore', 'ignore_ament_install']
[1.446s] Level 1:colcon.colcon_core.package_identification:_identify(src/dis_tutorial4) by extension 'ignore'
[1.446s] Level 1:colcon.colcon_core.package_identification:_identify(src/dis_tutorial4) by extension 'ignore_ament_install'
[1.446s] Level 1:colcon.colcon_core.package_identification:_identify(src/dis_tutorial4) by extensions ['colcon_pkg']
[1.446s] Level 1:colcon.colcon_core.package_identification:_identify(src/dis_tutorial4) by extension 'colcon_pkg'
[1.446s] Level 1:colcon.colcon_core.package_identification:_identify(src/dis_tutorial4) by extensions ['colcon_meta']
[1.446s] Level 1:colcon.colcon_core.package_identification:_identify(src/dis_tutorial4) by extension 'colcon_meta'
[1.446s] Level 1:colcon.colcon_core.package_identification:_identify(src/dis_tutorial4) by extensions ['ros']
[1.446s] Level 1:colcon.colcon_core.package_identification:_identify(src/dis_tutorial4) by extension 'ros'
[1.448s] DEBUG:colcon.colcon_core.package_identification:Package 'src/dis_tutorial4' with type 'ros.ament_cmake' and name 'dis_tutorial4'
[1.448s] Level 1:colcon.colcon_core.package_identification:_identify(src/dis_tutorial6) by extensions ['ignore', 'ignore_ament_install']
[1.448s] Level 1:colcon.colcon_core.package_identification:_identify(src/dis_tutorial6) by extension 'ignore'
[1.448s] Level 1:colcon.colcon_core.package_identification:_identify(src/dis_tutorial6) by extension 'ignore_ament_install'
[1.448s] Level 1:colcon.colcon_core.package_identification:_identify(src/dis_tutorial6) by extensions ['colcon_pkg']
[1.448s] Level 1:colcon.colcon_core.package_identification:_identify(src/dis_tutorial6) by extension 'colcon_pkg'
[1.448s] Level 1:colcon.colcon_core.package_identification:_identify(src/dis_tutorial6) by extensions ['colcon_meta']
[1.448s] Level 1:colcon.colcon_core.package_identification:_identify(src/dis_tutorial6) by extension 'colcon_meta'
[1.448s] Level 1:colcon.colcon_core.package_identification:_identify(src/dis_tutorial6) by extensions ['ros']
[1.448s] Level 1:colcon.colcon_core.package_identification:_identify(src/dis_tutorial6) by extension 'ros'
[1.449s] DEBUG:colcon.colcon_core.package_identification:Package 'src/dis_tutorial6' with type 'ros.ament_cmake' and name 'dis_tutorial6'
[1.449s] Level 1:colcon.colcon_core.package_identification:_identify(src/dis_tutorial7) by extensions ['ignore', 'ignore_ament_install']
[1.449s] Level 1:colcon.colcon_core.package_identification:_identify(src/dis_tutorial7) by extension 'ignore'
[1.449s] Level 1:colcon.colcon_core.package_identification:_identify(src/dis_tutorial7) by extension 'ignore_ament_install'
[1.450s] Level 1:colcon.colcon_core.package_identification:_identify(src/dis_tutorial7) by extensions ['colcon_pkg']
[1.450s] Level 1:colcon.colcon_core.package_identification:_identify(src/dis_tutorial7) by extension 'colcon_pkg'
[1.450s] Level 1:colcon.colcon_core.package_identification:_identify(src/dis_tutorial7) by extensions ['colcon_meta']
[1.450s] Level 1:colcon.colcon_core.package_identification:_identify(src/dis_tutorial7) by extension 'colcon_meta'
[1.450s] Level 1:colcon.colcon_core.package_identification:_identify(src/dis_tutorial7) by extensions ['ros']
[1.450s] Level 1:colcon.colcon_core.package_identification:_identify(src/dis_tutorial7) by extension 'ros'
[1.451s] DEBUG:colcon.colcon_core.package_identification:Package 'src/dis_tutorial7' with type 'ros.ament_cmake' and name 'dis_tutorial7'
[1.451s] Level 1:colcon.colcon_core.package_discovery:discover_packages(recursive) using defaults
[1.451s] Level 1:colcon.colcon_core.package_discovery:discover_packages(ignore) discover
[1.451s] Level 1:colcon.colcon_core.package_discovery:discover_packages(ignore) using defaults
[1.451s] Level 1:colcon.colcon_core.package_discovery:discover_packages(path) discover
[1.451s] Level 1:colcon.colcon_core.package_discovery:discover_packages(path) using defaults
[1.571s] Level 1:colcon.colcon_core.package_discovery:discover_packages(prefix_path) check parameters
[1.571s] Level 1:colcon.colcon_core.package_discovery:discover_packages(prefix_path) discover
[1.610s] DEBUG:colcon.colcon_installed_package_information.package_discovery:Found 4 installed packages in /home/mu/Documents/RINS/project/RINSproject/install
[1.655s] DEBUG:colcon.colcon_installed_package_information.package_discovery:Found 3 installed packages in /home/mu/colcon_ws/install
[1.678s] DEBUG:colcon.colcon_installed_package_information.package_discovery:Found 411 installed packages in /opt/ros/humble
[1.680s] Level 1:colcon.colcon_core.package_discovery:discover_packages(prefix_path) using defaults
[1.809s] Level 5:colcon.colcon_core.verb:set package 'dis_tutorial3' build argument 'cmake_args' from command line to 'None'
[1.809s] Level 5:colcon.colcon_core.verb:set package 'dis_tutorial3' build argument 'cmake_target' from command line to 'None'
[1.809s] Level 5:colcon.colcon_core.verb:set package 'dis_tutorial3' build argument 'cmake_target_skip_unavailable' from command line to 'False'
[1.809s] Level 5:colcon.colcon_core.verb:set package 'dis_tutorial3' build argument 'cmake_clean_cache' from command line to 'False'
[1.809s] Level 5:colcon.colcon_core.verb:set package 'dis_tutorial3' build argument 'cmake_clean_first' from command line to 'False'
[1.809s] Level 5:colcon.colcon_core.verb:set package 'dis_tutorial3' build argument 'cmake_force_configure' from command line to 'False'
[1.809s] Level 5:colcon.colcon_core.verb:set package 'dis_tutorial3' build argument 'ament_cmake_args' from command line to 'None'
[1.809s] Level 5:colcon.colcon_core.verb:set package 'dis_tutorial3' build argument 'catkin_cmake_args' from command line to 'None'
[1.809s] Level 5:colcon.colcon_core.verb:set package 'dis_tutorial3' build argument 'catkin_skip_building_tests' from command line to 'False'
[1.809s] DEBUG:colcon.colcon_core.verb:Building package 'dis_tutorial3' with the following arguments: {'ament_cmake_args': None, 'build_base': '/home/mu/Documents/RINS/project/RINSproject/build/dis_tutorial3', 'catkin_cmake_args': None, 'catkin_skip_building_tests': False, 'cmake_args': None, 'cmake_clean_cache': False, 'cmake_clean_first': False, 'cmake_force_configure': False, 'cmake_target': None, 'cmake_target_skip_unavailable': False, 'install_base': '/home/mu/Documents/RINS/project/RINSproject/install/dis_tutorial3', 'merge_install': False, 'path': '/home/mu/Documents/RINS/project/RINSproject/src/dis_tutorial3', 'symlink_install': False, 'test_result_base': None}
[1.829s] Level 5:colcon.colcon_core.verb:set package 'dis_tutorial4' build argument 'cmake_args' from command line to 'None'
[1.829s] Level 5:colcon.colcon_core.verb:set package 'dis_tutorial4' build argument 'cmake_target' from command line to 'None'
[1.829s] Level 5:colcon.colcon_core.verb:set package 'dis_tutorial4' build argument 'cmake_target_skip_unavailable' from command line to 'False'
[1.829s] Level 5:colcon.colcon_core.verb:set package 'dis_tutorial4' build argument 'cmake_clean_cache' from command line to 'False'
[1.829s] Level 5:colcon.colcon_core.verb:set package 'dis_tutorial4' build argument 'cmake_clean_first' from command line to 'False'
[1.829s] Level 5:colcon.colcon_core.verb:set package 'dis_tutorial4' build argument 'cmake_force_configure' from command line to 'False'
[1.829s] Level 5:colcon.colcon_core.verb:set package 'dis_tutorial4' build argument 'ament_cmake_args' from command line to 'None'
[1.829s] Level 5:colcon.colcon_core.verb:set package 'dis_tutorial4' build argument 'catkin_cmake_args' from command line to 'None'
[1.829s] Level 5:colcon.colcon_core.verb:set package 'dis_tutorial4' build argument 'catkin_skip_building_tests' from command line to 'False'
[1.829s] DEBUG:colcon.colcon_core.verb:Building package 'dis_tutorial4' with the following arguments: {'ament_cmake_args': None, 'build_base': '/home/mu/Documents/RINS/project/RINSproject/build/dis_tutorial4', 'catkin_cmake_args': None, 'catkin_skip_building_tests': False, 'cmake_args': None, 'cmake_clean_cache': False, 'cmake_clean_first': False, 'cmake_force_configure': False, 'cmake_target': None, 'cmake_target_skip_unavailable': False, 'install_base': '/home/mu/Documents/RINS/project/RINSproject/install/dis_tutorial4', 'merge_install': False, 'path': '/home/mu/Documents/RINS/project/RINSproject/src/dis_tutorial4', 'symlink_install': False, 'test_result_base': None}
[1.850s] Level 5:colcon.colcon_core.verb:set package 'dis_tutorial6' build argument 'cmake_args' from command line to 'None'
[1.850s] Level 5:colcon.colcon_core.verb:set package 'dis_tutorial6' build argument 'cmake_target' from command line to 'None'
[1.850s] Level 5:colcon.colcon_core.verb:set package 'dis_tutorial6' build argument 'cmake_target_skip_unavailable' from command line to 'False'
[1.851s] Level 5:colcon.colcon_core.verb:set package 'dis_tutorial6' build argument 'cmake_clean_cache' from command line to 'False'
[1.851s] Level 5:colcon.colcon_core.verb:set package 'dis_tutorial6' build argument 'cmake_clean_first' from command line to 'False'
[1.851s] Level 5:colcon.colcon_core.verb:set package 'dis_tutorial6' build argument 'cmake_force_configure' from command line to 'False'
[1.851s] Level 5:colcon.colcon_core.verb:set package 'dis_tutorial6' build argument 'ament_cmake_args' from command line to 'None'
[1.851s] Level 5:colcon.colcon_core.verb:set package 'dis_tutorial6' build argument 'catkin_cmake_args' from command line to 'None'
[1.851s] Level 5:colcon.colcon_core.verb:set package 'dis_tutorial6' build argument 'catkin_skip_building_tests' from command line to 'False'
[1.851s] DEBUG:colcon.colcon_core.verb:Building package 'dis_tutorial6' with the following arguments: {'ament_cmake_args': None, 'build_base': '/home/mu/Documents/RINS/project/RINSproject/build/dis_tutorial6', 'catkin_cmake_args': None, 'catkin_skip_building_tests': False, 'cmake_args': None, 'cmake_clean_cache': False, 'cmake_clean_first': False, 'cmake_force_configure': False, 'cmake_target': None, 'cmake_target_skip_unavailable': False, 'install_base': '/home/mu/Documents/RINS/project/RINSproject/install/dis_tutorial6', 'merge_install': False, 'path': '/home/mu/Documents/RINS/project/RINSproject/src/dis_tutorial6', 'symlink_install': False, 'test_result_base': None}
[1.871s] Level 5:colcon.colcon_core.verb:set package 'dis_tutorial7' build argument 'cmake_args' from command line to 'None'
[1.871s] Level 5:colcon.colcon_core.verb:set package 'dis_tutorial7' build argument 'cmake_target' from command line to 'None'
[1.871s] Level 5:colcon.colcon_core.verb:set package 'dis_tutorial7' build argument 'cmake_target_skip_unavailable' from command line to 'False'
[1.871s] Level 5:colcon.colcon_core.verb:set package 'dis_tutorial7' build argument 'cmake_clean_cache' from command line to 'False'
[1.871s] Level 5:colcon.colcon_core.verb:set package 'dis_tutorial7' build argument 'cmake_clean_first' from command line to 'False'
[1.871s] Level 5:colcon.colcon_core.verb:set package 'dis_tutorial7' build argument 'cmake_force_configure' from command line to 'False'
[1.871s] Level 5:colcon.colcon_core.verb:set package 'dis_tutorial7' build argument 'ament_cmake_args' from command line to 'None'
[1.871s] Level 5:colcon.colcon_core.verb:set package 'dis_tutorial7' build argument 'catkin_cmake_args' from command line to 'None'
[1.871s] Level 5:colcon.colcon_core.verb:set package 'dis_tutorial7' build argument 'catkin_skip_building_tests' from command line to 'False'
[1.872s] DEBUG:colcon.colcon_core.verb:Building package 'dis_tutorial7' with the following arguments: {'ament_cmake_args': None, 'build_base': '/home/mu/Documents/RINS/project/RINSproject/build/dis_tutorial7', 'catkin_cmake_args': None, 'catkin_skip_building_tests': False, 'cmake_args': None, 'cmake_clean_cache': False, 'cmake_clean_first': False, 'cmake_force_configure': False, 'cmake_target': None, 'cmake_target_skip_unavailable': False, 'install_base': '/home/mu/Documents/RINS/project/RINSproject/install/dis_tutorial7', 'merge_install': False, 'path': '/home/mu/Documents/RINS/project/RINSproject/src/dis_tutorial7', 'symlink_install': False, 'test_result_base': None}
[1.892s] INFO:colcon.colcon_core.executor:Executing jobs using 'parallel' executor
[1.915s] DEBUG:colcon.colcon_parallel_executor.executor.parallel:run_until_complete
[1.916s] INFO:colcon.colcon_ros.task.ament_cmake.build:Building ROS package in '/home/mu/Documents/RINS/project/RINSproject/src/dis_tutorial3' with build type 'ament_cmake'
[1.916s] INFO:colcon.colcon_cmake.task.cmake.build:Building CMake package in '/home/mu/Documents/RINS/project/RINSproject/src/dis_tutorial3'
[1.938s] INFO:colcon.colcon_core.plugin_system:Skipping extension 'colcon_core.shell.bat': Not used on non-Windows systems
[1.939s] INFO:colcon.colcon_core.shell:Skip shell extension 'powershell' for command environment: Not usable outside of PowerShell
[1.939s] DEBUG:colcon.colcon_core.shell:Skip shell extension 'dsv' for command environment
[2.027s] INFO:colcon.colcon_ros.task.ament_cmake.build:Building ROS package in '/home/mu/Documents/RINS/project/RINSproject/src/dis_tutorial4' with build type 'ament_cmake'
[2.027s] INFO:colcon.colcon_cmake.task.cmake.build:Building CMake package in '/home/mu/Documents/RINS/project/RINSproject/src/dis_tutorial4'
[2.047s] INFO:colcon.colcon_core.shell:Skip shell extension 'powershell' for command environment: Not usable outside of PowerShell
[2.047s] DEBUG:colcon.colcon_core.shell:Skip shell extension 'dsv' for command environment
[2.128s] INFO:colcon.colcon_ros.task.ament_cmake.build:Building ROS package in '/home/mu/Documents/RINS/project/RINSproject/src/dis_tutorial6' with build type 'ament_cmake'
[2.128s] INFO:colcon.colcon_cmake.task.cmake.build:Building CMake package in '/home/mu/Documents/RINS/project/RINSproject/src/dis_tutorial6'
[2.147s] INFO:colcon.colcon_core.shell:Skip shell extension 'powershell' for command environment: Not usable outside of PowerShell
[2.147s] DEBUG:colcon.colcon_core.shell:Skip shell extension 'dsv' for command environment
[2.228s] INFO:colcon.colcon_ros.task.ament_cmake.build:Building ROS package in '/home/mu/Documents/RINS/project/RINSproject/src/dis_tutorial7' with build type 'ament_cmake'
[2.228s] INFO:colcon.colcon_cmake.task.cmake.build:Building CMake package in '/home/mu/Documents/RINS/project/RINSproject/src/dis_tutorial7'
[2.248s] INFO:colcon.colcon_core.shell:Skip shell extension 'powershell' for command environment: Not usable outside of PowerShell
[2.249s] DEBUG:colcon.colcon_core.shell:Skip shell extension 'dsv' for command environment
[2.337s] DEBUG:colcon.colcon_core.event_handler.log_command:Invoking command in '/home/mu/Documents/RINS/project/RINSproject/build/dis_tutorial3': CMAKE_PREFIX_PATH=${CMAKE_PREFIX_PATH}:/opt/ros/humble /usr/bin/cmake --build /home/mu/Documents/RINS/project/RINSproject/build/dis_tutorial3 -- -j16 -l16
[2.342s] DEBUG:colcon.colcon_core.event_handler.log_command:Invoking command in '/home/mu/Documents/RINS/project/RINSproject/build/dis_tutorial4': CMAKE_PREFIX_PATH=${CMAKE_PREFIX_PATH}:/opt/ros/humble /usr/bin/cmake --build /home/mu/Documents/RINS/project/RINSproject/build/dis_tutorial4 -- -j16 -l16
[2.347s] DEBUG:colcon.colcon_core.event_handler.log_command:Invoking command in '/home/mu/Documents/RINS/project/RINSproject/build/dis_tutorial6': CMAKE_PREFIX_PATH=${CMAKE_PREFIX_PATH}:/opt/ros/humble /usr/bin/cmake --build /home/mu/Documents/RINS/project/RINSproject/build/dis_tutorial6 -- -j16 -l16
[2.352s] DEBUG:colcon.colcon_core.event_handler.log_command:Invoking command in '/home/mu/Documents/RINS/project/RINSproject/build/dis_tutorial7': CMAKE_PREFIX_PATH=${CMAKE_PREFIX_PATH}:/opt/ros/humble /usr/bin/cmake --build /home/mu/Documents/RINS/project/RINSproject/build/dis_tutorial7 -- -j16 -l16
[2.395s] DEBUG:colcon.colcon_core.event_handler.log_command:Invoked command in '/home/mu/Documents/RINS/project/RINSproject/build/dis_tutorial3' returned '0': CMAKE_PREFIX_PATH=${CMAKE_PREFIX_PATH}:/opt/ros/humble /usr/bin/cmake --build /home/mu/Documents/RINS/project/RINSproject/build/dis_tutorial3 -- -j16 -l16
[2.400s] DEBUG:colcon.colcon_core.event_handler.log_command:Invoked command in '/home/mu/Documents/RINS/project/RINSproject/build/dis_tutorial4' returned '0': CMAKE_PREFIX_PATH=${CMAKE_PREFIX_PATH}:/opt/ros/humble /usr/bin/cmake --build /home/mu/Documents/RINS/project/RINSproject/build/dis_tutorial4 -- -j16 -l16
[2.410s] DEBUG:colcon.colcon_core.event_handler.log_command:Invoked command in '/home/mu/Documents/RINS/project/RINSproject/build/dis_tutorial7' returned '0': CMAKE_PREFIX_PATH=${CMAKE_PREFIX_PATH}:/opt/ros/humble /usr/bin/cmake --build /home/mu/Documents/RINS/project/RINSproject/build/dis_tutorial7 -- -j16 -l16
[2.441s] DEBUG:colcon.colcon_core.event_handler.log_command:Invoking command in '/home/mu/Documents/RINS/project/RINSproject/build/dis_tutorial3': CMAKE_PREFIX_PATH=${CMAKE_PREFIX_PATH}:/opt/ros/humble /usr/bin/cmake --install /home/mu/Documents/RINS/project/RINSproject/build/dis_tutorial3
[2.445s] DEBUG:colcon.colcon_core.event_handler.log_command:Invoking command in '/home/mu/Documents/RINS/project/RINSproject/build/dis_tutorial4': CMAKE_PREFIX_PATH=${CMAKE_PREFIX_PATH}:/opt/ros/humble /usr/bin/cmake --install /home/mu/Documents/RINS/project/RINSproject/build/dis_tutorial4
[2.447s] DEBUG:colcon.colcon_core.event_handler.log_command:Invoking command in '/home/mu/Documents/RINS/project/RINSproject/build/dis_tutorial7': CMAKE_PREFIX_PATH=${CMAKE_PREFIX_PATH}:/opt/ros/humble /usr/bin/cmake --install /home/mu/Documents/RINS/project/RINSproject/build/dis_tutorial7
[2.460s] Level 1:colcon.colcon_core.environment:create_environment_scripts_only(dis_tutorial4)
[2.481s] DEBUG:colcon.colcon_core.event_handler.log_command:Invoked command in '/home/mu/Documents/RINS/project/RINSproject/build/dis_tutorial4' returned '0': CMAKE_PREFIX_PATH=${CMAKE_PREFIX_PATH}:/opt/ros/humble /usr/bin/cmake --install /home/mu/Documents/RINS/project/RINSproject/build/dis_tutorial4
[2.503s] Level 1:colcon.colcon_core.environment:checking '/home/mu/Documents/RINS/project/RINSproject/install/dis_tutorial4' for CMake module files
[2.503s] Level 1:colcon.colcon_core.environment:checking '/home/mu/Documents/RINS/project/RINSproject/install/dis_tutorial4' for CMake config files
[2.504s] Level 1:colcon.colcon_core.shell:create_environment_hook('dis_tutorial4', 'cmake_prefix_path')
[2.525s] INFO:colcon.colcon_core.shell:Creating environment hook '/home/mu/Documents/RINS/project/RINSproject/install/dis_tutorial4/share/dis_tutorial4/hook/cmake_prefix_path.ps1'
[2.525s] INFO:colcon.colcon_core.shell:Creating environment descriptor '/home/mu/Documents/RINS/project/RINSproject/install/dis_tutorial4/share/dis_tutorial4/hook/cmake_prefix_path.dsv'
[2.526s] INFO:colcon.colcon_core.shell:Creating environment hook '/home/mu/Documents/RINS/project/RINSproject/install/dis_tutorial4/share/dis_tutorial4/hook/cmake_prefix_path.sh'
[2.527s] Level 1:colcon.colcon_core.environment:checking '/home/mu/Documents/RINS/project/RINSproject/install/dis_tutorial4/lib'
[2.527s] Level 1:colcon.colcon_core.environment:checking '/home/mu/Documents/RINS/project/RINSproject/install/dis_tutorial4/bin'
[2.527s] Level 1:colcon.colcon_core.environment:checking '/home/mu/Documents/RINS/project/RINSproject/install/dis_tutorial4/lib/pkgconfig/dis_tutorial4.pc'
[2.528s] Level 1:colcon.colcon_core.environment:checking '/home/mu/Documents/RINS/project/RINSproject/install/dis_tutorial4/lib/python3.10/site-packages'
[2.528s] Level 1:colcon.colcon_core.environment:checking '/home/mu/Documents/RINS/project/RINSproject/install/dis_tutorial4/bin'
[2.548s] INFO:colcon.colcon_core.shell:Creating package script '/home/mu/Documents/RINS/project/RINSproject/install/dis_tutorial4/share/dis_tutorial4/package.ps1'
[2.549s] INFO:colcon.colcon_core.shell:Creating package descriptor '/home/mu/Documents/RINS/project/RINSproject/install/dis_tutorial4/share/dis_tutorial4/package.dsv'
[2.549s] INFO:colcon.colcon_core.shell:Creating package script '/home/mu/Documents/RINS/project/RINSproject/install/dis_tutorial4/share/dis_tutorial4/package.sh'
[2.550s] INFO:colcon.colcon_core.shell:Creating package script '/home/mu/Documents/RINS/project/RINSproject/install/dis_tutorial4/share/dis_tutorial4/package.bash'
[2.551s] INFO:colcon.colcon_core.shell:Creating package script '/home/mu/Documents/RINS/project/RINSproject/install/dis_tutorial4/share/dis_tutorial4/package.zsh'
[2.551s] Level 1:colcon.colcon_core.environment:create_file_with_runtime_dependencies(/home/mu/Documents/RINS/project/RINSproject/install/dis_tutorial4/share/colcon-core/packages/dis_tutorial4)
[2.553s] Level 1:colcon.colcon_core.environment:create_environment_scripts_only(dis_tutorial3)
[2.554s] DEBUG:colcon.colcon_core.event_handler.log_command:Invoked command in '/home/mu/Documents/RINS/project/RINSproject/build/dis_tutorial3' returned '0': CMAKE_PREFIX_PATH=${CMAKE_PREFIX_PATH}:/opt/ros/humble /usr/bin/cmake --install /home/mu/Documents/RINS/project/RINSproject/build/dis_tutorial3
[2.576s] Level 1:colcon.colcon_core.environment:checking '/home/mu/Documents/RINS/project/RINSproject/install/dis_tutorial3' for CMake module files
[2.576s] Level 1:colcon.colcon_core.environment:checking '/home/mu/Documents/RINS/project/RINSproject/install/dis_tutorial3' for CMake config files
[2.578s] Level 1:colcon.colcon_core.shell:create_environment_hook('dis_tutorial3', 'cmake_prefix_path')
[2.597s] INFO:colcon.colcon_core.shell:Creating environment hook '/home/mu/Documents/RINS/project/RINSproject/install/dis_tutorial3/share/dis_tutorial3/hook/cmake_prefix_path.ps1'
[2.598s] INFO:colcon.colcon_core.shell:Creating environment descriptor '/home/mu/Documents/RINS/project/RINSproject/install/dis_tutorial3/share/dis_tutorial3/hook/cmake_prefix_path.dsv'
[2.599s] INFO:colcon.colcon_core.shell:Creating environment hook '/home/mu/Documents/RINS/project/RINSproject/install/dis_tutorial3/share/dis_tutorial3/hook/cmake_prefix_path.sh'
[2.599s] Level 1:colcon.colcon_core.environment:checking '/home/mu/Documents/RINS/project/RINSproject/install/dis_tutorial3/lib'
[2.599s] Level 1:colcon.colcon_core.environment:checking '/home/mu/Documents/RINS/project/RINSproject/install/dis_tutorial3/bin'
[2.600s] Level 1:colcon.colcon_core.environment:checking '/home/mu/Documents/RINS/project/RINSproject/install/dis_tutorial3/lib/pkgconfig/dis_tutorial3.pc'
[2.600s] Level 1:colcon.colcon_core.environment:checking '/home/mu/Documents/RINS/project/RINSproject/install/dis_tutorial3/lib/python3.10/site-packages'
[2.600s] Level 1:colcon.colcon_core.environment:checking '/home/mu/Documents/RINS/project/RINSproject/install/dis_tutorial3/bin'
[2.620s] INFO:colcon.colcon_core.shell:Creating package script '/home/mu/Documents/RINS/project/RINSproject/install/dis_tutorial3/share/dis_tutorial3/package.ps1'
[2.620s] INFO:colcon.colcon_core.shell:Creating package descriptor '/home/mu/Documents/RINS/project/RINSproject/install/dis_tutorial3/share/dis_tutorial3/package.dsv'
[2.621s] INFO:colcon.colcon_core.shell:Creating package script '/home/mu/Documents/RINS/project/RINSproject/install/dis_tutorial3/share/dis_tutorial3/package.sh'
[2.621s] INFO:colcon.colcon_core.shell:Creating package script '/home/mu/Documents/RINS/project/RINSproject/install/dis_tutorial3/share/dis_tutorial3/package.bash'
[2.621s] INFO:colcon.colcon_core.shell:Creating package script '/home/mu/Documents/RINS/project/RINSproject/install/dis_tutorial3/share/dis_tutorial3/package.zsh'
[2.622s] Level 1:colcon.colcon_core.environment:create_file_with_runtime_dependencies(/home/mu/Documents/RINS/project/RINSproject/install/dis_tutorial3/share/colcon-core/packages/dis_tutorial3)
[2.623s] DEBUG:colcon.colcon_core.event_handler.log_command:Invoked command in '/home/mu/Documents/RINS/project/RINSproject/build/dis_tutorial6' returned '0': CMAKE_PREFIX_PATH=${CMAKE_PREFIX_PATH}:/opt/ros/humble /usr/bin/cmake --build /home/mu/Documents/RINS/project/RINSproject/build/dis_tutorial6 -- -j16 -l16
[2.625s] Level 1:colcon.colcon_core.environment:create_environment_scripts_only(dis_tutorial7)
[2.625s] DEBUG:colcon.colcon_core.event_handler.log_command:Invoked command in '/home/mu/Documents/RINS/project/RINSproject/build/dis_tutorial7' returned '0': CMAKE_PREFIX_PATH=${CMAKE_PREFIX_PATH}:/opt/ros/humble /usr/bin/cmake --install /home/mu/Documents/RINS/project/RINSproject/build/dis_tutorial7
[2.647s] Level 1:colcon.colcon_core.environment:checking '/home/mu/Documents/RINS/project/RINSproject/install/dis_tutorial7' for CMake module files
[2.648s] Level 1:colcon.colcon_core.environment:checking '/home/mu/Documents/RINS/project/RINSproject/install/dis_tutorial7' for CMake config files
[2.649s] Level 1:colcon.colcon_core.shell:create_environment_hook('dis_tutorial7', 'cmake_prefix_path')
[2.669s] INFO:colcon.colcon_core.shell:Creating environment hook '/home/mu/Documents/RINS/project/RINSproject/install/dis_tutorial7/share/dis_tutorial7/hook/cmake_prefix_path.ps1'
[2.669s] INFO:colcon.colcon_core.shell:Creating environment descriptor '/home/mu/Documents/RINS/project/RINSproject/install/dis_tutorial7/share/dis_tutorial7/hook/cmake_prefix_path.dsv'
[2.670s] INFO:colcon.colcon_core.shell:Creating environment hook '/home/mu/Documents/RINS/project/RINSproject/install/dis_tutorial7/share/dis_tutorial7/hook/cmake_prefix_path.sh'
[2.670s] Level 1:colcon.colcon_core.environment:checking '/home/mu/Documents/RINS/project/RINSproject/install/dis_tutorial7/lib'
[2.671s] Level 1:colcon.colcon_core.environment:checking '/home/mu/Documents/RINS/project/RINSproject/install/dis_tutorial7/bin'
[2.671s] Level 1:colcon.colcon_core.environment:checking '/home/mu/Documents/RINS/project/RINSproject/install/dis_tutorial7/lib/pkgconfig/dis_tutorial7.pc'
[2.671s] Level 1:colcon.colcon_core.environment:checking '/home/mu/Documents/RINS/project/RINSproject/install/dis_tutorial7/lib/python3.10/site-packages'
[2.671s] Level 1:colcon.colcon_core.environment:checking '/home/mu/Documents/RINS/project/RINSproject/install/dis_tutorial7/bin'
[2.694s] INFO:colcon.colcon_core.shell:Creating package script '/home/mu/Documents/RINS/project/RINSproject/install/dis_tutorial7/share/dis_tutorial7/package.ps1'
[2.695s] INFO:colcon.colcon_core.shell:Creating package descriptor '/home/mu/Documents/RINS/project/RINSproject/install/dis_tutorial7/share/dis_tutorial7/package.dsv'
[2.695s] INFO:colcon.colcon_core.shell:Creating package script '/home/mu/Documents/RINS/project/RINSproject/install/dis_tutorial7/share/dis_tutorial7/package.sh'
[2.695s] INFO:colcon.colcon_core.shell:Creating package script '/home/mu/Documents/RINS/project/RINSproject/install/dis_tutorial7/share/dis_tutorial7/package.bash'
[2.695s] INFO:colcon.colcon_core.shell:Creating package script '/home/mu/Documents/RINS/project/RINSproject/install/dis_tutorial7/share/dis_tutorial7/package.zsh'
[2.696s] Level 1:colcon.colcon_core.environment:create_file_with_runtime_dependencies(/home/mu/Documents/RINS/project/RINSproject/install/dis_tutorial7/share/colcon-core/packages/dis_tutorial7)
[2.718s] Level 1:colcon.colcon_core.environment:create_environment_scripts_only(dis_tutorial4)
[2.737s] Level 1:colcon.colcon_core.environment:checking '/home/mu/Documents/RINS/project/RINSproject/install/dis_tutorial4' for CMake module files
[2.738s] Level 1:colcon.colcon_core.environment:checking '/home/mu/Documents/RINS/project/RINSproject/install/dis_tutorial4' for CMake config files
[2.738s] Level 1:colcon.colcon_core.shell:create_environment_hook('dis_tutorial4', 'cmake_prefix_path')
[2.758s] INFO:colcon.colcon_core.shell:Creating environment hook '/home/mu/Documents/RINS/project/RINSproject/install/dis_tutorial4/share/dis_tutorial4/hook/cmake_prefix_path.ps1'
[2.758s] INFO:colcon.colcon_core.shell:Creating environment descriptor '/home/mu/Documents/RINS/project/RINSproject/install/dis_tutorial4/share/dis_tutorial4/hook/cmake_prefix_path.dsv'
[2.759s] INFO:colcon.colcon_core.shell:Creating environment hook '/home/mu/Documents/RINS/project/RINSproject/install/dis_tutorial4/share/dis_tutorial4/hook/cmake_prefix_path.sh'
[2.760s] Level 1:colcon.colcon_core.environment:checking '/home/mu/Documents/RINS/project/RINSproject/install/dis_tutorial4/lib'
[2.760s] Level 1:colcon.colcon_core.environment:checking '/home/mu/Documents/RINS/project/RINSproject/install/dis_tutorial4/bin'
[2.760s] Level 1:colcon.colcon_core.environment:checking '/home/mu/Documents/RINS/project/RINSproject/install/dis_tutorial4/lib/pkgconfig/dis_tutorial4.pc'
[2.760s] Level 1:colcon.colcon_core.environment:checking '/home/mu/Documents/RINS/project/RINSproject/install/dis_tutorial4/lib/python3.10/site-packages'
[2.760s] Level 1:colcon.colcon_core.environment:checking '/home/mu/Documents/RINS/project/RINSproject/install/dis_tutorial4/bin'
[2.781s] INFO:colcon.colcon_core.shell:Creating package script '/home/mu/Documents/RINS/project/RINSproject/install/dis_tutorial4/share/dis_tutorial4/package.ps1'
[2.782s] INFO:colcon.colcon_core.shell:Creating package descriptor '/home/mu/Documents/RINS/project/RINSproject/install/dis_tutorial4/share/dis_tutorial4/package.dsv'
[2.782s] INFO:colcon.colcon_core.shell:Creating package script '/home/mu/Documents/RINS/project/RINSproject/install/dis_tutorial4/share/dis_tutorial4/package.sh'
[2.783s] INFO:colcon.colcon_core.shell:Creating package script '/home/mu/Documents/RINS/project/RINSproject/install/dis_tutorial4/share/dis_tutorial4/package.bash'
[2.783s] INFO:colcon.colcon_core.shell:Creating package script '/home/mu/Documents/RINS/project/RINSproject/install/dis_tutorial4/share/dis_tutorial4/package.zsh'
[2.784s] Level 1:colcon.colcon_core.environment:create_file_with_runtime_dependencies(/home/mu/Documents/RINS/project/RINSproject/install/dis_tutorial4/share/colcon-core/packages/dis_tutorial4)
[2.805s] Level 1:colcon.colcon_core.environment:create_environment_scripts_only(dis_tutorial3)
[2.825s] Level 1:colcon.colcon_core.environment:checking '/home/mu/Documents/RINS/project/RINSproject/install/dis_tutorial3' for CMake module files
[2.825s] Level 1:colcon.colcon_core.environment:checking '/home/mu/Documents/RINS/project/RINSproject/install/dis_tutorial3' for CMake config files
[2.826s] Level 1:colcon.colcon_core.shell:create_environment_hook('dis_tutorial3', 'cmake_prefix_path')
[2.846s] INFO:colcon.colcon_core.shell:Creating environment hook '/home/mu/Documents/RINS/project/RINSproject/install/dis_tutorial3/share/dis_tutorial3/hook/cmake_prefix_path.ps1'
[2.847s] INFO:colcon.colcon_core.shell:Creating environment descriptor '/home/mu/Documents/RINS/project/RINSproject/install/dis_tutorial3/share/dis_tutorial3/hook/cmake_prefix_path.dsv'
[2.847s] INFO:colcon.colcon_core.shell:Creating environment hook '/home/mu/Documents/RINS/project/RINSproject/install/dis_tutorial3/share/dis_tutorial3/hook/cmake_prefix_path.sh'
[2.848s] Level 1:colcon.colcon_core.environment:checking '/home/mu/Documents/RINS/project/RINSproject/install/dis_tutorial3/lib'
[2.848s] Level 1:colcon.colcon_core.environment:checking '/home/mu/Documents/RINS/project/RINSproject/install/dis_tutorial3/bin'
[2.848s] Level 1:colcon.colcon_core.environment:checking '/home/mu/Documents/RINS/project/RINSproject/install/dis_tutorial3/lib/pkgconfig/dis_tutorial3.pc'
[2.849s] Level 1:colcon.colcon_core.environment:checking '/home/mu/Documents/RINS/project/RINSproject/install/dis_tutorial3/lib/python3.10/site-packages'
[2.849s] Level 1:colcon.colcon_core.environment:checking '/home/mu/Documents/RINS/project/RINSproject/install/dis_tutorial3/bin'
[2.868s] INFO:colcon.colcon_core.shell:Creating package script '/home/mu/Documents/RINS/project/RINSproject/install/dis_tutorial3/share/dis_tutorial3/package.ps1'
[2.869s] INFO:colcon.colcon_core.shell:Creating package descriptor '/home/mu/Documents/RINS/project/RINSproject/install/dis_tutorial3/share/dis_tutorial3/package.dsv'
[2.869s] INFO:colcon.colcon_core.shell:Creating package script '/home/mu/Documents/RINS/project/RINSproject/install/dis_tutorial3/share/dis_tutorial3/package.sh'
[2.870s] INFO:colcon.colcon_core.shell:Creating package script '/home/mu/Documents/RINS/project/RINSproject/install/dis_tutorial3/share/dis_tutorial3/package.bash'
[2.870s] INFO:colcon.colcon_core.shell:Creating package script '/home/mu/Documents/RINS/project/RINSproject/install/dis_tutorial3/share/dis_tutorial3/package.zsh'
[2.870s] Level 1:colcon.colcon_core.environment:create_file_with_runtime_dependencies(/home/mu/Documents/RINS/project/RINSproject/install/dis_tutorial3/share/colcon-core/packages/dis_tutorial3)
[2.874s] DEBUG:colcon.colcon_core.event_handler.log_command:Invoking command in '/home/mu/Documents/RINS/project/RINSproject/build/dis_tutorial6': CMAKE_PREFIX_PATH=${CMAKE_PREFIX_PATH}:/opt/ros/humble /usr/bin/cmake --install /home/mu/Documents/RINS/project/RINSproject/build/dis_tutorial6
[2.896s] Level 1:colcon.colcon_core.environment:create_environment_scripts_only(dis_tutorial7)
[2.917s] Level 1:colcon.colcon_core.environment:checking '/home/mu/Documents/RINS/project/RINSproject/install/dis_tutorial7' for CMake module files
[2.918s] Level 1:colcon.colcon_core.environment:checking '/home/mu/Documents/RINS/project/RINSproject/install/dis_tutorial7' for CMake config files
[2.918s] Level 1:colcon.colcon_core.shell:create_environment_hook('dis_tutorial7', 'cmake_prefix_path')
[2.966s] INFO:colcon.colcon_core.shell:Creating environment hook '/home/mu/Documents/RINS/project/RINSproject/install/dis_tutorial7/share/dis_tutorial7/hook/cmake_prefix_path.ps1'
[2.967s] INFO:colcon.colcon_core.shell:Creating environment descriptor '/home/mu/Documents/RINS/project/RINSproject/install/dis_tutorial7/share/dis_tutorial7/hook/cmake_prefix_path.dsv'
[2.967s] INFO:colcon.colcon_core.shell:Creating environment hook '/home/mu/Documents/RINS/project/RINSproject/install/dis_tutorial7/share/dis_tutorial7/hook/cmake_prefix_path.sh'
[2.968s] Level 1:colcon.colcon_core.environment:checking '/home/mu/Documents/RINS/project/RINSproject/install/dis_tutorial7/lib'
[2.968s] Level 1:colcon.colcon_core.environment:checking '/home/mu/Documents/RINS/project/RINSproject/install/dis_tutorial7/bin'
[2.968s] Level 1:colcon.colcon_core.environment:checking '/home/mu/Documents/RINS/project/RINSproject/install/dis_tutorial7/lib/pkgconfig/dis_tutorial7.pc'
[2.968s] Level 1:colcon.colcon_core.environment:checking '/home/mu/Documents/RINS/project/RINSproject/install/dis_tutorial7/lib/python3.10/site-packages'
[2.968s] Level 1:colcon.colcon_core.environment:checking '/home/mu/Documents/RINS/project/RINSproject/install/dis_tutorial7/bin'
[2.988s] INFO:colcon.colcon_core.shell:Creating package script '/home/mu/Documents/RINS/project/RINSproject/install/dis_tutorial7/share/dis_tutorial7/package.ps1'
[2.989s] INFO:colcon.colcon_core.shell:Creating package descriptor '/home/mu/Documents/RINS/project/RINSproject/install/dis_tutorial7/share/dis_tutorial7/package.dsv'
[2.989s] INFO:colcon.colcon_core.shell:Creating package script '/home/mu/Documents/RINS/project/RINSproject/install/dis_tutorial7/share/dis_tutorial7/package.sh'
[2.990s] INFO:colcon.colcon_core.shell:Creating package script '/home/mu/Documents/RINS/project/RINSproject/install/dis_tutorial7/share/dis_tutorial7/package.bash'
[2.990s] INFO:colcon.colcon_core.shell:Creating package script '/home/mu/Documents/RINS/project/RINSproject/install/dis_tutorial7/share/dis_tutorial7/package.zsh'
[2.991s] Level 1:colcon.colcon_core.environment:create_file_with_runtime_dependencies(/home/mu/Documents/RINS/project/RINSproject/install/dis_tutorial7/share/colcon-core/packages/dis_tutorial7)
[2.993s] Level 1:colcon.colcon_core.environment:create_environment_scripts_only(dis_tutorial6)
[2.995s] DEBUG:colcon.colcon_core.event_handler.log_command:Invoked command in '/home/mu/Documents/RINS/project/RINSproject/build/dis_tutorial6' returned '0': CMAKE_PREFIX_PATH=${CMAKE_PREFIX_PATH}:/opt/ros/humble /usr/bin/cmake --install /home/mu/Documents/RINS/project/RINSproject/build/dis_tutorial6
[3.015s] Level 1:colcon.colcon_core.environment:checking '/home/mu/Documents/RINS/project/RINSproject/install/dis_tutorial6' for CMake module files
[3.016s] Level 1:colcon.colcon_core.environment:checking '/home/mu/Documents/RINS/project/RINSproject/install/dis_tutorial6' for CMake config files
[3.016s] Level 1:colcon.colcon_core.shell:create_environment_hook('dis_tutorial6', 'cmake_prefix_path')
[3.036s] INFO:colcon.colcon_core.shell:Creating environment hook '/home/mu/Documents/RINS/project/RINSproject/install/dis_tutorial6/share/dis_tutorial6/hook/cmake_prefix_path.ps1'
[3.036s] INFO:colcon.colcon_core.shell:Creating environment descriptor '/home/mu/Documents/RINS/project/RINSproject/install/dis_tutorial6/share/dis_tutorial6/hook/cmake_prefix_path.dsv'
[3.037s] INFO:colcon.colcon_core.shell:Creating environment hook '/home/mu/Documents/RINS/project/RINSproject/install/dis_tutorial6/share/dis_tutorial6/hook/cmake_prefix_path.sh'
[3.037s] Level 1:colcon.colcon_core.environment:checking '/home/mu/Documents/RINS/project/RINSproject/install/dis_tutorial6/lib'
[3.037s] Level 1:colcon.colcon_core.environment:checking '/home/mu/Documents/RINS/project/RINSproject/install/dis_tutorial6/bin'
[3.037s] Level 1:colcon.colcon_core.environment:checking '/home/mu/Documents/RINS/project/RINSproject/install/dis_tutorial6/lib/pkgconfig/dis_tutorial6.pc'
[3.037s] Level 1:colcon.colcon_core.environment:checking '/home/mu/Documents/RINS/project/RINSproject/install/dis_tutorial6/lib/python3.10/site-packages'
[3.038s] Level 1:colcon.colcon_core.environment:checking '/home/mu/Documents/RINS/project/RINSproject/install/dis_tutorial6/bin'
[3.059s] INFO:colcon.colcon_core.shell:Creating package script '/home/mu/Documents/RINS/project/RINSproject/install/dis_tutorial6/share/dis_tutorial6/package.ps1'
[3.060s] INFO:colcon.colcon_core.shell:Creating package descriptor '/home/mu/Documents/RINS/project/RINSproject/install/dis_tutorial6/share/dis_tutorial6/package.dsv'
[3.060s] INFO:colcon.colcon_core.shell:Creating package script '/home/mu/Documents/RINS/project/RINSproject/install/dis_tutorial6/share/dis_tutorial6/package.sh'
[3.061s] INFO:colcon.colcon_core.shell:Creating package script '/home/mu/Documents/RINS/project/RINSproject/install/dis_tutorial6/share/dis_tutorial6/package.bash'
[3.061s] INFO:colcon.colcon_core.shell:Creating package script '/home/mu/Documents/RINS/project/RINSproject/install/dis_tutorial6/share/dis_tutorial6/package.zsh'
[3.062s] Level 1:colcon.colcon_core.environment:create_file_with_runtime_dependencies(/home/mu/Documents/RINS/project/RINSproject/install/dis_tutorial6/share/colcon-core/packages/dis_tutorial6)
[3.120s] Level 1:colcon.colcon_core.environment:create_environment_scripts_only(dis_tutorial6)
[3.140s] Level 1:colcon.colcon_core.environment:checking '/home/mu/Documents/RINS/project/RINSproject/install/dis_tutorial6' for CMake module files
[3.140s] Level 1:colcon.colcon_core.environment:checking '/home/mu/Documents/RINS/project/RINSproject/install/dis_tutorial6' for CMake config files
[3.141s] Level 1:colcon.colcon_core.shell:create_environment_hook('dis_tutorial6', 'cmake_prefix_path')
[3.161s] INFO:colcon.colcon_core.shell:Creating environment hook '/home/mu/Documents/RINS/project/RINSproject/install/dis_tutorial6/share/dis_tutorial6/hook/cmake_prefix_path.ps1'
[3.161s] INFO:colcon.colcon_core.shell:Creating environment descriptor '/home/mu/Documents/RINS/project/RINSproject/install/dis_tutorial6/share/dis_tutorial6/hook/cmake_prefix_path.dsv'
[3.162s] INFO:colcon.colcon_core.shell:Creating environment hook '/home/mu/Documents/RINS/project/RINSproject/install/dis_tutorial6/share/dis_tutorial6/hook/cmake_prefix_path.sh'
[3.162s] Level 1:colcon.colcon_core.environment:checking '/home/mu/Documents/RINS/project/RINSproject/install/dis_tutorial6/lib'
[3.162s] Level 1:colcon.colcon_core.environment:checking '/home/mu/Documents/RINS/project/RINSproject/install/dis_tutorial6/bin'
[3.162s] Level 1:colcon.colcon_core.environment:checking '/home/mu/Documents/RINS/project/RINSproject/install/dis_tutorial6/lib/pkgconfig/dis_tutorial6.pc'
[3.163s] Level 1:colcon.colcon_core.environment:checking '/home/mu/Documents/RINS/project/RINSproject/install/dis_tutorial6/lib/python3.10/site-packages'
[3.163s] Level 1:colcon.colcon_core.environment:checking '/home/mu/Documents/RINS/project/RINSproject/install/dis_tutorial6/bin'
[3.181s] INFO:colcon.colcon_core.shell:Creating package script '/home/mu/Documents/RINS/project/RINSproject/install/dis_tutorial6/share/dis_tutorial6/package.ps1'
[3.182s] INFO:colcon.colcon_core.shell:Creating package descriptor '/home/mu/Documents/RINS/project/RINSproject/install/dis_tutorial6/share/dis_tutorial6/package.dsv'
[3.183s] INFO:colcon.colcon_core.shell:Creating package script '/home/mu/Documents/RINS/project/RINSproject/install/dis_tutorial6/share/dis_tutorial6/package.sh'
[3.183s] INFO:colcon.colcon_core.shell:Creating package script '/home/mu/Documents/RINS/project/RINSproject/install/dis_tutorial6/share/dis_tutorial6/package.bash'
[3.184s] INFO:colcon.colcon_core.shell:Creating package script '/home/mu/Documents/RINS/project/RINSproject/install/dis_tutorial6/share/dis_tutorial6/package.zsh'
[3.184s] Level 1:colcon.colcon_core.environment:create_file_with_runtime_dependencies(/home/mu/Documents/RINS/project/RINSproject/install/dis_tutorial6/share/colcon-core/packages/dis_tutorial6)
[3.185s] DEBUG:colcon.colcon_parallel_executor.executor.parallel:closing loop
[3.186s] DEBUG:colcon.colcon_parallel_executor.executor.parallel:loop closed
[3.186s] DEBUG:colcon.colcon_parallel_executor.executor.parallel:run_until_complete finished with '0'
[3.186s] DEBUG:colcon.colcon_core.event_reactor:joining thread
[3.210s] INFO:colcon.colcon_core.plugin_system:Skipping extension 'colcon_notification.desktop_notification.notify_send': Could not find 'notify-send'
[3.210s] INFO:colcon.colcon_core.plugin_system:Skipping extension 'colcon_notification.desktop_notification.terminal_notifier': Not used on non-Darwin systems
[3.210s] INFO:colcon.colcon_core.plugin_system:Skipping extension 'colcon_notification.desktop_notification.win32': Not used on non-Windows systems
[3.210s] INFO:colcon.colcon_notification.desktop_notification:Sending desktop notification using 'notify2'
[3.231s] DEBUG:colcon.colcon_core.event_reactor:joined thread
[3.249s] INFO:colcon.colcon_core.shell:Creating prefix script '/home/mu/Documents/RINS/project/RINSproject/install/local_setup.ps1'
[3.250s] INFO:colcon.colcon_core.shell:Creating prefix util module '/home/mu/Documents/RINS/project/RINSproject/install/_local_setup_util_ps1.py'
[3.251s] INFO:colcon.colcon_core.shell:Creating prefix chain script '/home/mu/Documents/RINS/project/RINSproject/install/setup.ps1'
[3.265s] INFO:colcon.colcon_core.shell:Creating prefix script '/home/mu/Documents/RINS/project/RINSproject/install/local_setup.sh'
[3.266s] INFO:colcon.colcon_core.shell:Creating prefix util module '/home/mu/Documents/RINS/project/RINSproject/install/_local_setup_util_sh.py'
[3.266s] INFO:colcon.colcon_core.shell:Creating prefix chain script '/home/mu/Documents/RINS/project/RINSproject/install/setup.sh'
[3.285s] INFO:colcon.colcon_core.shell:Creating prefix script '/home/mu/Documents/RINS/project/RINSproject/install/local_setup.bash'
[3.285s] INFO:colcon.colcon_core.shell:Creating prefix chain script '/home/mu/Documents/RINS/project/RINSproject/install/setup.bash'
[3.302s] INFO:colcon.colcon_core.shell:Creating prefix script '/home/mu/Documents/RINS/project/RINSproject/install/local_setup.zsh'
[3.302s] INFO:colcon.colcon_core.shell:Creating prefix chain script '/home/mu/Documents/RINS/project/RINSproject/install/setup.zsh'
