[0.262s] Invoking command in '/home/mu/Documents/RINS/project/RINSproject/build/dis_tutorial3': CMAKE_PREFIX_PATH=${CMAKE_PREFIX_PATH}:/opt/ros/humble /usr/bin/cmake --build /home/mu/Documents/RINS/project/RINSproject/build/dis_tutorial3 -- -j16 -l16
[0.319s] Invoked command in '/home/mu/Documents/RINS/project/RINSproject/build/dis_tutorial3' returned '0': CMAKE_PREFIX_PATH=${CMAKE_PREFIX_PATH}:/opt/ros/humble /usr/bin/cmake --build /home/mu/Documents/RINS/project/RINSproject/build/dis_tutorial3 -- -j16 -l16
[0.364s] Invoking command in '/home/mu/Documents/RINS/project/RINSproject/build/dis_tutorial3': CMAKE_PREFIX_PATH=${CMAKE_PREFIX_PATH}:/opt/ros/humble /usr/bin/cmake --install /home/mu/Documents/RINS/project/RINSproject/build/dis_tutorial3
[0.378s] -- Install configuration: ""
[0.378s] -- Up-to-date: /home/mu/Documents/RINS/project/RINSproject/install/dis_tutorial3/share/dis_tutorial3//launch
[0.379s] -- Up-to-date: /home/mu/Documents/RINS/project/RINSproject/install/dis_tutorial3/share/dis_tutorial3//launch/ignition.launch.py
[0.379s] -- Up-to-date: /home/mu/Documents/RINS/project/RINSproject/install/dis_tutorial3/share/dis_tutorial3//launch/nav2.launch.py
[0.379s] -- Up-to-date: /home/mu/Documents/RINS/project/RINSproject/install/dis_tutorial3/share/dis_tutorial3//launch/sim_turtlebot_slam.launch.py
[0.379s] -- Up-to-date: /home/mu/Documents/RINS/project/RINSproject/install/dis_tutorial3/share/dis_tutorial3//launch/dis_sim.launch.py
[0.379s] -- Up-to-date: /home/mu/Documents/RINS/project/RINSproject/install/dis_tutorial3/share/dis_tutorial3//launch/sim_turtlebot_nav.launch.py
[0.379s] -- Up-to-date: /home/mu/Documents/RINS/project/RINSproject/install/dis_tutorial3/share/dis_tutorial3//launch/slam.launch.py
[0.379s] -- Up-to-date: /home/mu/Documents/RINS/project/RINSproject/install/dis_tutorial3/share/dis_tutorial3//launch/turtlebot4_spawn.launch.py
[0.379s] -- Up-to-date: /home/mu/Documents/RINS/project/RINSproject/install/dis_tutorial3/share/dis_tutorial3//launch/localization.launch.py
[0.379s] -- Up-to-date: /home/mu/Documents/RINS/project/RINSproject/install/dis_tutorial3/share/dis_tutorial3//launch/turtlebot4_spawn_nav.launch.py
[0.379s] -- Up-to-date: /home/mu/Documents/RINS/project/RINSproject/install/dis_tutorial3/share/dis_tutorial3//config
[0.379s] -- Up-to-date: /home/mu/Documents/RINS/project/RINSproject/install/dis_tutorial3/share/dis_tutorial3//config/nav2.yaml
[0.379s] -- Up-to-date: /home/mu/Documents/RINS/project/RINSproject/install/dis_tutorial3/share/dis_tutorial3//config/laser_filter_chain.yaml
[0.380s] -- Up-to-date: /home/mu/Documents/RINS/project/RINSproject/install/dis_tutorial3/share/dis_tutorial3//config/localization.yaml
[0.380s] -- Up-to-date: /home/mu/Documents/RINS/project/RINSproject/install/dis_tutorial3/share/dis_tutorial3//config/slam.yaml
[0.380s] -- Up-to-date: /home/mu/Documents/RINS/project/RINSproject/install/dis_tutorial3/share/dis_tutorial3//worlds
[0.380s] -- Up-to-date: /home/mu/Documents/RINS/project/RINSproject/install/dis_tutorial3/share/dis_tutorial3//worlds/dis.sdf
[0.380s] -- Up-to-date: /home/mu/Documents/RINS/project/RINSproject/install/dis_tutorial3/share/dis_tutorial3//worlds/demo2.sdf
[0.381s] -- Up-to-date: /home/mu/Documents/RINS/project/RINSproject/install/dis_tutorial3/share/dis_tutorial3//worlds/dis_meshes
[0.382s] -- Up-to-date: /home/mu/Documents/RINS/project/RINSproject/install/dis_tutorial3/share/dis_tutorial3//worlds/dis_meshes/mona1.jpg
[0.382s] -- Up-to-date: /home/mu/Documents/RINS/project/RINSproject/install/dis_tutorial3/share/dis_tutorial3//worlds/dis_meshes/fakering3.jpg
[0.382s] -- Up-to-date: /home/mu/Documents/RINS/project/RINSproject/install/dis_tutorial3/share/dis_tutorial3//worlds/dis_meshes/map_colliders.dae
[0.382s] -- Up-to-date: /home/mu/Documents/RINS/project/RINSproject/install/dis_tutorial3/share/dis_tutorial3//worlds/dis_meshes/objects.jpg
[0.382s] -- Up-to-date: /home/mu/Documents/RINS/project/RINSproject/install/dis_tutorial3/share/dis_tutorial3//worlds/dis_meshes/person2.jpg
[0.383s] -- Up-to-date: /home/mu/Documents/RINS/project/RINSproject/install/dis_tutorial3/share/dis_tutorial3//worlds/dis_meshes/person4.jpg
[0.383s] -- Up-to-date: /home/mu/Documents/RINS/project/RINSproject/install/dis_tutorial3/share/dis_tutorial3//worlds/dis_meshes/parking_space.jpg
[0.383s] -- Up-to-date: /home/mu/Documents/RINS/project/RINSproject/install/dis_tutorial3/share/dis_tutorial3//worlds/dis_meshes/person5.jpg
[0.384s] -- Up-to-date: /home/mu/Documents/RINS/project/RINSproject/install/dis_tutorial3/share/dis_tutorial3//worlds/dis_meshes/qr2.jpg
[0.384s] -- Up-to-date: /home/mu/Documents/RINS/project/RINSproject/install/dis_tutorial3/share/dis_tutorial3//worlds/dis_meshes/fakering2.jpg
[0.384s] -- Up-to-date: /home/mu/Documents/RINS/project/RINSproject/install/dis_tutorial3/share/dis_tutorial3//worlds/dis_meshes/person3.jpg
[0.386s] -- Up-to-date: /home/mu/Documents/RINS/project/RINSproject/install/dis_tutorial3/share/dis_tutorial3//worlds/dis_meshes/person1.jpg
[0.391s] -- Up-to-date: /home/mu/Documents/RINS/project/RINSproject/install/dis_tutorial3/share/dis_tutorial3//worlds/dis_meshes/fakering1.jpg
[0.391s] -- Up-to-date: /home/mu/Documents/RINS/project/RINSproject/install/dis_tutorial3/share/dis_tutorial3//worlds/dis_meshes/wood.jpg
[0.391s] -- Up-to-date: /home/mu/Documents/RINS/project/RINSproject/install/dis_tutorial3/share/dis_tutorial3//worlds/dis_meshes/qr1.jpg
[0.391s] -- Up-to-date: /home/mu/Documents/RINS/project/RINSproject/install/dis_tutorial3/share/dis_tutorial3//worlds/dis_meshes/davinci.jpg
[0.391s] -- Up-to-date: /home/mu/Documents/RINS/project/RINSproject/install/dis_tutorial3/share/dis_tutorial3//worlds/dis_meshes/ground.jpg
[0.391s] -- Up-to-date: /home/mu/Documents/RINS/project/RINSproject/install/dis_tutorial3/share/dis_tutorial3//worlds/dis_meshes/cylinders.jpg
[0.391s] -- Up-to-date: /home/mu/Documents/RINS/project/RINSproject/install/dis_tutorial3/share/dis_tutorial3//worlds/dis_meshes/map.dae
[0.391s] -- Up-to-date: /home/mu/Documents/RINS/project/RINSproject/install/dis_tutorial3/share/dis_tutorial3//worlds/task_meshes
[0.391s] -- Up-to-date: /home/mu/Documents/RINS/project/RINSproject/install/dis_tutorial3/share/dis_tutorial3//worlds/task_meshes/fakering3.jpg
[0.391s] -- Up-to-date: /home/mu/Documents/RINS/project/RINSproject/install/dis_tutorial3/share/dis_tutorial3//worlds/task_meshes/map_colliders.dae
[0.392s] -- Up-to-date: /home/mu/Documents/RINS/project/RINSproject/install/dis_tutorial3/share/dis_tutorial3//worlds/task_meshes/objects.jpg
[0.392s] -- Up-to-date: /home/mu/Documents/RINS/project/RINSproject/install/dis_tutorial3/share/dis_tutorial3//worlds/task_meshes/parking_space.jpg
[0.392s] -- Up-to-date: /home/mu/Documents/RINS/project/RINSproject/install/dis_tutorial3/share/dis_tutorial3//worlds/task_meshes/qr2.jpg
[0.392s] -- Up-to-date: /home/mu/Documents/RINS/project/RINSproject/install/dis_tutorial3/share/dis_tutorial3//worlds/task_meshes/person17.png
[0.392s] -- Up-to-date: /home/mu/Documents/RINS/project/RINSproject/install/dis_tutorial3/share/dis_tutorial3//worlds/task_meshes/fakering2.jpg
[0.392s] -- Up-to-date: /home/mu/Documents/RINS/project/RINSproject/install/dis_tutorial3/share/dis_tutorial3//worlds/task_meshes/person21.png
[0.392s] -- Up-to-date: /home/mu/Documents/RINS/project/RINSproject/install/dis_tutorial3/share/dis_tutorial3//worlds/task_meshes/person19.png
[0.392s] -- Up-to-date: /home/mu/Documents/RINS/project/RINSproject/install/dis_tutorial3/share/dis_tutorial3//worlds/task_meshes/fakering1.jpg
[0.392s] -- Up-to-date: /home/mu/Documents/RINS/project/RINSproject/install/dis_tutorial3/share/dis_tutorial3//worlds/task_meshes/person15.png
[0.392s] -- Up-to-date: /home/mu/Documents/RINS/project/RINSproject/install/dis_tutorial3/share/dis_tutorial3//worlds/task_meshes/qr1.jpg
[0.392s] -- Up-to-date: /home/mu/Documents/RINS/project/RINSproject/install/dis_tutorial3/share/dis_tutorial3//worlds/task_meshes/ground.jpg
[0.392s] -- Up-to-date: /home/mu/Documents/RINS/project/RINSproject/install/dis_tutorial3/share/dis_tutorial3//worlds/task_meshes/cylinders.jpg
[0.392s] -- Up-to-date: /home/mu/Documents/RINS/project/RINSproject/install/dis_tutorial3/share/dis_tutorial3//worlds/task_meshes/person23.png
[0.392s] -- Up-to-date: /home/mu/Documents/RINS/project/RINSproject/install/dis_tutorial3/share/dis_tutorial3//worlds/task_meshes/map.dae
[0.393s] -- Up-to-date: /home/mu/Documents/RINS/project/RINSproject/install/dis_tutorial3/share/dis_tutorial3//worlds/task_meshes/person22.png
[0.393s] -- Up-to-date: /home/mu/Documents/RINS/project/RINSproject/install/dis_tutorial3/share/dis_tutorial3//worlds/demo1.sdf
[0.393s] -- Up-to-date: /home/mu/Documents/RINS/project/RINSproject/install/dis_tutorial3/share/dis_tutorial3//worlds/task.sdf
[0.393s] -- Up-to-date: /home/mu/Documents/RINS/project/RINSproject/install/dis_tutorial3/share/dis_tutorial3//worlds/demo1_meshes
[0.393s] -- Up-to-date: /home/mu/Documents/RINS/project/RINSproject/install/dis_tutorial3/share/dis_tutorial3//worlds/demo1_meshes/fakering3.jpg
[0.393s] -- Up-to-date: /home/mu/Documents/RINS/project/RINSproject/install/dis_tutorial3/share/dis_tutorial3//worlds/demo1_meshes/map_colliders.dae
[0.393s] -- Up-to-date: /home/mu/Documents/RINS/project/RINSproject/install/dis_tutorial3/share/dis_tutorial3//worlds/demo1_meshes/objects.jpg
[0.393s] -- Up-to-date: /home/mu/Documents/RINS/project/RINSproject/install/dis_tutorial3/share/dis_tutorial3//worlds/demo1_meshes/person5.png
[0.393s] -- Up-to-date: /home/mu/Documents/RINS/project/RINSproject/install/dis_tutorial3/share/dis_tutorial3//worlds/demo1_meshes/parking_space.jpg
[0.394s] -- Up-to-date: /home/mu/Documents/RINS/project/RINSproject/install/dis_tutorial3/share/dis_tutorial3//worlds/demo1_meshes/person2.png
[0.394s] -- Up-to-date: /home/mu/Documents/RINS/project/RINSproject/install/dis_tutorial3/share/dis_tutorial3//worlds/demo1_meshes/person1.png
[0.394s] -- Up-to-date: /home/mu/Documents/RINS/project/RINSproject/install/dis_tutorial3/share/dis_tutorial3//worlds/demo1_meshes/qr2.jpg
[0.394s] -- Up-to-date: /home/mu/Documents/RINS/project/RINSproject/install/dis_tutorial3/share/dis_tutorial3//worlds/demo1_meshes/person4.png
[0.394s] -- Up-to-date: /home/mu/Documents/RINS/project/RINSproject/install/dis_tutorial3/share/dis_tutorial3//worlds/demo1_meshes/person3.png
[0.394s] -- Up-to-date: /home/mu/Documents/RINS/project/RINSproject/install/dis_tutorial3/share/dis_tutorial3//worlds/demo1_meshes/fakering2.jpg
[0.394s] -- Up-to-date: /home/mu/Documents/RINS/project/RINSproject/install/dis_tutorial3/share/dis_tutorial3//worlds/demo1_meshes/fakering1.jpg
[0.394s] -- Up-to-date: /home/mu/Documents/RINS/project/RINSproject/install/dis_tutorial3/share/dis_tutorial3//worlds/demo1_meshes/qr1.jpg
[0.394s] -- Up-to-date: /home/mu/Documents/RINS/project/RINSproject/install/dis_tutorial3/share/dis_tutorial3//worlds/demo1_meshes/person11.png
[0.395s] -- Up-to-date: /home/mu/Documents/RINS/project/RINSproject/install/dis_tutorial3/share/dis_tutorial3//worlds/demo1_meshes/ground.jpg
[0.395s] -- Up-to-date: /home/mu/Documents/RINS/project/RINSproject/install/dis_tutorial3/share/dis_tutorial3//worlds/demo1_meshes/cylinders.jpg
[0.395s] -- Up-to-date: /home/mu/Documents/RINS/project/RINSproject/install/dis_tutorial3/share/dis_tutorial3//worlds/demo1_meshes/map.dae
[0.395s] -- Up-to-date: /home/mu/Documents/RINS/project/RINSproject/install/dis_tutorial3/share/dis_tutorial3//worlds/demo2_meshes
[0.395s] -- Up-to-date: /home/mu/Documents/RINS/project/RINSproject/install/dis_tutorial3/share/dis_tutorial3//worlds/demo2_meshes/fakering3.jpg
[0.395s] -- Up-to-date: /home/mu/Documents/RINS/project/RINSproject/install/dis_tutorial3/share/dis_tutorial3//worlds/demo2_meshes/map_colliders.dae
[0.395s] -- Up-to-date: /home/mu/Documents/RINS/project/RINSproject/install/dis_tutorial3/share/dis_tutorial3//worlds/demo2_meshes/objects.jpg
[0.395s] -- Up-to-date: /home/mu/Documents/RINS/project/RINSproject/install/dis_tutorial3/share/dis_tutorial3//worlds/demo2_meshes/person7.png
[0.395s] -- Up-to-date: /home/mu/Documents/RINS/project/RINSproject/install/dis_tutorial3/share/dis_tutorial3//worlds/demo2_meshes/parking_space.jpg
[0.395s] -- Up-to-date: /home/mu/Documents/RINS/project/RINSproject/install/dis_tutorial3/share/dis_tutorial3//worlds/demo2_meshes/person8.png
[0.395s] -- Up-to-date: /home/mu/Documents/RINS/project/RINSproject/install/dis_tutorial3/share/dis_tutorial3//worlds/demo2_meshes/qr2.jpg
[0.396s] -- Up-to-date: /home/mu/Documents/RINS/project/RINSproject/install/dis_tutorial3/share/dis_tutorial3//worlds/demo2_meshes/fakering2.jpg
[0.396s] -- Up-to-date: /home/mu/Documents/RINS/project/RINSproject/install/dis_tutorial3/share/dis_tutorial3//worlds/demo2_meshes/person18.png
[0.396s] -- Up-to-date: /home/mu/Documents/RINS/project/RINSproject/install/dis_tutorial3/share/dis_tutorial3//worlds/demo2_meshes/person20.png
[0.396s] -- Up-to-date: /home/mu/Documents/RINS/project/RINSproject/install/dis_tutorial3/share/dis_tutorial3//worlds/demo2_meshes/fakering1.jpg
[0.396s] -- Up-to-date: /home/mu/Documents/RINS/project/RINSproject/install/dis_tutorial3/share/dis_tutorial3//worlds/demo2_meshes/person9.png
[0.396s] -- Up-to-date: /home/mu/Documents/RINS/project/RINSproject/install/dis_tutorial3/share/dis_tutorial3//worlds/demo2_meshes/qr1.jpg
[0.396s] -- Up-to-date: /home/mu/Documents/RINS/project/RINSproject/install/dis_tutorial3/share/dis_tutorial3//worlds/demo2_meshes/ground.jpg
[0.396s] -- Up-to-date: /home/mu/Documents/RINS/project/RINSproject/install/dis_tutorial3/share/dis_tutorial3//worlds/demo2_meshes/cylinders.jpg
[0.396s] -- Up-to-date: /home/mu/Documents/RINS/project/RINSproject/install/dis_tutorial3/share/dis_tutorial3//worlds/demo2_meshes/person6.png
[0.396s] -- Up-to-date: /home/mu/Documents/RINS/project/RINSproject/install/dis_tutorial3/share/dis_tutorial3//worlds/demo2_meshes/map.dae
[0.396s] -- Up-to-date: /home/mu/Documents/RINS/project/RINSproject/install/dis_tutorial3/share/dis_tutorial3//maps
[0.396s] -- Up-to-date: /home/mu/Documents/RINS/project/RINSproject/install/dis_tutorial3/share/dis_tutorial3//maps/map.pgm
[0.396s] -- Up-to-date: /home/mu/Documents/RINS/project/RINSproject/install/dis_tutorial3/share/dis_tutorial3//maps/map.yaml
[0.396s] -- Installing: /home/mu/Documents/RINS/project/RINSproject/install/dis_tutorial3/lib/dis_tutorial3/detect_people.py
[0.397s] -- Up-to-date: /home/mu/Documents/RINS/project/RINSproject/install/dis_tutorial3/lib/dis_tutorial3/robot_commander.py
[0.397s] -- Up-to-date: /home/mu/Documents/RINS/project/RINSproject/install/dis_tutorial3/share/ament_index/resource_index/package_run_dependencies/dis_tutorial3
[0.397s] -- Up-to-date: /home/mu/Documents/RINS/project/RINSproject/install/dis_tutorial3/share/ament_index/resource_index/parent_prefix_path/dis_tutorial3
[0.397s] -- Up-to-date: /home/mu/Documents/RINS/project/RINSproject/install/dis_tutorial3/share/dis_tutorial3/environment/ament_prefix_path.sh
[0.397s] -- Up-to-date: /home/mu/Documents/RINS/project/RINSproject/install/dis_tutorial3/share/dis_tutorial3/environment/ament_prefix_path.dsv
[0.398s] -- Up-to-date: /home/mu/Documents/RINS/project/RINSproject/install/dis_tutorial3/share/dis_tutorial3/environment/path.sh
[0.398s] -- Up-to-date: /home/mu/Documents/RINS/project/RINSproject/install/dis_tutorial3/share/dis_tutorial3/environment/path.dsv
[0.398s] -- Up-to-date: /home/mu/Documents/RINS/project/RINSproject/install/dis_tutorial3/share/dis_tutorial3/local_setup.bash
[0.398s] -- Up-to-date: /home/mu/Documents/RINS/project/RINSproject/install/dis_tutorial3/share/dis_tutorial3/local_setup.sh
[0.398s] -- Up-to-date: /home/mu/Documents/RINS/project/RINSproject/install/dis_tutorial3/share/dis_tutorial3/local_setup.zsh
[0.398s] -- Up-to-date: /home/mu/Documents/RINS/project/RINSproject/install/dis_tutorial3/share/dis_tutorial3/local_setup.dsv
[0.398s] -- Installing: /home/mu/Documents/RINS/project/RINSproject/install/dis_tutorial3/share/dis_tutorial3/package.dsv
[0.398s] -- Up-to-date: /home/mu/Documents/RINS/project/RINSproject/install/dis_tutorial3/share/ament_index/resource_index/packages/dis_tutorial3
[0.398s] -- Up-to-date: /home/mu/Documents/RINS/project/RINSproject/install/dis_tutorial3/share/dis_tutorial3/cmake/dis_tutorial3Config.cmake
[0.398s] -- Up-to-date: /home/mu/Documents/RINS/project/RINSproject/install/dis_tutorial3/share/dis_tutorial3/cmake/dis_tutorial3Config-version.cmake
[0.399s] -- Up-to-date: /home/mu/Documents/RINS/project/RINSproject/install/dis_tutorial3/share/dis_tutorial3/package.xml
[0.549s] Invoked command in '/home/mu/Documents/RINS/project/RINSproject/build/dis_tutorial3' returned '0': CMAKE_PREFIX_PATH=${CMAKE_PREFIX_PATH}:/opt/ros/humble /usr/bin/cmake --install /home/mu/Documents/RINS/project/RINSproject/build/dis_tutorial3
