[0.061s] Invoking command in '/home/mu/Documents/RINS/project/RINSproject/build/dis_tutorial7': CMAKE_PREFIX_PATH=${CMAKE_PREFIX_PATH}:/opt/ros/humble /usr/bin/cmake /home/mu/Documents/RINS/project/RINSproject/src/dis_tutorial7 -DCMAKE_INSTALL_PREFIX=/home/mu/Documents/RINS/project/RINSproject/install/dis_tutorial7
[0.147s] -- The C compiler identification is GNU 11.4.0
[0.216s] -- The CXX compiler identification is GNU 11.4.0
[0.223s] -- Detecting C compiler ABI info
[0.282s] -- Detecting C compiler ABI info - done
[0.287s] -- Check for working C compiler: /usr/bin/cc - skipped
[0.287s] -- Detecting C compile features
[0.288s] -- Detecting C compile features - done
[0.290s] -- Detecting CXX compiler ABI info
[0.355s] -- Detecting CXX compiler ABI info - done
[0.360s] -- Check for working CXX compiler: /usr/bin/c++ - skipped
[0.360s] -- Detecting CXX compile features
[0.360s] -- Detecting CXX compile features - done
[0.363s] -- Found ament_cmake: 1.3.8 (/opt/ros/humble/share/ament_cmake/cmake)
[0.473s] -- Found Python3: /usr/bin/python3 (found version "3.10.12") found components: Interpreter 
[0.542s] -- Found rclcpp: 16.0.8 (/opt/ros/humble/share/rclcpp/cmake)
[0.580s] -- Found rosidl_generator_c: 3.1.5 (/opt/ros/humble/share/rosidl_generator_c/cmake)
[0.585s] -- Found rosidl_adapter: 3.1.5 (/opt/ros/humble/share/rosidl_adapter/cmake)
[0.592s] -- Found rosidl_generator_cpp: 3.1.5 (/opt/ros/humble/share/rosidl_generator_cpp/cmake)
[0.603s] -- Using all available rosidl_typesupport_c: rosidl_typesupport_fastrtps_c;rosidl_typesupport_introspection_c
[0.618s] -- Using all available rosidl_typesupport_cpp: rosidl_typesupport_fastrtps_cpp;rosidl_typesupport_introspection_cpp
[0.674s] -- Found rmw_implementation_cmake: 6.1.1 (/opt/ros/humble/share/rmw_implementation_cmake/cmake)
[0.676s] -- Found rmw_fastrtps_cpp: 6.2.6 (/opt/ros/humble/share/rmw_fastrtps_cpp/cmake)
[0.768s] -- Found OpenSSL: /usr/lib/x86_64-linux-gnu/libcrypto.so (found version "3.0.2")  
[0.793s] -- Found FastRTPS: /opt/ros/humble/include  
[0.836s] -- Using RMW implementation 'rmw_fastrtps_cpp' as default
[0.845s] -- Looking for pthread.h
[0.911s] -- Looking for pthread.h - found
[0.911s] -- Performing Test CMAKE_HAVE_LIBC_PTHREAD
[0.970s] -- Performing Test CMAKE_HAVE_LIBC_PTHREAD - Success
[0.971s] -- Found Threads: TRUE  
[1.084s] -- Found rclpy: 3.3.12 (/opt/ros/humble/share/rclpy/cmake)
[1.086s] -- Found std_srvs: 4.2.3 (/opt/ros/humble/share/std_srvs/cmake)
[1.143s] -- Configuring done
[1.147s] -- Generating done
[1.148s] -- Build files have been written to: /home/mu/Documents/RINS/project/RINSproject/build/dis_tutorial7
[1.156s] Invoked command in '/home/mu/Documents/RINS/project/RINSproject/build/dis_tutorial7' returned '0': CMAKE_PREFIX_PATH=${CMAKE_PREFIX_PATH}:/opt/ros/humble /usr/bin/cmake /home/mu/Documents/RINS/project/RINSproject/src/dis_tutorial7 -DCMAKE_INSTALL_PREFIX=/home/mu/Documents/RINS/project/RINSproject/install/dis_tutorial7
[1.157s] Invoking command in '/home/mu/Documents/RINS/project/RINSproject/build/dis_tutorial7': CMAKE_PREFIX_PATH=${CMAKE_PREFIX_PATH}:/opt/ros/humble /usr/bin/cmake --build /home/mu/Documents/RINS/project/RINSproject/build/dis_tutorial7 -- -j16 -l16
[1.219s] Invoked command in '/home/mu/Documents/RINS/project/RINSproject/build/dis_tutorial7' returned '0': CMAKE_PREFIX_PATH=${CMAKE_PREFIX_PATH}:/opt/ros/humble /usr/bin/cmake --build /home/mu/Documents/RINS/project/RINSproject/build/dis_tutorial7 -- -j16 -l16
[1.240s] Invoking command in '/home/mu/Documents/RINS/project/RINSproject/build/dis_tutorial7': CMAKE_PREFIX_PATH=${CMAKE_PREFIX_PATH}:/opt/ros/humble /usr/bin/cmake --install /home/mu/Documents/RINS/project/RINSproject/build/dis_tutorial7
[1.246s] -- Install configuration: ""
[1.246s] -- Installing: /home/mu/Documents/RINS/project/RINSproject/install/dis_tutorial7/share/dis_tutorial7//launch
[1.246s] -- Installing: /home/mu/Documents/RINS/project/RINSproject/install/dis_tutorial7/share/dis_tutorial7//launch/turtlebot4_nodes.launch.py
[1.247s] -- Installing: /home/mu/Documents/RINS/project/RINSproject/install/dis_tutorial7/share/dis_tutorial7//launch/robot_description.launch.py
[1.247s] -- Installing: /home/mu/Documents/RINS/project/RINSproject/install/dis_tutorial7/share/dis_tutorial7//launch/create3_ignition_nodes.launch.py
[1.247s] -- Installing: /home/mu/Documents/RINS/project/RINSproject/install/dis_tutorial7/share/dis_tutorial7//launch/control.py
[1.247s] -- Installing: /home/mu/Documents/RINS/project/RINSproject/install/dis_tutorial7/share/dis_tutorial7//launch/sim_turtlebot_nav.launch.py
[1.247s] -- Installing: /home/mu/Documents/RINS/project/RINSproject/install/dis_tutorial7/share/dis_tutorial7//launch/turtlebot4_spawn.launch.py
[1.247s] -- Installing: /home/mu/Documents/RINS/project/RINSproject/install/dis_tutorial7/share/dis_tutorial7//launch/view_robot.launch.py
[1.247s] -- Installing: /home/mu/Documents/RINS/project/RINSproject/install/dis_tutorial7/share/dis_tutorial7//launch/create3_ros_ignition_bridge.launch.py
[1.247s] -- Installing: /home/mu/Documents/RINS/project/RINSproject/install/dis_tutorial7/share/dis_tutorial7//launch/ros_ign_bridge.launch.py
[1.247s] -- Installing: /home/mu/Documents/RINS/project/RINSproject/install/dis_tutorial7/share/dis_tutorial7//launch/create3_nodes.launch.py
[1.248s] -- Installing: /home/mu/Documents/RINS/project/RINSproject/install/dis_tutorial7/share/dis_tutorial7//meshes
[1.248s] -- Installing: /home/mu/Documents/RINS/project/RINSproject/install/dis_tutorial7/share/dis_tutorial7//meshes/rplidar.dae
[1.248s] -- Installing: /home/mu/Documents/RINS/project/RINSproject/install/dis_tutorial7/share/dis_tutorial7//meshes/oakd_lite.dae
[1.255s] -- Installing: /home/mu/Documents/RINS/project/RINSproject/install/dis_tutorial7/share/dis_tutorial7//meshes/tower_standoff.dae
[1.256s] -- Installing: /home/mu/Documents/RINS/project/RINSproject/install/dis_tutorial7/share/dis_tutorial7//meshes/shell.dae
[1.264s] -- Installing: /home/mu/Documents/RINS/project/RINSproject/install/dis_tutorial7/share/dis_tutorial7//meshes/oakd_pro.dae
[1.279s] -- Installing: /home/mu/Documents/RINS/project/RINSproject/install/dis_tutorial7/share/dis_tutorial7//meshes/camera_bracket.dae
[1.279s] -- Installing: /home/mu/Documents/RINS/project/RINSproject/install/dis_tutorial7/share/dis_tutorial7//meshes/weight_block.dae
[1.279s] -- Installing: /home/mu/Documents/RINS/project/RINSproject/install/dis_tutorial7/share/dis_tutorial7//meshes/tower_sensor_plate.dae
[1.279s] -- Installing: /home/mu/Documents/RINS/project/RINSproject/install/dis_tutorial7/share/dis_tutorial7//meshes/tower.dae
[1.280s] -- Installing: /home/mu/Documents/RINS/project/RINSproject/install/dis_tutorial7/share/dis_tutorial7//meshes/top_camera_pro.dae
[1.294s] -- Installing: /home/mu/Documents/RINS/project/RINSproject/install/dis_tutorial7/share/dis_tutorial7//meshes/shell_collision.dae
[1.299s] -- Installing: /home/mu/Documents/RINS/project/RINSproject/install/dis_tutorial7/share/dis_tutorial7//urdf
[1.299s] -- Installing: /home/mu/Documents/RINS/project/RINSproject/install/dis_tutorial7/share/dis_tutorial7//urdf/sensors
[1.299s] -- Installing: /home/mu/Documents/RINS/project/RINSproject/install/dis_tutorial7/share/dis_tutorial7//urdf/sensors/oakd.urdf.xacro
[1.299s] -- Installing: /home/mu/Documents/RINS/project/RINSproject/install/dis_tutorial7/share/dis_tutorial7//urdf/sensors/rplidar.urdf.xacro
[1.299s] -- Installing: /home/mu/Documents/RINS/project/RINSproject/install/dis_tutorial7/share/dis_tutorial7//urdf/sensors/camera_bracket.urdf.xacro
[1.299s] -- Installing: /home/mu/Documents/RINS/project/RINSproject/install/dis_tutorial7/share/dis_tutorial7//urdf/create
[1.299s] -- Installing: /home/mu/Documents/RINS/project/RINSproject/install/dis_tutorial7/share/dis_tutorial7//urdf/create/create3.urdf.xacro
[1.299s] -- Installing: /home/mu/Documents/RINS/project/RINSproject/install/dis_tutorial7/share/dis_tutorial7//urdf/arm
[1.299s] -- Installing: /home/mu/Documents/RINS/project/RINSproject/install/dis_tutorial7/share/dis_tutorial7//urdf/arm/arm.urdf.xacro
[1.299s] -- Installing: /home/mu/Documents/RINS/project/RINSproject/install/dis_tutorial7/share/dis_tutorial7//urdf/lite
[1.299s] -- Installing: /home/mu/Documents/RINS/project/RINSproject/install/dis_tutorial7/share/dis_tutorial7//urdf/lite/turtlebot4.urdf.xacro
[1.300s] -- Installing: /home/mu/Documents/RINS/project/RINSproject/install/dis_tutorial7/share/dis_tutorial7//urdf/standard
[1.300s] -- Installing: /home/mu/Documents/RINS/project/RINSproject/install/dis_tutorial7/share/dis_tutorial7//urdf/standard/weight_block.urdf.xacro
[1.300s] -- Installing: /home/mu/Documents/RINS/project/RINSproject/install/dis_tutorial7/share/dis_tutorial7//urdf/standard/turtlebot4.urdf.xacro
[1.300s] -- Installing: /home/mu/Documents/RINS/project/RINSproject/install/dis_tutorial7/share/dis_tutorial7//urdf/standard/tower_sensor_plate.urdf.xacro
[1.300s] -- Installing: /home/mu/Documents/RINS/project/RINSproject/install/dis_tutorial7/share/dis_tutorial7//urdf/standard/tower_standoff.urdf.xacro
[1.300s] -- Installing: /home/mu/Documents/RINS/project/RINSproject/install/dis_tutorial7/share/dis_tutorial7//config
[1.300s] -- Installing: /home/mu/Documents/RINS/project/RINSproject/install/dis_tutorial7/share/dis_tutorial7//config/all_controls.yaml
[1.300s] -- Installing: /home/mu/Documents/RINS/project/RINSproject/install/dis_tutorial7/share/dis_tutorial7//config/arm_controller_position.yaml
[1.300s] -- Installing: /home/mu/Documents/RINS/project/RINSproject/install/dis_tutorial7/share/dis_tutorial7//config/all_controls_jtc.yaml
[1.301s] -- Installing: /home/mu/Documents/RINS/project/RINSproject/install/dis_tutorial7/share/dis_tutorial7//config/control.yaml
[1.301s] -- Installing: /home/mu/Documents/RINS/project/RINSproject/install/dis_tutorial7/lib/dis_tutorial7/arm_mover_actions.py
[1.301s] -- Installing: /home/mu/Documents/RINS/project/RINSproject/install/dis_tutorial7/share/ament_index/resource_index/package_run_dependencies/dis_tutorial7
[1.301s] -- Installing: /home/mu/Documents/RINS/project/RINSproject/install/dis_tutorial7/share/ament_index/resource_index/parent_prefix_path/dis_tutorial7
[1.301s] -- Installing: /home/mu/Documents/RINS/project/RINSproject/install/dis_tutorial7/share/dis_tutorial7/environment/ament_prefix_path.sh
[1.302s] -- Installing: /home/mu/Documents/RINS/project/RINSproject/install/dis_tutorial7/share/dis_tutorial7/environment/ament_prefix_path.dsv
[1.302s] -- Installing: /home/mu/Documents/RINS/project/RINSproject/install/dis_tutorial7/share/dis_tutorial7/environment/path.sh
[1.302s] -- Installing: /home/mu/Documents/RINS/project/RINSproject/install/dis_tutorial7/share/dis_tutorial7/environment/path.dsv
[1.302s] -- Installing: /home/mu/Documents/RINS/project/RINSproject/install/dis_tutorial7/share/dis_tutorial7/local_setup.bash
[1.302s] -- Installing: /home/mu/Documents/RINS/project/RINSproject/install/dis_tutorial7/share/dis_tutorial7/local_setup.sh
[1.302s] -- Installing: /home/mu/Documents/RINS/project/RINSproject/install/dis_tutorial7/share/dis_tutorial7/local_setup.zsh
[1.302s] -- Installing: /home/mu/Documents/RINS/project/RINSproject/install/dis_tutorial7/share/dis_tutorial7/local_setup.dsv
[1.303s] -- Installing: /home/mu/Documents/RINS/project/RINSproject/install/dis_tutorial7/share/dis_tutorial7/package.dsv
[1.303s] -- Installing: /home/mu/Documents/RINS/project/RINSproject/install/dis_tutorial7/share/ament_index/resource_index/packages/dis_tutorial7
[1.303s] -- Installing: /home/mu/Documents/RINS/project/RINSproject/install/dis_tutorial7/share/dis_tutorial7/cmake/dis_tutorial7Config.cmake
[1.303s] -- Installing: /home/mu/Documents/RINS/project/RINSproject/install/dis_tutorial7/share/dis_tutorial7/cmake/dis_tutorial7Config-version.cmake
[1.303s] -- Installing: /home/mu/Documents/RINS/project/RINSproject/install/dis_tutorial7/share/dis_tutorial7/package.xml
[1.305s] Invoked command in '/home/mu/Documents/RINS/project/RINSproject/build/dis_tutorial7' returned '0': CMAKE_PREFIX_PATH=${CMAKE_PREFIX_PATH}:/opt/ros/humble /usr/bin/cmake --install /home/mu/Documents/RINS/project/RINSproject/build/dis_tutorial7
