[0.111s] Invoking command in '/home/mu/Documents/RINS/project/RINSproject/build/dis_tutorial4': CMAKE_PREFIX_PATH=${CMAKE_PREFIX_PATH}:/opt/ros/humble /usr/bin/cmake --build /home/mu/Documents/RINS/project/RINSproject/build/dis_tutorial4 -- -j16 -l16
[0.162s] -- Found ament_cmake: 1.3.8 (/opt/ros/humble/share/ament_cmake/cmake)
[0.268s] -- Found rclcpp: 16.0.8 (/opt/ros/humble/share/rclcpp/cmake)
[0.311s] -- Found rosidl_generator_c: 3.1.5 (/opt/ros/humble/share/rosidl_generator_c/cmake)
[0.313s] -- Found rosidl_adapter: 3.1.5 (/opt/ros/humble/share/rosidl_adapter/cmake)
[0.320s] -- Found rosidl_generator_cpp: 3.1.5 (/opt/ros/humble/share/rosidl_generator_cpp/cmake)
[0.330s] -- Using all available rosidl_typesupport_c: rosidl_typesupport_fastrtps_c;rosidl_typesupport_introspection_c
[0.344s] -- Using all available rosidl_typesupport_cpp: rosidl_typesupport_fastrtps_cpp;rosidl_typesupport_introspection_cpp
[0.392s] -- Found rmw_implementation_cmake: 6.1.1 (/opt/ros/humble/share/rmw_implementation_cmake/cmake)
[0.394s] -- Found rmw_fastrtps_cpp: 6.2.6 (/opt/ros/humble/share/rmw_fastrtps_cpp/cmake)
[0.505s] -- Using RMW implementation 'rmw_fastrtps_cpp' as default
[0.621s] -- Found rclpy: 3.3.12 (/opt/ros/humble/share/rclpy/cmake)
[0.622s] -- Found std_srvs: 4.2.3 (/opt/ros/humble/share/std_srvs/cmake)
[0.635s] -- Found action_msgs: 1.2.1 (/opt/ros/humble/share/action_msgs/cmake)
[0.679s] -- Found nav2_msgs: 1.1.13 (/opt/ros/humble/share/nav2_msgs/cmake)
[0.900s] -- Found visualization_msgs: 4.2.3 (/opt/ros/humble/share/visualization_msgs/cmake)
[1.096s] -- Configuring done
[1.101s] -- Generating done
[1.102s] -- Build files have been written to: /home/mu/Documents/RINS/project/RINSproject/build/dis_tutorial4
[1.125s] Invoked command in '/home/mu/Documents/RINS/project/RINSproject/build/dis_tutorial4' returned '0': CMAKE_PREFIX_PATH=${CMAKE_PREFIX_PATH}:/opt/ros/humble /usr/bin/cmake --build /home/mu/Documents/RINS/project/RINSproject/build/dis_tutorial4 -- -j16 -l16
[1.144s] Invoking command in '/home/mu/Documents/RINS/project/RINSproject/build/dis_tutorial4': CMAKE_PREFIX_PATH=${CMAKE_PREFIX_PATH}:/opt/ros/humble /usr/bin/cmake --install /home/mu/Documents/RINS/project/RINSproject/build/dis_tutorial4
[1.150s] -- Install configuration: ""
[1.151s] -- Up-to-date: /home/mu/Documents/RINS/project/RINSproject/install/dis_tutorial4/share/dis_tutorial4//launch
[1.151s] -- Up-to-date: /home/mu/Documents/RINS/project/RINSproject/install/dis_tutorial4/share/dis_tutorial4//launch/ignition.launch.py
[1.151s] -- Up-to-date: /home/mu/Documents/RINS/project/RINSproject/install/dis_tutorial4/share/dis_tutorial4//launch/nav2.launch.py
[1.151s] -- Up-to-date: /home/mu/Documents/RINS/project/RINSproject/install/dis_tutorial4/share/dis_tutorial4//launch/sim_turtlebot_slam.launch.py
[1.151s] -- Up-to-date: /home/mu/Documents/RINS/project/RINSproject/install/dis_tutorial4/share/dis_tutorial4//launch/dis_sim.launch.py
[1.151s] -- Up-to-date: /home/mu/Documents/RINS/project/RINSproject/install/dis_tutorial4/share/dis_tutorial4//launch/sim_turtlebot_nav.launch.py
[1.151s] -- Up-to-date: /home/mu/Documents/RINS/project/RINSproject/install/dis_tutorial4/share/dis_tutorial4//launch/slam.launch.py
[1.151s] -- Up-to-date: /home/mu/Documents/RINS/project/RINSproject/install/dis_tutorial4/share/dis_tutorial4//launch/turtlebot4_spawn.launch.py
[1.151s] -- Up-to-date: /home/mu/Documents/RINS/project/RINSproject/install/dis_tutorial4/share/dis_tutorial4//launch/localization.launch.py
[1.151s] -- Up-to-date: /home/mu/Documents/RINS/project/RINSproject/install/dis_tutorial4/share/dis_tutorial4//launch/turtlebot4_spawn_nav.launch.py
[1.151s] -- Up-to-date: /home/mu/Documents/RINS/project/RINSproject/install/dis_tutorial4/share/dis_tutorial4//launch/create3_nodes.launch.py
[1.151s] -- Up-to-date: /home/mu/Documents/RINS/project/RINSproject/install/dis_tutorial4/lib/dis_tutorial4/map_goals.py
[1.151s] -- Up-to-date: /home/mu/Documents/RINS/project/RINSproject/install/dis_tutorial4/lib/dis_tutorial4/transform_point.py
[1.152s] -- Up-to-date: /home/mu/Documents/RINS/project/RINSproject/install/dis_tutorial4/share/ament_index/resource_index/package_run_dependencies/dis_tutorial4
[1.152s] -- Installing: /home/mu/Documents/RINS/project/RINSproject/install/dis_tutorial4/share/ament_index/resource_index/parent_prefix_path/dis_tutorial4
[1.152s] -- Installing: /home/mu/Documents/RINS/project/RINSproject/install/dis_tutorial4/share/dis_tutorial4/environment/ament_prefix_path.sh
[1.152s] -- Installing: /home/mu/Documents/RINS/project/RINSproject/install/dis_tutorial4/share/dis_tutorial4/environment/ament_prefix_path.dsv
[1.152s] -- Installing: /home/mu/Documents/RINS/project/RINSproject/install/dis_tutorial4/share/dis_tutorial4/environment/path.sh
[1.152s] -- Installing: /home/mu/Documents/RINS/project/RINSproject/install/dis_tutorial4/share/dis_tutorial4/environment/path.dsv
[1.152s] -- Up-to-date: /home/mu/Documents/RINS/project/RINSproject/install/dis_tutorial4/share/dis_tutorial4/local_setup.bash
[1.152s] -- Up-to-date: /home/mu/Documents/RINS/project/RINSproject/install/dis_tutorial4/share/dis_tutorial4/local_setup.sh
[1.152s] -- Up-to-date: /home/mu/Documents/RINS/project/RINSproject/install/dis_tutorial4/share/dis_tutorial4/local_setup.zsh
[1.152s] -- Installing: /home/mu/Documents/RINS/project/RINSproject/install/dis_tutorial4/share/dis_tutorial4/local_setup.dsv
[1.152s] -- Installing: /home/mu/Documents/RINS/project/RINSproject/install/dis_tutorial4/share/dis_tutorial4/package.dsv
[1.152s] -- Up-to-date: /home/mu/Documents/RINS/project/RINSproject/install/dis_tutorial4/share/ament_index/resource_index/packages/dis_tutorial4
[1.152s] -- Up-to-date: /home/mu/Documents/RINS/project/RINSproject/install/dis_tutorial4/share/dis_tutorial4/cmake/dis_tutorial4Config.cmake
[1.152s] -- Up-to-date: /home/mu/Documents/RINS/project/RINSproject/install/dis_tutorial4/share/dis_tutorial4/cmake/dis_tutorial4Config-version.cmake
[1.152s] -- Up-to-date: /home/mu/Documents/RINS/project/RINSproject/install/dis_tutorial4/share/dis_tutorial4/package.xml
[1.154s] Invoked command in '/home/mu/Documents/RINS/project/RINSproject/build/dis_tutorial4' returned '0': CMAKE_PREFIX_PATH=${CMAKE_PREFIX_PATH}:/opt/ros/humble /usr/bin/cmake --install /home/mu/Documents/RINS/project/RINSproject/build/dis_tutorial4
