[0.214s] Invoking command in '/home/mu/Documents/RINS/project/RINSproject/build/dis_tutorial6': CMAKE_PREFIX_PATH=${CMAKE_PREFIX_PATH}:/opt/ros/humble /usr/bin/cmake --build /home/mu/Documents/RINS/project/RINSproject/build/dis_tutorial6 -- -j16 -l16
[0.279s] [35m[1mConsolidate compiler generated dependencies of target pcl_forwarder[0m
[0.279s] [35m[1mConsolidate compiler generated dependencies of target planes[0m
[0.282s] [35m[1mConsolidate compiler generated dependencies of target cylinder_segmentation[0m
[0.346s] [ 50%] Built target pcl_forwarder
[0.346s] [ 66%] Built target planes
[0.351s] [100%] Built target cylinder_segmentation
[0.488s] Invoked command in '/home/mu/Documents/RINS/project/RINSproject/build/dis_tutorial6' returned '0': CMAKE_PREFIX_PATH=${CMAKE_PREFIX_PATH}:/opt/ros/humble /usr/bin/cmake --build /home/mu/Documents/RINS/project/RINSproject/build/dis_tutorial6 -- -j16 -l16
[0.733s] Invoking command in '/home/mu/Documents/RINS/project/RINSproject/build/dis_tutorial6': CMAKE_PREFIX_PATH=${CMAKE_PREFIX_PATH}:/opt/ros/humble /usr/bin/cmake --install /home/mu/Documents/RINS/project/RINSproject/build/dis_tutorial6
[0.845s] -- Install configuration: ""
[0.845s] -- Up-to-date: /home/mu/Documents/RINS/project/RINSproject/install/dis_tutorial6/lib/dis_tutorial6/pcl_forwarder
[0.845s] -- Up-to-date: /home/mu/Documents/RINS/project/RINSproject/install/dis_tutorial6/lib/dis_tutorial6/planes
[0.845s] -- Up-to-date: /home/mu/Documents/RINS/project/RINSproject/install/dis_tutorial6/lib/dis_tutorial6/cylinder_segmentation
[0.845s] -- Installing: /home/mu/Documents/RINS/project/RINSproject/install/dis_tutorial6/lib/dis_tutorial6/detect_rings.py
[0.845s] -- Up-to-date: /home/mu/Documents/RINS/project/RINSproject/install/dis_tutorial6/share/ament_index/resource_index/package_run_dependencies/dis_tutorial6
[0.845s] -- Up-to-date: /home/mu/Documents/RINS/project/RINSproject/install/dis_tutorial6/share/ament_index/resource_index/parent_prefix_path/dis_tutorial6
[0.845s] -- Up-to-date: /home/mu/Documents/RINS/project/RINSproject/install/dis_tutorial6/share/dis_tutorial6/environment/ament_prefix_path.sh
[0.846s] -- Up-to-date: /home/mu/Documents/RINS/project/RINSproject/install/dis_tutorial6/share/dis_tutorial6/environment/ament_prefix_path.dsv
[0.846s] -- Up-to-date: /home/mu/Documents/RINS/project/RINSproject/install/dis_tutorial6/share/dis_tutorial6/environment/path.sh
[0.846s] -- Up-to-date: /home/mu/Documents/RINS/project/RINSproject/install/dis_tutorial6/share/dis_tutorial6/environment/path.dsv
[0.846s] -- Up-to-date: /home/mu/Documents/RINS/project/RINSproject/install/dis_tutorial6/share/dis_tutorial6/local_setup.bash
[0.846s] -- Up-to-date: /home/mu/Documents/RINS/project/RINSproject/install/dis_tutorial6/share/dis_tutorial6/local_setup.sh
[0.846s] -- Up-to-date: /home/mu/Documents/RINS/project/RINSproject/install/dis_tutorial6/share/dis_tutorial6/local_setup.zsh
[0.846s] -- Up-to-date: /home/mu/Documents/RINS/project/RINSproject/install/dis_tutorial6/share/dis_tutorial6/local_setup.dsv
[0.846s] -- Installing: /home/mu/Documents/RINS/project/RINSproject/install/dis_tutorial6/share/dis_tutorial6/package.dsv
[0.846s] -- Up-to-date: /home/mu/Documents/RINS/project/RINSproject/install/dis_tutorial6/share/ament_index/resource_index/packages/dis_tutorial6
[0.846s] -- Up-to-date: /home/mu/Documents/RINS/project/RINSproject/install/dis_tutorial6/share/dis_tutorial6/cmake/dis_tutorial6Config.cmake
[0.846s] -- Up-to-date: /home/mu/Documents/RINS/project/RINSproject/install/dis_tutorial6/share/dis_tutorial6/cmake/dis_tutorial6Config-version.cmake
[0.846s] -- Up-to-date: /home/mu/Documents/RINS/project/RINSproject/install/dis_tutorial6/share/dis_tutorial6/package.xml
[0.847s] Invoked command in '/home/mu/Documents/RINS/project/RINSproject/build/dis_tutorial6' returned '0': CMAKE_PREFIX_PATH=${CMAKE_PREFIX_PATH}:/opt/ros/humble /usr/bin/cmake --install /home/mu/Documents/RINS/project/RINSproject/build/dis_tutorial6
