[0.224s] Invoking command in '/home/mu/Documents/RINS/project/RINSproject/build/dis_tutorial6': CMAKE_PREFIX_PATH=${CMAKE_PREFIX_PATH}:/opt/ros/humble /usr/bin/cmake --build /home/mu/Documents/RINS/project/RINSproject/build/dis_tutorial6 -- -j16 -l16
[0.316s] [ 66%] Built target planes
[0.316s] [ 50%] Built target pcl_forwarder
[0.327s] [100%] Built target cylinder_segmentation
[0.565s] Invoked command in '/home/mu/Documents/RINS/project/RINSproject/build/dis_tutorial6' returned '0': CMAKE_PREFIX_PATH=${CMAKE_PREFIX_PATH}:/opt/ros/humble /usr/bin/cmake --build /home/mu/Documents/RINS/project/RINSproject/build/dis_tutorial6 -- -j16 -l16
[0.858s] Invoking command in '/home/mu/Documents/RINS/project/RINSproject/build/dis_tutorial6': CMAKE_PREFIX_PATH=${CMAKE_PREFIX_PATH}:/opt/ros/humble /usr/bin/cmake --install /home/mu/Documents/RINS/project/RINSproject/build/dis_tutorial6
[0.870s] -- Install configuration: ""
[0.870s] -- Up-to-date: /home/mu/Documents/RINS/project/RINSproject/install/dis_tutorial6/lib/dis_tutorial6/pcl_forwarder
[0.870s] -- Up-to-date: /home/mu/Documents/RINS/project/RINSproject/install/dis_tutorial6/lib/dis_tutorial6/planes
[0.870s] -- Up-to-date: /home/mu/Documents/RINS/project/RINSproject/install/dis_tutorial6/lib/dis_tutorial6/cylinder_segmentation
[0.870s] -- Installing: /home/mu/Documents/RINS/project/RINSproject/install/dis_tutorial6/lib/dis_tutorial6/detect_rings.py
[0.871s] -- Up-to-date: /home/mu/Documents/RINS/project/RINSproject/install/dis_tutorial6/share/ament_index/resource_index/package_run_dependencies/dis_tutorial6
[0.871s] -- Up-to-date: /home/mu/Documents/RINS/project/RINSproject/install/dis_tutorial6/share/ament_index/resource_index/parent_prefix_path/dis_tutorial6
[0.871s] -- Up-to-date: /home/mu/Documents/RINS/project/RINSproject/install/dis_tutorial6/share/dis_tutorial6/environment/ament_prefix_path.sh
[0.871s] -- Up-to-date: /home/mu/Documents/RINS/project/RINSproject/install/dis_tutorial6/share/dis_tutorial6/environment/ament_prefix_path.dsv
[0.871s] -- Up-to-date: /home/mu/Documents/RINS/project/RINSproject/install/dis_tutorial6/share/dis_tutorial6/environment/path.sh
[0.871s] -- Up-to-date: /home/mu/Documents/RINS/project/RINSproject/install/dis_tutorial6/share/dis_tutorial6/environment/path.dsv
[0.871s] -- Up-to-date: /home/mu/Documents/RINS/project/RINSproject/install/dis_tutorial6/share/dis_tutorial6/local_setup.bash
[0.872s] -- Up-to-date: /home/mu/Documents/RINS/project/RINSproject/install/dis_tutorial6/share/dis_tutorial6/local_setup.sh
[0.872s] -- Up-to-date: /home/mu/Documents/RINS/project/RINSproject/install/dis_tutorial6/share/dis_tutorial6/local_setup.zsh
[0.872s] -- Up-to-date: /home/mu/Documents/RINS/project/RINSproject/install/dis_tutorial6/share/dis_tutorial6/local_setup.dsv
[0.872s] -- Installing: /home/mu/Documents/RINS/project/RINSproject/install/dis_tutorial6/share/dis_tutorial6/package.dsv
[0.872s] -- Up-to-date: /home/mu/Documents/RINS/project/RINSproject/install/dis_tutorial6/share/ament_index/resource_index/packages/dis_tutorial6
[0.872s] -- Up-to-date: /home/mu/Documents/RINS/project/RINSproject/install/dis_tutorial6/share/dis_tutorial6/cmake/dis_tutorial6Config.cmake
[0.872s] -- Up-to-date: /home/mu/Documents/RINS/project/RINSproject/install/dis_tutorial6/share/dis_tutorial6/cmake/dis_tutorial6Config-version.cmake
[0.872s] -- Up-to-date: /home/mu/Documents/RINS/project/RINSproject/install/dis_tutorial6/share/dis_tutorial6/package.xml
[0.875s] Invoked command in '/home/mu/Documents/RINS/project/RINSproject/build/dis_tutorial6' returned '0': CMAKE_PREFIX_PATH=${CMAKE_PREFIX_PATH}:/opt/ros/humble /usr/bin/cmake --install /home/mu/Documents/RINS/project/RINSproject/build/dis_tutorial6
