[1.285s] DEBUG:colcon:Command line arguments: ['/usr/bin/colcon', 'build']
[1.285s] DEBUG:colcon:Parsed command line arguments: Namespace(log_base=None, log_level=None, verb_name='build', build_base='build', install_base='install', merge_install=False, symlink_install=False, test_result_base=None, continue_on_error=False, executor='parallel', parallel_workers=16, event_handlers=None, ignore_user_meta=False, metas=['./colcon.meta'], base_paths=['.'], packages_ignore=None, packages_ignore_regex=None, paths=None, packages_up_to=None, packages_up_to_regex=None, packages_above=None, packages_above_and_dependencies=None, packages_above_depth=None, packages_select_by_dep=None, packages_skip_by_dep=None, packages_skip_up_to=None, packages_select_build_failed=False, packages_skip_build_finished=False, packages_select_test_failures=False, packages_skip_test_passed=False, packages_select=None, packages_skip=None, packages_select_regex=None, packages_skip_regex=None, packages_start=None, packages_end=None, allow_overriding=[], cmake_args=None, cmake_target=None, cmake_target_skip_unavailable=False, cmake_clean_cache=False, cmake_clean_first=False, cmake_force_configure=False, ament_cmake_args=None, catkin_cmake_args=None, catkin_skip_building_tests=False, verb_parser=<colcon_defaults.argument_parser.defaults.DefaultArgumentsDecorator object at 0x7dfe81eddab0>, verb_extension=<colcon_core.verb.build.BuildVerb object at 0x7dfe81edc610>, main=<bound method BuildVerb.main of <colcon_core.verb.build.BuildVerb object at 0x7dfe81edc610>>)
[1.349s] Level 1:colcon.colcon_core.package_discovery:discover_packages(colcon_meta) check parameters
[1.349s] Level 1:colcon.colcon_core.package_discovery:discover_packages(recursive) check parameters
[1.349s] Level 1:colcon.colcon_core.package_discovery:discover_packages(ignore) check parameters
[1.349s] Level 1:colcon.colcon_core.package_discovery:discover_packages(path) check parameters
[1.349s] Level 1:colcon.colcon_core.package_discovery:discover_packages(colcon_meta) discover
[1.349s] Level 1:colcon.colcon_core.package_discovery:discover_packages(recursive) discover
[1.349s] INFO:colcon.colcon_core.package_discovery:Crawling recursively for packages in '/home/mu/Documents/RINS/vaje/vaje4'
[1.349s] Level 1:colcon.colcon_core.package_identification:_identify(.) by extensions ['ignore', 'ignore_ament_install']
[1.349s] Level 1:colcon.colcon_core.package_identification:_identify(.) by extension 'ignore'
[1.349s] Level 1:colcon.colcon_core.package_identification:_identify(.) by extension 'ignore_ament_install'
[1.349s] Level 1:colcon.colcon_core.package_identification:_identify(.) by extensions ['colcon_pkg']
[1.349s] Level 1:colcon.colcon_core.package_identification:_identify(.) by extension 'colcon_pkg'
[1.349s] Level 1:colcon.colcon_core.package_identification:_identify(.) by extensions ['colcon_meta']
[1.349s] Level 1:colcon.colcon_core.package_identification:_identify(.) by extension 'colcon_meta'
[1.349s] Level 1:colcon.colcon_core.package_identification:_identify(.) by extensions ['ros']
[1.349s] Level 1:colcon.colcon_core.package_identification:_identify(.) by extension 'ros'
[1.364s] Level 1:colcon.colcon_core.package_identification:_identify(.) by extensions ['cmake', 'python']
[1.364s] Level 1:colcon.colcon_core.package_identification:_identify(.) by extension 'cmake'
[1.364s] Level 1:colcon.colcon_core.package_identification:_identify(.) by extension 'python'
[1.364s] Level 1:colcon.colcon_core.package_identification:_identify(.) by extensions ['python_setup_py']
[1.364s] Level 1:colcon.colcon_core.package_identification:_identify(.) by extension 'python_setup_py'
[1.364s] Level 1:colcon.colcon_core.package_identification:_identify(build) by extensions ['ignore', 'ignore_ament_install']
[1.364s] Level 1:colcon.colcon_core.package_identification:_identify(build) by extension 'ignore'
[1.364s] Level 1:colcon.colcon_core.package_identification:_identify(build) ignored
[1.364s] Level 1:colcon.colcon_core.package_identification:_identify(install) by extensions ['ignore', 'ignore_ament_install']
[1.365s] Level 1:colcon.colcon_core.package_identification:_identify(install) by extension 'ignore'
[1.365s] Level 1:colcon.colcon_core.package_identification:_identify(install) ignored
[1.365s] Level 1:colcon.colcon_core.package_identification:_identify(log) by extensions ['ignore', 'ignore_ament_install']
[1.365s] Level 1:colcon.colcon_core.package_identification:_identify(log) by extension 'ignore'
[1.365s] Level 1:colcon.colcon_core.package_identification:_identify(log) ignored
[1.365s] Level 1:colcon.colcon_core.package_identification:_identify(src) by extensions ['ignore', 'ignore_ament_install']
[1.365s] Level 1:colcon.colcon_core.package_identification:_identify(src) by extension 'ignore'
[1.365s] Level 1:colcon.colcon_core.package_identification:_identify(src) by extension 'ignore_ament_install'
[1.365s] Level 1:colcon.colcon_core.package_identification:_identify(src) by extensions ['colcon_pkg']
[1.365s] Level 1:colcon.colcon_core.package_identification:_identify(src) by extension 'colcon_pkg'
[1.365s] Level 1:colcon.colcon_core.package_identification:_identify(src) by extensions ['colcon_meta']
[1.365s] Level 1:colcon.colcon_core.package_identification:_identify(src) by extension 'colcon_meta'
[1.365s] Level 1:colcon.colcon_core.package_identification:_identify(src) by extensions ['ros']
[1.365s] Level 1:colcon.colcon_core.package_identification:_identify(src) by extension 'ros'
[1.366s] Level 1:colcon.colcon_core.package_identification:_identify(src) by extensions ['cmake', 'python']
[1.366s] Level 1:colcon.colcon_core.package_identification:_identify(src) by extension 'cmake'
[1.366s] Level 1:colcon.colcon_core.package_identification:_identify(src) by extension 'python'
[1.366s] Level 1:colcon.colcon_core.package_identification:_identify(src) by extensions ['python_setup_py']
[1.366s] Level 1:colcon.colcon_core.package_identification:_identify(src) by extension 'python_setup_py'
[1.366s] Level 1:colcon.colcon_core.package_identification:_identify(src/dis_tutorial3) by extensions ['ignore', 'ignore_ament_install']
[1.366s] Level 1:colcon.colcon_core.package_identification:_identify(src/dis_tutorial3) by extension 'ignore'
[1.366s] Level 1:colcon.colcon_core.package_identification:_identify(src/dis_tutorial3) by extension 'ignore_ament_install'
[1.366s] Level 1:colcon.colcon_core.package_identification:_identify(src/dis_tutorial3) by extensions ['colcon_pkg']
[1.366s] Level 1:colcon.colcon_core.package_identification:_identify(src/dis_tutorial3) by extension 'colcon_pkg'
[1.366s] Level 1:colcon.colcon_core.package_identification:_identify(src/dis_tutorial3) by extensions ['colcon_meta']
[1.366s] Level 1:colcon.colcon_core.package_identification:_identify(src/dis_tutorial3) by extension 'colcon_meta'
[1.366s] Level 1:colcon.colcon_core.package_identification:_identify(src/dis_tutorial3) by extensions ['ros']
[1.366s] Level 1:colcon.colcon_core.package_identification:_identify(src/dis_tutorial3) by extension 'ros'
[1.370s] DEBUG:colcon.colcon_core.package_identification:Package 'src/dis_tutorial3' with type 'ros.ament_cmake' and name 'dis_tutorial3'
[1.370s] Level 1:colcon.colcon_core.package_identification:_identify(src/dis_tutorial4) by extensions ['ignore', 'ignore_ament_install']
[1.370s] Level 1:colcon.colcon_core.package_identification:_identify(src/dis_tutorial4) by extension 'ignore'
[1.370s] Level 1:colcon.colcon_core.package_identification:_identify(src/dis_tutorial4) by extension 'ignore_ament_install'
[1.370s] Level 1:colcon.colcon_core.package_identification:_identify(src/dis_tutorial4) by extensions ['colcon_pkg']
[1.370s] Level 1:colcon.colcon_core.package_identification:_identify(src/dis_tutorial4) by extension 'colcon_pkg'
[1.370s] Level 1:colcon.colcon_core.package_identification:_identify(src/dis_tutorial4) by extensions ['colcon_meta']
[1.370s] Level 1:colcon.colcon_core.package_identification:_identify(src/dis_tutorial4) by extension 'colcon_meta'
[1.370s] Level 1:colcon.colcon_core.package_identification:_identify(src/dis_tutorial4) by extensions ['ros']
[1.370s] Level 1:colcon.colcon_core.package_identification:_identify(src/dis_tutorial4) by extension 'ros'
[1.371s] DEBUG:colcon.colcon_core.package_identification:Package 'src/dis_tutorial4' with type 'ros.ament_cmake' and name 'dis_tutorial4'
[1.371s] Level 1:colcon.colcon_core.package_discovery:discover_packages(recursive) using defaults
[1.371s] Level 1:colcon.colcon_core.package_discovery:discover_packages(ignore) discover
[1.371s] Level 1:colcon.colcon_core.package_discovery:discover_packages(ignore) using defaults
[1.371s] Level 1:colcon.colcon_core.package_discovery:discover_packages(path) discover
[1.371s] Level 1:colcon.colcon_core.package_discovery:discover_packages(path) using defaults
[1.490s] Level 1:colcon.colcon_core.package_discovery:discover_packages(prefix_path) check parameters
[1.491s] Level 1:colcon.colcon_core.package_discovery:discover_packages(prefix_path) discover
[1.530s] DEBUG:colcon.colcon_installed_package_information.package_discovery:Found 2 installed packages in /home/mu/Documents/RINS/vaje/vaje4/install
[1.548s] DEBUG:colcon.colcon_installed_package_information.package_discovery:Found 0 installed packages in /home/mu/colcon_ws/install
[1.569s] DEBUG:colcon.colcon_installed_package_information.package_discovery:Found 407 installed packages in /opt/ros/humble
[1.592s] Level 1:colcon.colcon_core.package_discovery:discover_packages(prefix_path) using defaults
[1.729s] Level 5:colcon.colcon_core.verb:set package 'dis_tutorial3' build argument 'cmake_args' from command line to 'None'
[1.729s] Level 5:colcon.colcon_core.verb:set package 'dis_tutorial3' build argument 'cmake_target' from command line to 'None'
[1.729s] Level 5:colcon.colcon_core.verb:set package 'dis_tutorial3' build argument 'cmake_target_skip_unavailable' from command line to 'False'
[1.729s] Level 5:colcon.colcon_core.verb:set package 'dis_tutorial3' build argument 'cmake_clean_cache' from command line to 'False'
[1.729s] Level 5:colcon.colcon_core.verb:set package 'dis_tutorial3' build argument 'cmake_clean_first' from command line to 'False'
[1.729s] Level 5:colcon.colcon_core.verb:set package 'dis_tutorial3' build argument 'cmake_force_configure' from command line to 'False'
[1.729s] Level 5:colcon.colcon_core.verb:set package 'dis_tutorial3' build argument 'ament_cmake_args' from command line to 'None'
[1.729s] Level 5:colcon.colcon_core.verb:set package 'dis_tutorial3' build argument 'catkin_cmake_args' from command line to 'None'
[1.729s] Level 5:colcon.colcon_core.verb:set package 'dis_tutorial3' build argument 'catkin_skip_building_tests' from command line to 'False'
[1.729s] DEBUG:colcon.colcon_core.verb:Building package 'dis_tutorial3' with the following arguments: {'ament_cmake_args': None, 'build_base': '/home/mu/Documents/RINS/vaje/vaje4/build/dis_tutorial3', 'catkin_cmake_args': None, 'catkin_skip_building_tests': False, 'cmake_args': None, 'cmake_clean_cache': False, 'cmake_clean_first': False, 'cmake_force_configure': False, 'cmake_target': None, 'cmake_target_skip_unavailable': False, 'install_base': '/home/mu/Documents/RINS/vaje/vaje4/install/dis_tutorial3', 'merge_install': False, 'path': '/home/mu/Documents/RINS/vaje/vaje4/src/dis_tutorial3', 'symlink_install': False, 'test_result_base': None}
[1.748s] Level 5:colcon.colcon_core.verb:set package 'dis_tutorial4' build argument 'cmake_args' from command line to 'None'
[1.748s] Level 5:colcon.colcon_core.verb:set package 'dis_tutorial4' build argument 'cmake_target' from command line to 'None'
[1.748s] Level 5:colcon.colcon_core.verb:set package 'dis_tutorial4' build argument 'cmake_target_skip_unavailable' from command line to 'False'
[1.748s] Level 5:colcon.colcon_core.verb:set package 'dis_tutorial4' build argument 'cmake_clean_cache' from command line to 'False'
[1.748s] Level 5:colcon.colcon_core.verb:set package 'dis_tutorial4' build argument 'cmake_clean_first' from command line to 'False'
[1.749s] Level 5:colcon.colcon_core.verb:set package 'dis_tutorial4' build argument 'cmake_force_configure' from command line to 'False'
[1.749s] Level 5:colcon.colcon_core.verb:set package 'dis_tutorial4' build argument 'ament_cmake_args' from command line to 'None'
[1.749s] Level 5:colcon.colcon_core.verb:set package 'dis_tutorial4' build argument 'catkin_cmake_args' from command line to 'None'
[1.749s] Level 5:colcon.colcon_core.verb:set package 'dis_tutorial4' build argument 'catkin_skip_building_tests' from command line to 'False'
[1.749s] DEBUG:colcon.colcon_core.verb:Building package 'dis_tutorial4' with the following arguments: {'ament_cmake_args': None, 'build_base': '/home/mu/Documents/RINS/vaje/vaje4/build/dis_tutorial4', 'catkin_cmake_args': None, 'catkin_skip_building_tests': False, 'cmake_args': None, 'cmake_clean_cache': False, 'cmake_clean_first': False, 'cmake_force_configure': False, 'cmake_target': None, 'cmake_target_skip_unavailable': False, 'install_base': '/home/mu/Documents/RINS/vaje/vaje4/install/dis_tutorial4', 'merge_install': False, 'path': '/home/mu/Documents/RINS/vaje/vaje4/src/dis_tutorial4', 'symlink_install': False, 'test_result_base': None}
[1.768s] INFO:colcon.colcon_core.executor:Executing jobs using 'parallel' executor
[1.787s] DEBUG:colcon.colcon_parallel_executor.executor.parallel:run_until_complete
[1.787s] INFO:colcon.colcon_ros.task.ament_cmake.build:Building ROS package in '/home/mu/Documents/RINS/vaje/vaje4/src/dis_tutorial3' with build type 'ament_cmake'
[1.787s] INFO:colcon.colcon_cmake.task.cmake.build:Building CMake package in '/home/mu/Documents/RINS/vaje/vaje4/src/dis_tutorial3'
[1.810s] INFO:colcon.colcon_core.plugin_system:Skipping extension 'colcon_core.shell.bat': Not used on non-Windows systems
[1.810s] INFO:colcon.colcon_core.shell:Skip shell extension 'powershell' for command environment: Not usable outside of PowerShell
[1.810s] DEBUG:colcon.colcon_core.shell:Skip shell extension 'dsv' for command environment
[1.896s] INFO:colcon.colcon_ros.task.ament_cmake.build:Building ROS package in '/home/mu/Documents/RINS/vaje/vaje4/src/dis_tutorial4' with build type 'ament_cmake'
[1.896s] INFO:colcon.colcon_cmake.task.cmake.build:Building CMake package in '/home/mu/Documents/RINS/vaje/vaje4/src/dis_tutorial4'
[1.916s] INFO:colcon.colcon_core.shell:Skip shell extension 'powershell' for command environment: Not usable outside of PowerShell
[1.916s] DEBUG:colcon.colcon_core.shell:Skip shell extension 'dsv' for command environment
[2.004s] DEBUG:colcon.colcon_core.event_handler.log_command:Invoking command in '/home/mu/Documents/RINS/vaje/vaje4/build/dis_tutorial3': CMAKE_PREFIX_PATH=${CMAKE_PREFIX_PATH}:/opt/ros/humble /usr/bin/cmake --build /home/mu/Documents/RINS/vaje/vaje4/build/dis_tutorial3 -- -j16 -l16
[2.011s] DEBUG:colcon.colcon_core.event_handler.log_command:Invoking command in '/home/mu/Documents/RINS/vaje/vaje4/build/dis_tutorial4': CMAKE_PREFIX_PATH=${CMAKE_PREFIX_PATH}:/opt/ros/humble /usr/bin/cmake --build /home/mu/Documents/RINS/vaje/vaje4/build/dis_tutorial4 -- -j16 -l16
[2.064s] DEBUG:colcon.colcon_core.event_handler.log_command:Invoked command in '/home/mu/Documents/RINS/vaje/vaje4/build/dis_tutorial3' returned '0': CMAKE_PREFIX_PATH=${CMAKE_PREFIX_PATH}:/opt/ros/humble /usr/bin/cmake --build /home/mu/Documents/RINS/vaje/vaje4/build/dis_tutorial3 -- -j16 -l16
[2.072s] DEBUG:colcon.colcon_core.event_handler.log_command:Invoked command in '/home/mu/Documents/RINS/vaje/vaje4/build/dis_tutorial4' returned '0': CMAKE_PREFIX_PATH=${CMAKE_PREFIX_PATH}:/opt/ros/humble /usr/bin/cmake --build /home/mu/Documents/RINS/vaje/vaje4/build/dis_tutorial4 -- -j16 -l16
[2.109s] DEBUG:colcon.colcon_core.event_handler.log_command:Invoking command in '/home/mu/Documents/RINS/vaje/vaje4/build/dis_tutorial3': CMAKE_PREFIX_PATH=${CMAKE_PREFIX_PATH}:/opt/ros/humble /usr/bin/cmake --install /home/mu/Documents/RINS/vaje/vaje4/build/dis_tutorial3
[2.112s] DEBUG:colcon.colcon_core.event_handler.log_command:Invoking command in '/home/mu/Documents/RINS/vaje/vaje4/build/dis_tutorial4': CMAKE_PREFIX_PATH=${CMAKE_PREFIX_PATH}:/opt/ros/humble /usr/bin/cmake --install /home/mu/Documents/RINS/vaje/vaje4/build/dis_tutorial4
[2.129s] Level 1:colcon.colcon_core.environment:create_environment_scripts_only(dis_tutorial4)
[2.138s] DEBUG:colcon.colcon_core.event_handler.log_command:Invoked command in '/home/mu/Documents/RINS/vaje/vaje4/build/dis_tutorial4' returned '0': CMAKE_PREFIX_PATH=${CMAKE_PREFIX_PATH}:/opt/ros/humble /usr/bin/cmake --install /home/mu/Documents/RINS/vaje/vaje4/build/dis_tutorial4
[2.159s] Level 1:colcon.colcon_core.environment:checking '/home/mu/Documents/RINS/vaje/vaje4/install/dis_tutorial4' for CMake module files
[2.160s] Level 1:colcon.colcon_core.environment:checking '/home/mu/Documents/RINS/vaje/vaje4/install/dis_tutorial4' for CMake config files
[2.160s] Level 1:colcon.colcon_core.shell:create_environment_hook('dis_tutorial4', 'cmake_prefix_path')
[2.181s] INFO:colcon.colcon_core.shell:Creating environment hook '/home/mu/Documents/RINS/vaje/vaje4/install/dis_tutorial4/share/dis_tutorial4/hook/cmake_prefix_path.ps1'
[2.182s] INFO:colcon.colcon_core.shell:Creating environment descriptor '/home/mu/Documents/RINS/vaje/vaje4/install/dis_tutorial4/share/dis_tutorial4/hook/cmake_prefix_path.dsv'
[2.182s] INFO:colcon.colcon_core.shell:Creating environment hook '/home/mu/Documents/RINS/vaje/vaje4/install/dis_tutorial4/share/dis_tutorial4/hook/cmake_prefix_path.sh'
[2.184s] Level 1:colcon.colcon_core.environment:checking '/home/mu/Documents/RINS/vaje/vaje4/install/dis_tutorial4/lib'
[2.184s] Level 1:colcon.colcon_core.environment:checking '/home/mu/Documents/RINS/vaje/vaje4/install/dis_tutorial4/bin'
[2.184s] Level 1:colcon.colcon_core.environment:checking '/home/mu/Documents/RINS/vaje/vaje4/install/dis_tutorial4/lib/pkgconfig/dis_tutorial4.pc'
[2.184s] Level 1:colcon.colcon_core.environment:checking '/home/mu/Documents/RINS/vaje/vaje4/install/dis_tutorial4/lib/python3.10/site-packages'
[2.185s] Level 1:colcon.colcon_core.environment:checking '/home/mu/Documents/RINS/vaje/vaje4/install/dis_tutorial4/bin'
[2.204s] INFO:colcon.colcon_core.shell:Creating package script '/home/mu/Documents/RINS/vaje/vaje4/install/dis_tutorial4/share/dis_tutorial4/package.ps1'
[2.205s] INFO:colcon.colcon_core.shell:Creating package descriptor '/home/mu/Documents/RINS/vaje/vaje4/install/dis_tutorial4/share/dis_tutorial4/package.dsv'
[2.206s] INFO:colcon.colcon_core.shell:Creating package script '/home/mu/Documents/RINS/vaje/vaje4/install/dis_tutorial4/share/dis_tutorial4/package.sh'
[2.207s] INFO:colcon.colcon_core.shell:Creating package script '/home/mu/Documents/RINS/vaje/vaje4/install/dis_tutorial4/share/dis_tutorial4/package.bash'
[2.208s] INFO:colcon.colcon_core.shell:Creating package script '/home/mu/Documents/RINS/vaje/vaje4/install/dis_tutorial4/share/dis_tutorial4/package.zsh'
[2.208s] Level 1:colcon.colcon_core.environment:create_file_with_runtime_dependencies(/home/mu/Documents/RINS/vaje/vaje4/install/dis_tutorial4/share/colcon-core/packages/dis_tutorial4)
[2.210s] Level 1:colcon.colcon_core.environment:create_environment_scripts_only(dis_tutorial3)
[2.211s] DEBUG:colcon.colcon_core.event_handler.log_command:Invoked command in '/home/mu/Documents/RINS/vaje/vaje4/build/dis_tutorial3' returned '0': CMAKE_PREFIX_PATH=${CMAKE_PREFIX_PATH}:/opt/ros/humble /usr/bin/cmake --install /home/mu/Documents/RINS/vaje/vaje4/build/dis_tutorial3
[2.232s] Level 1:colcon.colcon_core.environment:checking '/home/mu/Documents/RINS/vaje/vaje4/install/dis_tutorial3' for CMake module files
[2.232s] Level 1:colcon.colcon_core.environment:checking '/home/mu/Documents/RINS/vaje/vaje4/install/dis_tutorial3' for CMake config files
[2.233s] Level 1:colcon.colcon_core.shell:create_environment_hook('dis_tutorial3', 'cmake_prefix_path')
[2.253s] INFO:colcon.colcon_core.shell:Creating environment hook '/home/mu/Documents/RINS/vaje/vaje4/install/dis_tutorial3/share/dis_tutorial3/hook/cmake_prefix_path.ps1'
[2.253s] INFO:colcon.colcon_core.shell:Creating environment descriptor '/home/mu/Documents/RINS/vaje/vaje4/install/dis_tutorial3/share/dis_tutorial3/hook/cmake_prefix_path.dsv'
[2.254s] INFO:colcon.colcon_core.shell:Creating environment hook '/home/mu/Documents/RINS/vaje/vaje4/install/dis_tutorial3/share/dis_tutorial3/hook/cmake_prefix_path.sh'
[2.254s] Level 1:colcon.colcon_core.environment:checking '/home/mu/Documents/RINS/vaje/vaje4/install/dis_tutorial3/lib'
[2.255s] Level 1:colcon.colcon_core.environment:checking '/home/mu/Documents/RINS/vaje/vaje4/install/dis_tutorial3/bin'
[2.255s] Level 1:colcon.colcon_core.environment:checking '/home/mu/Documents/RINS/vaje/vaje4/install/dis_tutorial3/lib/pkgconfig/dis_tutorial3.pc'
[2.255s] Level 1:colcon.colcon_core.environment:checking '/home/mu/Documents/RINS/vaje/vaje4/install/dis_tutorial3/lib/python3.10/site-packages'
[2.255s] Level 1:colcon.colcon_core.environment:checking '/home/mu/Documents/RINS/vaje/vaje4/install/dis_tutorial3/bin'
[2.275s] INFO:colcon.colcon_core.shell:Creating package script '/home/mu/Documents/RINS/vaje/vaje4/install/dis_tutorial3/share/dis_tutorial3/package.ps1'
[2.275s] INFO:colcon.colcon_core.shell:Creating package descriptor '/home/mu/Documents/RINS/vaje/vaje4/install/dis_tutorial3/share/dis_tutorial3/package.dsv'
[2.276s] INFO:colcon.colcon_core.shell:Creating package script '/home/mu/Documents/RINS/vaje/vaje4/install/dis_tutorial3/share/dis_tutorial3/package.sh'
[2.276s] INFO:colcon.colcon_core.shell:Creating package script '/home/mu/Documents/RINS/vaje/vaje4/install/dis_tutorial3/share/dis_tutorial3/package.bash'
[2.276s] INFO:colcon.colcon_core.shell:Creating package script '/home/mu/Documents/RINS/vaje/vaje4/install/dis_tutorial3/share/dis_tutorial3/package.zsh'
[2.277s] Level 1:colcon.colcon_core.environment:create_file_with_runtime_dependencies(/home/mu/Documents/RINS/vaje/vaje4/install/dis_tutorial3/share/colcon-core/packages/dis_tutorial3)
[2.300s] Level 1:colcon.colcon_core.environment:create_environment_scripts_only(dis_tutorial4)
[2.320s] Level 1:colcon.colcon_core.environment:checking '/home/mu/Documents/RINS/vaje/vaje4/install/dis_tutorial4' for CMake module files
[2.321s] Level 1:colcon.colcon_core.environment:checking '/home/mu/Documents/RINS/vaje/vaje4/install/dis_tutorial4' for CMake config files
[2.321s] Level 1:colcon.colcon_core.shell:create_environment_hook('dis_tutorial4', 'cmake_prefix_path')
[2.342s] INFO:colcon.colcon_core.shell:Creating environment hook '/home/mu/Documents/RINS/vaje/vaje4/install/dis_tutorial4/share/dis_tutorial4/hook/cmake_prefix_path.ps1'
[2.342s] INFO:colcon.colcon_core.shell:Creating environment descriptor '/home/mu/Documents/RINS/vaje/vaje4/install/dis_tutorial4/share/dis_tutorial4/hook/cmake_prefix_path.dsv'
[2.343s] INFO:colcon.colcon_core.shell:Creating environment hook '/home/mu/Documents/RINS/vaje/vaje4/install/dis_tutorial4/share/dis_tutorial4/hook/cmake_prefix_path.sh'
[2.343s] Level 1:colcon.colcon_core.environment:checking '/home/mu/Documents/RINS/vaje/vaje4/install/dis_tutorial4/lib'
[2.343s] Level 1:colcon.colcon_core.environment:checking '/home/mu/Documents/RINS/vaje/vaje4/install/dis_tutorial4/bin'
[2.343s] Level 1:colcon.colcon_core.environment:checking '/home/mu/Documents/RINS/vaje/vaje4/install/dis_tutorial4/lib/pkgconfig/dis_tutorial4.pc'
[2.344s] Level 1:colcon.colcon_core.environment:checking '/home/mu/Documents/RINS/vaje/vaje4/install/dis_tutorial4/lib/python3.10/site-packages'
[2.344s] Level 1:colcon.colcon_core.environment:checking '/home/mu/Documents/RINS/vaje/vaje4/install/dis_tutorial4/bin'
[2.362s] INFO:colcon.colcon_core.shell:Creating package script '/home/mu/Documents/RINS/vaje/vaje4/install/dis_tutorial4/share/dis_tutorial4/package.ps1'
[2.363s] INFO:colcon.colcon_core.shell:Creating package descriptor '/home/mu/Documents/RINS/vaje/vaje4/install/dis_tutorial4/share/dis_tutorial4/package.dsv'
[2.364s] INFO:colcon.colcon_core.shell:Creating package script '/home/mu/Documents/RINS/vaje/vaje4/install/dis_tutorial4/share/dis_tutorial4/package.sh'
[2.364s] INFO:colcon.colcon_core.shell:Creating package script '/home/mu/Documents/RINS/vaje/vaje4/install/dis_tutorial4/share/dis_tutorial4/package.bash'
[2.365s] INFO:colcon.colcon_core.shell:Creating package script '/home/mu/Documents/RINS/vaje/vaje4/install/dis_tutorial4/share/dis_tutorial4/package.zsh'
[2.365s] Level 1:colcon.colcon_core.environment:create_file_with_runtime_dependencies(/home/mu/Documents/RINS/vaje/vaje4/install/dis_tutorial4/share/colcon-core/packages/dis_tutorial4)
[2.388s] Level 1:colcon.colcon_core.environment:create_environment_scripts_only(dis_tutorial3)
[2.408s] Level 1:colcon.colcon_core.environment:checking '/home/mu/Documents/RINS/vaje/vaje4/install/dis_tutorial3' for CMake module files
[2.408s] Level 1:colcon.colcon_core.environment:checking '/home/mu/Documents/RINS/vaje/vaje4/install/dis_tutorial3' for CMake config files
[2.408s] Level 1:colcon.colcon_core.shell:create_environment_hook('dis_tutorial3', 'cmake_prefix_path')
[2.428s] INFO:colcon.colcon_core.shell:Creating environment hook '/home/mu/Documents/RINS/vaje/vaje4/install/dis_tutorial3/share/dis_tutorial3/hook/cmake_prefix_path.ps1'
[2.429s] INFO:colcon.colcon_core.shell:Creating environment descriptor '/home/mu/Documents/RINS/vaje/vaje4/install/dis_tutorial3/share/dis_tutorial3/hook/cmake_prefix_path.dsv'
[2.429s] INFO:colcon.colcon_core.shell:Creating environment hook '/home/mu/Documents/RINS/vaje/vaje4/install/dis_tutorial3/share/dis_tutorial3/hook/cmake_prefix_path.sh'
[2.430s] Level 1:colcon.colcon_core.environment:checking '/home/mu/Documents/RINS/vaje/vaje4/install/dis_tutorial3/lib'
[2.430s] Level 1:colcon.colcon_core.environment:checking '/home/mu/Documents/RINS/vaje/vaje4/install/dis_tutorial3/bin'
[2.430s] Level 1:colcon.colcon_core.environment:checking '/home/mu/Documents/RINS/vaje/vaje4/install/dis_tutorial3/lib/pkgconfig/dis_tutorial3.pc'
[2.431s] Level 1:colcon.colcon_core.environment:checking '/home/mu/Documents/RINS/vaje/vaje4/install/dis_tutorial3/lib/python3.10/site-packages'
[2.431s] Level 1:colcon.colcon_core.environment:checking '/home/mu/Documents/RINS/vaje/vaje4/install/dis_tutorial3/bin'
[2.451s] INFO:colcon.colcon_core.shell:Creating package script '/home/mu/Documents/RINS/vaje/vaje4/install/dis_tutorial3/share/dis_tutorial3/package.ps1'
[2.453s] INFO:colcon.colcon_core.shell:Creating package descriptor '/home/mu/Documents/RINS/vaje/vaje4/install/dis_tutorial3/share/dis_tutorial3/package.dsv'
[2.453s] INFO:colcon.colcon_core.shell:Creating package script '/home/mu/Documents/RINS/vaje/vaje4/install/dis_tutorial3/share/dis_tutorial3/package.sh'
[2.454s] INFO:colcon.colcon_core.shell:Creating package script '/home/mu/Documents/RINS/vaje/vaje4/install/dis_tutorial3/share/dis_tutorial3/package.bash'
[2.454s] INFO:colcon.colcon_core.shell:Creating package script '/home/mu/Documents/RINS/vaje/vaje4/install/dis_tutorial3/share/dis_tutorial3/package.zsh'
[2.455s] Level 1:colcon.colcon_core.environment:create_file_with_runtime_dependencies(/home/mu/Documents/RINS/vaje/vaje4/install/dis_tutorial3/share/colcon-core/packages/dis_tutorial3)
[2.455s] DEBUG:colcon.colcon_parallel_executor.executor.parallel:closing loop
[2.456s] DEBUG:colcon.colcon_parallel_executor.executor.parallel:loop closed
[2.456s] DEBUG:colcon.colcon_parallel_executor.executor.parallel:run_until_complete finished with '0'
[2.456s] DEBUG:colcon.colcon_core.event_reactor:joining thread
[2.484s] INFO:colcon.colcon_core.plugin_system:Skipping extension 'colcon_notification.desktop_notification.notify_send': Could not find 'notify-send'
[2.484s] INFO:colcon.colcon_core.plugin_system:Skipping extension 'colcon_notification.desktop_notification.terminal_notifier': Not used on non-Darwin systems
[2.484s] INFO:colcon.colcon_core.plugin_system:Skipping extension 'colcon_notification.desktop_notification.win32': Not used on non-Windows systems
[2.484s] INFO:colcon.colcon_notification.desktop_notification:Sending desktop notification using 'notify2'
[2.515s] DEBUG:colcon.colcon_core.event_reactor:joined thread
[2.535s] INFO:colcon.colcon_core.shell:Creating prefix script '/home/mu/Documents/RINS/vaje/vaje4/install/local_setup.ps1'
[2.536s] INFO:colcon.colcon_core.shell:Creating prefix util module '/home/mu/Documents/RINS/vaje/vaje4/install/_local_setup_util_ps1.py'
[2.537s] INFO:colcon.colcon_core.shell:Creating prefix chain script '/home/mu/Documents/RINS/vaje/vaje4/install/setup.ps1'
[2.553s] INFO:colcon.colcon_core.shell:Creating prefix script '/home/mu/Documents/RINS/vaje/vaje4/install/local_setup.sh'
[2.553s] INFO:colcon.colcon_core.shell:Creating prefix util module '/home/mu/Documents/RINS/vaje/vaje4/install/_local_setup_util_sh.py'
[2.554s] INFO:colcon.colcon_core.shell:Creating prefix chain script '/home/mu/Documents/RINS/vaje/vaje4/install/setup.sh'
[2.571s] INFO:colcon.colcon_core.shell:Creating prefix script '/home/mu/Documents/RINS/vaje/vaje4/install/local_setup.bash'
[2.571s] INFO:colcon.colcon_core.shell:Creating prefix chain script '/home/mu/Documents/RINS/vaje/vaje4/install/setup.bash'
[2.587s] INFO:colcon.colcon_core.shell:Creating prefix script '/home/mu/Documents/RINS/vaje/vaje4/install/local_setup.zsh'
[2.587s] INFO:colcon.colcon_core.shell:Creating prefix chain script '/home/mu/Documents/RINS/vaje/vaje4/install/setup.zsh'
