[0.084s] Invoking command in '/home/mu/Documents/RINS/project/RINSproject/build/dis_tutorial4': CMAKE_PREFIX_PATH=${CMAKE_PREFIX_PATH}:/opt/ros/humble /usr/bin/cmake /home/mu/Documents/RINS/project/RINSproject/src/dis_tutorial4 -DCMAKE_INSTALL_PREFIX=/home/mu/Documents/RINS/project/RINSproject/install/dis_tutorial4
[0.187s] -- The C compiler identification is GNU 11.4.0
[0.286s] -- The CXX compiler identification is GNU 11.4.0
[0.298s] -- Detecting C compiler ABI info
[0.390s] -- Detecting C compiler ABI info - done
[0.397s] -- Check for working C compiler: /usr/bin/cc - skipped
[0.398s] -- Detecting C compile features
[0.398s] -- Detecting C compile features - done
[0.402s] -- Detecting CXX compiler ABI info
[0.506s] -- Detecting CXX compiler ABI info - done
[0.514s] -- Check for working CXX compiler: /usr/bin/c++ - skipped
[0.514s] -- Detecting CXX compile features
[0.514s] -- Detecting CXX compile features - done
[0.519s] -- Found ament_cmake: 1.3.8 (/opt/ros/humble/share/ament_cmake/cmake)
[0.694s] -- Found Python3: /usr/bin/python3 (found version "3.10.12") found components: Interpreter 
[0.828s] -- Found rclcpp: 16.0.8 (/opt/ros/humble/share/rclcpp/cmake)
[0.892s] -- Found rosidl_generator_c: 3.1.5 (/opt/ros/humble/share/rosidl_generator_c/cmake)
[0.900s] -- Found rosidl_adapter: 3.1.5 (/opt/ros/humble/share/rosidl_adapter/cmake)
[0.934s] -- Found rosidl_generator_cpp: 3.1.5 (/opt/ros/humble/share/rosidl_generator_cpp/cmake)
[0.953s] -- Using all available rosidl_typesupport_c: rosidl_typesupport_fastrtps_c;rosidl_typesupport_introspection_c
[0.979s] -- Using all available rosidl_typesupport_cpp: rosidl_typesupport_fastrtps_cpp;rosidl_typesupport_introspection_cpp
[1.067s] -- Found rmw_implementation_cmake: 6.1.1 (/opt/ros/humble/share/rmw_implementation_cmake/cmake)
[1.071s] -- Found rmw_fastrtps_cpp: 6.2.6 (/opt/ros/humble/share/rmw_fastrtps_cpp/cmake)
[1.214s] -- Found OpenSSL: /usr/lib/x86_64-linux-gnu/libcrypto.so (found version "3.0.2")  
[1.252s] -- Found FastRTPS: /opt/ros/humble/include  
[1.316s] -- Using RMW implementation 'rmw_fastrtps_cpp' as default
[1.330s] -- Looking for pthread.h
[1.423s] -- Looking for pthread.h - found
[1.423s] -- Performing Test CMAKE_HAVE_LIBC_PTHREAD
[1.513s] -- Performing Test CMAKE_HAVE_LIBC_PTHREAD - Success
[1.514s] -- Found Threads: TRUE  
[1.692s] -- Found rclpy: 3.3.12 (/opt/ros/humble/share/rclpy/cmake)
[1.694s] -- Found std_srvs: 4.2.3 (/opt/ros/humble/share/std_srvs/cmake)
[1.715s] -- Found action_msgs: 1.2.1 (/opt/ros/humble/share/action_msgs/cmake)
[1.787s] -- Found nav2_msgs: 1.1.13 (/opt/ros/humble/share/nav2_msgs/cmake)
[2.129s] -- Found visualization_msgs: 4.2.3 (/opt/ros/humble/share/visualization_msgs/cmake)
[2.436s] -- Configuring done
[2.443s] -- Generating done
[2.445s] -- Build files have been written to: /home/mu/Documents/RINS/project/RINSproject/build/dis_tutorial4
[2.456s] Invoked command in '/home/mu/Documents/RINS/project/RINSproject/build/dis_tutorial4' returned '0': CMAKE_PREFIX_PATH=${CMAKE_PREFIX_PATH}:/opt/ros/humble /usr/bin/cmake /home/mu/Documents/RINS/project/RINSproject/src/dis_tutorial4 -DCMAKE_INSTALL_PREFIX=/home/mu/Documents/RINS/project/RINSproject/install/dis_tutorial4
[2.458s] Invoking command in '/home/mu/Documents/RINS/project/RINSproject/build/dis_tutorial4': CMAKE_PREFIX_PATH=${CMAKE_PREFIX_PATH}:/opt/ros/humble /usr/bin/cmake --build /home/mu/Documents/RINS/project/RINSproject/build/dis_tutorial4 -- -j16 -l16
[2.508s] Invoked command in '/home/mu/Documents/RINS/project/RINSproject/build/dis_tutorial4' returned '0': CMAKE_PREFIX_PATH=${CMAKE_PREFIX_PATH}:/opt/ros/humble /usr/bin/cmake --build /home/mu/Documents/RINS/project/RINSproject/build/dis_tutorial4 -- -j16 -l16
[2.540s] Invoking command in '/home/mu/Documents/RINS/project/RINSproject/build/dis_tutorial4': CMAKE_PREFIX_PATH=${CMAKE_PREFIX_PATH}:/opt/ros/humble /usr/bin/cmake --install /home/mu/Documents/RINS/project/RINSproject/build/dis_tutorial4
[2.549s] -- Install configuration: ""
[2.549s] -- Installing: /home/mu/Documents/RINS/project/RINSproject/install/dis_tutorial4/share/dis_tutorial4//launch
[2.549s] -- Installing: /home/mu/Documents/RINS/project/RINSproject/install/dis_tutorial4/share/dis_tutorial4//launch/turtlebot4_spawn_nav.launch.py
[2.549s] -- Installing: /home/mu/Documents/RINS/project/RINSproject/install/dis_tutorial4/share/dis_tutorial4//launch/ignition.launch.py
[2.549s] -- Installing: /home/mu/Documents/RINS/project/RINSproject/install/dis_tutorial4/share/dis_tutorial4//launch/turtlebot4_spawn.launch.py
[2.550s] -- Installing: /home/mu/Documents/RINS/project/RINSproject/install/dis_tutorial4/share/dis_tutorial4//launch/localization.launch.py
[2.550s] -- Installing: /home/mu/Documents/RINS/project/RINSproject/install/dis_tutorial4/share/dis_tutorial4//launch/sim_turtlebot_nav.launch.py
[2.550s] -- Installing: /home/mu/Documents/RINS/project/RINSproject/install/dis_tutorial4/share/dis_tutorial4//launch/nav2.launch.py
[2.550s] -- Installing: /home/mu/Documents/RINS/project/RINSproject/install/dis_tutorial4/share/dis_tutorial4//launch/slam.launch.py
[2.550s] -- Installing: /home/mu/Documents/RINS/project/RINSproject/install/dis_tutorial4/share/dis_tutorial4//launch/create3_nodes.launch.py
[2.551s] -- Installing: /home/mu/Documents/RINS/project/RINSproject/install/dis_tutorial4/share/dis_tutorial4//launch/sim_turtlebot_slam.launch.py
[2.551s] -- Installing: /home/mu/Documents/RINS/project/RINSproject/install/dis_tutorial4/share/dis_tutorial4//launch/dis_sim.launch.py
[2.551s] -- Installing: /home/mu/Documents/RINS/project/RINSproject/install/dis_tutorial4/lib/dis_tutorial4/map_goals.py
[2.551s] -- Installing: /home/mu/Documents/RINS/project/RINSproject/install/dis_tutorial4/lib/dis_tutorial4/transform_point.py
[2.552s] -- Installing: /home/mu/Documents/RINS/project/RINSproject/install/dis_tutorial4/share/ament_index/resource_index/package_run_dependencies/dis_tutorial4
[2.552s] -- Installing: /home/mu/Documents/RINS/project/RINSproject/install/dis_tutorial4/share/ament_index/resource_index/parent_prefix_path/dis_tutorial4
[2.552s] -- Installing: /home/mu/Documents/RINS/project/RINSproject/install/dis_tutorial4/share/dis_tutorial4/environment/ament_prefix_path.sh
[2.553s] -- Installing: /home/mu/Documents/RINS/project/RINSproject/install/dis_tutorial4/share/dis_tutorial4/environment/ament_prefix_path.dsv
[2.553s] -- Installing: /home/mu/Documents/RINS/project/RINSproject/install/dis_tutorial4/share/dis_tutorial4/environment/path.sh
[2.553s] -- Installing: /home/mu/Documents/RINS/project/RINSproject/install/dis_tutorial4/share/dis_tutorial4/environment/path.dsv
[2.553s] -- Installing: /home/mu/Documents/RINS/project/RINSproject/install/dis_tutorial4/share/dis_tutorial4/local_setup.bash
[2.553s] -- Installing: /home/mu/Documents/RINS/project/RINSproject/install/dis_tutorial4/share/dis_tutorial4/local_setup.sh
[2.554s] -- Installing: /home/mu/Documents/RINS/project/RINSproject/install/dis_tutorial4/share/dis_tutorial4/local_setup.zsh
[2.554s] -- Installing: /home/mu/Documents/RINS/project/RINSproject/install/dis_tutorial4/share/dis_tutorial4/local_setup.dsv
[2.554s] -- Installing: /home/mu/Documents/RINS/project/RINSproject/install/dis_tutorial4/share/dis_tutorial4/package.dsv
[2.554s] -- Installing: /home/mu/Documents/RINS/project/RINSproject/install/dis_tutorial4/share/ament_index/resource_index/packages/dis_tutorial4
[2.555s] -- Installing: /home/mu/Documents/RINS/project/RINSproject/install/dis_tutorial4/share/dis_tutorial4/cmake/dis_tutorial4Config.cmake
[2.555s] -- Installing: /home/mu/Documents/RINS/project/RINSproject/install/dis_tutorial4/share/dis_tutorial4/cmake/dis_tutorial4Config-version.cmake
[2.555s] -- Installing: /home/mu/Documents/RINS/project/RINSproject/install/dis_tutorial4/share/dis_tutorial4/package.xml
[2.558s] Invoked command in '/home/mu/Documents/RINS/project/RINSproject/build/dis_tutorial4' returned '0': CMAKE_PREFIX_PATH=${CMAKE_PREFIX_PATH}:/opt/ros/humble /usr/bin/cmake --install /home/mu/Documents/RINS/project/RINSproject/build/dis_tutorial4
