[1.372s] DEBUG:colcon:Command line arguments: ['/usr/bin/colcon', 'build']
[1.372s] DEBUG:colcon:Parsed command line arguments: Namespace(log_base=None, log_level=None, verb_name='build', build_base='build', install_base='install', merge_install=False, symlink_install=False, test_result_base=None, continue_on_error=False, executor='parallel', parallel_workers=16, event_handlers=None, ignore_user_meta=False, metas=['./colcon.meta'], base_paths=['.'], packages_ignore=None, packages_ignore_regex=None, paths=None, packages_up_to=None, packages_up_to_regex=None, packages_above=None, packages_above_and_dependencies=None, packages_above_depth=None, packages_select_by_dep=None, packages_skip_by_dep=None, packages_skip_up_to=None, packages_select_build_failed=False, packages_skip_build_finished=False, packages_select_test_failures=False, packages_skip_test_passed=False, packages_select=None, packages_skip=None, packages_select_regex=None, packages_skip_regex=None, packages_start=None, packages_end=None, allow_overriding=[], cmake_args=None, cmake_target=None, cmake_target_skip_unavailable=False, cmake_clean_cache=False, cmake_clean_first=False, cmake_force_configure=False, ament_cmake_args=None, catkin_cmake_args=None, catkin_skip_building_tests=False, verb_parser=<colcon_defaults.argument_parser.defaults.DefaultArgumentsDecorator object at 0x70c27c781090>, verb_extension=<colcon_core.verb.build.BuildVerb object at 0x70c27c782140>, main=<bound method BuildVerb.main of <colcon_core.verb.build.BuildVerb object at 0x70c27c782140>>)
[1.440s] Level 1:colcon.colcon_core.package_discovery:discover_packages(colcon_meta) check parameters
[1.440s] Level 1:colcon.colcon_core.package_discovery:discover_packages(recursive) check parameters
[1.441s] Level 1:colcon.colcon_core.package_discovery:discover_packages(ignore) check parameters
[1.441s] Level 1:colcon.colcon_core.package_discovery:discover_packages(path) check parameters
[1.441s] Level 1:colcon.colcon_core.package_discovery:discover_packages(colcon_meta) discover
[1.441s] Level 1:colcon.colcon_core.package_discovery:discover_packages(recursive) discover
[1.441s] INFO:colcon.colcon_core.package_discovery:Crawling recursively for packages in '/home/mu/Documents/RINS/vaje/vaje4'
[1.441s] Level 1:colcon.colcon_core.package_identification:_identify(.) by extensions ['ignore', 'ignore_ament_install']
[1.441s] Level 1:colcon.colcon_core.package_identification:_identify(.) by extension 'ignore'
[1.441s] Level 1:colcon.colcon_core.package_identification:_identify(.) by extension 'ignore_ament_install'
[1.441s] Level 1:colcon.colcon_core.package_identification:_identify(.) by extensions ['colcon_pkg']
[1.441s] Level 1:colcon.colcon_core.package_identification:_identify(.) by extension 'colcon_pkg'
[1.441s] Level 1:colcon.colcon_core.package_identification:_identify(.) by extensions ['colcon_meta']
[1.441s] Level 1:colcon.colcon_core.package_identification:_identify(.) by extension 'colcon_meta'
[1.441s] Level 1:colcon.colcon_core.package_identification:_identify(.) by extensions ['ros']
[1.441s] Level 1:colcon.colcon_core.package_identification:_identify(.) by extension 'ros'
[1.454s] Level 1:colcon.colcon_core.package_identification:_identify(.) by extensions ['cmake', 'python']
[1.454s] Level 1:colcon.colcon_core.package_identification:_identify(.) by extension 'cmake'
[1.454s] Level 1:colcon.colcon_core.package_identification:_identify(.) by extension 'python'
[1.454s] Level 1:colcon.colcon_core.package_identification:_identify(.) by extensions ['python_setup_py']
[1.454s] Level 1:colcon.colcon_core.package_identification:_identify(.) by extension 'python_setup_py'
[1.454s] Level 1:colcon.colcon_core.package_identification:_identify(build) by extensions ['ignore', 'ignore_ament_install']
[1.454s] Level 1:colcon.colcon_core.package_identification:_identify(build) by extension 'ignore'
[1.454s] Level 1:colcon.colcon_core.package_identification:_identify(build) ignored
[1.455s] Level 1:colcon.colcon_core.package_identification:_identify(install) by extensions ['ignore', 'ignore_ament_install']
[1.455s] Level 1:colcon.colcon_core.package_identification:_identify(install) by extension 'ignore'
[1.455s] Level 1:colcon.colcon_core.package_identification:_identify(install) ignored
[1.455s] Level 1:colcon.colcon_core.package_identification:_identify(log) by extensions ['ignore', 'ignore_ament_install']
[1.455s] Level 1:colcon.colcon_core.package_identification:_identify(log) by extension 'ignore'
[1.455s] Level 1:colcon.colcon_core.package_identification:_identify(log) ignored
[1.455s] Level 1:colcon.colcon_core.package_identification:_identify(src) by extensions ['ignore', 'ignore_ament_install']
[1.455s] Level 1:colcon.colcon_core.package_identification:_identify(src) by extension 'ignore'
[1.455s] Level 1:colcon.colcon_core.package_identification:_identify(src) by extension 'ignore_ament_install'
[1.455s] Level 1:colcon.colcon_core.package_identification:_identify(src) by extensions ['colcon_pkg']
[1.455s] Level 1:colcon.colcon_core.package_identification:_identify(src) by extension 'colcon_pkg'
[1.455s] Level 1:colcon.colcon_core.package_identification:_identify(src) by extensions ['colcon_meta']
[1.455s] Level 1:colcon.colcon_core.package_identification:_identify(src) by extension 'colcon_meta'
[1.455s] Level 1:colcon.colcon_core.package_identification:_identify(src) by extensions ['ros']
[1.455s] Level 1:colcon.colcon_core.package_identification:_identify(src) by extension 'ros'
[1.455s] Level 1:colcon.colcon_core.package_identification:_identify(src) by extensions ['cmake', 'python']
[1.455s] Level 1:colcon.colcon_core.package_identification:_identify(src) by extension 'cmake'
[1.456s] Level 1:colcon.colcon_core.package_identification:_identify(src) by extension 'python'
[1.456s] Level 1:colcon.colcon_core.package_identification:_identify(src) by extensions ['python_setup_py']
[1.456s] Level 1:colcon.colcon_core.package_identification:_identify(src) by extension 'python_setup_py'
[1.456s] Level 1:colcon.colcon_core.package_identification:_identify(src/dis_tutorial3) by extensions ['ignore', 'ignore_ament_install']
[1.456s] Level 1:colcon.colcon_core.package_identification:_identify(src/dis_tutorial3) by extension 'ignore'
[1.456s] Level 1:colcon.colcon_core.package_identification:_identify(src/dis_tutorial3) by extension 'ignore_ament_install'
[1.456s] Level 1:colcon.colcon_core.package_identification:_identify(src/dis_tutorial3) by extensions ['colcon_pkg']
[1.456s] Level 1:colcon.colcon_core.package_identification:_identify(src/dis_tutorial3) by extension 'colcon_pkg'
[1.456s] Level 1:colcon.colcon_core.package_identification:_identify(src/dis_tutorial3) by extensions ['colcon_meta']
[1.456s] Level 1:colcon.colcon_core.package_identification:_identify(src/dis_tutorial3) by extension 'colcon_meta'
[1.456s] Level 1:colcon.colcon_core.package_identification:_identify(src/dis_tutorial3) by extensions ['ros']
[1.456s] Level 1:colcon.colcon_core.package_identification:_identify(src/dis_tutorial3) by extension 'ros'
[1.459s] DEBUG:colcon.colcon_core.package_identification:Package 'src/dis_tutorial3' with type 'ros.ament_cmake' and name 'dis_tutorial3'
[1.459s] Level 1:colcon.colcon_core.package_identification:_identify(src/dis_tutorial4) by extensions ['ignore', 'ignore_ament_install']
[1.460s] Level 1:colcon.colcon_core.package_identification:_identify(src/dis_tutorial4) by extension 'ignore'
[1.460s] Level 1:colcon.colcon_core.package_identification:_identify(src/dis_tutorial4) by extension 'ignore_ament_install'
[1.460s] Level 1:colcon.colcon_core.package_identification:_identify(src/dis_tutorial4) by extensions ['colcon_pkg']
[1.460s] Level 1:colcon.colcon_core.package_identification:_identify(src/dis_tutorial4) by extension 'colcon_pkg'
[1.460s] Level 1:colcon.colcon_core.package_identification:_identify(src/dis_tutorial4) by extensions ['colcon_meta']
[1.460s] Level 1:colcon.colcon_core.package_identification:_identify(src/dis_tutorial4) by extension 'colcon_meta'
[1.460s] Level 1:colcon.colcon_core.package_identification:_identify(src/dis_tutorial4) by extensions ['ros']
[1.460s] Level 1:colcon.colcon_core.package_identification:_identify(src/dis_tutorial4) by extension 'ros'
[1.461s] DEBUG:colcon.colcon_core.package_identification:Package 'src/dis_tutorial4' with type 'ros.ament_cmake' and name 'dis_tutorial4'
[1.461s] Level 1:colcon.colcon_core.package_discovery:discover_packages(recursive) using defaults
[1.461s] Level 1:colcon.colcon_core.package_discovery:discover_packages(ignore) discover
[1.461s] Level 1:colcon.colcon_core.package_discovery:discover_packages(ignore) using defaults
[1.461s] Level 1:colcon.colcon_core.package_discovery:discover_packages(path) discover
[1.461s] Level 1:colcon.colcon_core.package_discovery:discover_packages(path) using defaults
[1.584s] Level 1:colcon.colcon_core.package_discovery:discover_packages(prefix_path) check parameters
[1.584s] Level 1:colcon.colcon_core.package_discovery:discover_packages(prefix_path) discover
[1.624s] DEBUG:colcon.colcon_installed_package_information.package_discovery:Found 2 installed packages in /home/mu/Documents/RINS/vaje/vaje4/install
[1.643s] DEBUG:colcon.colcon_installed_package_information.package_discovery:Found 0 installed packages in /home/mu/colcon_ws/install
[1.664s] DEBUG:colcon.colcon_installed_package_information.package_discovery:Found 407 installed packages in /opt/ros/humble
[1.690s] Level 1:colcon.colcon_core.package_discovery:discover_packages(prefix_path) using defaults
[1.827s] Level 5:colcon.colcon_core.verb:set package 'dis_tutorial3' build argument 'cmake_args' from command line to 'None'
[1.827s] Level 5:colcon.colcon_core.verb:set package 'dis_tutorial3' build argument 'cmake_target' from command line to 'None'
[1.827s] Level 5:colcon.colcon_core.verb:set package 'dis_tutorial3' build argument 'cmake_target_skip_unavailable' from command line to 'False'
[1.827s] Level 5:colcon.colcon_core.verb:set package 'dis_tutorial3' build argument 'cmake_clean_cache' from command line to 'False'
[1.827s] Level 5:colcon.colcon_core.verb:set package 'dis_tutorial3' build argument 'cmake_clean_first' from command line to 'False'
[1.827s] Level 5:colcon.colcon_core.verb:set package 'dis_tutorial3' build argument 'cmake_force_configure' from command line to 'False'
[1.827s] Level 5:colcon.colcon_core.verb:set package 'dis_tutorial3' build argument 'ament_cmake_args' from command line to 'None'
[1.827s] Level 5:colcon.colcon_core.verb:set package 'dis_tutorial3' build argument 'catkin_cmake_args' from command line to 'None'
[1.827s] Level 5:colcon.colcon_core.verb:set package 'dis_tutorial3' build argument 'catkin_skip_building_tests' from command line to 'False'
[1.827s] DEBUG:colcon.colcon_core.verb:Building package 'dis_tutorial3' with the following arguments: {'ament_cmake_args': None, 'build_base': '/home/mu/Documents/RINS/vaje/vaje4/build/dis_tutorial3', 'catkin_cmake_args': None, 'catkin_skip_building_tests': False, 'cmake_args': None, 'cmake_clean_cache': False, 'cmake_clean_first': False, 'cmake_force_configure': False, 'cmake_target': None, 'cmake_target_skip_unavailable': False, 'install_base': '/home/mu/Documents/RINS/vaje/vaje4/install/dis_tutorial3', 'merge_install': False, 'path': '/home/mu/Documents/RINS/vaje/vaje4/src/dis_tutorial3', 'symlink_install': False, 'test_result_base': None}
[1.847s] Level 5:colcon.colcon_core.verb:set package 'dis_tutorial4' build argument 'cmake_args' from command line to 'None'
[1.847s] Level 5:colcon.colcon_core.verb:set package 'dis_tutorial4' build argument 'cmake_target' from command line to 'None'
[1.847s] Level 5:colcon.colcon_core.verb:set package 'dis_tutorial4' build argument 'cmake_target_skip_unavailable' from command line to 'False'
[1.847s] Level 5:colcon.colcon_core.verb:set package 'dis_tutorial4' build argument 'cmake_clean_cache' from command line to 'False'
[1.847s] Level 5:colcon.colcon_core.verb:set package 'dis_tutorial4' build argument 'cmake_clean_first' from command line to 'False'
[1.847s] Level 5:colcon.colcon_core.verb:set package 'dis_tutorial4' build argument 'cmake_force_configure' from command line to 'False'
[1.847s] Level 5:colcon.colcon_core.verb:set package 'dis_tutorial4' build argument 'ament_cmake_args' from command line to 'None'
[1.847s] Level 5:colcon.colcon_core.verb:set package 'dis_tutorial4' build argument 'catkin_cmake_args' from command line to 'None'
[1.847s] Level 5:colcon.colcon_core.verb:set package 'dis_tutorial4' build argument 'catkin_skip_building_tests' from command line to 'False'
[1.847s] DEBUG:colcon.colcon_core.verb:Building package 'dis_tutorial4' with the following arguments: {'ament_cmake_args': None, 'build_base': '/home/mu/Documents/RINS/vaje/vaje4/build/dis_tutorial4', 'catkin_cmake_args': None, 'catkin_skip_building_tests': False, 'cmake_args': None, 'cmake_clean_cache': False, 'cmake_clean_first': False, 'cmake_force_configure': False, 'cmake_target': None, 'cmake_target_skip_unavailable': False, 'install_base': '/home/mu/Documents/RINS/vaje/vaje4/install/dis_tutorial4', 'merge_install': False, 'path': '/home/mu/Documents/RINS/vaje/vaje4/src/dis_tutorial4', 'symlink_install': False, 'test_result_base': None}
[1.865s] INFO:colcon.colcon_core.executor:Executing jobs using 'parallel' executor
[1.885s] DEBUG:colcon.colcon_parallel_executor.executor.parallel:run_until_complete
[1.886s] INFO:colcon.colcon_ros.task.ament_cmake.build:Building ROS package in '/home/mu/Documents/RINS/vaje/vaje4/src/dis_tutorial3' with build type 'ament_cmake'
[1.886s] INFO:colcon.colcon_cmake.task.cmake.build:Building CMake package in '/home/mu/Documents/RINS/vaje/vaje4/src/dis_tutorial3'
[1.907s] INFO:colcon.colcon_core.plugin_system:Skipping extension 'colcon_core.shell.bat': Not used on non-Windows systems
[1.908s] INFO:colcon.colcon_core.shell:Skip shell extension 'powershell' for command environment: Not usable outside of PowerShell
[1.908s] DEBUG:colcon.colcon_core.shell:Skip shell extension 'dsv' for command environment
[1.995s] INFO:colcon.colcon_ros.task.ament_cmake.build:Building ROS package in '/home/mu/Documents/RINS/vaje/vaje4/src/dis_tutorial4' with build type 'ament_cmake'
[1.995s] INFO:colcon.colcon_cmake.task.cmake.build:Building CMake package in '/home/mu/Documents/RINS/vaje/vaje4/src/dis_tutorial4'
[2.017s] INFO:colcon.colcon_core.shell:Skip shell extension 'powershell' for command environment: Not usable outside of PowerShell
[2.018s] DEBUG:colcon.colcon_core.shell:Skip shell extension 'dsv' for command environment
[2.112s] DEBUG:colcon.colcon_core.event_handler.log_command:Invoking command in '/home/mu/Documents/RINS/vaje/vaje4/build/dis_tutorial3': CMAKE_PREFIX_PATH=${CMAKE_PREFIX_PATH}:/opt/ros/humble /usr/bin/cmake --build /home/mu/Documents/RINS/vaje/vaje4/build/dis_tutorial3 -- -j16 -l16
[2.117s] DEBUG:colcon.colcon_core.event_handler.log_command:Invoking command in '/home/mu/Documents/RINS/vaje/vaje4/build/dis_tutorial4': CMAKE_PREFIX_PATH=${CMAKE_PREFIX_PATH}:/opt/ros/humble /usr/bin/cmake --build /home/mu/Documents/RINS/vaje/vaje4/build/dis_tutorial4 -- -j16 -l16
[2.172s] DEBUG:colcon.colcon_core.event_handler.log_command:Invoked command in '/home/mu/Documents/RINS/vaje/vaje4/build/dis_tutorial3' returned '0': CMAKE_PREFIX_PATH=${CMAKE_PREFIX_PATH}:/opt/ros/humble /usr/bin/cmake --build /home/mu/Documents/RINS/vaje/vaje4/build/dis_tutorial3 -- -j16 -l16
[2.177s] DEBUG:colcon.colcon_core.event_handler.log_command:Invoked command in '/home/mu/Documents/RINS/vaje/vaje4/build/dis_tutorial4' returned '0': CMAKE_PREFIX_PATH=${CMAKE_PREFIX_PATH}:/opt/ros/humble /usr/bin/cmake --build /home/mu/Documents/RINS/vaje/vaje4/build/dis_tutorial4 -- -j16 -l16
[2.218s] DEBUG:colcon.colcon_core.event_handler.log_command:Invoking command in '/home/mu/Documents/RINS/vaje/vaje4/build/dis_tutorial3': CMAKE_PREFIX_PATH=${CMAKE_PREFIX_PATH}:/opt/ros/humble /usr/bin/cmake --install /home/mu/Documents/RINS/vaje/vaje4/build/dis_tutorial3
[2.222s] DEBUG:colcon.colcon_core.event_handler.log_command:Invoking command in '/home/mu/Documents/RINS/vaje/vaje4/build/dis_tutorial4': CMAKE_PREFIX_PATH=${CMAKE_PREFIX_PATH}:/opt/ros/humble /usr/bin/cmake --install /home/mu/Documents/RINS/vaje/vaje4/build/dis_tutorial4
[2.238s] Level 1:colcon.colcon_core.environment:create_environment_scripts_only(dis_tutorial4)
[2.244s] DEBUG:colcon.colcon_core.event_handler.log_command:Invoked command in '/home/mu/Documents/RINS/vaje/vaje4/build/dis_tutorial4' returned '0': CMAKE_PREFIX_PATH=${CMAKE_PREFIX_PATH}:/opt/ros/humble /usr/bin/cmake --install /home/mu/Documents/RINS/vaje/vaje4/build/dis_tutorial4
[2.264s] Level 1:colcon.colcon_core.environment:checking '/home/mu/Documents/RINS/vaje/vaje4/install/dis_tutorial4' for CMake module files
[2.265s] Level 1:colcon.colcon_core.environment:checking '/home/mu/Documents/RINS/vaje/vaje4/install/dis_tutorial4' for CMake config files
[2.265s] Level 1:colcon.colcon_core.shell:create_environment_hook('dis_tutorial4', 'cmake_prefix_path')
[2.285s] INFO:colcon.colcon_core.shell:Creating environment hook '/home/mu/Documents/RINS/vaje/vaje4/install/dis_tutorial4/share/dis_tutorial4/hook/cmake_prefix_path.ps1'
[2.286s] INFO:colcon.colcon_core.shell:Creating environment descriptor '/home/mu/Documents/RINS/vaje/vaje4/install/dis_tutorial4/share/dis_tutorial4/hook/cmake_prefix_path.dsv'
[2.286s] INFO:colcon.colcon_core.shell:Creating environment hook '/home/mu/Documents/RINS/vaje/vaje4/install/dis_tutorial4/share/dis_tutorial4/hook/cmake_prefix_path.sh'
[2.288s] Level 1:colcon.colcon_core.environment:checking '/home/mu/Documents/RINS/vaje/vaje4/install/dis_tutorial4/lib'
[2.288s] Level 1:colcon.colcon_core.environment:checking '/home/mu/Documents/RINS/vaje/vaje4/install/dis_tutorial4/bin'
[2.288s] Level 1:colcon.colcon_core.environment:checking '/home/mu/Documents/RINS/vaje/vaje4/install/dis_tutorial4/lib/pkgconfig/dis_tutorial4.pc'
[2.288s] Level 1:colcon.colcon_core.environment:checking '/home/mu/Documents/RINS/vaje/vaje4/install/dis_tutorial4/lib/python3.10/site-packages'
[2.288s] Level 1:colcon.colcon_core.environment:checking '/home/mu/Documents/RINS/vaje/vaje4/install/dis_tutorial4/bin'
[2.308s] INFO:colcon.colcon_core.shell:Creating package script '/home/mu/Documents/RINS/vaje/vaje4/install/dis_tutorial4/share/dis_tutorial4/package.ps1'
[2.309s] INFO:colcon.colcon_core.shell:Creating package descriptor '/home/mu/Documents/RINS/vaje/vaje4/install/dis_tutorial4/share/dis_tutorial4/package.dsv'
[2.309s] INFO:colcon.colcon_core.shell:Creating package script '/home/mu/Documents/RINS/vaje/vaje4/install/dis_tutorial4/share/dis_tutorial4/package.sh'
[2.310s] INFO:colcon.colcon_core.shell:Creating package script '/home/mu/Documents/RINS/vaje/vaje4/install/dis_tutorial4/share/dis_tutorial4/package.bash'
[2.311s] INFO:colcon.colcon_core.shell:Creating package script '/home/mu/Documents/RINS/vaje/vaje4/install/dis_tutorial4/share/dis_tutorial4/package.zsh'
[2.311s] Level 1:colcon.colcon_core.environment:create_file_with_runtime_dependencies(/home/mu/Documents/RINS/vaje/vaje4/install/dis_tutorial4/share/colcon-core/packages/dis_tutorial4)
[2.313s] Level 1:colcon.colcon_core.environment:create_environment_scripts_only(dis_tutorial3)
[2.314s] DEBUG:colcon.colcon_core.event_handler.log_command:Invoked command in '/home/mu/Documents/RINS/vaje/vaje4/build/dis_tutorial3' returned '0': CMAKE_PREFIX_PATH=${CMAKE_PREFIX_PATH}:/opt/ros/humble /usr/bin/cmake --install /home/mu/Documents/RINS/vaje/vaje4/build/dis_tutorial3
[2.334s] Level 1:colcon.colcon_core.environment:checking '/home/mu/Documents/RINS/vaje/vaje4/install/dis_tutorial3' for CMake module files
[2.335s] Level 1:colcon.colcon_core.environment:checking '/home/mu/Documents/RINS/vaje/vaje4/install/dis_tutorial3' for CMake config files
[2.335s] Level 1:colcon.colcon_core.shell:create_environment_hook('dis_tutorial3', 'cmake_prefix_path')
[2.356s] INFO:colcon.colcon_core.shell:Creating environment hook '/home/mu/Documents/RINS/vaje/vaje4/install/dis_tutorial3/share/dis_tutorial3/hook/cmake_prefix_path.ps1'
[2.357s] INFO:colcon.colcon_core.shell:Creating environment descriptor '/home/mu/Documents/RINS/vaje/vaje4/install/dis_tutorial3/share/dis_tutorial3/hook/cmake_prefix_path.dsv'
[2.357s] INFO:colcon.colcon_core.shell:Creating environment hook '/home/mu/Documents/RINS/vaje/vaje4/install/dis_tutorial3/share/dis_tutorial3/hook/cmake_prefix_path.sh'
[2.358s] Level 1:colcon.colcon_core.environment:checking '/home/mu/Documents/RINS/vaje/vaje4/install/dis_tutorial3/lib'
[2.358s] Level 1:colcon.colcon_core.environment:checking '/home/mu/Documents/RINS/vaje/vaje4/install/dis_tutorial3/bin'
[2.358s] Level 1:colcon.colcon_core.environment:checking '/home/mu/Documents/RINS/vaje/vaje4/install/dis_tutorial3/lib/pkgconfig/dis_tutorial3.pc'
[2.358s] Level 1:colcon.colcon_core.environment:checking '/home/mu/Documents/RINS/vaje/vaje4/install/dis_tutorial3/lib/python3.10/site-packages'
[2.358s] Level 1:colcon.colcon_core.environment:checking '/home/mu/Documents/RINS/vaje/vaje4/install/dis_tutorial3/bin'
[2.379s] INFO:colcon.colcon_core.shell:Creating package script '/home/mu/Documents/RINS/vaje/vaje4/install/dis_tutorial3/share/dis_tutorial3/package.ps1'
[2.379s] INFO:colcon.colcon_core.shell:Creating package descriptor '/home/mu/Documents/RINS/vaje/vaje4/install/dis_tutorial3/share/dis_tutorial3/package.dsv'
[2.380s] INFO:colcon.colcon_core.shell:Creating package script '/home/mu/Documents/RINS/vaje/vaje4/install/dis_tutorial3/share/dis_tutorial3/package.sh'
[2.380s] INFO:colcon.colcon_core.shell:Creating package script '/home/mu/Documents/RINS/vaje/vaje4/install/dis_tutorial3/share/dis_tutorial3/package.bash'
[2.381s] INFO:colcon.colcon_core.shell:Creating package script '/home/mu/Documents/RINS/vaje/vaje4/install/dis_tutorial3/share/dis_tutorial3/package.zsh'
[2.382s] Level 1:colcon.colcon_core.environment:create_file_with_runtime_dependencies(/home/mu/Documents/RINS/vaje/vaje4/install/dis_tutorial3/share/colcon-core/packages/dis_tutorial3)
[2.406s] Level 1:colcon.colcon_core.environment:create_environment_scripts_only(dis_tutorial4)
[2.425s] Level 1:colcon.colcon_core.environment:checking '/home/mu/Documents/RINS/vaje/vaje4/install/dis_tutorial4' for CMake module files
[2.426s] Level 1:colcon.colcon_core.environment:checking '/home/mu/Documents/RINS/vaje/vaje4/install/dis_tutorial4' for CMake config files
[2.426s] Level 1:colcon.colcon_core.shell:create_environment_hook('dis_tutorial4', 'cmake_prefix_path')
[2.446s] INFO:colcon.colcon_core.shell:Creating environment hook '/home/mu/Documents/RINS/vaje/vaje4/install/dis_tutorial4/share/dis_tutorial4/hook/cmake_prefix_path.ps1'
[2.447s] INFO:colcon.colcon_core.shell:Creating environment descriptor '/home/mu/Documents/RINS/vaje/vaje4/install/dis_tutorial4/share/dis_tutorial4/hook/cmake_prefix_path.dsv'
[2.447s] INFO:colcon.colcon_core.shell:Creating environment hook '/home/mu/Documents/RINS/vaje/vaje4/install/dis_tutorial4/share/dis_tutorial4/hook/cmake_prefix_path.sh'
[2.448s] Level 1:colcon.colcon_core.environment:checking '/home/mu/Documents/RINS/vaje/vaje4/install/dis_tutorial4/lib'
[2.448s] Level 1:colcon.colcon_core.environment:checking '/home/mu/Documents/RINS/vaje/vaje4/install/dis_tutorial4/bin'
[2.448s] Level 1:colcon.colcon_core.environment:checking '/home/mu/Documents/RINS/vaje/vaje4/install/dis_tutorial4/lib/pkgconfig/dis_tutorial4.pc'
[2.449s] Level 1:colcon.colcon_core.environment:checking '/home/mu/Documents/RINS/vaje/vaje4/install/dis_tutorial4/lib/python3.10/site-packages'
[2.449s] Level 1:colcon.colcon_core.environment:checking '/home/mu/Documents/RINS/vaje/vaje4/install/dis_tutorial4/bin'
[2.469s] INFO:colcon.colcon_core.shell:Creating package script '/home/mu/Documents/RINS/vaje/vaje4/install/dis_tutorial4/share/dis_tutorial4/package.ps1'
[2.470s] INFO:colcon.colcon_core.shell:Creating package descriptor '/home/mu/Documents/RINS/vaje/vaje4/install/dis_tutorial4/share/dis_tutorial4/package.dsv'
[2.471s] INFO:colcon.colcon_core.shell:Creating package script '/home/mu/Documents/RINS/vaje/vaje4/install/dis_tutorial4/share/dis_tutorial4/package.sh'
[2.471s] INFO:colcon.colcon_core.shell:Creating package script '/home/mu/Documents/RINS/vaje/vaje4/install/dis_tutorial4/share/dis_tutorial4/package.bash'
[2.472s] INFO:colcon.colcon_core.shell:Creating package script '/home/mu/Documents/RINS/vaje/vaje4/install/dis_tutorial4/share/dis_tutorial4/package.zsh'
[2.472s] Level 1:colcon.colcon_core.environment:create_file_with_runtime_dependencies(/home/mu/Documents/RINS/vaje/vaje4/install/dis_tutorial4/share/colcon-core/packages/dis_tutorial4)
[2.496s] Level 1:colcon.colcon_core.environment:create_environment_scripts_only(dis_tutorial3)
[2.514s] Level 1:colcon.colcon_core.environment:checking '/home/mu/Documents/RINS/vaje/vaje4/install/dis_tutorial3' for CMake module files
[2.515s] Level 1:colcon.colcon_core.environment:checking '/home/mu/Documents/RINS/vaje/vaje4/install/dis_tutorial3' for CMake config files
[2.516s] Level 1:colcon.colcon_core.shell:create_environment_hook('dis_tutorial3', 'cmake_prefix_path')
[2.537s] INFO:colcon.colcon_core.shell:Creating environment hook '/home/mu/Documents/RINS/vaje/vaje4/install/dis_tutorial3/share/dis_tutorial3/hook/cmake_prefix_path.ps1'
[2.537s] INFO:colcon.colcon_core.shell:Creating environment descriptor '/home/mu/Documents/RINS/vaje/vaje4/install/dis_tutorial3/share/dis_tutorial3/hook/cmake_prefix_path.dsv'
[2.537s] INFO:colcon.colcon_core.shell:Creating environment hook '/home/mu/Documents/RINS/vaje/vaje4/install/dis_tutorial3/share/dis_tutorial3/hook/cmake_prefix_path.sh'
[2.538s] Level 1:colcon.colcon_core.environment:checking '/home/mu/Documents/RINS/vaje/vaje4/install/dis_tutorial3/lib'
[2.538s] Level 1:colcon.colcon_core.environment:checking '/home/mu/Documents/RINS/vaje/vaje4/install/dis_tutorial3/bin'
[2.538s] Level 1:colcon.colcon_core.environment:checking '/home/mu/Documents/RINS/vaje/vaje4/install/dis_tutorial3/lib/pkgconfig/dis_tutorial3.pc'
[2.539s] Level 1:colcon.colcon_core.environment:checking '/home/mu/Documents/RINS/vaje/vaje4/install/dis_tutorial3/lib/python3.10/site-packages'
[2.539s] Level 1:colcon.colcon_core.environment:checking '/home/mu/Documents/RINS/vaje/vaje4/install/dis_tutorial3/bin'
[2.561s] INFO:colcon.colcon_core.shell:Creating package script '/home/mu/Documents/RINS/vaje/vaje4/install/dis_tutorial3/share/dis_tutorial3/package.ps1'
[2.562s] INFO:colcon.colcon_core.shell:Creating package descriptor '/home/mu/Documents/RINS/vaje/vaje4/install/dis_tutorial3/share/dis_tutorial3/package.dsv'
[2.563s] INFO:colcon.colcon_core.shell:Creating package script '/home/mu/Documents/RINS/vaje/vaje4/install/dis_tutorial3/share/dis_tutorial3/package.sh'
[2.564s] INFO:colcon.colcon_core.shell:Creating package script '/home/mu/Documents/RINS/vaje/vaje4/install/dis_tutorial3/share/dis_tutorial3/package.bash'
[2.564s] INFO:colcon.colcon_core.shell:Creating package script '/home/mu/Documents/RINS/vaje/vaje4/install/dis_tutorial3/share/dis_tutorial3/package.zsh'
[2.565s] Level 1:colcon.colcon_core.environment:create_file_with_runtime_dependencies(/home/mu/Documents/RINS/vaje/vaje4/install/dis_tutorial3/share/colcon-core/packages/dis_tutorial3)
[2.565s] DEBUG:colcon.colcon_parallel_executor.executor.parallel:closing loop
[2.566s] DEBUG:colcon.colcon_parallel_executor.executor.parallel:loop closed
[2.566s] DEBUG:colcon.colcon_parallel_executor.executor.parallel:run_until_complete finished with '0'
[2.566s] DEBUG:colcon.colcon_core.event_reactor:joining thread
[2.597s] INFO:colcon.colcon_core.plugin_system:Skipping extension 'colcon_notification.desktop_notification.notify_send': Could not find 'notify-send'
[2.597s] INFO:colcon.colcon_core.plugin_system:Skipping extension 'colcon_notification.desktop_notification.terminal_notifier': Not used on non-Darwin systems
[2.597s] INFO:colcon.colcon_core.plugin_system:Skipping extension 'colcon_notification.desktop_notification.win32': Not used on non-Windows systems
[2.598s] INFO:colcon.colcon_notification.desktop_notification:Sending desktop notification using 'notify2'
[2.625s] DEBUG:colcon.colcon_core.event_reactor:joined thread
[2.644s] INFO:colcon.colcon_core.shell:Creating prefix script '/home/mu/Documents/RINS/vaje/vaje4/install/local_setup.ps1'
[2.645s] INFO:colcon.colcon_core.shell:Creating prefix util module '/home/mu/Documents/RINS/vaje/vaje4/install/_local_setup_util_ps1.py'
[2.646s] INFO:colcon.colcon_core.shell:Creating prefix chain script '/home/mu/Documents/RINS/vaje/vaje4/install/setup.ps1'
[2.665s] INFO:colcon.colcon_core.shell:Creating prefix script '/home/mu/Documents/RINS/vaje/vaje4/install/local_setup.sh'
[2.665s] INFO:colcon.colcon_core.shell:Creating prefix util module '/home/mu/Documents/RINS/vaje/vaje4/install/_local_setup_util_sh.py'
[2.666s] INFO:colcon.colcon_core.shell:Creating prefix chain script '/home/mu/Documents/RINS/vaje/vaje4/install/setup.sh'
[2.682s] INFO:colcon.colcon_core.shell:Creating prefix script '/home/mu/Documents/RINS/vaje/vaje4/install/local_setup.bash'
[2.682s] INFO:colcon.colcon_core.shell:Creating prefix chain script '/home/mu/Documents/RINS/vaje/vaje4/install/setup.bash'
[2.697s] INFO:colcon.colcon_core.shell:Creating prefix script '/home/mu/Documents/RINS/vaje/vaje4/install/local_setup.zsh'
[2.698s] INFO:colcon.colcon_core.shell:Creating prefix chain script '/home/mu/Documents/RINS/vaje/vaje4/install/setup.zsh'
