[1.511s] DEBUG:colcon:Command line arguments: ['/usr/bin/colcon', 'build', '--packages-select', 'dis_tutorial3']
[1.511s] DEBUG:colcon:Parsed command line arguments: Namespace(log_base=None, log_level=None, verb_name='build', build_base='build', install_base='install', merge_install=False, symlink_install=False, test_result_base=None, continue_on_error=False, executor='parallel', parallel_workers=16, event_handlers=None, ignore_user_meta=False, metas=['./colcon.meta'], base_paths=['.'], packages_ignore=None, packages_ignore_regex=None, paths=None, packages_up_to=None, packages_up_to_regex=None, packages_above=None, packages_above_and_dependencies=None, packages_above_depth=None, packages_select_by_dep=None, packages_skip_by_dep=None, packages_skip_up_to=None, packages_select_build_failed=False, packages_skip_build_finished=False, packages_select_test_failures=False, packages_skip_test_passed=False, packages_select=['dis_tutorial3'], packages_skip=None, packages_select_regex=None, packages_skip_regex=None, packages_start=None, packages_end=None, allow_overriding=[], cmake_args=None, cmake_target=None, cmake_target_skip_unavailable=False, cmake_clean_cache=False, cmake_clean_first=False, cmake_force_configure=False, ament_cmake_args=None, catkin_cmake_args=None, catkin_skip_building_tests=False, verb_parser=<colcon_defaults.argument_parser.defaults.DefaultArgumentsDecorator object at 0x777321a7b910>, verb_extension=<colcon_core.verb.build.BuildVerb object at 0x777321d7fd60>, main=<bound method BuildVerb.main of <colcon_core.verb.build.BuildVerb object at 0x777321d7fd60>>)
[1.582s] Level 1:colcon.colcon_core.package_discovery:discover_packages(colcon_meta) check parameters
[1.582s] Level 1:colcon.colcon_core.package_discovery:discover_packages(recursive) check parameters
[1.582s] Level 1:colcon.colcon_core.package_discovery:discover_packages(ignore) check parameters
[1.582s] Level 1:colcon.colcon_core.package_discovery:discover_packages(path) check parameters
[1.582s] Level 1:colcon.colcon_core.package_discovery:discover_packages(colcon_meta) discover
[1.583s] Level 1:colcon.colcon_core.package_discovery:discover_packages(recursive) discover
[1.583s] INFO:colcon.colcon_core.package_discovery:Crawling recursively for packages in '/home/mu/RINSproject/src'
[1.583s] Level 1:colcon.colcon_core.package_identification:_identify(.) by extensions ['ignore', 'ignore_ament_install']
[1.583s] Level 1:colcon.colcon_core.package_identification:_identify(.) by extension 'ignore'
[1.583s] Level 1:colcon.colcon_core.package_identification:_identify(.) by extension 'ignore_ament_install'
[1.583s] Level 1:colcon.colcon_core.package_identification:_identify(.) by extensions ['colcon_pkg']
[1.583s] Level 1:colcon.colcon_core.package_identification:_identify(.) by extension 'colcon_pkg'
[1.583s] Level 1:colcon.colcon_core.package_identification:_identify(.) by extensions ['colcon_meta']
[1.583s] Level 1:colcon.colcon_core.package_identification:_identify(.) by extension 'colcon_meta'
[1.583s] Level 1:colcon.colcon_core.package_identification:_identify(.) by extensions ['ros']
[1.583s] Level 1:colcon.colcon_core.package_identification:_identify(.) by extension 'ros'
[1.598s] Level 1:colcon.colcon_core.package_identification:_identify(.) by extensions ['cmake', 'python']
[1.598s] Level 1:colcon.colcon_core.package_identification:_identify(.) by extension 'cmake'
[1.598s] Level 1:colcon.colcon_core.package_identification:_identify(.) by extension 'python'
[1.598s] Level 1:colcon.colcon_core.package_identification:_identify(.) by extensions ['python_setup_py']
[1.598s] Level 1:colcon.colcon_core.package_identification:_identify(.) by extension 'python_setup_py'
[1.598s] Level 1:colcon.colcon_core.package_identification:_identify(build) by extensions ['ignore', 'ignore_ament_install']
[1.598s] Level 1:colcon.colcon_core.package_identification:_identify(build) by extension 'ignore'
[1.598s] Level 1:colcon.colcon_core.package_identification:_identify(build) ignored
[1.598s] Level 1:colcon.colcon_core.package_identification:_identify(dis_tutorial3) by extensions ['ignore', 'ignore_ament_install']
[1.599s] Level 1:colcon.colcon_core.package_identification:_identify(dis_tutorial3) by extension 'ignore'
[1.599s] Level 1:colcon.colcon_core.package_identification:_identify(dis_tutorial3) by extension 'ignore_ament_install'
[1.599s] Level 1:colcon.colcon_core.package_identification:_identify(dis_tutorial3) by extensions ['colcon_pkg']
[1.599s] Level 1:colcon.colcon_core.package_identification:_identify(dis_tutorial3) by extension 'colcon_pkg'
[1.599s] Level 1:colcon.colcon_core.package_identification:_identify(dis_tutorial3) by extensions ['colcon_meta']
[1.599s] Level 1:colcon.colcon_core.package_identification:_identify(dis_tutorial3) by extension 'colcon_meta'
[1.599s] Level 1:colcon.colcon_core.package_identification:_identify(dis_tutorial3) by extensions ['ros']
[1.599s] Level 1:colcon.colcon_core.package_identification:_identify(dis_tutorial3) by extension 'ros'
[1.603s] DEBUG:colcon.colcon_core.package_identification:Package 'dis_tutorial3' with type 'ros.ament_cmake' and name 'dis_tutorial3'
[1.603s] Level 1:colcon.colcon_core.package_identification:_identify(dis_tutorial4) by extensions ['ignore', 'ignore_ament_install']
[1.603s] Level 1:colcon.colcon_core.package_identification:_identify(dis_tutorial4) by extension 'ignore'
[1.603s] Level 1:colcon.colcon_core.package_identification:_identify(dis_tutorial4) by extension 'ignore_ament_install'
[1.603s] Level 1:colcon.colcon_core.package_identification:_identify(dis_tutorial4) by extensions ['colcon_pkg']
[1.603s] Level 1:colcon.colcon_core.package_identification:_identify(dis_tutorial4) by extension 'colcon_pkg'
[1.603s] Level 1:colcon.colcon_core.package_identification:_identify(dis_tutorial4) by extensions ['colcon_meta']
[1.603s] Level 1:colcon.colcon_core.package_identification:_identify(dis_tutorial4) by extension 'colcon_meta'
[1.603s] Level 1:colcon.colcon_core.package_identification:_identify(dis_tutorial4) by extensions ['ros']
[1.603s] Level 1:colcon.colcon_core.package_identification:_identify(dis_tutorial4) by extension 'ros'
[1.604s] DEBUG:colcon.colcon_core.package_identification:Package 'dis_tutorial4' with type 'ros.ament_cmake' and name 'dis_tutorial4'
[1.605s] Level 1:colcon.colcon_core.package_identification:_identify(dis_tutorial6) by extensions ['ignore', 'ignore_ament_install']
[1.605s] Level 1:colcon.colcon_core.package_identification:_identify(dis_tutorial6) by extension 'ignore'
[1.605s] Level 1:colcon.colcon_core.package_identification:_identify(dis_tutorial6) by extension 'ignore_ament_install'
[1.605s] Level 1:colcon.colcon_core.package_identification:_identify(dis_tutorial6) by extensions ['colcon_pkg']
[1.605s] Level 1:colcon.colcon_core.package_identification:_identify(dis_tutorial6) by extension 'colcon_pkg'
[1.605s] Level 1:colcon.colcon_core.package_identification:_identify(dis_tutorial6) by extensions ['colcon_meta']
[1.605s] Level 1:colcon.colcon_core.package_identification:_identify(dis_tutorial6) by extension 'colcon_meta'
[1.605s] Level 1:colcon.colcon_core.package_identification:_identify(dis_tutorial6) by extensions ['ros']
[1.605s] Level 1:colcon.colcon_core.package_identification:_identify(dis_tutorial6) by extension 'ros'
[1.605s] Level 1:colcon.colcon_core.package_identification:_identify(dis_tutorial6) by extensions ['cmake', 'python']
[1.605s] Level 1:colcon.colcon_core.package_identification:_identify(dis_tutorial6) by extension 'cmake'
[1.605s] Level 1:colcon.colcon_core.package_identification:_identify(dis_tutorial6) by extension 'python'
[1.605s] Level 1:colcon.colcon_core.package_identification:_identify(dis_tutorial6) by extensions ['python_setup_py']
[1.605s] Level 1:colcon.colcon_core.package_identification:_identify(dis_tutorial6) by extension 'python_setup_py'
[1.605s] Level 1:colcon.colcon_core.package_identification:_identify(dis_tutorial7) by extensions ['ignore', 'ignore_ament_install']
[1.606s] Level 1:colcon.colcon_core.package_identification:_identify(dis_tutorial7) by extension 'ignore'
[1.606s] Level 1:colcon.colcon_core.package_identification:_identify(dis_tutorial7) by extension 'ignore_ament_install'
[1.606s] Level 1:colcon.colcon_core.package_identification:_identify(dis_tutorial7) by extensions ['colcon_pkg']
[1.606s] Level 1:colcon.colcon_core.package_identification:_identify(dis_tutorial7) by extension 'colcon_pkg'
[1.606s] Level 1:colcon.colcon_core.package_identification:_identify(dis_tutorial7) by extensions ['colcon_meta']
[1.606s] Level 1:colcon.colcon_core.package_identification:_identify(dis_tutorial7) by extension 'colcon_meta'
[1.606s] Level 1:colcon.colcon_core.package_identification:_identify(dis_tutorial7) by extensions ['ros']
[1.606s] Level 1:colcon.colcon_core.package_identification:_identify(dis_tutorial7) by extension 'ros'
[1.606s] Level 1:colcon.colcon_core.package_identification:_identify(dis_tutorial7) by extensions ['cmake', 'python']
[1.606s] Level 1:colcon.colcon_core.package_identification:_identify(dis_tutorial7) by extension 'cmake'
[1.606s] Level 1:colcon.colcon_core.package_identification:_identify(dis_tutorial7) by extension 'python'
[1.606s] Level 1:colcon.colcon_core.package_identification:_identify(dis_tutorial7) by extensions ['python_setup_py']
[1.606s] Level 1:colcon.colcon_core.package_identification:_identify(dis_tutorial7) by extension 'python_setup_py'
[1.606s] Level 1:colcon.colcon_core.package_identification:_identify(install) by extensions ['ignore', 'ignore_ament_install']
[1.606s] Level 1:colcon.colcon_core.package_identification:_identify(install) by extension 'ignore'
[1.606s] Level 1:colcon.colcon_core.package_identification:_identify(install) ignored
[1.607s] Level 1:colcon.colcon_core.package_identification:_identify(log) by extensions ['ignore', 'ignore_ament_install']
[1.607s] Level 1:colcon.colcon_core.package_identification:_identify(log) by extension 'ignore'
[1.607s] Level 1:colcon.colcon_core.package_identification:_identify(log) ignored
[1.607s] Level 1:colcon.colcon_core.package_discovery:discover_packages(recursive) using defaults
[1.607s] Level 1:colcon.colcon_core.package_discovery:discover_packages(ignore) discover
[1.607s] Level 1:colcon.colcon_core.package_discovery:discover_packages(ignore) using defaults
[1.607s] Level 1:colcon.colcon_core.package_discovery:discover_packages(path) discover
[1.607s] Level 1:colcon.colcon_core.package_discovery:discover_packages(path) using defaults
[1.703s] INFO:colcon.colcon_core.package_selection:Skipping not selected package 'dis_tutorial4' in 'dis_tutorial4'
[1.752s] Level 1:colcon.colcon_core.package_discovery:discover_packages(prefix_path) check parameters
[1.752s] Level 1:colcon.colcon_core.package_discovery:discover_packages(prefix_path) discover
[1.802s] DEBUG:colcon.colcon_installed_package_information.package_discovery:Found 1 installed packages in /home/mu/RINSproject/src/install
[1.827s] DEBUG:colcon.colcon_installed_package_information.package_discovery:Found 4 installed packages in /home/mu/RINSproject/install
[1.870s] DEBUG:colcon.colcon_installed_package_information.package_discovery:Found 0 installed packages in /home/mu/colcon_ws/install
[1.892s] DEBUG:colcon.colcon_installed_package_information.package_discovery:Found 409 installed packages in /opt/ros/humble
[1.895s] Level 1:colcon.colcon_core.package_discovery:discover_packages(prefix_path) using defaults
[2.041s] Level 5:colcon.colcon_core.verb:set package 'dis_tutorial3' build argument 'cmake_args' from command line to 'None'
[2.041s] Level 5:colcon.colcon_core.verb:set package 'dis_tutorial3' build argument 'cmake_target' from command line to 'None'
[2.041s] Level 5:colcon.colcon_core.verb:set package 'dis_tutorial3' build argument 'cmake_target_skip_unavailable' from command line to 'False'
[2.041s] Level 5:colcon.colcon_core.verb:set package 'dis_tutorial3' build argument 'cmake_clean_cache' from command line to 'False'
[2.041s] Level 5:colcon.colcon_core.verb:set package 'dis_tutorial3' build argument 'cmake_clean_first' from command line to 'False'
[2.041s] Level 5:colcon.colcon_core.verb:set package 'dis_tutorial3' build argument 'cmake_force_configure' from command line to 'False'
[2.042s] Level 5:colcon.colcon_core.verb:set package 'dis_tutorial3' build argument 'ament_cmake_args' from command line to 'None'
[2.042s] Level 5:colcon.colcon_core.verb:set package 'dis_tutorial3' build argument 'catkin_cmake_args' from command line to 'None'
[2.042s] Level 5:colcon.colcon_core.verb:set package 'dis_tutorial3' build argument 'catkin_skip_building_tests' from command line to 'False'
[2.042s] DEBUG:colcon.colcon_core.verb:Building package 'dis_tutorial3' with the following arguments: {'ament_cmake_args': None, 'build_base': '/home/mu/RINSproject/src/build/dis_tutorial3', 'catkin_cmake_args': None, 'catkin_skip_building_tests': False, 'cmake_args': None, 'cmake_clean_cache': False, 'cmake_clean_first': False, 'cmake_force_configure': False, 'cmake_target': None, 'cmake_target_skip_unavailable': False, 'install_base': '/home/mu/RINSproject/src/install/dis_tutorial3', 'merge_install': False, 'path': '/home/mu/RINSproject/src/dis_tutorial3', 'symlink_install': False, 'test_result_base': None}
[2.066s] INFO:colcon.colcon_core.executor:Executing jobs using 'parallel' executor
[2.091s] DEBUG:colcon.colcon_parallel_executor.executor.parallel:run_until_complete
[2.092s] INFO:colcon.colcon_ros.task.ament_cmake.build:Building ROS package in '/home/mu/RINSproject/src/dis_tutorial3' with build type 'ament_cmake'
[2.092s] INFO:colcon.colcon_cmake.task.cmake.build:Building CMake package in '/home/mu/RINSproject/src/dis_tutorial3'
[2.118s] INFO:colcon.colcon_core.plugin_system:Skipping extension 'colcon_core.shell.bat': Not used on non-Windows systems
[2.119s] INFO:colcon.colcon_core.shell:Skip shell extension 'powershell' for command environment: Not usable outside of PowerShell
[2.119s] DEBUG:colcon.colcon_core.shell:Skip shell extension 'dsv' for command environment
[2.250s] DEBUG:colcon.colcon_core.event_handler.log_command:Invoking command in '/home/mu/RINSproject/src/build/dis_tutorial3': CMAKE_PREFIX_PATH=${CMAKE_PREFIX_PATH}:/opt/ros/humble /usr/bin/cmake --build /home/mu/RINSproject/src/build/dis_tutorial3 -- -j16 -l16
[2.309s] DEBUG:colcon.colcon_core.event_handler.log_command:Invoked command in '/home/mu/RINSproject/src/build/dis_tutorial3' returned '0': CMAKE_PREFIX_PATH=${CMAKE_PREFIX_PATH}:/opt/ros/humble /usr/bin/cmake --build /home/mu/RINSproject/src/build/dis_tutorial3 -- -j16 -l16
[2.353s] DEBUG:colcon.colcon_core.event_handler.log_command:Invoking command in '/home/mu/RINSproject/src/build/dis_tutorial3': CMAKE_PREFIX_PATH=${CMAKE_PREFIX_PATH}:/opt/ros/humble /usr/bin/cmake --install /home/mu/RINSproject/src/build/dis_tutorial3
[2.372s] Level 1:colcon.colcon_core.environment:create_environment_scripts_only(dis_tutorial3)
[2.385s] DEBUG:colcon.colcon_core.event_handler.log_command:Invoked command in '/home/mu/RINSproject/src/build/dis_tutorial3' returned '0': CMAKE_PREFIX_PATH=${CMAKE_PREFIX_PATH}:/opt/ros/humble /usr/bin/cmake --install /home/mu/RINSproject/src/build/dis_tutorial3
[2.406s] Level 1:colcon.colcon_core.environment:checking '/home/mu/RINSproject/src/install/dis_tutorial3' for CMake module files
[2.406s] Level 1:colcon.colcon_core.environment:checking '/home/mu/RINSproject/src/install/dis_tutorial3' for CMake config files
[2.407s] Level 1:colcon.colcon_core.shell:create_environment_hook('dis_tutorial3', 'cmake_prefix_path')
[2.426s] INFO:colcon.colcon_core.shell:Creating environment hook '/home/mu/RINSproject/src/install/dis_tutorial3/share/dis_tutorial3/hook/cmake_prefix_path.ps1'
[2.427s] INFO:colcon.colcon_core.shell:Creating environment descriptor '/home/mu/RINSproject/src/install/dis_tutorial3/share/dis_tutorial3/hook/cmake_prefix_path.dsv'
[2.427s] INFO:colcon.colcon_core.shell:Creating environment hook '/home/mu/RINSproject/src/install/dis_tutorial3/share/dis_tutorial3/hook/cmake_prefix_path.sh'
[2.428s] Level 1:colcon.colcon_core.environment:checking '/home/mu/RINSproject/src/install/dis_tutorial3/lib'
[2.428s] Level 1:colcon.colcon_core.environment:checking '/home/mu/RINSproject/src/install/dis_tutorial3/bin'
[2.428s] Level 1:colcon.colcon_core.environment:checking '/home/mu/RINSproject/src/install/dis_tutorial3/lib/pkgconfig/dis_tutorial3.pc'
[2.428s] Level 1:colcon.colcon_core.environment:checking '/home/mu/RINSproject/src/install/dis_tutorial3/lib/python3.10/site-packages'
[2.428s] Level 1:colcon.colcon_core.environment:checking '/home/mu/RINSproject/src/install/dis_tutorial3/bin'
[2.449s] INFO:colcon.colcon_core.shell:Creating package script '/home/mu/RINSproject/src/install/dis_tutorial3/share/dis_tutorial3/package.ps1'
[2.450s] INFO:colcon.colcon_core.shell:Creating package descriptor '/home/mu/RINSproject/src/install/dis_tutorial3/share/dis_tutorial3/package.dsv'
[2.450s] INFO:colcon.colcon_core.shell:Creating package script '/home/mu/RINSproject/src/install/dis_tutorial3/share/dis_tutorial3/package.sh'
[2.451s] INFO:colcon.colcon_core.shell:Creating package script '/home/mu/RINSproject/src/install/dis_tutorial3/share/dis_tutorial3/package.bash'
[2.452s] INFO:colcon.colcon_core.shell:Creating package script '/home/mu/RINSproject/src/install/dis_tutorial3/share/dis_tutorial3/package.zsh'
[2.452s] Level 1:colcon.colcon_core.environment:create_file_with_runtime_dependencies(/home/mu/RINSproject/src/install/dis_tutorial3/share/colcon-core/packages/dis_tutorial3)
[2.513s] Level 1:colcon.colcon_core.environment:create_environment_scripts_only(dis_tutorial3)
[2.538s] Level 1:colcon.colcon_core.environment:checking '/home/mu/RINSproject/src/install/dis_tutorial3' for CMake module files
[2.539s] Level 1:colcon.colcon_core.environment:checking '/home/mu/RINSproject/src/install/dis_tutorial3' for CMake config files
[2.540s] Level 1:colcon.colcon_core.shell:create_environment_hook('dis_tutorial3', 'cmake_prefix_path')
[2.561s] INFO:colcon.colcon_core.shell:Creating environment hook '/home/mu/RINSproject/src/install/dis_tutorial3/share/dis_tutorial3/hook/cmake_prefix_path.ps1'
[2.561s] INFO:colcon.colcon_core.shell:Creating environment descriptor '/home/mu/RINSproject/src/install/dis_tutorial3/share/dis_tutorial3/hook/cmake_prefix_path.dsv'
[2.562s] INFO:colcon.colcon_core.shell:Creating environment hook '/home/mu/RINSproject/src/install/dis_tutorial3/share/dis_tutorial3/hook/cmake_prefix_path.sh'
[2.562s] Level 1:colcon.colcon_core.environment:checking '/home/mu/RINSproject/src/install/dis_tutorial3/lib'
[2.562s] Level 1:colcon.colcon_core.environment:checking '/home/mu/RINSproject/src/install/dis_tutorial3/bin'
[2.562s] Level 1:colcon.colcon_core.environment:checking '/home/mu/RINSproject/src/install/dis_tutorial3/lib/pkgconfig/dis_tutorial3.pc'
[2.563s] Level 1:colcon.colcon_core.environment:checking '/home/mu/RINSproject/src/install/dis_tutorial3/lib/python3.10/site-packages'
[2.563s] Level 1:colcon.colcon_core.environment:checking '/home/mu/RINSproject/src/install/dis_tutorial3/bin'
[2.587s] INFO:colcon.colcon_core.shell:Creating package script '/home/mu/RINSproject/src/install/dis_tutorial3/share/dis_tutorial3/package.ps1'
[2.588s] INFO:colcon.colcon_core.shell:Creating package descriptor '/home/mu/RINSproject/src/install/dis_tutorial3/share/dis_tutorial3/package.dsv'
[2.589s] INFO:colcon.colcon_core.shell:Creating package script '/home/mu/RINSproject/src/install/dis_tutorial3/share/dis_tutorial3/package.sh'
[2.589s] INFO:colcon.colcon_core.shell:Creating package script '/home/mu/RINSproject/src/install/dis_tutorial3/share/dis_tutorial3/package.bash'
[2.590s] INFO:colcon.colcon_core.shell:Creating package script '/home/mu/RINSproject/src/install/dis_tutorial3/share/dis_tutorial3/package.zsh'
[2.590s] Level 1:colcon.colcon_core.environment:create_file_with_runtime_dependencies(/home/mu/RINSproject/src/install/dis_tutorial3/share/colcon-core/packages/dis_tutorial3)
[2.591s] DEBUG:colcon.colcon_parallel_executor.executor.parallel:closing loop
[2.592s] DEBUG:colcon.colcon_parallel_executor.executor.parallel:loop closed
[2.592s] DEBUG:colcon.colcon_parallel_executor.executor.parallel:run_until_complete finished with '0'
[2.592s] DEBUG:colcon.colcon_core.event_reactor:joining thread
[2.622s] INFO:colcon.colcon_core.plugin_system:Skipping extension 'colcon_notification.desktop_notification.notify_send': Could not find 'notify-send'
[2.622s] INFO:colcon.colcon_core.plugin_system:Skipping extension 'colcon_notification.desktop_notification.terminal_notifier': Not used on non-Darwin systems
[2.622s] INFO:colcon.colcon_core.plugin_system:Skipping extension 'colcon_notification.desktop_notification.win32': Not used on non-Windows systems
[2.623s] INFO:colcon.colcon_notification.desktop_notification:Sending desktop notification using 'notify2'
[2.650s] DEBUG:colcon.colcon_core.event_reactor:joined thread
[2.669s] INFO:colcon.colcon_core.shell:Creating prefix script '/home/mu/RINSproject/src/install/local_setup.ps1'
[2.670s] INFO:colcon.colcon_core.shell:Creating prefix util module '/home/mu/RINSproject/src/install/_local_setup_util_ps1.py'
[2.672s] INFO:colcon.colcon_core.shell:Creating prefix chain script '/home/mu/RINSproject/src/install/setup.ps1'
[2.692s] INFO:colcon.colcon_core.shell:Creating prefix script '/home/mu/RINSproject/src/install/local_setup.sh'
[2.693s] INFO:colcon.colcon_core.shell:Creating prefix util module '/home/mu/RINSproject/src/install/_local_setup_util_sh.py'
[2.693s] INFO:colcon.colcon_core.shell:Creating prefix chain script '/home/mu/RINSproject/src/install/setup.sh'
[2.714s] INFO:colcon.colcon_core.shell:Creating prefix script '/home/mu/RINSproject/src/install/local_setup.bash'
[2.715s] INFO:colcon.colcon_core.shell:Creating prefix chain script '/home/mu/RINSproject/src/install/setup.bash'
[2.735s] INFO:colcon.colcon_core.shell:Creating prefix script '/home/mu/RINSproject/src/install/local_setup.zsh'
[2.736s] INFO:colcon.colcon_core.shell:Creating prefix chain script '/home/mu/RINSproject/src/install/setup.zsh'
