[1.369s] DEBUG:colcon:Command line arguments: ['/usr/bin/colcon', 'build']
[1.370s] DEBUG:colcon:Parsed command line arguments: Namespace(log_base=None, log_level=None, verb_name='build', build_base='build', install_base='install', merge_install=False, symlink_install=False, test_result_base=None, continue_on_error=False, executor='parallel', parallel_workers=16, event_handlers=None, ignore_user_meta=False, metas=['./colcon.meta'], base_paths=['.'], packages_ignore=None, packages_ignore_regex=None, paths=None, packages_up_to=None, packages_up_to_regex=None, packages_above=None, packages_above_and_dependencies=None, packages_above_depth=None, packages_select_by_dep=None, packages_skip_by_dep=None, packages_skip_up_to=None, packages_select_build_failed=False, packages_skip_build_finished=False, packages_select_test_failures=False, packages_skip_test_passed=False, packages_select=None, packages_skip=None, packages_select_regex=None, packages_skip_regex=None, packages_start=None, packages_end=None, allow_overriding=[], cmake_args=None, cmake_target=None, cmake_target_skip_unavailable=False, cmake_clean_cache=False, cmake_clean_first=False, cmake_force_configure=False, ament_cmake_args=None, catkin_cmake_args=None, catkin_skip_building_tests=False, verb_parser=<colcon_defaults.argument_parser.defaults.DefaultArgumentsDecorator object at 0x75b0b18d29b0>, verb_extension=<colcon_core.verb.build.BuildVerb object at 0x75b0b18d0b20>, main=<bound method BuildVerb.main of <colcon_core.verb.build.BuildVerb object at 0x75b0b18d0b20>>)
[1.431s] Level 1:colcon.colcon_core.package_discovery:discover_packages(colcon_meta) check parameters
[1.431s] Level 1:colcon.colcon_core.package_discovery:discover_packages(recursive) check parameters
[1.431s] Level 1:colcon.colcon_core.package_discovery:discover_packages(ignore) check parameters
[1.432s] Level 1:colcon.colcon_core.package_discovery:discover_packages(path) check parameters
[1.432s] Level 1:colcon.colcon_core.package_discovery:discover_packages(colcon_meta) discover
[1.432s] Level 1:colcon.colcon_core.package_discovery:discover_packages(recursive) discover
[1.432s] INFO:colcon.colcon_core.package_discovery:Crawling recursively for packages in '/home/mu/Documents/RINS/project/RINSproject'
[1.432s] Level 1:colcon.colcon_core.package_identification:_identify(.) by extensions ['ignore', 'ignore_ament_install']
[1.432s] Level 1:colcon.colcon_core.package_identification:_identify(.) by extension 'ignore'
[1.432s] Level 1:colcon.colcon_core.package_identification:_identify(.) by extension 'ignore_ament_install'
[1.432s] Level 1:colcon.colcon_core.package_identification:_identify(.) by extensions ['colcon_pkg']
[1.432s] Level 1:colcon.colcon_core.package_identification:_identify(.) by extension 'colcon_pkg'
[1.432s] Level 1:colcon.colcon_core.package_identification:_identify(.) by extensions ['colcon_meta']
[1.432s] Level 1:colcon.colcon_core.package_identification:_identify(.) by extension 'colcon_meta'
[1.432s] Level 1:colcon.colcon_core.package_identification:_identify(.) by extensions ['ros']
[1.432s] Level 1:colcon.colcon_core.package_identification:_identify(.) by extension 'ros'
[1.447s] Level 1:colcon.colcon_core.package_identification:_identify(.) by extensions ['cmake', 'python']
[1.447s] Level 1:colcon.colcon_core.package_identification:_identify(.) by extension 'cmake'
[1.447s] Level 1:colcon.colcon_core.package_identification:_identify(.) by extension 'python'
[1.447s] Level 1:colcon.colcon_core.package_identification:_identify(.) by extensions ['python_setup_py']
[1.447s] Level 1:colcon.colcon_core.package_identification:_identify(.) by extension 'python_setup_py'
[1.447s] Level 1:colcon.colcon_core.package_identification:_identify(build) by extensions ['ignore', 'ignore_ament_install']
[1.447s] Level 1:colcon.colcon_core.package_identification:_identify(build) by extension 'ignore'
[1.447s] Level 1:colcon.colcon_core.package_identification:_identify(build) ignored
[1.448s] Level 1:colcon.colcon_core.package_identification:_identify(install) by extensions ['ignore', 'ignore_ament_install']
[1.448s] Level 1:colcon.colcon_core.package_identification:_identify(install) by extension 'ignore'
[1.448s] Level 1:colcon.colcon_core.package_identification:_identify(install) ignored
[1.448s] Level 1:colcon.colcon_core.package_identification:_identify(log) by extensions ['ignore', 'ignore_ament_install']
[1.448s] Level 1:colcon.colcon_core.package_identification:_identify(log) by extension 'ignore'
[1.448s] Level 1:colcon.colcon_core.package_identification:_identify(log) ignored
[1.448s] Level 1:colcon.colcon_core.package_identification:_identify(src) by extensions ['ignore', 'ignore_ament_install']
[1.448s] Level 1:colcon.colcon_core.package_identification:_identify(src) by extension 'ignore'
[1.448s] Level 1:colcon.colcon_core.package_identification:_identify(src) by extension 'ignore_ament_install'
[1.449s] Level 1:colcon.colcon_core.package_identification:_identify(src) by extensions ['colcon_pkg']
[1.449s] Level 1:colcon.colcon_core.package_identification:_identify(src) by extension 'colcon_pkg'
[1.449s] Level 1:colcon.colcon_core.package_identification:_identify(src) by extensions ['colcon_meta']
[1.449s] Level 1:colcon.colcon_core.package_identification:_identify(src) by extension 'colcon_meta'
[1.449s] Level 1:colcon.colcon_core.package_identification:_identify(src) by extensions ['ros']
[1.449s] Level 1:colcon.colcon_core.package_identification:_identify(src) by extension 'ros'
[1.449s] Level 1:colcon.colcon_core.package_identification:_identify(src) by extensions ['cmake', 'python']
[1.449s] Level 1:colcon.colcon_core.package_identification:_identify(src) by extension 'cmake'
[1.449s] Level 1:colcon.colcon_core.package_identification:_identify(src) by extension 'python'
[1.449s] Level 1:colcon.colcon_core.package_identification:_identify(src) by extensions ['python_setup_py']
[1.449s] Level 1:colcon.colcon_core.package_identification:_identify(src) by extension 'python_setup_py'
[1.449s] Level 1:colcon.colcon_core.package_identification:_identify(src/dis_tutorial3) by extensions ['ignore', 'ignore_ament_install']
[1.449s] Level 1:colcon.colcon_core.package_identification:_identify(src/dis_tutorial3) by extension 'ignore'
[1.449s] Level 1:colcon.colcon_core.package_identification:_identify(src/dis_tutorial3) by extension 'ignore_ament_install'
[1.449s] Level 1:colcon.colcon_core.package_identification:_identify(src/dis_tutorial3) by extensions ['colcon_pkg']
[1.449s] Level 1:colcon.colcon_core.package_identification:_identify(src/dis_tutorial3) by extension 'colcon_pkg'
[1.449s] Level 1:colcon.colcon_core.package_identification:_identify(src/dis_tutorial3) by extensions ['colcon_meta']
[1.449s] Level 1:colcon.colcon_core.package_identification:_identify(src/dis_tutorial3) by extension 'colcon_meta'
[1.450s] Level 1:colcon.colcon_core.package_identification:_identify(src/dis_tutorial3) by extensions ['ros']
[1.450s] Level 1:colcon.colcon_core.package_identification:_identify(src/dis_tutorial3) by extension 'ros'
[1.454s] DEBUG:colcon.colcon_core.package_identification:Package 'src/dis_tutorial3' with type 'ros.ament_cmake' and name 'dis_tutorial3'
[1.454s] Level 1:colcon.colcon_core.package_identification:_identify(src/dis_tutorial4) by extensions ['ignore', 'ignore_ament_install']
[1.454s] Level 1:colcon.colcon_core.package_identification:_identify(src/dis_tutorial4) by extension 'ignore'
[1.454s] Level 1:colcon.colcon_core.package_identification:_identify(src/dis_tutorial4) by extension 'ignore_ament_install'
[1.454s] Level 1:colcon.colcon_core.package_identification:_identify(src/dis_tutorial4) by extensions ['colcon_pkg']
[1.454s] Level 1:colcon.colcon_core.package_identification:_identify(src/dis_tutorial4) by extension 'colcon_pkg'
[1.454s] Level 1:colcon.colcon_core.package_identification:_identify(src/dis_tutorial4) by extensions ['colcon_meta']
[1.454s] Level 1:colcon.colcon_core.package_identification:_identify(src/dis_tutorial4) by extension 'colcon_meta'
[1.454s] Level 1:colcon.colcon_core.package_identification:_identify(src/dis_tutorial4) by extensions ['ros']
[1.454s] Level 1:colcon.colcon_core.package_identification:_identify(src/dis_tutorial4) by extension 'ros'
[1.455s] DEBUG:colcon.colcon_core.package_identification:Package 'src/dis_tutorial4' with type 'ros.ament_cmake' and name 'dis_tutorial4'
[1.455s] Level 1:colcon.colcon_core.package_identification:_identify(src/dis_tutorial7) by extensions ['ignore', 'ignore_ament_install']
[1.455s] Level 1:colcon.colcon_core.package_identification:_identify(src/dis_tutorial7) by extension 'ignore'
[1.455s] Level 1:colcon.colcon_core.package_identification:_identify(src/dis_tutorial7) by extension 'ignore_ament_install'
[1.455s] Level 1:colcon.colcon_core.package_identification:_identify(src/dis_tutorial7) by extensions ['colcon_pkg']
[1.455s] Level 1:colcon.colcon_core.package_identification:_identify(src/dis_tutorial7) by extension 'colcon_pkg'
[1.455s] Level 1:colcon.colcon_core.package_identification:_identify(src/dis_tutorial7) by extensions ['colcon_meta']
[1.455s] Level 1:colcon.colcon_core.package_identification:_identify(src/dis_tutorial7) by extension 'colcon_meta'
[1.456s] Level 1:colcon.colcon_core.package_identification:_identify(src/dis_tutorial7) by extensions ['ros']
[1.456s] Level 1:colcon.colcon_core.package_identification:_identify(src/dis_tutorial7) by extension 'ros'
[1.456s] DEBUG:colcon.colcon_core.package_identification:Package 'src/dis_tutorial7' with type 'ros.ament_cmake' and name 'dis_tutorial7'
[1.456s] Level 1:colcon.colcon_core.package_discovery:discover_packages(recursive) using defaults
[1.456s] Level 1:colcon.colcon_core.package_discovery:discover_packages(ignore) discover
[1.457s] Level 1:colcon.colcon_core.package_discovery:discover_packages(ignore) using defaults
[1.457s] Level 1:colcon.colcon_core.package_discovery:discover_packages(path) discover
[1.457s] Level 1:colcon.colcon_core.package_discovery:discover_packages(path) using defaults
[1.581s] Level 1:colcon.colcon_core.package_discovery:discover_packages(prefix_path) check parameters
[1.581s] Level 1:colcon.colcon_core.package_discovery:discover_packages(prefix_path) discover
[1.628s] DEBUG:colcon.colcon_installed_package_information.package_discovery:Found 2 installed packages in /home/mu/colcon_ws/install
[1.677s] DEBUG:colcon.colcon_installed_package_information.package_discovery:Found 411 installed packages in /opt/ros/humble
[1.679s] Level 1:colcon.colcon_core.package_discovery:discover_packages(prefix_path) using defaults
[1.806s] Level 5:colcon.colcon_core.verb:set package 'dis_tutorial3' build argument 'cmake_args' from command line to 'None'
[1.806s] Level 5:colcon.colcon_core.verb:set package 'dis_tutorial3' build argument 'cmake_target' from command line to 'None'
[1.806s] Level 5:colcon.colcon_core.verb:set package 'dis_tutorial3' build argument 'cmake_target_skip_unavailable' from command line to 'False'
[1.806s] Level 5:colcon.colcon_core.verb:set package 'dis_tutorial3' build argument 'cmake_clean_cache' from command line to 'False'
[1.807s] Level 5:colcon.colcon_core.verb:set package 'dis_tutorial3' build argument 'cmake_clean_first' from command line to 'False'
[1.807s] Level 5:colcon.colcon_core.verb:set package 'dis_tutorial3' build argument 'cmake_force_configure' from command line to 'False'
[1.807s] Level 5:colcon.colcon_core.verb:set package 'dis_tutorial3' build argument 'ament_cmake_args' from command line to 'None'
[1.807s] Level 5:colcon.colcon_core.verb:set package 'dis_tutorial3' build argument 'catkin_cmake_args' from command line to 'None'
[1.807s] Level 5:colcon.colcon_core.verb:set package 'dis_tutorial3' build argument 'catkin_skip_building_tests' from command line to 'False'
[1.807s] DEBUG:colcon.colcon_core.verb:Building package 'dis_tutorial3' with the following arguments: {'ament_cmake_args': None, 'build_base': '/home/mu/Documents/RINS/project/RINSproject/build/dis_tutorial3', 'catkin_cmake_args': None, 'catkin_skip_building_tests': False, 'cmake_args': None, 'cmake_clean_cache': False, 'cmake_clean_first': False, 'cmake_force_configure': False, 'cmake_target': None, 'cmake_target_skip_unavailable': False, 'install_base': '/home/mu/Documents/RINS/project/RINSproject/install/dis_tutorial3', 'merge_install': False, 'path': '/home/mu/Documents/RINS/project/RINSproject/src/dis_tutorial3', 'symlink_install': False, 'test_result_base': None}
[1.828s] Level 5:colcon.colcon_core.verb:set package 'dis_tutorial4' build argument 'cmake_args' from command line to 'None'
[1.828s] Level 5:colcon.colcon_core.verb:set package 'dis_tutorial4' build argument 'cmake_target' from command line to 'None'
[1.828s] Level 5:colcon.colcon_core.verb:set package 'dis_tutorial4' build argument 'cmake_target_skip_unavailable' from command line to 'False'
[1.828s] Level 5:colcon.colcon_core.verb:set package 'dis_tutorial4' build argument 'cmake_clean_cache' from command line to 'False'
[1.828s] Level 5:colcon.colcon_core.verb:set package 'dis_tutorial4' build argument 'cmake_clean_first' from command line to 'False'
[1.828s] Level 5:colcon.colcon_core.verb:set package 'dis_tutorial4' build argument 'cmake_force_configure' from command line to 'False'
[1.828s] Level 5:colcon.colcon_core.verb:set package 'dis_tutorial4' build argument 'ament_cmake_args' from command line to 'None'
[1.828s] Level 5:colcon.colcon_core.verb:set package 'dis_tutorial4' build argument 'catkin_cmake_args' from command line to 'None'
[1.828s] Level 5:colcon.colcon_core.verb:set package 'dis_tutorial4' build argument 'catkin_skip_building_tests' from command line to 'False'
[1.828s] DEBUG:colcon.colcon_core.verb:Building package 'dis_tutorial4' with the following arguments: {'ament_cmake_args': None, 'build_base': '/home/mu/Documents/RINS/project/RINSproject/build/dis_tutorial4', 'catkin_cmake_args': None, 'catkin_skip_building_tests': False, 'cmake_args': None, 'cmake_clean_cache': False, 'cmake_clean_first': False, 'cmake_force_configure': False, 'cmake_target': None, 'cmake_target_skip_unavailable': False, 'install_base': '/home/mu/Documents/RINS/project/RINSproject/install/dis_tutorial4', 'merge_install': False, 'path': '/home/mu/Documents/RINS/project/RINSproject/src/dis_tutorial4', 'symlink_install': False, 'test_result_base': None}
[1.846s] Level 5:colcon.colcon_core.verb:set package 'dis_tutorial7' build argument 'cmake_args' from command line to 'None'
[1.847s] Level 5:colcon.colcon_core.verb:set package 'dis_tutorial7' build argument 'cmake_target' from command line to 'None'
[1.847s] Level 5:colcon.colcon_core.verb:set package 'dis_tutorial7' build argument 'cmake_target_skip_unavailable' from command line to 'False'
[1.847s] Level 5:colcon.colcon_core.verb:set package 'dis_tutorial7' build argument 'cmake_clean_cache' from command line to 'False'
[1.847s] Level 5:colcon.colcon_core.verb:set package 'dis_tutorial7' build argument 'cmake_clean_first' from command line to 'False'
[1.847s] Level 5:colcon.colcon_core.verb:set package 'dis_tutorial7' build argument 'cmake_force_configure' from command line to 'False'
[1.847s] Level 5:colcon.colcon_core.verb:set package 'dis_tutorial7' build argument 'ament_cmake_args' from command line to 'None'
[1.847s] Level 5:colcon.colcon_core.verb:set package 'dis_tutorial7' build argument 'catkin_cmake_args' from command line to 'None'
[1.847s] Level 5:colcon.colcon_core.verb:set package 'dis_tutorial7' build argument 'catkin_skip_building_tests' from command line to 'False'
[1.847s] DEBUG:colcon.colcon_core.verb:Building package 'dis_tutorial7' with the following arguments: {'ament_cmake_args': None, 'build_base': '/home/mu/Documents/RINS/project/RINSproject/build/dis_tutorial7', 'catkin_cmake_args': None, 'catkin_skip_building_tests': False, 'cmake_args': None, 'cmake_clean_cache': False, 'cmake_clean_first': False, 'cmake_force_configure': False, 'cmake_target': None, 'cmake_target_skip_unavailable': False, 'install_base': '/home/mu/Documents/RINS/project/RINSproject/install/dis_tutorial7', 'merge_install': False, 'path': '/home/mu/Documents/RINS/project/RINSproject/src/dis_tutorial7', 'symlink_install': False, 'test_result_base': None}
[1.866s] INFO:colcon.colcon_core.executor:Executing jobs using 'parallel' executor
[1.887s] DEBUG:colcon.colcon_parallel_executor.executor.parallel:run_until_complete
[1.887s] INFO:colcon.colcon_ros.task.ament_cmake.build:Building ROS package in '/home/mu/Documents/RINS/project/RINSproject/src/dis_tutorial3' with build type 'ament_cmake'
[1.887s] INFO:colcon.colcon_cmake.task.cmake.build:Building CMake package in '/home/mu/Documents/RINS/project/RINSproject/src/dis_tutorial3'
[1.908s] INFO:colcon.colcon_core.plugin_system:Skipping extension 'colcon_core.shell.bat': Not used on non-Windows systems
[1.908s] INFO:colcon.colcon_core.shell:Skip shell extension 'powershell' for command environment: Not usable outside of PowerShell
[1.908s] DEBUG:colcon.colcon_core.shell:Skip shell extension 'dsv' for command environment
[1.972s] INFO:colcon.colcon_ros.task.ament_cmake.build:Building ROS package in '/home/mu/Documents/RINS/project/RINSproject/src/dis_tutorial4' with build type 'ament_cmake'
[1.972s] INFO:colcon.colcon_cmake.task.cmake.build:Building CMake package in '/home/mu/Documents/RINS/project/RINSproject/src/dis_tutorial4'
[1.994s] INFO:colcon.colcon_core.shell:Skip shell extension 'powershell' for command environment: Not usable outside of PowerShell
[1.994s] DEBUG:colcon.colcon_core.shell:Skip shell extension 'dsv' for command environment
[2.058s] INFO:colcon.colcon_ros.task.ament_cmake.build:Building ROS package in '/home/mu/Documents/RINS/project/RINSproject/src/dis_tutorial7' with build type 'ament_cmake'
[2.058s] INFO:colcon.colcon_cmake.task.cmake.build:Building CMake package in '/home/mu/Documents/RINS/project/RINSproject/src/dis_tutorial7'
[2.081s] INFO:colcon.colcon_core.shell:Skip shell extension 'powershell' for command environment: Not usable outside of PowerShell
[2.082s] DEBUG:colcon.colcon_core.shell:Skip shell extension 'dsv' for command environment
[2.162s] DEBUG:colcon.colcon_core.event_handler.log_command:Invoking command in '/home/mu/Documents/RINS/project/RINSproject/build/dis_tutorial3': CMAKE_PREFIX_PATH=${CMAKE_PREFIX_PATH}:/opt/ros/humble /usr/bin/cmake --build /home/mu/Documents/RINS/project/RINSproject/build/dis_tutorial3 -- -j16 -l16
[2.166s] DEBUG:colcon.colcon_core.event_handler.log_command:Invoking command in '/home/mu/Documents/RINS/project/RINSproject/build/dis_tutorial4': CMAKE_PREFIX_PATH=${CMAKE_PREFIX_PATH}:/opt/ros/humble /usr/bin/cmake --build /home/mu/Documents/RINS/project/RINSproject/build/dis_tutorial4 -- -j16 -l16
[2.179s] DEBUG:colcon.colcon_core.event_handler.log_command:Invoking command in '/home/mu/Documents/RINS/project/RINSproject/build/dis_tutorial7': CMAKE_PREFIX_PATH=${CMAKE_PREFIX_PATH}:/opt/ros/humble /usr/bin/cmake --build /home/mu/Documents/RINS/project/RINSproject/build/dis_tutorial7 -- -j16 -l16
[2.217s] DEBUG:colcon.colcon_core.event_handler.log_command:Invoked command in '/home/mu/Documents/RINS/project/RINSproject/build/dis_tutorial3' returned '0': CMAKE_PREFIX_PATH=${CMAKE_PREFIX_PATH}:/opt/ros/humble /usr/bin/cmake --build /home/mu/Documents/RINS/project/RINSproject/build/dis_tutorial3 -- -j16 -l16
[2.223s] DEBUG:colcon.colcon_core.event_handler.log_command:Invoked command in '/home/mu/Documents/RINS/project/RINSproject/build/dis_tutorial4' returned '0': CMAKE_PREFIX_PATH=${CMAKE_PREFIX_PATH}:/opt/ros/humble /usr/bin/cmake --build /home/mu/Documents/RINS/project/RINSproject/build/dis_tutorial4 -- -j16 -l16
[2.235s] DEBUG:colcon.colcon_core.event_handler.log_command:Invoked command in '/home/mu/Documents/RINS/project/RINSproject/build/dis_tutorial7' returned '0': CMAKE_PREFIX_PATH=${CMAKE_PREFIX_PATH}:/opt/ros/humble /usr/bin/cmake --build /home/mu/Documents/RINS/project/RINSproject/build/dis_tutorial7 -- -j16 -l16
[2.274s] DEBUG:colcon.colcon_core.event_handler.log_command:Invoking command in '/home/mu/Documents/RINS/project/RINSproject/build/dis_tutorial3': CMAKE_PREFIX_PATH=${CMAKE_PREFIX_PATH}:/opt/ros/humble /usr/bin/cmake --install /home/mu/Documents/RINS/project/RINSproject/build/dis_tutorial3
[2.277s] DEBUG:colcon.colcon_core.event_handler.log_command:Invoking command in '/home/mu/Documents/RINS/project/RINSproject/build/dis_tutorial4': CMAKE_PREFIX_PATH=${CMAKE_PREFIX_PATH}:/opt/ros/humble /usr/bin/cmake --install /home/mu/Documents/RINS/project/RINSproject/build/dis_tutorial4
[2.279s] DEBUG:colcon.colcon_core.event_handler.log_command:Invoking command in '/home/mu/Documents/RINS/project/RINSproject/build/dis_tutorial7': CMAKE_PREFIX_PATH=${CMAKE_PREFIX_PATH}:/opt/ros/humble /usr/bin/cmake --install /home/mu/Documents/RINS/project/RINSproject/build/dis_tutorial7
[2.291s] Level 1:colcon.colcon_core.environment:create_environment_scripts_only(dis_tutorial4)
[2.314s] DEBUG:colcon.colcon_core.event_handler.log_command:Invoked command in '/home/mu/Documents/RINS/project/RINSproject/build/dis_tutorial4' returned '0': CMAKE_PREFIX_PATH=${CMAKE_PREFIX_PATH}:/opt/ros/humble /usr/bin/cmake --install /home/mu/Documents/RINS/project/RINSproject/build/dis_tutorial4
[2.334s] Level 1:colcon.colcon_core.environment:checking '/home/mu/Documents/RINS/project/RINSproject/install/dis_tutorial4' for CMake module files
[2.334s] Level 1:colcon.colcon_core.environment:checking '/home/mu/Documents/RINS/project/RINSproject/install/dis_tutorial4' for CMake config files
[2.335s] Level 1:colcon.colcon_core.shell:create_environment_hook('dis_tutorial4', 'cmake_prefix_path')
[2.355s] INFO:colcon.colcon_core.shell:Creating environment hook '/home/mu/Documents/RINS/project/RINSproject/install/dis_tutorial4/share/dis_tutorial4/hook/cmake_prefix_path.ps1'
[2.356s] INFO:colcon.colcon_core.shell:Creating environment descriptor '/home/mu/Documents/RINS/project/RINSproject/install/dis_tutorial4/share/dis_tutorial4/hook/cmake_prefix_path.dsv'
[2.356s] INFO:colcon.colcon_core.shell:Creating environment hook '/home/mu/Documents/RINS/project/RINSproject/install/dis_tutorial4/share/dis_tutorial4/hook/cmake_prefix_path.sh'
[2.357s] Level 1:colcon.colcon_core.environment:checking '/home/mu/Documents/RINS/project/RINSproject/install/dis_tutorial4/lib'
[2.357s] Level 1:colcon.colcon_core.environment:checking '/home/mu/Documents/RINS/project/RINSproject/install/dis_tutorial4/bin'
[2.358s] Level 1:colcon.colcon_core.environment:checking '/home/mu/Documents/RINS/project/RINSproject/install/dis_tutorial4/lib/pkgconfig/dis_tutorial4.pc'
[2.358s] Level 1:colcon.colcon_core.environment:checking '/home/mu/Documents/RINS/project/RINSproject/install/dis_tutorial4/lib/python3.10/site-packages'
[2.358s] Level 1:colcon.colcon_core.environment:checking '/home/mu/Documents/RINS/project/RINSproject/install/dis_tutorial4/bin'
[2.380s] INFO:colcon.colcon_core.shell:Creating package script '/home/mu/Documents/RINS/project/RINSproject/install/dis_tutorial4/share/dis_tutorial4/package.ps1'
[2.381s] INFO:colcon.colcon_core.shell:Creating package descriptor '/home/mu/Documents/RINS/project/RINSproject/install/dis_tutorial4/share/dis_tutorial4/package.dsv'
[2.382s] INFO:colcon.colcon_core.shell:Creating package script '/home/mu/Documents/RINS/project/RINSproject/install/dis_tutorial4/share/dis_tutorial4/package.sh'
[2.383s] INFO:colcon.colcon_core.shell:Creating package script '/home/mu/Documents/RINS/project/RINSproject/install/dis_tutorial4/share/dis_tutorial4/package.bash'
[2.383s] INFO:colcon.colcon_core.shell:Creating package script '/home/mu/Documents/RINS/project/RINSproject/install/dis_tutorial4/share/dis_tutorial4/package.zsh'
[2.384s] Level 1:colcon.colcon_core.environment:create_file_with_runtime_dependencies(/home/mu/Documents/RINS/project/RINSproject/install/dis_tutorial4/share/colcon-core/packages/dis_tutorial4)
[2.387s] Level 1:colcon.colcon_core.environment:create_environment_scripts_only(dis_tutorial3)
[2.387s] DEBUG:colcon.colcon_core.event_handler.log_command:Invoked command in '/home/mu/Documents/RINS/project/RINSproject/build/dis_tutorial3' returned '0': CMAKE_PREFIX_PATH=${CMAKE_PREFIX_PATH}:/opt/ros/humble /usr/bin/cmake --install /home/mu/Documents/RINS/project/RINSproject/build/dis_tutorial3
[2.410s] Level 1:colcon.colcon_core.environment:checking '/home/mu/Documents/RINS/project/RINSproject/install/dis_tutorial3' for CMake module files
[2.410s] Level 1:colcon.colcon_core.environment:checking '/home/mu/Documents/RINS/project/RINSproject/install/dis_tutorial3' for CMake config files
[2.411s] Level 1:colcon.colcon_core.shell:create_environment_hook('dis_tutorial3', 'cmake_prefix_path')
[2.432s] INFO:colcon.colcon_core.shell:Creating environment hook '/home/mu/Documents/RINS/project/RINSproject/install/dis_tutorial3/share/dis_tutorial3/hook/cmake_prefix_path.ps1'
[2.432s] INFO:colcon.colcon_core.shell:Creating environment descriptor '/home/mu/Documents/RINS/project/RINSproject/install/dis_tutorial3/share/dis_tutorial3/hook/cmake_prefix_path.dsv'
[2.433s] INFO:colcon.colcon_core.shell:Creating environment hook '/home/mu/Documents/RINS/project/RINSproject/install/dis_tutorial3/share/dis_tutorial3/hook/cmake_prefix_path.sh'
[2.433s] Level 1:colcon.colcon_core.environment:checking '/home/mu/Documents/RINS/project/RINSproject/install/dis_tutorial3/lib'
[2.434s] Level 1:colcon.colcon_core.environment:checking '/home/mu/Documents/RINS/project/RINSproject/install/dis_tutorial3/bin'
[2.434s] Level 1:colcon.colcon_core.environment:checking '/home/mu/Documents/RINS/project/RINSproject/install/dis_tutorial3/lib/pkgconfig/dis_tutorial3.pc'
[2.434s] Level 1:colcon.colcon_core.environment:checking '/home/mu/Documents/RINS/project/RINSproject/install/dis_tutorial3/lib/python3.10/site-packages'
[2.434s] Level 1:colcon.colcon_core.environment:checking '/home/mu/Documents/RINS/project/RINSproject/install/dis_tutorial3/bin'
[2.458s] INFO:colcon.colcon_core.shell:Creating package script '/home/mu/Documents/RINS/project/RINSproject/install/dis_tutorial3/share/dis_tutorial3/package.ps1'
[2.459s] INFO:colcon.colcon_core.shell:Creating package descriptor '/home/mu/Documents/RINS/project/RINSproject/install/dis_tutorial3/share/dis_tutorial3/package.dsv'
[2.460s] INFO:colcon.colcon_core.shell:Creating package script '/home/mu/Documents/RINS/project/RINSproject/install/dis_tutorial3/share/dis_tutorial3/package.sh'
[2.460s] INFO:colcon.colcon_core.shell:Creating package script '/home/mu/Documents/RINS/project/RINSproject/install/dis_tutorial3/share/dis_tutorial3/package.bash'
[2.461s] INFO:colcon.colcon_core.shell:Creating package script '/home/mu/Documents/RINS/project/RINSproject/install/dis_tutorial3/share/dis_tutorial3/package.zsh'
[2.461s] Level 1:colcon.colcon_core.environment:create_file_with_runtime_dependencies(/home/mu/Documents/RINS/project/RINSproject/install/dis_tutorial3/share/colcon-core/packages/dis_tutorial3)
[2.464s] Level 1:colcon.colcon_core.environment:create_environment_scripts_only(dis_tutorial7)
[2.466s] DEBUG:colcon.colcon_core.event_handler.log_command:Invoked command in '/home/mu/Documents/RINS/project/RINSproject/build/dis_tutorial7' returned '0': CMAKE_PREFIX_PATH=${CMAKE_PREFIX_PATH}:/opt/ros/humble /usr/bin/cmake --install /home/mu/Documents/RINS/project/RINSproject/build/dis_tutorial7
[2.490s] Level 1:colcon.colcon_core.environment:checking '/home/mu/Documents/RINS/project/RINSproject/install/dis_tutorial7' for CMake module files
[2.490s] Level 1:colcon.colcon_core.environment:checking '/home/mu/Documents/RINS/project/RINSproject/install/dis_tutorial7' for CMake config files
[2.491s] Level 1:colcon.colcon_core.shell:create_environment_hook('dis_tutorial7', 'cmake_prefix_path')
[2.513s] INFO:colcon.colcon_core.shell:Creating environment hook '/home/mu/Documents/RINS/project/RINSproject/install/dis_tutorial7/share/dis_tutorial7/hook/cmake_prefix_path.ps1'
[2.514s] INFO:colcon.colcon_core.shell:Creating environment descriptor '/home/mu/Documents/RINS/project/RINSproject/install/dis_tutorial7/share/dis_tutorial7/hook/cmake_prefix_path.dsv'
[2.514s] INFO:colcon.colcon_core.shell:Creating environment hook '/home/mu/Documents/RINS/project/RINSproject/install/dis_tutorial7/share/dis_tutorial7/hook/cmake_prefix_path.sh'
[2.515s] Level 1:colcon.colcon_core.environment:checking '/home/mu/Documents/RINS/project/RINSproject/install/dis_tutorial7/lib'
[2.515s] Level 1:colcon.colcon_core.environment:checking '/home/mu/Documents/RINS/project/RINSproject/install/dis_tutorial7/bin'
[2.515s] Level 1:colcon.colcon_core.environment:checking '/home/mu/Documents/RINS/project/RINSproject/install/dis_tutorial7/lib/pkgconfig/dis_tutorial7.pc'
[2.516s] Level 1:colcon.colcon_core.environment:checking '/home/mu/Documents/RINS/project/RINSproject/install/dis_tutorial7/lib/python3.10/site-packages'
[2.516s] Level 1:colcon.colcon_core.environment:checking '/home/mu/Documents/RINS/project/RINSproject/install/dis_tutorial7/bin'
[2.542s] INFO:colcon.colcon_core.shell:Creating package script '/home/mu/Documents/RINS/project/RINSproject/install/dis_tutorial7/share/dis_tutorial7/package.ps1'
[2.542s] INFO:colcon.colcon_core.shell:Creating package descriptor '/home/mu/Documents/RINS/project/RINSproject/install/dis_tutorial7/share/dis_tutorial7/package.dsv'
[2.543s] INFO:colcon.colcon_core.shell:Creating package script '/home/mu/Documents/RINS/project/RINSproject/install/dis_tutorial7/share/dis_tutorial7/package.sh'
[2.544s] INFO:colcon.colcon_core.shell:Creating package script '/home/mu/Documents/RINS/project/RINSproject/install/dis_tutorial7/share/dis_tutorial7/package.bash'
[2.544s] INFO:colcon.colcon_core.shell:Creating package script '/home/mu/Documents/RINS/project/RINSproject/install/dis_tutorial7/share/dis_tutorial7/package.zsh'
[2.544s] Level 1:colcon.colcon_core.environment:create_file_with_runtime_dependencies(/home/mu/Documents/RINS/project/RINSproject/install/dis_tutorial7/share/colcon-core/packages/dis_tutorial7)
[2.572s] Level 1:colcon.colcon_core.environment:create_environment_scripts_only(dis_tutorial4)
[2.598s] Level 1:colcon.colcon_core.environment:checking '/home/mu/Documents/RINS/project/RINSproject/install/dis_tutorial4' for CMake module files
[2.599s] Level 1:colcon.colcon_core.environment:checking '/home/mu/Documents/RINS/project/RINSproject/install/dis_tutorial4' for CMake config files
[2.600s] Level 1:colcon.colcon_core.shell:create_environment_hook('dis_tutorial4', 'cmake_prefix_path')
[2.624s] INFO:colcon.colcon_core.shell:Creating environment hook '/home/mu/Documents/RINS/project/RINSproject/install/dis_tutorial4/share/dis_tutorial4/hook/cmake_prefix_path.ps1'
[2.625s] INFO:colcon.colcon_core.shell:Creating environment descriptor '/home/mu/Documents/RINS/project/RINSproject/install/dis_tutorial4/share/dis_tutorial4/hook/cmake_prefix_path.dsv'
[2.625s] INFO:colcon.colcon_core.shell:Creating environment hook '/home/mu/Documents/RINS/project/RINSproject/install/dis_tutorial4/share/dis_tutorial4/hook/cmake_prefix_path.sh'
[2.626s] Level 1:colcon.colcon_core.environment:checking '/home/mu/Documents/RINS/project/RINSproject/install/dis_tutorial4/lib'
[2.626s] Level 1:colcon.colcon_core.environment:checking '/home/mu/Documents/RINS/project/RINSproject/install/dis_tutorial4/bin'
[2.626s] Level 1:colcon.colcon_core.environment:checking '/home/mu/Documents/RINS/project/RINSproject/install/dis_tutorial4/lib/pkgconfig/dis_tutorial4.pc'
[2.626s] Level 1:colcon.colcon_core.environment:checking '/home/mu/Documents/RINS/project/RINSproject/install/dis_tutorial4/lib/python3.10/site-packages'
[2.627s] Level 1:colcon.colcon_core.environment:checking '/home/mu/Documents/RINS/project/RINSproject/install/dis_tutorial4/bin'
[2.649s] INFO:colcon.colcon_core.shell:Creating package script '/home/mu/Documents/RINS/project/RINSproject/install/dis_tutorial4/share/dis_tutorial4/package.ps1'
[2.650s] INFO:colcon.colcon_core.shell:Creating package descriptor '/home/mu/Documents/RINS/project/RINSproject/install/dis_tutorial4/share/dis_tutorial4/package.dsv'
[2.650s] INFO:colcon.colcon_core.shell:Creating package script '/home/mu/Documents/RINS/project/RINSproject/install/dis_tutorial4/share/dis_tutorial4/package.sh'
[2.651s] INFO:colcon.colcon_core.shell:Creating package script '/home/mu/Documents/RINS/project/RINSproject/install/dis_tutorial4/share/dis_tutorial4/package.bash'
[2.652s] INFO:colcon.colcon_core.shell:Creating package script '/home/mu/Documents/RINS/project/RINSproject/install/dis_tutorial4/share/dis_tutorial4/package.zsh'
[2.652s] Level 1:colcon.colcon_core.environment:create_file_with_runtime_dependencies(/home/mu/Documents/RINS/project/RINSproject/install/dis_tutorial4/share/colcon-core/packages/dis_tutorial4)
[2.675s] Level 1:colcon.colcon_core.environment:create_environment_scripts_only(dis_tutorial3)
[2.695s] Level 1:colcon.colcon_core.environment:checking '/home/mu/Documents/RINS/project/RINSproject/install/dis_tutorial3' for CMake module files
[2.695s] Level 1:colcon.colcon_core.environment:checking '/home/mu/Documents/RINS/project/RINSproject/install/dis_tutorial3' for CMake config files
[2.696s] Level 1:colcon.colcon_core.shell:create_environment_hook('dis_tutorial3', 'cmake_prefix_path')
[2.716s] INFO:colcon.colcon_core.shell:Creating environment hook '/home/mu/Documents/RINS/project/RINSproject/install/dis_tutorial3/share/dis_tutorial3/hook/cmake_prefix_path.ps1'
[2.717s] INFO:colcon.colcon_core.shell:Creating environment descriptor '/home/mu/Documents/RINS/project/RINSproject/install/dis_tutorial3/share/dis_tutorial3/hook/cmake_prefix_path.dsv'
[2.717s] INFO:colcon.colcon_core.shell:Creating environment hook '/home/mu/Documents/RINS/project/RINSproject/install/dis_tutorial3/share/dis_tutorial3/hook/cmake_prefix_path.sh'
[2.718s] Level 1:colcon.colcon_core.environment:checking '/home/mu/Documents/RINS/project/RINSproject/install/dis_tutorial3/lib'
[2.718s] Level 1:colcon.colcon_core.environment:checking '/home/mu/Documents/RINS/project/RINSproject/install/dis_tutorial3/bin'
[2.718s] Level 1:colcon.colcon_core.environment:checking '/home/mu/Documents/RINS/project/RINSproject/install/dis_tutorial3/lib/pkgconfig/dis_tutorial3.pc'
[2.719s] Level 1:colcon.colcon_core.environment:checking '/home/mu/Documents/RINS/project/RINSproject/install/dis_tutorial3/lib/python3.10/site-packages'
[2.719s] Level 1:colcon.colcon_core.environment:checking '/home/mu/Documents/RINS/project/RINSproject/install/dis_tutorial3/bin'
[2.738s] INFO:colcon.colcon_core.shell:Creating package script '/home/mu/Documents/RINS/project/RINSproject/install/dis_tutorial3/share/dis_tutorial3/package.ps1'
[2.739s] INFO:colcon.colcon_core.shell:Creating package descriptor '/home/mu/Documents/RINS/project/RINSproject/install/dis_tutorial3/share/dis_tutorial3/package.dsv'
[2.739s] INFO:colcon.colcon_core.shell:Creating package script '/home/mu/Documents/RINS/project/RINSproject/install/dis_tutorial3/share/dis_tutorial3/package.sh'
[2.740s] INFO:colcon.colcon_core.shell:Creating package script '/home/mu/Documents/RINS/project/RINSproject/install/dis_tutorial3/share/dis_tutorial3/package.bash'
[2.740s] INFO:colcon.colcon_core.shell:Creating package script '/home/mu/Documents/RINS/project/RINSproject/install/dis_tutorial3/share/dis_tutorial3/package.zsh'
[2.740s] Level 1:colcon.colcon_core.environment:create_file_with_runtime_dependencies(/home/mu/Documents/RINS/project/RINSproject/install/dis_tutorial3/share/colcon-core/packages/dis_tutorial3)
[2.762s] Level 1:colcon.colcon_core.environment:create_environment_scripts_only(dis_tutorial7)
[2.782s] Level 1:colcon.colcon_core.environment:checking '/home/mu/Documents/RINS/project/RINSproject/install/dis_tutorial7' for CMake module files
[2.782s] Level 1:colcon.colcon_core.environment:checking '/home/mu/Documents/RINS/project/RINSproject/install/dis_tutorial7' for CMake config files
[2.783s] Level 1:colcon.colcon_core.shell:create_environment_hook('dis_tutorial7', 'cmake_prefix_path')
[2.803s] INFO:colcon.colcon_core.shell:Creating environment hook '/home/mu/Documents/RINS/project/RINSproject/install/dis_tutorial7/share/dis_tutorial7/hook/cmake_prefix_path.ps1'
[2.804s] INFO:colcon.colcon_core.shell:Creating environment descriptor '/home/mu/Documents/RINS/project/RINSproject/install/dis_tutorial7/share/dis_tutorial7/hook/cmake_prefix_path.dsv'
[2.804s] INFO:colcon.colcon_core.shell:Creating environment hook '/home/mu/Documents/RINS/project/RINSproject/install/dis_tutorial7/share/dis_tutorial7/hook/cmake_prefix_path.sh'
[2.804s] Level 1:colcon.colcon_core.environment:checking '/home/mu/Documents/RINS/project/RINSproject/install/dis_tutorial7/lib'
[2.804s] Level 1:colcon.colcon_core.environment:checking '/home/mu/Documents/RINS/project/RINSproject/install/dis_tutorial7/bin'
[2.805s] Level 1:colcon.colcon_core.environment:checking '/home/mu/Documents/RINS/project/RINSproject/install/dis_tutorial7/lib/pkgconfig/dis_tutorial7.pc'
[2.805s] Level 1:colcon.colcon_core.environment:checking '/home/mu/Documents/RINS/project/RINSproject/install/dis_tutorial7/lib/python3.10/site-packages'
[2.805s] Level 1:colcon.colcon_core.environment:checking '/home/mu/Documents/RINS/project/RINSproject/install/dis_tutorial7/bin'
[2.823s] INFO:colcon.colcon_core.shell:Creating package script '/home/mu/Documents/RINS/project/RINSproject/install/dis_tutorial7/share/dis_tutorial7/package.ps1'
[2.824s] INFO:colcon.colcon_core.shell:Creating package descriptor '/home/mu/Documents/RINS/project/RINSproject/install/dis_tutorial7/share/dis_tutorial7/package.dsv'
[2.825s] INFO:colcon.colcon_core.shell:Creating package script '/home/mu/Documents/RINS/project/RINSproject/install/dis_tutorial7/share/dis_tutorial7/package.sh'
[2.825s] INFO:colcon.colcon_core.shell:Creating package script '/home/mu/Documents/RINS/project/RINSproject/install/dis_tutorial7/share/dis_tutorial7/package.bash'
[2.826s] INFO:colcon.colcon_core.shell:Creating package script '/home/mu/Documents/RINS/project/RINSproject/install/dis_tutorial7/share/dis_tutorial7/package.zsh'
[2.826s] Level 1:colcon.colcon_core.environment:create_file_with_runtime_dependencies(/home/mu/Documents/RINS/project/RINSproject/install/dis_tutorial7/share/colcon-core/packages/dis_tutorial7)
[2.826s] DEBUG:colcon.colcon_parallel_executor.executor.parallel:closing loop
[2.827s] DEBUG:colcon.colcon_parallel_executor.executor.parallel:loop closed
[2.827s] DEBUG:colcon.colcon_parallel_executor.executor.parallel:run_until_complete finished with '0'
[2.827s] DEBUG:colcon.colcon_core.event_reactor:joining thread
[2.854s] INFO:colcon.colcon_core.plugin_system:Skipping extension 'colcon_notification.desktop_notification.notify_send': Could not find 'notify-send'
[2.854s] INFO:colcon.colcon_core.plugin_system:Skipping extension 'colcon_notification.desktop_notification.terminal_notifier': Not used on non-Darwin systems
[2.854s] INFO:colcon.colcon_core.plugin_system:Skipping extension 'colcon_notification.desktop_notification.win32': Not used on non-Windows systems
[2.855s] INFO:colcon.colcon_notification.desktop_notification:Sending desktop notification using 'notify2'
[2.887s] DEBUG:colcon.colcon_core.event_reactor:joined thread
[2.906s] INFO:colcon.colcon_core.shell:Creating prefix script '/home/mu/Documents/RINS/project/RINSproject/install/local_setup.ps1'
[2.907s] INFO:colcon.colcon_core.shell:Creating prefix util module '/home/mu/Documents/RINS/project/RINSproject/install/_local_setup_util_ps1.py'
[2.908s] INFO:colcon.colcon_core.shell:Creating prefix chain script '/home/mu/Documents/RINS/project/RINSproject/install/setup.ps1'
[2.930s] INFO:colcon.colcon_core.shell:Creating prefix script '/home/mu/Documents/RINS/project/RINSproject/install/local_setup.sh'
[2.930s] INFO:colcon.colcon_core.shell:Creating prefix util module '/home/mu/Documents/RINS/project/RINSproject/install/_local_setup_util_sh.py'
[2.931s] INFO:colcon.colcon_core.shell:Creating prefix chain script '/home/mu/Documents/RINS/project/RINSproject/install/setup.sh'
[2.954s] INFO:colcon.colcon_core.shell:Creating prefix script '/home/mu/Documents/RINS/project/RINSproject/install/local_setup.bash'
[2.954s] INFO:colcon.colcon_core.shell:Creating prefix chain script '/home/mu/Documents/RINS/project/RINSproject/install/setup.bash'
[2.976s] INFO:colcon.colcon_core.shell:Creating prefix script '/home/mu/Documents/RINS/project/RINSproject/install/local_setup.zsh'
[2.977s] INFO:colcon.colcon_core.shell:Creating prefix chain script '/home/mu/Documents/RINS/project/RINSproject/install/setup.zsh'
