[1.420s] DEBUG:colcon:Command line arguments: ['/usr/bin/colcon', 'build']
[1.420s] DEBUG:colcon:Parsed command line arguments: Namespace(log_base=None, log_level=None, verb_name='build', build_base='build', install_base='install', merge_install=False, symlink_install=False, test_result_base=None, continue_on_error=False, executor='parallel', parallel_workers=16, event_handlers=None, ignore_user_meta=False, metas=['./colcon.meta'], base_paths=['.'], packages_ignore=None, packages_ignore_regex=None, paths=None, packages_up_to=None, packages_up_to_regex=None, packages_above=None, packages_above_and_dependencies=None, packages_above_depth=None, packages_select_by_dep=None, packages_skip_by_dep=None, packages_skip_up_to=None, packages_select_build_failed=False, packages_skip_build_finished=False, packages_select_test_failures=False, packages_skip_test_passed=False, packages_select=None, packages_skip=None, packages_select_regex=None, packages_skip_regex=None, packages_start=None, packages_end=None, allow_overriding=[], cmake_args=None, cmake_target=None, cmake_target_skip_unavailable=False, cmake_clean_cache=False, cmake_clean_first=False, cmake_force_configure=False, ament_cmake_args=None, catkin_cmake_args=None, catkin_skip_building_tests=False, verb_parser=<colcon_defaults.argument_parser.defaults.DefaultArgumentsDecorator object at 0x790d73de1060>, verb_extension=<colcon_core.verb.build.BuildVerb object at 0x790d73de21a0>, main=<bound method BuildVerb.main of <colcon_core.verb.build.BuildVerb object at 0x790d73de21a0>>)
[1.514s] Level 1:colcon.colcon_core.package_discovery:discover_packages(colcon_meta) check parameters
[1.515s] Level 1:colcon.colcon_core.package_discovery:discover_packages(recursive) check parameters
[1.515s] Level 1:colcon.colcon_core.package_discovery:discover_packages(ignore) check parameters
[1.515s] Level 1:colcon.colcon_core.package_discovery:discover_packages(path) check parameters
[1.515s] Level 1:colcon.colcon_core.package_discovery:discover_packages(colcon_meta) discover
[1.515s] Level 1:colcon.colcon_core.package_discovery:discover_packages(recursive) discover
[1.515s] INFO:colcon.colcon_core.package_discovery:Crawling recursively for packages in '/home/mu/Documents/RINS/vaje/vaje4'
[1.515s] Level 1:colcon.colcon_core.package_identification:_identify(.) by extensions ['ignore', 'ignore_ament_install']
[1.515s] Level 1:colcon.colcon_core.package_identification:_identify(.) by extension 'ignore'
[1.515s] Level 1:colcon.colcon_core.package_identification:_identify(.) by extension 'ignore_ament_install'
[1.515s] Level 1:colcon.colcon_core.package_identification:_identify(.) by extensions ['colcon_pkg']
[1.515s] Level 1:colcon.colcon_core.package_identification:_identify(.) by extension 'colcon_pkg'
[1.515s] Level 1:colcon.colcon_core.package_identification:_identify(.) by extensions ['colcon_meta']
[1.515s] Level 1:colcon.colcon_core.package_identification:_identify(.) by extension 'colcon_meta'
[1.515s] Level 1:colcon.colcon_core.package_identification:_identify(.) by extensions ['ros']
[1.515s] Level 1:colcon.colcon_core.package_identification:_identify(.) by extension 'ros'
[1.532s] Level 1:colcon.colcon_core.package_identification:_identify(.) by extensions ['cmake', 'python']
[1.532s] Level 1:colcon.colcon_core.package_identification:_identify(.) by extension 'cmake'
[1.532s] Level 1:colcon.colcon_core.package_identification:_identify(.) by extension 'python'
[1.532s] Level 1:colcon.colcon_core.package_identification:_identify(.) by extensions ['python_setup_py']
[1.532s] Level 1:colcon.colcon_core.package_identification:_identify(.) by extension 'python_setup_py'
[1.532s] Level 1:colcon.colcon_core.package_identification:_identify(build) by extensions ['ignore', 'ignore_ament_install']
[1.532s] Level 1:colcon.colcon_core.package_identification:_identify(build) by extension 'ignore'
[1.532s] Level 1:colcon.colcon_core.package_identification:_identify(build) ignored
[1.532s] Level 1:colcon.colcon_core.package_identification:_identify(install) by extensions ['ignore', 'ignore_ament_install']
[1.532s] Level 1:colcon.colcon_core.package_identification:_identify(install) by extension 'ignore'
[1.532s] Level 1:colcon.colcon_core.package_identification:_identify(install) ignored
[1.533s] Level 1:colcon.colcon_core.package_identification:_identify(log) by extensions ['ignore', 'ignore_ament_install']
[1.533s] Level 1:colcon.colcon_core.package_identification:_identify(log) by extension 'ignore'
[1.533s] Level 1:colcon.colcon_core.package_identification:_identify(log) ignored
[1.533s] Level 1:colcon.colcon_core.package_identification:_identify(src) by extensions ['ignore', 'ignore_ament_install']
[1.533s] Level 1:colcon.colcon_core.package_identification:_identify(src) by extension 'ignore'
[1.533s] Level 1:colcon.colcon_core.package_identification:_identify(src) by extension 'ignore_ament_install'
[1.533s] Level 1:colcon.colcon_core.package_identification:_identify(src) by extensions ['colcon_pkg']
[1.533s] Level 1:colcon.colcon_core.package_identification:_identify(src) by extension 'colcon_pkg'
[1.533s] Level 1:colcon.colcon_core.package_identification:_identify(src) by extensions ['colcon_meta']
[1.533s] Level 1:colcon.colcon_core.package_identification:_identify(src) by extension 'colcon_meta'
[1.533s] Level 1:colcon.colcon_core.package_identification:_identify(src) by extensions ['ros']
[1.533s] Level 1:colcon.colcon_core.package_identification:_identify(src) by extension 'ros'
[1.533s] Level 1:colcon.colcon_core.package_identification:_identify(src) by extensions ['cmake', 'python']
[1.533s] Level 1:colcon.colcon_core.package_identification:_identify(src) by extension 'cmake'
[1.534s] Level 1:colcon.colcon_core.package_identification:_identify(src) by extension 'python'
[1.534s] Level 1:colcon.colcon_core.package_identification:_identify(src) by extensions ['python_setup_py']
[1.534s] Level 1:colcon.colcon_core.package_identification:_identify(src) by extension 'python_setup_py'
[1.534s] Level 1:colcon.colcon_core.package_identification:_identify(src/dis_tutorial3) by extensions ['ignore', 'ignore_ament_install']
[1.534s] Level 1:colcon.colcon_core.package_identification:_identify(src/dis_tutorial3) by extension 'ignore'
[1.534s] Level 1:colcon.colcon_core.package_identification:_identify(src/dis_tutorial3) by extension 'ignore_ament_install'
[1.534s] Level 1:colcon.colcon_core.package_identification:_identify(src/dis_tutorial3) by extensions ['colcon_pkg']
[1.534s] Level 1:colcon.colcon_core.package_identification:_identify(src/dis_tutorial3) by extension 'colcon_pkg'
[1.534s] Level 1:colcon.colcon_core.package_identification:_identify(src/dis_tutorial3) by extensions ['colcon_meta']
[1.534s] Level 1:colcon.colcon_core.package_identification:_identify(src/dis_tutorial3) by extension 'colcon_meta'
[1.534s] Level 1:colcon.colcon_core.package_identification:_identify(src/dis_tutorial3) by extensions ['ros']
[1.534s] Level 1:colcon.colcon_core.package_identification:_identify(src/dis_tutorial3) by extension 'ros'
[1.538s] DEBUG:colcon.colcon_core.package_identification:Package 'src/dis_tutorial3' with type 'ros.ament_cmake' and name 'dis_tutorial3'
[1.538s] Level 1:colcon.colcon_core.package_identification:_identify(src/dis_tutorial4) by extensions ['ignore', 'ignore_ament_install']
[1.538s] Level 1:colcon.colcon_core.package_identification:_identify(src/dis_tutorial4) by extension 'ignore'
[1.538s] Level 1:colcon.colcon_core.package_identification:_identify(src/dis_tutorial4) by extension 'ignore_ament_install'
[1.538s] Level 1:colcon.colcon_core.package_identification:_identify(src/dis_tutorial4) by extensions ['colcon_pkg']
[1.538s] Level 1:colcon.colcon_core.package_identification:_identify(src/dis_tutorial4) by extension 'colcon_pkg'
[1.538s] Level 1:colcon.colcon_core.package_identification:_identify(src/dis_tutorial4) by extensions ['colcon_meta']
[1.539s] Level 1:colcon.colcon_core.package_identification:_identify(src/dis_tutorial4) by extension 'colcon_meta'
[1.539s] Level 1:colcon.colcon_core.package_identification:_identify(src/dis_tutorial4) by extensions ['ros']
[1.539s] Level 1:colcon.colcon_core.package_identification:_identify(src/dis_tutorial4) by extension 'ros'
[1.540s] DEBUG:colcon.colcon_core.package_identification:Package 'src/dis_tutorial4' with type 'ros.ament_cmake' and name 'dis_tutorial4'
[1.540s] Level 1:colcon.colcon_core.package_discovery:discover_packages(recursive) using defaults
[1.540s] Level 1:colcon.colcon_core.package_discovery:discover_packages(ignore) discover
[1.540s] Level 1:colcon.colcon_core.package_discovery:discover_packages(ignore) using defaults
[1.540s] Level 1:colcon.colcon_core.package_discovery:discover_packages(path) discover
[1.540s] Level 1:colcon.colcon_core.package_discovery:discover_packages(path) using defaults
[1.658s] Level 1:colcon.colcon_core.package_discovery:discover_packages(prefix_path) check parameters
[1.659s] Level 1:colcon.colcon_core.package_discovery:discover_packages(prefix_path) discover
[1.699s] DEBUG:colcon.colcon_installed_package_information.package_discovery:Found 0 installed packages in /home/mu/colcon_ws/install
[1.720s] DEBUG:colcon.colcon_installed_package_information.package_discovery:Found 407 installed packages in /opt/ros/humble
[1.722s] Level 1:colcon.colcon_core.package_discovery:discover_packages(prefix_path) using defaults
[1.877s] Level 5:colcon.colcon_core.verb:set package 'dis_tutorial3' build argument 'cmake_args' from command line to 'None'
[1.877s] Level 5:colcon.colcon_core.verb:set package 'dis_tutorial3' build argument 'cmake_target' from command line to 'None'
[1.878s] Level 5:colcon.colcon_core.verb:set package 'dis_tutorial3' build argument 'cmake_target_skip_unavailable' from command line to 'False'
[1.878s] Level 5:colcon.colcon_core.verb:set package 'dis_tutorial3' build argument 'cmake_clean_cache' from command line to 'False'
[1.878s] Level 5:colcon.colcon_core.verb:set package 'dis_tutorial3' build argument 'cmake_clean_first' from command line to 'False'
[1.878s] Level 5:colcon.colcon_core.verb:set package 'dis_tutorial3' build argument 'cmake_force_configure' from command line to 'False'
[1.878s] Level 5:colcon.colcon_core.verb:set package 'dis_tutorial3' build argument 'ament_cmake_args' from command line to 'None'
[1.878s] Level 5:colcon.colcon_core.verb:set package 'dis_tutorial3' build argument 'catkin_cmake_args' from command line to 'None'
[1.878s] Level 5:colcon.colcon_core.verb:set package 'dis_tutorial3' build argument 'catkin_skip_building_tests' from command line to 'False'
[1.878s] DEBUG:colcon.colcon_core.verb:Building package 'dis_tutorial3' with the following arguments: {'ament_cmake_args': None, 'build_base': '/home/mu/Documents/RINS/vaje/vaje4/build/dis_tutorial3', 'catkin_cmake_args': None, 'catkin_skip_building_tests': False, 'cmake_args': None, 'cmake_clean_cache': False, 'cmake_clean_first': False, 'cmake_force_configure': False, 'cmake_target': None, 'cmake_target_skip_unavailable': False, 'install_base': '/home/mu/Documents/RINS/vaje/vaje4/install/dis_tutorial3', 'merge_install': False, 'path': '/home/mu/Documents/RINS/vaje/vaje4/src/dis_tutorial3', 'symlink_install': False, 'test_result_base': None}
[1.899s] Level 5:colcon.colcon_core.verb:set package 'dis_tutorial4' build argument 'cmake_args' from command line to 'None'
[1.899s] Level 5:colcon.colcon_core.verb:set package 'dis_tutorial4' build argument 'cmake_target' from command line to 'None'
[1.899s] Level 5:colcon.colcon_core.verb:set package 'dis_tutorial4' build argument 'cmake_target_skip_unavailable' from command line to 'False'
[1.899s] Level 5:colcon.colcon_core.verb:set package 'dis_tutorial4' build argument 'cmake_clean_cache' from command line to 'False'
[1.899s] Level 5:colcon.colcon_core.verb:set package 'dis_tutorial4' build argument 'cmake_clean_first' from command line to 'False'
[1.899s] Level 5:colcon.colcon_core.verb:set package 'dis_tutorial4' build argument 'cmake_force_configure' from command line to 'False'
[1.899s] Level 5:colcon.colcon_core.verb:set package 'dis_tutorial4' build argument 'ament_cmake_args' from command line to 'None'
[1.899s] Level 5:colcon.colcon_core.verb:set package 'dis_tutorial4' build argument 'catkin_cmake_args' from command line to 'None'
[1.899s] Level 5:colcon.colcon_core.verb:set package 'dis_tutorial4' build argument 'catkin_skip_building_tests' from command line to 'False'
[1.899s] DEBUG:colcon.colcon_core.verb:Building package 'dis_tutorial4' with the following arguments: {'ament_cmake_args': None, 'build_base': '/home/mu/Documents/RINS/vaje/vaje4/build/dis_tutorial4', 'catkin_cmake_args': None, 'catkin_skip_building_tests': False, 'cmake_args': None, 'cmake_clean_cache': False, 'cmake_clean_first': False, 'cmake_force_configure': False, 'cmake_target': None, 'cmake_target_skip_unavailable': False, 'install_base': '/home/mu/Documents/RINS/vaje/vaje4/install/dis_tutorial4', 'merge_install': False, 'path': '/home/mu/Documents/RINS/vaje/vaje4/src/dis_tutorial4', 'symlink_install': False, 'test_result_base': None}
[1.917s] INFO:colcon.colcon_core.executor:Executing jobs using 'parallel' executor
[1.938s] DEBUG:colcon.colcon_parallel_executor.executor.parallel:run_until_complete
[1.939s] INFO:colcon.colcon_ros.task.ament_cmake.build:Building ROS package in '/home/mu/Documents/RINS/vaje/vaje4/src/dis_tutorial3' with build type 'ament_cmake'
[1.939s] INFO:colcon.colcon_cmake.task.cmake.build:Building CMake package in '/home/mu/Documents/RINS/vaje/vaje4/src/dis_tutorial3'
[1.969s] INFO:colcon.colcon_core.plugin_system:Skipping extension 'colcon_core.shell.bat': Not used on non-Windows systems
[1.969s] INFO:colcon.colcon_core.shell:Skip shell extension 'powershell' for command environment: Not usable outside of PowerShell
[1.969s] DEBUG:colcon.colcon_core.shell:Skip shell extension 'dsv' for command environment
[2.030s] INFO:colcon.colcon_ros.task.ament_cmake.build:Building ROS package in '/home/mu/Documents/RINS/vaje/vaje4/src/dis_tutorial4' with build type 'ament_cmake'
[2.030s] INFO:colcon.colcon_cmake.task.cmake.build:Building CMake package in '/home/mu/Documents/RINS/vaje/vaje4/src/dis_tutorial4'
[2.050s] INFO:colcon.colcon_core.shell:Skip shell extension 'powershell' for command environment: Not usable outside of PowerShell
[2.051s] DEBUG:colcon.colcon_core.shell:Skip shell extension 'dsv' for command environment
[2.117s] DEBUG:colcon.colcon_core.event_handler.log_command:Invoking command in '/home/mu/Documents/RINS/vaje/vaje4/build/dis_tutorial3': CMAKE_PREFIX_PATH=/opt/ros/humble /usr/bin/cmake --build /home/mu/Documents/RINS/vaje/vaje4/build/dis_tutorial3 -- -j16 -l16
[2.125s] DEBUG:colcon.colcon_core.event_handler.log_command:Invoking command in '/home/mu/Documents/RINS/vaje/vaje4/build/dis_tutorial4': CMAKE_PREFIX_PATH=/opt/ros/humble /usr/bin/cmake --build /home/mu/Documents/RINS/vaje/vaje4/build/dis_tutorial4 -- -j16 -l16
[2.197s] DEBUG:colcon.colcon_core.event_handler.log_command:Invoked command in '/home/mu/Documents/RINS/vaje/vaje4/build/dis_tutorial4' returned '0': CMAKE_PREFIX_PATH=/opt/ros/humble /usr/bin/cmake --build /home/mu/Documents/RINS/vaje/vaje4/build/dis_tutorial4 -- -j16 -l16
[2.199s] DEBUG:colcon.colcon_core.event_handler.log_command:Invoked command in '/home/mu/Documents/RINS/vaje/vaje4/build/dis_tutorial3' returned '0': CMAKE_PREFIX_PATH=/opt/ros/humble /usr/bin/cmake --build /home/mu/Documents/RINS/vaje/vaje4/build/dis_tutorial3 -- -j16 -l16
[2.242s] DEBUG:colcon.colcon_core.event_handler.log_command:Invoking command in '/home/mu/Documents/RINS/vaje/vaje4/build/dis_tutorial4': CMAKE_PREFIX_PATH=/opt/ros/humble /usr/bin/cmake --install /home/mu/Documents/RINS/vaje/vaje4/build/dis_tutorial4
[2.245s] DEBUG:colcon.colcon_core.event_handler.log_command:Invoking command in '/home/mu/Documents/RINS/vaje/vaje4/build/dis_tutorial3': CMAKE_PREFIX_PATH=/opt/ros/humble /usr/bin/cmake --install /home/mu/Documents/RINS/vaje/vaje4/build/dis_tutorial3
[2.262s] Level 1:colcon.colcon_core.environment:create_environment_scripts_only(dis_tutorial4)
[2.272s] DEBUG:colcon.colcon_core.event_handler.log_command:Invoked command in '/home/mu/Documents/RINS/vaje/vaje4/build/dis_tutorial4' returned '0': CMAKE_PREFIX_PATH=/opt/ros/humble /usr/bin/cmake --install /home/mu/Documents/RINS/vaje/vaje4/build/dis_tutorial4
[2.297s] Level 1:colcon.colcon_core.environment:checking '/home/mu/Documents/RINS/vaje/vaje4/install/dis_tutorial4' for CMake module files
[2.298s] Level 1:colcon.colcon_core.environment:checking '/home/mu/Documents/RINS/vaje/vaje4/install/dis_tutorial4' for CMake config files
[2.298s] Level 1:colcon.colcon_core.shell:create_environment_hook('dis_tutorial4', 'cmake_prefix_path')
[2.318s] INFO:colcon.colcon_core.shell:Creating environment hook '/home/mu/Documents/RINS/vaje/vaje4/install/dis_tutorial4/share/dis_tutorial4/hook/cmake_prefix_path.ps1'
[2.319s] INFO:colcon.colcon_core.shell:Creating environment descriptor '/home/mu/Documents/RINS/vaje/vaje4/install/dis_tutorial4/share/dis_tutorial4/hook/cmake_prefix_path.dsv'
[2.320s] INFO:colcon.colcon_core.shell:Creating environment hook '/home/mu/Documents/RINS/vaje/vaje4/install/dis_tutorial4/share/dis_tutorial4/hook/cmake_prefix_path.sh'
[2.321s] Level 1:colcon.colcon_core.environment:checking '/home/mu/Documents/RINS/vaje/vaje4/install/dis_tutorial4/lib'
[2.321s] Level 1:colcon.colcon_core.environment:checking '/home/mu/Documents/RINS/vaje/vaje4/install/dis_tutorial4/bin'
[2.321s] Level 1:colcon.colcon_core.environment:checking '/home/mu/Documents/RINS/vaje/vaje4/install/dis_tutorial4/lib/pkgconfig/dis_tutorial4.pc'
[2.322s] Level 1:colcon.colcon_core.environment:checking '/home/mu/Documents/RINS/vaje/vaje4/install/dis_tutorial4/lib/python3.10/site-packages'
[2.322s] Level 1:colcon.colcon_core.environment:checking '/home/mu/Documents/RINS/vaje/vaje4/install/dis_tutorial4/bin'
[2.342s] INFO:colcon.colcon_core.shell:Creating package script '/home/mu/Documents/RINS/vaje/vaje4/install/dis_tutorial4/share/dis_tutorial4/package.ps1'
[2.343s] INFO:colcon.colcon_core.shell:Creating package descriptor '/home/mu/Documents/RINS/vaje/vaje4/install/dis_tutorial4/share/dis_tutorial4/package.dsv'
[2.344s] INFO:colcon.colcon_core.shell:Creating package script '/home/mu/Documents/RINS/vaje/vaje4/install/dis_tutorial4/share/dis_tutorial4/package.sh'
[2.345s] INFO:colcon.colcon_core.shell:Creating package script '/home/mu/Documents/RINS/vaje/vaje4/install/dis_tutorial4/share/dis_tutorial4/package.bash'
[2.347s] INFO:colcon.colcon_core.shell:Creating package script '/home/mu/Documents/RINS/vaje/vaje4/install/dis_tutorial4/share/dis_tutorial4/package.zsh'
[2.348s] Level 1:colcon.colcon_core.environment:create_file_with_runtime_dependencies(/home/mu/Documents/RINS/vaje/vaje4/install/dis_tutorial4/share/colcon-core/packages/dis_tutorial4)
[2.351s] Level 1:colcon.colcon_core.environment:create_environment_scripts_only(dis_tutorial3)
[2.353s] DEBUG:colcon.colcon_core.event_handler.log_command:Invoked command in '/home/mu/Documents/RINS/vaje/vaje4/build/dis_tutorial3' returned '0': CMAKE_PREFIX_PATH=/opt/ros/humble /usr/bin/cmake --install /home/mu/Documents/RINS/vaje/vaje4/build/dis_tutorial3
[2.372s] Level 1:colcon.colcon_core.environment:checking '/home/mu/Documents/RINS/vaje/vaje4/install/dis_tutorial3' for CMake module files
[2.373s] Level 1:colcon.colcon_core.environment:checking '/home/mu/Documents/RINS/vaje/vaje4/install/dis_tutorial3' for CMake config files
[2.374s] Level 1:colcon.colcon_core.shell:create_environment_hook('dis_tutorial3', 'cmake_prefix_path')
[2.394s] INFO:colcon.colcon_core.shell:Creating environment hook '/home/mu/Documents/RINS/vaje/vaje4/install/dis_tutorial3/share/dis_tutorial3/hook/cmake_prefix_path.ps1'
[2.395s] INFO:colcon.colcon_core.shell:Creating environment descriptor '/home/mu/Documents/RINS/vaje/vaje4/install/dis_tutorial3/share/dis_tutorial3/hook/cmake_prefix_path.dsv'
[2.396s] INFO:colcon.colcon_core.shell:Creating environment hook '/home/mu/Documents/RINS/vaje/vaje4/install/dis_tutorial3/share/dis_tutorial3/hook/cmake_prefix_path.sh'
[2.396s] Level 1:colcon.colcon_core.environment:checking '/home/mu/Documents/RINS/vaje/vaje4/install/dis_tutorial3/lib'
[2.396s] Level 1:colcon.colcon_core.environment:checking '/home/mu/Documents/RINS/vaje/vaje4/install/dis_tutorial3/bin'
[2.396s] Level 1:colcon.colcon_core.environment:checking '/home/mu/Documents/RINS/vaje/vaje4/install/dis_tutorial3/lib/pkgconfig/dis_tutorial3.pc'
[2.397s] Level 1:colcon.colcon_core.environment:checking '/home/mu/Documents/RINS/vaje/vaje4/install/dis_tutorial3/lib/python3.10/site-packages'
[2.397s] Level 1:colcon.colcon_core.environment:checking '/home/mu/Documents/RINS/vaje/vaje4/install/dis_tutorial3/bin'
[2.416s] INFO:colcon.colcon_core.shell:Creating package script '/home/mu/Documents/RINS/vaje/vaje4/install/dis_tutorial3/share/dis_tutorial3/package.ps1'
[2.417s] INFO:colcon.colcon_core.shell:Creating package descriptor '/home/mu/Documents/RINS/vaje/vaje4/install/dis_tutorial3/share/dis_tutorial3/package.dsv'
[2.418s] INFO:colcon.colcon_core.shell:Creating package script '/home/mu/Documents/RINS/vaje/vaje4/install/dis_tutorial3/share/dis_tutorial3/package.sh'
[2.418s] INFO:colcon.colcon_core.shell:Creating package script '/home/mu/Documents/RINS/vaje/vaje4/install/dis_tutorial3/share/dis_tutorial3/package.bash'
[2.419s] INFO:colcon.colcon_core.shell:Creating package script '/home/mu/Documents/RINS/vaje/vaje4/install/dis_tutorial3/share/dis_tutorial3/package.zsh'
[2.419s] Level 1:colcon.colcon_core.environment:create_file_with_runtime_dependencies(/home/mu/Documents/RINS/vaje/vaje4/install/dis_tutorial3/share/colcon-core/packages/dis_tutorial3)
[2.440s] Level 1:colcon.colcon_core.environment:create_environment_scripts_only(dis_tutorial4)
[2.460s] Level 1:colcon.colcon_core.environment:checking '/home/mu/Documents/RINS/vaje/vaje4/install/dis_tutorial4' for CMake module files
[2.461s] Level 1:colcon.colcon_core.environment:checking '/home/mu/Documents/RINS/vaje/vaje4/install/dis_tutorial4' for CMake config files
[2.461s] Level 1:colcon.colcon_core.shell:create_environment_hook('dis_tutorial4', 'cmake_prefix_path')
[2.479s] INFO:colcon.colcon_core.shell:Creating environment hook '/home/mu/Documents/RINS/vaje/vaje4/install/dis_tutorial4/share/dis_tutorial4/hook/cmake_prefix_path.ps1'
[2.480s] INFO:colcon.colcon_core.shell:Creating environment descriptor '/home/mu/Documents/RINS/vaje/vaje4/install/dis_tutorial4/share/dis_tutorial4/hook/cmake_prefix_path.dsv'
[2.481s] INFO:colcon.colcon_core.shell:Creating environment hook '/home/mu/Documents/RINS/vaje/vaje4/install/dis_tutorial4/share/dis_tutorial4/hook/cmake_prefix_path.sh'
[2.481s] Level 1:colcon.colcon_core.environment:checking '/home/mu/Documents/RINS/vaje/vaje4/install/dis_tutorial4/lib'
[2.481s] Level 1:colcon.colcon_core.environment:checking '/home/mu/Documents/RINS/vaje/vaje4/install/dis_tutorial4/bin'
[2.482s] Level 1:colcon.colcon_core.environment:checking '/home/mu/Documents/RINS/vaje/vaje4/install/dis_tutorial4/lib/pkgconfig/dis_tutorial4.pc'
[2.482s] Level 1:colcon.colcon_core.environment:checking '/home/mu/Documents/RINS/vaje/vaje4/install/dis_tutorial4/lib/python3.10/site-packages'
[2.482s] Level 1:colcon.colcon_core.environment:checking '/home/mu/Documents/RINS/vaje/vaje4/install/dis_tutorial4/bin'
[2.500s] INFO:colcon.colcon_core.shell:Creating package script '/home/mu/Documents/RINS/vaje/vaje4/install/dis_tutorial4/share/dis_tutorial4/package.ps1'
[2.501s] INFO:colcon.colcon_core.shell:Creating package descriptor '/home/mu/Documents/RINS/vaje/vaje4/install/dis_tutorial4/share/dis_tutorial4/package.dsv'
[2.502s] INFO:colcon.colcon_core.shell:Creating package script '/home/mu/Documents/RINS/vaje/vaje4/install/dis_tutorial4/share/dis_tutorial4/package.sh'
[2.502s] INFO:colcon.colcon_core.shell:Creating package script '/home/mu/Documents/RINS/vaje/vaje4/install/dis_tutorial4/share/dis_tutorial4/package.bash'
[2.503s] INFO:colcon.colcon_core.shell:Creating package script '/home/mu/Documents/RINS/vaje/vaje4/install/dis_tutorial4/share/dis_tutorial4/package.zsh'
[2.503s] Level 1:colcon.colcon_core.environment:create_file_with_runtime_dependencies(/home/mu/Documents/RINS/vaje/vaje4/install/dis_tutorial4/share/colcon-core/packages/dis_tutorial4)
[2.524s] Level 1:colcon.colcon_core.environment:create_environment_scripts_only(dis_tutorial3)
[2.542s] Level 1:colcon.colcon_core.environment:checking '/home/mu/Documents/RINS/vaje/vaje4/install/dis_tutorial3' for CMake module files
[2.543s] Level 1:colcon.colcon_core.environment:checking '/home/mu/Documents/RINS/vaje/vaje4/install/dis_tutorial3' for CMake config files
[2.543s] Level 1:colcon.colcon_core.shell:create_environment_hook('dis_tutorial3', 'cmake_prefix_path')
[2.562s] INFO:colcon.colcon_core.shell:Creating environment hook '/home/mu/Documents/RINS/vaje/vaje4/install/dis_tutorial3/share/dis_tutorial3/hook/cmake_prefix_path.ps1'
[2.563s] INFO:colcon.colcon_core.shell:Creating environment descriptor '/home/mu/Documents/RINS/vaje/vaje4/install/dis_tutorial3/share/dis_tutorial3/hook/cmake_prefix_path.dsv'
[2.564s] INFO:colcon.colcon_core.shell:Creating environment hook '/home/mu/Documents/RINS/vaje/vaje4/install/dis_tutorial3/share/dis_tutorial3/hook/cmake_prefix_path.sh'
[2.564s] Level 1:colcon.colcon_core.environment:checking '/home/mu/Documents/RINS/vaje/vaje4/install/dis_tutorial3/lib'
[2.564s] Level 1:colcon.colcon_core.environment:checking '/home/mu/Documents/RINS/vaje/vaje4/install/dis_tutorial3/bin'
[2.564s] Level 1:colcon.colcon_core.environment:checking '/home/mu/Documents/RINS/vaje/vaje4/install/dis_tutorial3/lib/pkgconfig/dis_tutorial3.pc'
[2.565s] Level 1:colcon.colcon_core.environment:checking '/home/mu/Documents/RINS/vaje/vaje4/install/dis_tutorial3/lib/python3.10/site-packages'
[2.565s] Level 1:colcon.colcon_core.environment:checking '/home/mu/Documents/RINS/vaje/vaje4/install/dis_tutorial3/bin'
[2.586s] INFO:colcon.colcon_core.shell:Creating package script '/home/mu/Documents/RINS/vaje/vaje4/install/dis_tutorial3/share/dis_tutorial3/package.ps1'
[2.587s] INFO:colcon.colcon_core.shell:Creating package descriptor '/home/mu/Documents/RINS/vaje/vaje4/install/dis_tutorial3/share/dis_tutorial3/package.dsv'
[2.587s] INFO:colcon.colcon_core.shell:Creating package script '/home/mu/Documents/RINS/vaje/vaje4/install/dis_tutorial3/share/dis_tutorial3/package.sh'
[2.588s] INFO:colcon.colcon_core.shell:Creating package script '/home/mu/Documents/RINS/vaje/vaje4/install/dis_tutorial3/share/dis_tutorial3/package.bash'
[2.588s] INFO:colcon.colcon_core.shell:Creating package script '/home/mu/Documents/RINS/vaje/vaje4/install/dis_tutorial3/share/dis_tutorial3/package.zsh'
[2.589s] Level 1:colcon.colcon_core.environment:create_file_with_runtime_dependencies(/home/mu/Documents/RINS/vaje/vaje4/install/dis_tutorial3/share/colcon-core/packages/dis_tutorial3)
[2.589s] DEBUG:colcon.colcon_parallel_executor.executor.parallel:closing loop
[2.590s] DEBUG:colcon.colcon_parallel_executor.executor.parallel:loop closed
[2.590s] DEBUG:colcon.colcon_parallel_executor.executor.parallel:run_until_complete finished with '0'
[2.590s] DEBUG:colcon.colcon_core.event_reactor:joining thread
[2.618s] INFO:colcon.colcon_core.plugin_system:Skipping extension 'colcon_notification.desktop_notification.notify_send': Could not find 'notify-send'
[2.618s] INFO:colcon.colcon_core.plugin_system:Skipping extension 'colcon_notification.desktop_notification.terminal_notifier': Not used on non-Darwin systems
[2.618s] INFO:colcon.colcon_core.plugin_system:Skipping extension 'colcon_notification.desktop_notification.win32': Not used on non-Windows systems
[2.619s] INFO:colcon.colcon_notification.desktop_notification:Sending desktop notification using 'notify2'
[2.645s] DEBUG:colcon.colcon_core.event_reactor:joined thread
[2.664s] INFO:colcon.colcon_core.shell:Creating prefix script '/home/mu/Documents/RINS/vaje/vaje4/install/local_setup.ps1'
[2.665s] INFO:colcon.colcon_core.shell:Creating prefix util module '/home/mu/Documents/RINS/vaje/vaje4/install/_local_setup_util_ps1.py'
[2.666s] INFO:colcon.colcon_core.shell:Creating prefix chain script '/home/mu/Documents/RINS/vaje/vaje4/install/setup.ps1'
[2.684s] INFO:colcon.colcon_core.shell:Creating prefix script '/home/mu/Documents/RINS/vaje/vaje4/install/local_setup.sh'
[2.685s] INFO:colcon.colcon_core.shell:Creating prefix util module '/home/mu/Documents/RINS/vaje/vaje4/install/_local_setup_util_sh.py'
[2.685s] INFO:colcon.colcon_core.shell:Creating prefix chain script '/home/mu/Documents/RINS/vaje/vaje4/install/setup.sh'
[2.702s] INFO:colcon.colcon_core.shell:Creating prefix script '/home/mu/Documents/RINS/vaje/vaje4/install/local_setup.bash'
[2.702s] INFO:colcon.colcon_core.shell:Creating prefix chain script '/home/mu/Documents/RINS/vaje/vaje4/install/setup.bash'
[2.719s] INFO:colcon.colcon_core.shell:Creating prefix script '/home/mu/Documents/RINS/vaje/vaje4/install/local_setup.zsh'
[2.719s] INFO:colcon.colcon_core.shell:Creating prefix chain script '/home/mu/Documents/RINS/vaje/vaje4/install/setup.zsh'
