[1.167s] DEBUG:colcon:Command line arguments: ['/usr/bin/colcon', 'build', '--packages-select', 'dis_tutorial3']
[1.167s] DEBUG:colcon:Parsed command line arguments: Namespace(log_base=None, log_level=None, verb_name='build', build_base='build', install_base='install', merge_install=False, symlink_install=False, test_result_base=None, continue_on_error=False, executor='parallel', parallel_workers=16, event_handlers=None, ignore_user_meta=False, metas=['./colcon.meta'], base_paths=['.'], packages_ignore=None, packages_ignore_regex=None, paths=None, packages_up_to=None, packages_up_to_regex=None, packages_above=None, packages_above_and_dependencies=None, packages_above_depth=None, packages_select_by_dep=None, packages_skip_by_dep=None, packages_skip_up_to=None, packages_select_build_failed=False, packages_skip_build_finished=False, packages_select_test_failures=False, packages_skip_test_passed=False, packages_select=['dis_tutorial3'], packages_skip=None, packages_select_regex=None, packages_skip_regex=None, packages_start=None, packages_end=None, allow_overriding=[], cmake_args=None, cmake_target=None, cmake_target_skip_unavailable=False, cmake_clean_cache=False, cmake_clean_first=False, cmake_force_configure=False, ament_cmake_args=None, catkin_cmake_args=None, catkin_skip_building_tests=False, verb_parser=<colcon_defaults.argument_parser.defaults.DefaultArgumentsDecorator object at 0x76a57d995510>, verb_extension=<colcon_core.verb.build.BuildVerb object at 0x76a57dc9bd60>, main=<bound method BuildVerb.main of <colcon_core.verb.build.BuildVerb object at 0x76a57dc9bd60>>)
[1.222s] Level 1:colcon.colcon_core.package_discovery:discover_packages(colcon_meta) check parameters
[1.222s] Level 1:colcon.colcon_core.package_discovery:discover_packages(recursive) check parameters
[1.222s] Level 1:colcon.colcon_core.package_discovery:discover_packages(ignore) check parameters
[1.222s] Level 1:colcon.colcon_core.package_discovery:discover_packages(path) check parameters
[1.222s] Level 1:colcon.colcon_core.package_discovery:discover_packages(colcon_meta) discover
[1.222s] Level 1:colcon.colcon_core.package_discovery:discover_packages(recursive) discover
[1.222s] INFO:colcon.colcon_core.package_discovery:Crawling recursively for packages in '/home/mu/RINSproject/src'
[1.222s] Level 1:colcon.colcon_core.package_identification:_identify(.) by extensions ['ignore', 'ignore_ament_install']
[1.222s] Level 1:colcon.colcon_core.package_identification:_identify(.) by extension 'ignore'
[1.222s] Level 1:colcon.colcon_core.package_identification:_identify(.) by extension 'ignore_ament_install'
[1.222s] Level 1:colcon.colcon_core.package_identification:_identify(.) by extensions ['colcon_pkg']
[1.222s] Level 1:colcon.colcon_core.package_identification:_identify(.) by extension 'colcon_pkg'
[1.223s] Level 1:colcon.colcon_core.package_identification:_identify(.) by extensions ['colcon_meta']
[1.223s] Level 1:colcon.colcon_core.package_identification:_identify(.) by extension 'colcon_meta'
[1.223s] Level 1:colcon.colcon_core.package_identification:_identify(.) by extensions ['ros']
[1.223s] Level 1:colcon.colcon_core.package_identification:_identify(.) by extension 'ros'
[1.234s] Level 1:colcon.colcon_core.package_identification:_identify(.) by extensions ['cmake', 'python']
[1.234s] Level 1:colcon.colcon_core.package_identification:_identify(.) by extension 'cmake'
[1.234s] Level 1:colcon.colcon_core.package_identification:_identify(.) by extension 'python'
[1.234s] Level 1:colcon.colcon_core.package_identification:_identify(.) by extensions ['python_setup_py']
[1.234s] Level 1:colcon.colcon_core.package_identification:_identify(.) by extension 'python_setup_py'
[1.235s] Level 1:colcon.colcon_core.package_identification:_identify(build) by extensions ['ignore', 'ignore_ament_install']
[1.235s] Level 1:colcon.colcon_core.package_identification:_identify(build) by extension 'ignore'
[1.235s] Level 1:colcon.colcon_core.package_identification:_identify(build) ignored
[1.235s] Level 1:colcon.colcon_core.package_identification:_identify(dis_tutorial3) by extensions ['ignore', 'ignore_ament_install']
[1.235s] Level 1:colcon.colcon_core.package_identification:_identify(dis_tutorial3) by extension 'ignore'
[1.235s] Level 1:colcon.colcon_core.package_identification:_identify(dis_tutorial3) by extension 'ignore_ament_install'
[1.235s] Level 1:colcon.colcon_core.package_identification:_identify(dis_tutorial3) by extensions ['colcon_pkg']
[1.235s] Level 1:colcon.colcon_core.package_identification:_identify(dis_tutorial3) by extension 'colcon_pkg'
[1.235s] Level 1:colcon.colcon_core.package_identification:_identify(dis_tutorial3) by extensions ['colcon_meta']
[1.235s] Level 1:colcon.colcon_core.package_identification:_identify(dis_tutorial3) by extension 'colcon_meta'
[1.235s] Level 1:colcon.colcon_core.package_identification:_identify(dis_tutorial3) by extensions ['ros']
[1.235s] Level 1:colcon.colcon_core.package_identification:_identify(dis_tutorial3) by extension 'ros'
[1.238s] DEBUG:colcon.colcon_core.package_identification:Package 'dis_tutorial3' with type 'ros.ament_cmake' and name 'dis_tutorial3'
[1.239s] Level 1:colcon.colcon_core.package_identification:_identify(dis_tutorial4) by extensions ['ignore', 'ignore_ament_install']
[1.239s] Level 1:colcon.colcon_core.package_identification:_identify(dis_tutorial4) by extension 'ignore'
[1.239s] Level 1:colcon.colcon_core.package_identification:_identify(dis_tutorial4) by extension 'ignore_ament_install'
[1.239s] Level 1:colcon.colcon_core.package_identification:_identify(dis_tutorial4) by extensions ['colcon_pkg']
[1.239s] Level 1:colcon.colcon_core.package_identification:_identify(dis_tutorial4) by extension 'colcon_pkg'
[1.239s] Level 1:colcon.colcon_core.package_identification:_identify(dis_tutorial4) by extensions ['colcon_meta']
[1.239s] Level 1:colcon.colcon_core.package_identification:_identify(dis_tutorial4) by extension 'colcon_meta'
[1.239s] Level 1:colcon.colcon_core.package_identification:_identify(dis_tutorial4) by extensions ['ros']
[1.239s] Level 1:colcon.colcon_core.package_identification:_identify(dis_tutorial4) by extension 'ros'
[1.240s] DEBUG:colcon.colcon_core.package_identification:Package 'dis_tutorial4' with type 'ros.ament_cmake' and name 'dis_tutorial4'
[1.240s] Level 1:colcon.colcon_core.package_identification:_identify(dis_tutorial6) by extensions ['ignore', 'ignore_ament_install']
[1.240s] Level 1:colcon.colcon_core.package_identification:_identify(dis_tutorial6) by extension 'ignore'
[1.240s] Level 1:colcon.colcon_core.package_identification:_identify(dis_tutorial6) by extension 'ignore_ament_install'
[1.240s] Level 1:colcon.colcon_core.package_identification:_identify(dis_tutorial6) by extensions ['colcon_pkg']
[1.240s] Level 1:colcon.colcon_core.package_identification:_identify(dis_tutorial6) by extension 'colcon_pkg'
[1.240s] Level 1:colcon.colcon_core.package_identification:_identify(dis_tutorial6) by extensions ['colcon_meta']
[1.240s] Level 1:colcon.colcon_core.package_identification:_identify(dis_tutorial6) by extension 'colcon_meta'
[1.240s] Level 1:colcon.colcon_core.package_identification:_identify(dis_tutorial6) by extensions ['ros']
[1.240s] Level 1:colcon.colcon_core.package_identification:_identify(dis_tutorial6) by extension 'ros'
[1.240s] Level 1:colcon.colcon_core.package_identification:_identify(dis_tutorial6) by extensions ['cmake', 'python']
[1.240s] Level 1:colcon.colcon_core.package_identification:_identify(dis_tutorial6) by extension 'cmake'
[1.241s] Level 1:colcon.colcon_core.package_identification:_identify(dis_tutorial6) by extension 'python'
[1.241s] Level 1:colcon.colcon_core.package_identification:_identify(dis_tutorial6) by extensions ['python_setup_py']
[1.241s] Level 1:colcon.colcon_core.package_identification:_identify(dis_tutorial6) by extension 'python_setup_py'
[1.241s] Level 1:colcon.colcon_core.package_identification:_identify(dis_tutorial7) by extensions ['ignore', 'ignore_ament_install']
[1.241s] Level 1:colcon.colcon_core.package_identification:_identify(dis_tutorial7) by extension 'ignore'
[1.241s] Level 1:colcon.colcon_core.package_identification:_identify(dis_tutorial7) by extension 'ignore_ament_install'
[1.241s] Level 1:colcon.colcon_core.package_identification:_identify(dis_tutorial7) by extensions ['colcon_pkg']
[1.241s] Level 1:colcon.colcon_core.package_identification:_identify(dis_tutorial7) by extension 'colcon_pkg'
[1.241s] Level 1:colcon.colcon_core.package_identification:_identify(dis_tutorial7) by extensions ['colcon_meta']
[1.241s] Level 1:colcon.colcon_core.package_identification:_identify(dis_tutorial7) by extension 'colcon_meta'
[1.241s] Level 1:colcon.colcon_core.package_identification:_identify(dis_tutorial7) by extensions ['ros']
[1.241s] Level 1:colcon.colcon_core.package_identification:_identify(dis_tutorial7) by extension 'ros'
[1.241s] Level 1:colcon.colcon_core.package_identification:_identify(dis_tutorial7) by extensions ['cmake', 'python']
[1.241s] Level 1:colcon.colcon_core.package_identification:_identify(dis_tutorial7) by extension 'cmake'
[1.241s] Level 1:colcon.colcon_core.package_identification:_identify(dis_tutorial7) by extension 'python'
[1.241s] Level 1:colcon.colcon_core.package_identification:_identify(dis_tutorial7) by extensions ['python_setup_py']
[1.241s] Level 1:colcon.colcon_core.package_identification:_identify(dis_tutorial7) by extension 'python_setup_py'
[1.241s] Level 1:colcon.colcon_core.package_identification:_identify(install) by extensions ['ignore', 'ignore_ament_install']
[1.241s] Level 1:colcon.colcon_core.package_identification:_identify(install) by extension 'ignore'
[1.241s] Level 1:colcon.colcon_core.package_identification:_identify(install) ignored
[1.241s] Level 1:colcon.colcon_core.package_identification:_identify(log) by extensions ['ignore', 'ignore_ament_install']
[1.241s] Level 1:colcon.colcon_core.package_identification:_identify(log) by extension 'ignore'
[1.241s] Level 1:colcon.colcon_core.package_identification:_identify(log) ignored
[1.242s] Level 1:colcon.colcon_core.package_discovery:discover_packages(recursive) using defaults
[1.242s] Level 1:colcon.colcon_core.package_discovery:discover_packages(ignore) discover
[1.242s] Level 1:colcon.colcon_core.package_discovery:discover_packages(ignore) using defaults
[1.242s] Level 1:colcon.colcon_core.package_discovery:discover_packages(path) discover
[1.242s] Level 1:colcon.colcon_core.package_discovery:discover_packages(path) using defaults
[1.314s] INFO:colcon.colcon_core.package_selection:Skipping not selected package 'dis_tutorial4' in 'dis_tutorial4'
[1.347s] Level 1:colcon.colcon_core.package_discovery:discover_packages(prefix_path) check parameters
[1.347s] Level 1:colcon.colcon_core.package_discovery:discover_packages(prefix_path) discover
[1.382s] DEBUG:colcon.colcon_installed_package_information.package_discovery:Found 1 installed packages in /home/mu/RINSproject/src/install
[1.399s] DEBUG:colcon.colcon_installed_package_information.package_discovery:Found 4 installed packages in /home/mu/RINSproject/install
[1.437s] DEBUG:colcon.colcon_installed_package_information.package_discovery:Found 0 installed packages in /home/mu/colcon_ws/install
[1.456s] DEBUG:colcon.colcon_installed_package_information.package_discovery:Found 409 installed packages in /opt/ros/humble
[1.459s] Level 1:colcon.colcon_core.package_discovery:discover_packages(prefix_path) using defaults
[1.566s] Level 5:colcon.colcon_core.verb:set package 'dis_tutorial3' build argument 'cmake_args' from command line to 'None'
[1.566s] Level 5:colcon.colcon_core.verb:set package 'dis_tutorial3' build argument 'cmake_target' from command line to 'None'
[1.566s] Level 5:colcon.colcon_core.verb:set package 'dis_tutorial3' build argument 'cmake_target_skip_unavailable' from command line to 'False'
[1.566s] Level 5:colcon.colcon_core.verb:set package 'dis_tutorial3' build argument 'cmake_clean_cache' from command line to 'False'
[1.566s] Level 5:colcon.colcon_core.verb:set package 'dis_tutorial3' build argument 'cmake_clean_first' from command line to 'False'
[1.566s] Level 5:colcon.colcon_core.verb:set package 'dis_tutorial3' build argument 'cmake_force_configure' from command line to 'False'
[1.566s] Level 5:colcon.colcon_core.verb:set package 'dis_tutorial3' build argument 'ament_cmake_args' from command line to 'None'
[1.566s] Level 5:colcon.colcon_core.verb:set package 'dis_tutorial3' build argument 'catkin_cmake_args' from command line to 'None'
[1.566s] Level 5:colcon.colcon_core.verb:set package 'dis_tutorial3' build argument 'catkin_skip_building_tests' from command line to 'False'
[1.566s] DEBUG:colcon.colcon_core.verb:Building package 'dis_tutorial3' with the following arguments: {'ament_cmake_args': None, 'build_base': '/home/mu/RINSproject/src/build/dis_tutorial3', 'catkin_cmake_args': None, 'catkin_skip_building_tests': False, 'cmake_args': None, 'cmake_clean_cache': False, 'cmake_clean_first': False, 'cmake_force_configure': False, 'cmake_target': None, 'cmake_target_skip_unavailable': False, 'install_base': '/home/mu/RINSproject/src/install/dis_tutorial3', 'merge_install': False, 'path': '/home/mu/RINSproject/src/dis_tutorial3', 'symlink_install': False, 'test_result_base': None}
[1.583s] INFO:colcon.colcon_core.executor:Executing jobs using 'parallel' executor
[1.601s] DEBUG:colcon.colcon_parallel_executor.executor.parallel:run_until_complete
[1.602s] INFO:colcon.colcon_ros.task.ament_cmake.build:Building ROS package in '/home/mu/RINSproject/src/dis_tutorial3' with build type 'ament_cmake'
[1.602s] INFO:colcon.colcon_cmake.task.cmake.build:Building CMake package in '/home/mu/RINSproject/src/dis_tutorial3'
[1.622s] INFO:colcon.colcon_core.plugin_system:Skipping extension 'colcon_core.shell.bat': Not used on non-Windows systems
[1.622s] INFO:colcon.colcon_core.shell:Skip shell extension 'powershell' for command environment: Not usable outside of PowerShell
[1.622s] DEBUG:colcon.colcon_core.shell:Skip shell extension 'dsv' for command environment
[1.718s] DEBUG:colcon.colcon_core.event_handler.log_command:Invoking command in '/home/mu/RINSproject/src/build/dis_tutorial3': CMAKE_PREFIX_PATH=${CMAKE_PREFIX_PATH}:/opt/ros/humble /usr/bin/cmake --build /home/mu/RINSproject/src/build/dis_tutorial3 -- -j16 -l16
[1.769s] DEBUG:colcon.colcon_core.event_handler.log_command:Invoked command in '/home/mu/RINSproject/src/build/dis_tutorial3' returned '0': CMAKE_PREFIX_PATH=${CMAKE_PREFIX_PATH}:/opt/ros/humble /usr/bin/cmake --build /home/mu/RINSproject/src/build/dis_tutorial3 -- -j16 -l16
[1.804s] DEBUG:colcon.colcon_core.event_handler.log_command:Invoking command in '/home/mu/RINSproject/src/build/dis_tutorial3': CMAKE_PREFIX_PATH=${CMAKE_PREFIX_PATH}:/opt/ros/humble /usr/bin/cmake --install /home/mu/RINSproject/src/build/dis_tutorial3
[1.819s] Level 1:colcon.colcon_core.environment:create_environment_scripts_only(dis_tutorial3)
[1.823s] DEBUG:colcon.colcon_core.event_handler.log_command:Invoked command in '/home/mu/RINSproject/src/build/dis_tutorial3' returned '0': CMAKE_PREFIX_PATH=${CMAKE_PREFIX_PATH}:/opt/ros/humble /usr/bin/cmake --install /home/mu/RINSproject/src/build/dis_tutorial3
[1.842s] Level 1:colcon.colcon_core.environment:checking '/home/mu/RINSproject/src/install/dis_tutorial3' for CMake module files
[1.842s] Level 1:colcon.colcon_core.environment:checking '/home/mu/RINSproject/src/install/dis_tutorial3' for CMake config files
[1.843s] Level 1:colcon.colcon_core.shell:create_environment_hook('dis_tutorial3', 'cmake_prefix_path')
[1.861s] INFO:colcon.colcon_core.shell:Creating environment hook '/home/mu/RINSproject/src/install/dis_tutorial3/share/dis_tutorial3/hook/cmake_prefix_path.ps1'
[1.862s] INFO:colcon.colcon_core.shell:Creating environment descriptor '/home/mu/RINSproject/src/install/dis_tutorial3/share/dis_tutorial3/hook/cmake_prefix_path.dsv'
[1.862s] INFO:colcon.colcon_core.shell:Creating environment hook '/home/mu/RINSproject/src/install/dis_tutorial3/share/dis_tutorial3/hook/cmake_prefix_path.sh'
[1.863s] Level 1:colcon.colcon_core.environment:checking '/home/mu/RINSproject/src/install/dis_tutorial3/lib'
[1.864s] Level 1:colcon.colcon_core.environment:checking '/home/mu/RINSproject/src/install/dis_tutorial3/bin'
[1.864s] Level 1:colcon.colcon_core.environment:checking '/home/mu/RINSproject/src/install/dis_tutorial3/lib/pkgconfig/dis_tutorial3.pc'
[1.864s] Level 1:colcon.colcon_core.environment:checking '/home/mu/RINSproject/src/install/dis_tutorial3/lib/python3.10/site-packages'
[1.864s] Level 1:colcon.colcon_core.environment:checking '/home/mu/RINSproject/src/install/dis_tutorial3/bin'
[1.880s] INFO:colcon.colcon_core.shell:Creating package script '/home/mu/RINSproject/src/install/dis_tutorial3/share/dis_tutorial3/package.ps1'
[1.881s] INFO:colcon.colcon_core.shell:Creating package descriptor '/home/mu/RINSproject/src/install/dis_tutorial3/share/dis_tutorial3/package.dsv'
[1.882s] INFO:colcon.colcon_core.shell:Creating package script '/home/mu/RINSproject/src/install/dis_tutorial3/share/dis_tutorial3/package.sh'
[1.882s] INFO:colcon.colcon_core.shell:Creating package script '/home/mu/RINSproject/src/install/dis_tutorial3/share/dis_tutorial3/package.bash'
[1.883s] INFO:colcon.colcon_core.shell:Creating package script '/home/mu/RINSproject/src/install/dis_tutorial3/share/dis_tutorial3/package.zsh'
[1.883s] Level 1:colcon.colcon_core.environment:create_file_with_runtime_dependencies(/home/mu/RINSproject/src/install/dis_tutorial3/share/colcon-core/packages/dis_tutorial3)
[1.926s] Level 1:colcon.colcon_core.environment:create_environment_scripts_only(dis_tutorial3)
[1.942s] Level 1:colcon.colcon_core.environment:checking '/home/mu/RINSproject/src/install/dis_tutorial3' for CMake module files
[1.943s] Level 1:colcon.colcon_core.environment:checking '/home/mu/RINSproject/src/install/dis_tutorial3' for CMake config files
[1.943s] Level 1:colcon.colcon_core.shell:create_environment_hook('dis_tutorial3', 'cmake_prefix_path')
[1.961s] INFO:colcon.colcon_core.shell:Creating environment hook '/home/mu/RINSproject/src/install/dis_tutorial3/share/dis_tutorial3/hook/cmake_prefix_path.ps1'
[1.961s] INFO:colcon.colcon_core.shell:Creating environment descriptor '/home/mu/RINSproject/src/install/dis_tutorial3/share/dis_tutorial3/hook/cmake_prefix_path.dsv'
[1.961s] INFO:colcon.colcon_core.shell:Creating environment hook '/home/mu/RINSproject/src/install/dis_tutorial3/share/dis_tutorial3/hook/cmake_prefix_path.sh'
[1.962s] Level 1:colcon.colcon_core.environment:checking '/home/mu/RINSproject/src/install/dis_tutorial3/lib'
[1.962s] Level 1:colcon.colcon_core.environment:checking '/home/mu/RINSproject/src/install/dis_tutorial3/bin'
[1.962s] Level 1:colcon.colcon_core.environment:checking '/home/mu/RINSproject/src/install/dis_tutorial3/lib/pkgconfig/dis_tutorial3.pc'
[1.962s] Level 1:colcon.colcon_core.environment:checking '/home/mu/RINSproject/src/install/dis_tutorial3/lib/python3.10/site-packages'
[1.962s] Level 1:colcon.colcon_core.environment:checking '/home/mu/RINSproject/src/install/dis_tutorial3/bin'
[1.977s] INFO:colcon.colcon_core.shell:Creating package script '/home/mu/RINSproject/src/install/dis_tutorial3/share/dis_tutorial3/package.ps1'
[1.978s] INFO:colcon.colcon_core.shell:Creating package descriptor '/home/mu/RINSproject/src/install/dis_tutorial3/share/dis_tutorial3/package.dsv'
[1.979s] INFO:colcon.colcon_core.shell:Creating package script '/home/mu/RINSproject/src/install/dis_tutorial3/share/dis_tutorial3/package.sh'
[1.979s] INFO:colcon.colcon_core.shell:Creating package script '/home/mu/RINSproject/src/install/dis_tutorial3/share/dis_tutorial3/package.bash'
[1.980s] INFO:colcon.colcon_core.shell:Creating package script '/home/mu/RINSproject/src/install/dis_tutorial3/share/dis_tutorial3/package.zsh'
[1.980s] Level 1:colcon.colcon_core.environment:create_file_with_runtime_dependencies(/home/mu/RINSproject/src/install/dis_tutorial3/share/colcon-core/packages/dis_tutorial3)
[1.980s] DEBUG:colcon.colcon_parallel_executor.executor.parallel:closing loop
[1.981s] DEBUG:colcon.colcon_parallel_executor.executor.parallel:loop closed
[1.981s] DEBUG:colcon.colcon_parallel_executor.executor.parallel:run_until_complete finished with '0'
[1.981s] DEBUG:colcon.colcon_core.event_reactor:joining thread
[2.004s] INFO:colcon.colcon_core.plugin_system:Skipping extension 'colcon_notification.desktop_notification.notify_send': Could not find 'notify-send'
[2.004s] INFO:colcon.colcon_core.plugin_system:Skipping extension 'colcon_notification.desktop_notification.terminal_notifier': Not used on non-Darwin systems
[2.004s] INFO:colcon.colcon_core.plugin_system:Skipping extension 'colcon_notification.desktop_notification.win32': Not used on non-Windows systems
[2.004s] INFO:colcon.colcon_notification.desktop_notification:Sending desktop notification using 'notify2'
[2.028s] DEBUG:colcon.colcon_core.event_reactor:joined thread
[2.045s] INFO:colcon.colcon_core.shell:Creating prefix script '/home/mu/RINSproject/src/install/local_setup.ps1'
[2.046s] INFO:colcon.colcon_core.shell:Creating prefix util module '/home/mu/RINSproject/src/install/_local_setup_util_ps1.py'
[2.047s] INFO:colcon.colcon_core.shell:Creating prefix chain script '/home/mu/RINSproject/src/install/setup.ps1'
[2.065s] INFO:colcon.colcon_core.shell:Creating prefix script '/home/mu/RINSproject/src/install/local_setup.sh'
[2.065s] INFO:colcon.colcon_core.shell:Creating prefix util module '/home/mu/RINSproject/src/install/_local_setup_util_sh.py'
[2.066s] INFO:colcon.colcon_core.shell:Creating prefix chain script '/home/mu/RINSproject/src/install/setup.sh'
[2.083s] INFO:colcon.colcon_core.shell:Creating prefix script '/home/mu/RINSproject/src/install/local_setup.bash'
[2.084s] INFO:colcon.colcon_core.shell:Creating prefix chain script '/home/mu/RINSproject/src/install/setup.bash'
[2.098s] INFO:colcon.colcon_core.shell:Creating prefix script '/home/mu/RINSproject/src/install/local_setup.zsh'
[2.099s] INFO:colcon.colcon_core.shell:Creating prefix chain script '/home/mu/RINSproject/src/install/setup.zsh'
