[0.999s] DEBUG:colcon:Command line arguments: ['/usr/bin/colcon', 'build']
[0.999s] DEBUG:colcon:Parsed command line arguments: Namespace(log_base=None, log_level=None, verb_name='build', build_base='build', install_base='install', merge_install=False, symlink_install=False, test_result_base=None, continue_on_error=False, executor='parallel', parallel_workers=16, event_handlers=None, ignore_user_meta=False, metas=['./colcon.meta'], base_paths=['.'], packages_ignore=None, packages_ignore_regex=None, paths=None, packages_up_to=None, packages_up_to_regex=None, packages_above=None, packages_above_and_dependencies=None, packages_above_depth=None, packages_select_by_dep=None, packages_skip_by_dep=None, packages_skip_up_to=None, packages_select_build_failed=False, packages_skip_build_finished=False, packages_select_test_failures=False, packages_skip_test_passed=False, packages_select=None, packages_skip=None, packages_select_regex=None, packages_skip_regex=None, packages_start=None, packages_end=None, allow_overriding=[], cmake_args=None, cmake_target=None, cmake_target_skip_unavailable=False, cmake_clean_cache=False, cmake_clean_first=False, cmake_force_configure=False, ament_cmake_args=None, catkin_cmake_args=None, catkin_skip_building_tests=False, verb_parser=<colcon_defaults.argument_parser.defaults.DefaultArgumentsDecorator object at 0x7101d2315bd0>, verb_extension=<colcon_core.verb.build.BuildVerb object at 0x7101d2317f10>, main=<bound method BuildVerb.main of <colcon_core.verb.build.BuildVerb object at 0x7101d2317f10>>)
[1.047s] Level 1:colcon.colcon_core.package_discovery:discover_packages(colcon_meta) check parameters
[1.047s] Level 1:colcon.colcon_core.package_discovery:discover_packages(recursive) check parameters
[1.047s] Level 1:colcon.colcon_core.package_discovery:discover_packages(ignore) check parameters
[1.047s] Level 1:colcon.colcon_core.package_discovery:discover_packages(path) check parameters
[1.047s] Level 1:colcon.colcon_core.package_discovery:discover_packages(colcon_meta) discover
[1.047s] Level 1:colcon.colcon_core.package_discovery:discover_packages(recursive) discover
[1.047s] INFO:colcon.colcon_core.package_discovery:Crawling recursively for packages in '/home/mu/Documents/RINS/vaje/vaje4'
[1.047s] Level 1:colcon.colcon_core.package_identification:_identify(.) by extensions ['ignore', 'ignore_ament_install']
[1.047s] Level 1:colcon.colcon_core.package_identification:_identify(.) by extension 'ignore'
[1.047s] Level 1:colcon.colcon_core.package_identification:_identify(.) by extension 'ignore_ament_install'
[1.047s] Level 1:colcon.colcon_core.package_identification:_identify(.) by extensions ['colcon_pkg']
[1.047s] Level 1:colcon.colcon_core.package_identification:_identify(.) by extension 'colcon_pkg'
[1.047s] Level 1:colcon.colcon_core.package_identification:_identify(.) by extensions ['colcon_meta']
[1.047s] Level 1:colcon.colcon_core.package_identification:_identify(.) by extension 'colcon_meta'
[1.047s] Level 1:colcon.colcon_core.package_identification:_identify(.) by extensions ['ros']
[1.048s] Level 1:colcon.colcon_core.package_identification:_identify(.) by extension 'ros'
[1.058s] Level 1:colcon.colcon_core.package_identification:_identify(.) by extensions ['cmake', 'python']
[1.058s] Level 1:colcon.colcon_core.package_identification:_identify(.) by extension 'cmake'
[1.058s] Level 1:colcon.colcon_core.package_identification:_identify(.) by extension 'python'
[1.058s] Level 1:colcon.colcon_core.package_identification:_identify(.) by extensions ['python_setup_py']
[1.058s] Level 1:colcon.colcon_core.package_identification:_identify(.) by extension 'python_setup_py'
[1.058s] Level 1:colcon.colcon_core.package_identification:_identify(build) by extensions ['ignore', 'ignore_ament_install']
[1.058s] Level 1:colcon.colcon_core.package_identification:_identify(build) by extension 'ignore'
[1.058s] Level 1:colcon.colcon_core.package_identification:_identify(build) ignored
[1.059s] Level 1:colcon.colcon_core.package_identification:_identify(install) by extensions ['ignore', 'ignore_ament_install']
[1.059s] Level 1:colcon.colcon_core.package_identification:_identify(install) by extension 'ignore'
[1.059s] Level 1:colcon.colcon_core.package_identification:_identify(install) ignored
[1.059s] Level 1:colcon.colcon_core.package_identification:_identify(log) by extensions ['ignore', 'ignore_ament_install']
[1.059s] Level 1:colcon.colcon_core.package_identification:_identify(log) by extension 'ignore'
[1.059s] Level 1:colcon.colcon_core.package_identification:_identify(log) ignored
[1.059s] Level 1:colcon.colcon_core.package_identification:_identify(src) by extensions ['ignore', 'ignore_ament_install']
[1.059s] Level 1:colcon.colcon_core.package_identification:_identify(src) by extension 'ignore'
[1.059s] Level 1:colcon.colcon_core.package_identification:_identify(src) by extension 'ignore_ament_install'
[1.059s] Level 1:colcon.colcon_core.package_identification:_identify(src) by extensions ['colcon_pkg']
[1.059s] Level 1:colcon.colcon_core.package_identification:_identify(src) by extension 'colcon_pkg'
[1.059s] Level 1:colcon.colcon_core.package_identification:_identify(src) by extensions ['colcon_meta']
[1.059s] Level 1:colcon.colcon_core.package_identification:_identify(src) by extension 'colcon_meta'
[1.059s] Level 1:colcon.colcon_core.package_identification:_identify(src) by extensions ['ros']
[1.059s] Level 1:colcon.colcon_core.package_identification:_identify(src) by extension 'ros'
[1.059s] Level 1:colcon.colcon_core.package_identification:_identify(src) by extensions ['cmake', 'python']
[1.059s] Level 1:colcon.colcon_core.package_identification:_identify(src) by extension 'cmake'
[1.059s] Level 1:colcon.colcon_core.package_identification:_identify(src) by extension 'python'
[1.060s] Level 1:colcon.colcon_core.package_identification:_identify(src) by extensions ['python_setup_py']
[1.060s] Level 1:colcon.colcon_core.package_identification:_identify(src) by extension 'python_setup_py'
[1.060s] Level 1:colcon.colcon_core.package_identification:_identify(src/dis_tutorial3) by extensions ['ignore', 'ignore_ament_install']
[1.060s] Level 1:colcon.colcon_core.package_identification:_identify(src/dis_tutorial3) by extension 'ignore'
[1.060s] Level 1:colcon.colcon_core.package_identification:_identify(src/dis_tutorial3) by extension 'ignore_ament_install'
[1.060s] Level 1:colcon.colcon_core.package_identification:_identify(src/dis_tutorial3) by extensions ['colcon_pkg']
[1.060s] Level 1:colcon.colcon_core.package_identification:_identify(src/dis_tutorial3) by extension 'colcon_pkg'
[1.060s] Level 1:colcon.colcon_core.package_identification:_identify(src/dis_tutorial3) by extensions ['colcon_meta']
[1.060s] Level 1:colcon.colcon_core.package_identification:_identify(src/dis_tutorial3) by extension 'colcon_meta'
[1.060s] Level 1:colcon.colcon_core.package_identification:_identify(src/dis_tutorial3) by extensions ['ros']
[1.060s] Level 1:colcon.colcon_core.package_identification:_identify(src/dis_tutorial3) by extension 'ros'
[1.062s] DEBUG:colcon.colcon_core.package_identification:Package 'src/dis_tutorial3' with type 'ros.ament_cmake' and name 'dis_tutorial3'
[1.063s] Level 1:colcon.colcon_core.package_identification:_identify(src/dis_tutorial4) by extensions ['ignore', 'ignore_ament_install']
[1.063s] Level 1:colcon.colcon_core.package_identification:_identify(src/dis_tutorial4) by extension 'ignore'
[1.063s] Level 1:colcon.colcon_core.package_identification:_identify(src/dis_tutorial4) by extension 'ignore_ament_install'
[1.063s] Level 1:colcon.colcon_core.package_identification:_identify(src/dis_tutorial4) by extensions ['colcon_pkg']
[1.063s] Level 1:colcon.colcon_core.package_identification:_identify(src/dis_tutorial4) by extension 'colcon_pkg'
[1.063s] Level 1:colcon.colcon_core.package_identification:_identify(src/dis_tutorial4) by extensions ['colcon_meta']
[1.063s] Level 1:colcon.colcon_core.package_identification:_identify(src/dis_tutorial4) by extension 'colcon_meta'
[1.063s] Level 1:colcon.colcon_core.package_identification:_identify(src/dis_tutorial4) by extensions ['ros']
[1.063s] Level 1:colcon.colcon_core.package_identification:_identify(src/dis_tutorial4) by extension 'ros'
[1.064s] DEBUG:colcon.colcon_core.package_identification:Package 'src/dis_tutorial4' with type 'ros.ament_cmake' and name 'dis_tutorial4'
[1.064s] Level 1:colcon.colcon_core.package_discovery:discover_packages(recursive) using defaults
[1.064s] Level 1:colcon.colcon_core.package_discovery:discover_packages(ignore) discover
[1.064s] Level 1:colcon.colcon_core.package_discovery:discover_packages(ignore) using defaults
[1.064s] Level 1:colcon.colcon_core.package_discovery:discover_packages(path) discover
[1.064s] Level 1:colcon.colcon_core.package_discovery:discover_packages(path) using defaults
[1.157s] Level 1:colcon.colcon_core.package_discovery:discover_packages(prefix_path) check parameters
[1.157s] Level 1:colcon.colcon_core.package_discovery:discover_packages(prefix_path) discover
[1.187s] DEBUG:colcon.colcon_installed_package_information.package_discovery:Found 0 installed packages in /home/mu/colcon_ws/install
[1.203s] DEBUG:colcon.colcon_installed_package_information.package_discovery:Found 407 installed packages in /opt/ros/humble
[1.205s] Level 1:colcon.colcon_core.package_discovery:discover_packages(prefix_path) using defaults
[1.324s] Level 5:colcon.colcon_core.verb:set package 'dis_tutorial3' build argument 'cmake_args' from command line to 'None'
[1.324s] Level 5:colcon.colcon_core.verb:set package 'dis_tutorial3' build argument 'cmake_target' from command line to 'None'
[1.324s] Level 5:colcon.colcon_core.verb:set package 'dis_tutorial3' build argument 'cmake_target_skip_unavailable' from command line to 'False'
[1.324s] Level 5:colcon.colcon_core.verb:set package 'dis_tutorial3' build argument 'cmake_clean_cache' from command line to 'False'
[1.324s] Level 5:colcon.colcon_core.verb:set package 'dis_tutorial3' build argument 'cmake_clean_first' from command line to 'False'
[1.324s] Level 5:colcon.colcon_core.verb:set package 'dis_tutorial3' build argument 'cmake_force_configure' from command line to 'False'
[1.324s] Level 5:colcon.colcon_core.verb:set package 'dis_tutorial3' build argument 'ament_cmake_args' from command line to 'None'
[1.324s] Level 5:colcon.colcon_core.verb:set package 'dis_tutorial3' build argument 'catkin_cmake_args' from command line to 'None'
[1.324s] Level 5:colcon.colcon_core.verb:set package 'dis_tutorial3' build argument 'catkin_skip_building_tests' from command line to 'False'
[1.324s] DEBUG:colcon.colcon_core.verb:Building package 'dis_tutorial3' with the following arguments: {'ament_cmake_args': None, 'build_base': '/home/mu/Documents/RINS/vaje/vaje4/build/dis_tutorial3', 'catkin_cmake_args': None, 'catkin_skip_building_tests': False, 'cmake_args': None, 'cmake_clean_cache': False, 'cmake_clean_first': False, 'cmake_force_configure': False, 'cmake_target': None, 'cmake_target_skip_unavailable': False, 'install_base': '/home/mu/Documents/RINS/vaje/vaje4/install/dis_tutorial3', 'merge_install': False, 'path': '/home/mu/Documents/RINS/vaje/vaje4/src/dis_tutorial3', 'symlink_install': False, 'test_result_base': None}
[1.339s] Level 5:colcon.colcon_core.verb:set package 'dis_tutorial4' build argument 'cmake_args' from command line to 'None'
[1.339s] Level 5:colcon.colcon_core.verb:set package 'dis_tutorial4' build argument 'cmake_target' from command line to 'None'
[1.339s] Level 5:colcon.colcon_core.verb:set package 'dis_tutorial4' build argument 'cmake_target_skip_unavailable' from command line to 'False'
[1.339s] Level 5:colcon.colcon_core.verb:set package 'dis_tutorial4' build argument 'cmake_clean_cache' from command line to 'False'
[1.339s] Level 5:colcon.colcon_core.verb:set package 'dis_tutorial4' build argument 'cmake_clean_first' from command line to 'False'
[1.339s] Level 5:colcon.colcon_core.verb:set package 'dis_tutorial4' build argument 'cmake_force_configure' from command line to 'False'
[1.339s] Level 5:colcon.colcon_core.verb:set package 'dis_tutorial4' build argument 'ament_cmake_args' from command line to 'None'
[1.339s] Level 5:colcon.colcon_core.verb:set package 'dis_tutorial4' build argument 'catkin_cmake_args' from command line to 'None'
[1.339s] Level 5:colcon.colcon_core.verb:set package 'dis_tutorial4' build argument 'catkin_skip_building_tests' from command line to 'False'
[1.339s] DEBUG:colcon.colcon_core.verb:Building package 'dis_tutorial4' with the following arguments: {'ament_cmake_args': None, 'build_base': '/home/mu/Documents/RINS/vaje/vaje4/build/dis_tutorial4', 'catkin_cmake_args': None, 'catkin_skip_building_tests': False, 'cmake_args': None, 'cmake_clean_cache': False, 'cmake_clean_first': False, 'cmake_force_configure': False, 'cmake_target': None, 'cmake_target_skip_unavailable': False, 'install_base': '/home/mu/Documents/RINS/vaje/vaje4/install/dis_tutorial4', 'merge_install': False, 'path': '/home/mu/Documents/RINS/vaje/vaje4/src/dis_tutorial4', 'symlink_install': False, 'test_result_base': None}
[1.355s] INFO:colcon.colcon_core.executor:Executing jobs using 'parallel' executor
[1.370s] DEBUG:colcon.colcon_parallel_executor.executor.parallel:run_until_complete
[1.371s] INFO:colcon.colcon_ros.task.ament_cmake.build:Building ROS package in '/home/mu/Documents/RINS/vaje/vaje4/src/dis_tutorial3' with build type 'ament_cmake'
[1.371s] INFO:colcon.colcon_cmake.task.cmake.build:Building CMake package in '/home/mu/Documents/RINS/vaje/vaje4/src/dis_tutorial3'
[1.389s] INFO:colcon.colcon_core.plugin_system:Skipping extension 'colcon_core.shell.bat': Not used on non-Windows systems
[1.389s] INFO:colcon.colcon_core.shell:Skip shell extension 'powershell' for command environment: Not usable outside of PowerShell
[1.389s] DEBUG:colcon.colcon_core.shell:Skip shell extension 'dsv' for command environment
[1.436s] INFO:colcon.colcon_ros.task.ament_cmake.build:Building ROS package in '/home/mu/Documents/RINS/vaje/vaje4/src/dis_tutorial4' with build type 'ament_cmake'
[1.437s] INFO:colcon.colcon_cmake.task.cmake.build:Building CMake package in '/home/mu/Documents/RINS/vaje/vaje4/src/dis_tutorial4'
[1.455s] INFO:colcon.colcon_core.shell:Skip shell extension 'powershell' for command environment: Not usable outside of PowerShell
[1.455s] DEBUG:colcon.colcon_core.shell:Skip shell extension 'dsv' for command environment
[1.507s] DEBUG:colcon.colcon_core.event_handler.log_command:Invoking command in '/home/mu/Documents/RINS/vaje/vaje4/build/dis_tutorial3': CMAKE_PREFIX_PATH=/opt/ros/humble /usr/bin/cmake --build /home/mu/Documents/RINS/vaje/vaje4/build/dis_tutorial3 -- -j16 -l16
[1.511s] DEBUG:colcon.colcon_core.event_handler.log_command:Invoking command in '/home/mu/Documents/RINS/vaje/vaje4/build/dis_tutorial4': CMAKE_PREFIX_PATH=/opt/ros/humble /usr/bin/cmake --build /home/mu/Documents/RINS/vaje/vaje4/build/dis_tutorial4 -- -j16 -l16
[1.553s] DEBUG:colcon.colcon_core.event_handler.log_command:Invoked command in '/home/mu/Documents/RINS/vaje/vaje4/build/dis_tutorial3' returned '0': CMAKE_PREFIX_PATH=/opt/ros/humble /usr/bin/cmake --build /home/mu/Documents/RINS/vaje/vaje4/build/dis_tutorial3 -- -j16 -l16
[1.555s] DEBUG:colcon.colcon_core.event_handler.log_command:Invoked command in '/home/mu/Documents/RINS/vaje/vaje4/build/dis_tutorial4' returned '0': CMAKE_PREFIX_PATH=/opt/ros/humble /usr/bin/cmake --build /home/mu/Documents/RINS/vaje/vaje4/build/dis_tutorial4 -- -j16 -l16
[1.589s] DEBUG:colcon.colcon_core.event_handler.log_command:Invoking command in '/home/mu/Documents/RINS/vaje/vaje4/build/dis_tutorial3': CMAKE_PREFIX_PATH=/opt/ros/humble /usr/bin/cmake --install /home/mu/Documents/RINS/vaje/vaje4/build/dis_tutorial3
[1.591s] DEBUG:colcon.colcon_core.event_handler.log_command:Invoking command in '/home/mu/Documents/RINS/vaje/vaje4/build/dis_tutorial4': CMAKE_PREFIX_PATH=/opt/ros/humble /usr/bin/cmake --install /home/mu/Documents/RINS/vaje/vaje4/build/dis_tutorial4
[1.602s] Level 1:colcon.colcon_core.environment:create_environment_scripts_only(dis_tutorial4)
[1.611s] DEBUG:colcon.colcon_core.event_handler.log_command:Invoked command in '/home/mu/Documents/RINS/vaje/vaje4/build/dis_tutorial4' returned '0': CMAKE_PREFIX_PATH=/opt/ros/humble /usr/bin/cmake --install /home/mu/Documents/RINS/vaje/vaje4/build/dis_tutorial4
[1.627s] Level 1:colcon.colcon_core.environment:checking '/home/mu/Documents/RINS/vaje/vaje4/install/dis_tutorial4' for CMake module files
[1.627s] Level 1:colcon.colcon_core.environment:checking '/home/mu/Documents/RINS/vaje/vaje4/install/dis_tutorial4' for CMake config files
[1.628s] Level 1:colcon.colcon_core.shell:create_environment_hook('dis_tutorial4', 'cmake_prefix_path')
[1.643s] INFO:colcon.colcon_core.shell:Creating environment hook '/home/mu/Documents/RINS/vaje/vaje4/install/dis_tutorial4/share/dis_tutorial4/hook/cmake_prefix_path.ps1'
[1.644s] INFO:colcon.colcon_core.shell:Creating environment descriptor '/home/mu/Documents/RINS/vaje/vaje4/install/dis_tutorial4/share/dis_tutorial4/hook/cmake_prefix_path.dsv'
[1.644s] INFO:colcon.colcon_core.shell:Creating environment hook '/home/mu/Documents/RINS/vaje/vaje4/install/dis_tutorial4/share/dis_tutorial4/hook/cmake_prefix_path.sh'
[1.645s] Level 1:colcon.colcon_core.environment:checking '/home/mu/Documents/RINS/vaje/vaje4/install/dis_tutorial4/lib'
[1.645s] Level 1:colcon.colcon_core.environment:checking '/home/mu/Documents/RINS/vaje/vaje4/install/dis_tutorial4/bin'
[1.645s] Level 1:colcon.colcon_core.environment:checking '/home/mu/Documents/RINS/vaje/vaje4/install/dis_tutorial4/lib/pkgconfig/dis_tutorial4.pc'
[1.645s] Level 1:colcon.colcon_core.environment:checking '/home/mu/Documents/RINS/vaje/vaje4/install/dis_tutorial4/lib/python3.10/site-packages'
[1.646s] Level 1:colcon.colcon_core.environment:checking '/home/mu/Documents/RINS/vaje/vaje4/install/dis_tutorial4/bin'
[1.662s] INFO:colcon.colcon_core.shell:Creating package script '/home/mu/Documents/RINS/vaje/vaje4/install/dis_tutorial4/share/dis_tutorial4/package.ps1'
[1.663s] INFO:colcon.colcon_core.shell:Creating package descriptor '/home/mu/Documents/RINS/vaje/vaje4/install/dis_tutorial4/share/dis_tutorial4/package.dsv'
[1.664s] INFO:colcon.colcon_core.shell:Creating package script '/home/mu/Documents/RINS/vaje/vaje4/install/dis_tutorial4/share/dis_tutorial4/package.sh'
[1.665s] INFO:colcon.colcon_core.shell:Creating package script '/home/mu/Documents/RINS/vaje/vaje4/install/dis_tutorial4/share/dis_tutorial4/package.bash'
[1.666s] INFO:colcon.colcon_core.shell:Creating package script '/home/mu/Documents/RINS/vaje/vaje4/install/dis_tutorial4/share/dis_tutorial4/package.zsh'
[1.666s] Level 1:colcon.colcon_core.environment:create_file_with_runtime_dependencies(/home/mu/Documents/RINS/vaje/vaje4/install/dis_tutorial4/share/colcon-core/packages/dis_tutorial4)
[1.668s] Level 1:colcon.colcon_core.environment:create_environment_scripts_only(dis_tutorial3)
[1.669s] DEBUG:colcon.colcon_core.event_handler.log_command:Invoked command in '/home/mu/Documents/RINS/vaje/vaje4/build/dis_tutorial3' returned '0': CMAKE_PREFIX_PATH=/opt/ros/humble /usr/bin/cmake --install /home/mu/Documents/RINS/vaje/vaje4/build/dis_tutorial3
[1.685s] Level 1:colcon.colcon_core.environment:checking '/home/mu/Documents/RINS/vaje/vaje4/install/dis_tutorial3' for CMake module files
[1.685s] Level 1:colcon.colcon_core.environment:checking '/home/mu/Documents/RINS/vaje/vaje4/install/dis_tutorial3' for CMake config files
[1.686s] Level 1:colcon.colcon_core.shell:create_environment_hook('dis_tutorial3', 'cmake_prefix_path')
[1.702s] INFO:colcon.colcon_core.shell:Creating environment hook '/home/mu/Documents/RINS/vaje/vaje4/install/dis_tutorial3/share/dis_tutorial3/hook/cmake_prefix_path.ps1'
[1.702s] INFO:colcon.colcon_core.shell:Creating environment descriptor '/home/mu/Documents/RINS/vaje/vaje4/install/dis_tutorial3/share/dis_tutorial3/hook/cmake_prefix_path.dsv'
[1.702s] INFO:colcon.colcon_core.shell:Creating environment hook '/home/mu/Documents/RINS/vaje/vaje4/install/dis_tutorial3/share/dis_tutorial3/hook/cmake_prefix_path.sh'
[1.703s] Level 1:colcon.colcon_core.environment:checking '/home/mu/Documents/RINS/vaje/vaje4/install/dis_tutorial3/lib'
[1.703s] Level 1:colcon.colcon_core.environment:checking '/home/mu/Documents/RINS/vaje/vaje4/install/dis_tutorial3/bin'
[1.703s] Level 1:colcon.colcon_core.environment:checking '/home/mu/Documents/RINS/vaje/vaje4/install/dis_tutorial3/lib/pkgconfig/dis_tutorial3.pc'
[1.703s] Level 1:colcon.colcon_core.environment:checking '/home/mu/Documents/RINS/vaje/vaje4/install/dis_tutorial3/lib/python3.10/site-packages'
[1.704s] Level 1:colcon.colcon_core.environment:checking '/home/mu/Documents/RINS/vaje/vaje4/install/dis_tutorial3/bin'
[1.719s] INFO:colcon.colcon_core.shell:Creating package script '/home/mu/Documents/RINS/vaje/vaje4/install/dis_tutorial3/share/dis_tutorial3/package.ps1'
[1.719s] INFO:colcon.colcon_core.shell:Creating package descriptor '/home/mu/Documents/RINS/vaje/vaje4/install/dis_tutorial3/share/dis_tutorial3/package.dsv'
[1.719s] INFO:colcon.colcon_core.shell:Creating package script '/home/mu/Documents/RINS/vaje/vaje4/install/dis_tutorial3/share/dis_tutorial3/package.sh'
[1.720s] INFO:colcon.colcon_core.shell:Creating package script '/home/mu/Documents/RINS/vaje/vaje4/install/dis_tutorial3/share/dis_tutorial3/package.bash'
[1.720s] INFO:colcon.colcon_core.shell:Creating package script '/home/mu/Documents/RINS/vaje/vaje4/install/dis_tutorial3/share/dis_tutorial3/package.zsh'
[1.720s] Level 1:colcon.colcon_core.environment:create_file_with_runtime_dependencies(/home/mu/Documents/RINS/vaje/vaje4/install/dis_tutorial3/share/colcon-core/packages/dis_tutorial3)
[1.741s] Level 1:colcon.colcon_core.environment:create_environment_scripts_only(dis_tutorial4)
[1.758s] Level 1:colcon.colcon_core.environment:checking '/home/mu/Documents/RINS/vaje/vaje4/install/dis_tutorial4' for CMake module files
[1.758s] Level 1:colcon.colcon_core.environment:checking '/home/mu/Documents/RINS/vaje/vaje4/install/dis_tutorial4' for CMake config files
[1.759s] Level 1:colcon.colcon_core.shell:create_environment_hook('dis_tutorial4', 'cmake_prefix_path')
[1.777s] INFO:colcon.colcon_core.shell:Creating environment hook '/home/mu/Documents/RINS/vaje/vaje4/install/dis_tutorial4/share/dis_tutorial4/hook/cmake_prefix_path.ps1'
[1.777s] INFO:colcon.colcon_core.shell:Creating environment descriptor '/home/mu/Documents/RINS/vaje/vaje4/install/dis_tutorial4/share/dis_tutorial4/hook/cmake_prefix_path.dsv'
[1.777s] INFO:colcon.colcon_core.shell:Creating environment hook '/home/mu/Documents/RINS/vaje/vaje4/install/dis_tutorial4/share/dis_tutorial4/hook/cmake_prefix_path.sh'
[1.778s] Level 1:colcon.colcon_core.environment:checking '/home/mu/Documents/RINS/vaje/vaje4/install/dis_tutorial4/lib'
[1.778s] Level 1:colcon.colcon_core.environment:checking '/home/mu/Documents/RINS/vaje/vaje4/install/dis_tutorial4/bin'
[1.778s] Level 1:colcon.colcon_core.environment:checking '/home/mu/Documents/RINS/vaje/vaje4/install/dis_tutorial4/lib/pkgconfig/dis_tutorial4.pc'
[1.779s] Level 1:colcon.colcon_core.environment:checking '/home/mu/Documents/RINS/vaje/vaje4/install/dis_tutorial4/lib/python3.10/site-packages'
[1.779s] Level 1:colcon.colcon_core.environment:checking '/home/mu/Documents/RINS/vaje/vaje4/install/dis_tutorial4/bin'
[1.795s] INFO:colcon.colcon_core.shell:Creating package script '/home/mu/Documents/RINS/vaje/vaje4/install/dis_tutorial4/share/dis_tutorial4/package.ps1'
[1.795s] INFO:colcon.colcon_core.shell:Creating package descriptor '/home/mu/Documents/RINS/vaje/vaje4/install/dis_tutorial4/share/dis_tutorial4/package.dsv'
[1.796s] INFO:colcon.colcon_core.shell:Creating package script '/home/mu/Documents/RINS/vaje/vaje4/install/dis_tutorial4/share/dis_tutorial4/package.sh'
[1.796s] INFO:colcon.colcon_core.shell:Creating package script '/home/mu/Documents/RINS/vaje/vaje4/install/dis_tutorial4/share/dis_tutorial4/package.bash'
[1.797s] INFO:colcon.colcon_core.shell:Creating package script '/home/mu/Documents/RINS/vaje/vaje4/install/dis_tutorial4/share/dis_tutorial4/package.zsh'
[1.797s] Level 1:colcon.colcon_core.environment:create_file_with_runtime_dependencies(/home/mu/Documents/RINS/vaje/vaje4/install/dis_tutorial4/share/colcon-core/packages/dis_tutorial4)
[1.815s] Level 1:colcon.colcon_core.environment:create_environment_scripts_only(dis_tutorial3)
[1.832s] Level 1:colcon.colcon_core.environment:checking '/home/mu/Documents/RINS/vaje/vaje4/install/dis_tutorial3' for CMake module files
[1.832s] Level 1:colcon.colcon_core.environment:checking '/home/mu/Documents/RINS/vaje/vaje4/install/dis_tutorial3' for CMake config files
[1.832s] Level 1:colcon.colcon_core.shell:create_environment_hook('dis_tutorial3', 'cmake_prefix_path')
[1.847s] INFO:colcon.colcon_core.shell:Creating environment hook '/home/mu/Documents/RINS/vaje/vaje4/install/dis_tutorial3/share/dis_tutorial3/hook/cmake_prefix_path.ps1'
[1.848s] INFO:colcon.colcon_core.shell:Creating environment descriptor '/home/mu/Documents/RINS/vaje/vaje4/install/dis_tutorial3/share/dis_tutorial3/hook/cmake_prefix_path.dsv'
[1.848s] INFO:colcon.colcon_core.shell:Creating environment hook '/home/mu/Documents/RINS/vaje/vaje4/install/dis_tutorial3/share/dis_tutorial3/hook/cmake_prefix_path.sh'
[1.849s] Level 1:colcon.colcon_core.environment:checking '/home/mu/Documents/RINS/vaje/vaje4/install/dis_tutorial3/lib'
[1.849s] Level 1:colcon.colcon_core.environment:checking '/home/mu/Documents/RINS/vaje/vaje4/install/dis_tutorial3/bin'
[1.849s] Level 1:colcon.colcon_core.environment:checking '/home/mu/Documents/RINS/vaje/vaje4/install/dis_tutorial3/lib/pkgconfig/dis_tutorial3.pc'
[1.849s] Level 1:colcon.colcon_core.environment:checking '/home/mu/Documents/RINS/vaje/vaje4/install/dis_tutorial3/lib/python3.10/site-packages'
[1.849s] Level 1:colcon.colcon_core.environment:checking '/home/mu/Documents/RINS/vaje/vaje4/install/dis_tutorial3/bin'
[1.864s] INFO:colcon.colcon_core.shell:Creating package script '/home/mu/Documents/RINS/vaje/vaje4/install/dis_tutorial3/share/dis_tutorial3/package.ps1'
[1.864s] INFO:colcon.colcon_core.shell:Creating package descriptor '/home/mu/Documents/RINS/vaje/vaje4/install/dis_tutorial3/share/dis_tutorial3/package.dsv'
[1.865s] INFO:colcon.colcon_core.shell:Creating package script '/home/mu/Documents/RINS/vaje/vaje4/install/dis_tutorial3/share/dis_tutorial3/package.sh'
[1.865s] INFO:colcon.colcon_core.shell:Creating package script '/home/mu/Documents/RINS/vaje/vaje4/install/dis_tutorial3/share/dis_tutorial3/package.bash'
[1.865s] INFO:colcon.colcon_core.shell:Creating package script '/home/mu/Documents/RINS/vaje/vaje4/install/dis_tutorial3/share/dis_tutorial3/package.zsh'
[1.866s] Level 1:colcon.colcon_core.environment:create_file_with_runtime_dependencies(/home/mu/Documents/RINS/vaje/vaje4/install/dis_tutorial3/share/colcon-core/packages/dis_tutorial3)
[1.866s] DEBUG:colcon.colcon_parallel_executor.executor.parallel:closing loop
[1.866s] DEBUG:colcon.colcon_parallel_executor.executor.parallel:loop closed
[1.866s] DEBUG:colcon.colcon_parallel_executor.executor.parallel:run_until_complete finished with '0'
[1.866s] DEBUG:colcon.colcon_core.event_reactor:joining thread
[1.887s] INFO:colcon.colcon_core.plugin_system:Skipping extension 'colcon_notification.desktop_notification.notify_send': Could not find 'notify-send'
[1.887s] INFO:colcon.colcon_core.plugin_system:Skipping extension 'colcon_notification.desktop_notification.terminal_notifier': Not used on non-Darwin systems
[1.887s] INFO:colcon.colcon_core.plugin_system:Skipping extension 'colcon_notification.desktop_notification.win32': Not used on non-Windows systems
[1.887s] INFO:colcon.colcon_notification.desktop_notification:Sending desktop notification using 'notify2'
[1.911s] DEBUG:colcon.colcon_core.event_reactor:joined thread
[1.926s] INFO:colcon.colcon_core.shell:Creating prefix script '/home/mu/Documents/RINS/vaje/vaje4/install/local_setup.ps1'
[1.927s] INFO:colcon.colcon_core.shell:Creating prefix util module '/home/mu/Documents/RINS/vaje/vaje4/install/_local_setup_util_ps1.py'
[1.928s] INFO:colcon.colcon_core.shell:Creating prefix chain script '/home/mu/Documents/RINS/vaje/vaje4/install/setup.ps1'
[1.945s] INFO:colcon.colcon_core.shell:Creating prefix script '/home/mu/Documents/RINS/vaje/vaje4/install/local_setup.sh'
[1.946s] INFO:colcon.colcon_core.shell:Creating prefix util module '/home/mu/Documents/RINS/vaje/vaje4/install/_local_setup_util_sh.py'
[1.946s] INFO:colcon.colcon_core.shell:Creating prefix chain script '/home/mu/Documents/RINS/vaje/vaje4/install/setup.sh'
[1.962s] INFO:colcon.colcon_core.shell:Creating prefix script '/home/mu/Documents/RINS/vaje/vaje4/install/local_setup.bash'
[1.963s] INFO:colcon.colcon_core.shell:Creating prefix chain script '/home/mu/Documents/RINS/vaje/vaje4/install/setup.bash'
[1.979s] INFO:colcon.colcon_core.shell:Creating prefix script '/home/mu/Documents/RINS/vaje/vaje4/install/local_setup.zsh'
[1.979s] INFO:colcon.colcon_core.shell:Creating prefix chain script '/home/mu/Documents/RINS/vaje/vaje4/install/setup.zsh'
