[0.121s] Invoking command in '/home/mu/Documents/RINS/project/RINSproject/build/dis_tutorial6': CMAKE_PREFIX_PATH=${CMAKE_PREFIX_PATH}:/opt/ros/humble /usr/bin/cmake --build /home/mu/Documents/RINS/project/RINSproject/build/dis_tutorial6 -- -j16 -l16
[0.187s] [35m[1mConsolidate compiler generated dependencies of target pcl_forwarder[0m
[0.187s] [35m[1mConsolidate compiler generated dependencies of target planes[0m
[0.188s] [35m[1mConsolidate compiler generated dependencies of target cylinder_segmentation[0m
[0.249s] [ 66%] Built target pcl_forwarder
[0.249s] [ 66%] Built target planes
[0.250s] [100%] Built target cylinder_segmentation
[0.333s] Invoked command in '/home/mu/Documents/RINS/project/RINSproject/build/dis_tutorial6' returned '0': CMAKE_PREFIX_PATH=${CMAKE_PREFIX_PATH}:/opt/ros/humble /usr/bin/cmake --build /home/mu/Documents/RINS/project/RINSproject/build/dis_tutorial6 -- -j16 -l16
[0.498s] Invoking command in '/home/mu/Documents/RINS/project/RINSproject/build/dis_tutorial6': CMAKE_PREFIX_PATH=${CMAKE_PREFIX_PATH}:/opt/ros/humble /usr/bin/cmake --install /home/mu/Documents/RINS/project/RINSproject/build/dis_tutorial6
[0.558s] -- Install configuration: ""
[0.558s] -- Up-to-date: /home/mu/Documents/RINS/project/RINSproject/install/dis_tutorial6/lib/dis_tutorial6/pcl_forwarder
[0.558s] -- Up-to-date: /home/mu/Documents/RINS/project/RINSproject/install/dis_tutorial6/lib/dis_tutorial6/planes
[0.558s] -- Up-to-date: /home/mu/Documents/RINS/project/RINSproject/install/dis_tutorial6/lib/dis_tutorial6/cylinder_segmentation
[0.558s] -- Installing: /home/mu/Documents/RINS/project/RINSproject/install/dis_tutorial6/lib/dis_tutorial6/detect_rings.py
[0.558s] -- Up-to-date: /home/mu/Documents/RINS/project/RINSproject/install/dis_tutorial6/share/ament_index/resource_index/package_run_dependencies/dis_tutorial6
[0.558s] -- Up-to-date: /home/mu/Documents/RINS/project/RINSproject/install/dis_tutorial6/share/ament_index/resource_index/parent_prefix_path/dis_tutorial6
[0.558s] -- Up-to-date: /home/mu/Documents/RINS/project/RINSproject/install/dis_tutorial6/share/dis_tutorial6/environment/ament_prefix_path.sh
[0.559s] -- Up-to-date: /home/mu/Documents/RINS/project/RINSproject/install/dis_tutorial6/share/dis_tutorial6/environment/ament_prefix_path.dsv
[0.559s] -- Up-to-date: /home/mu/Documents/RINS/project/RINSproject/install/dis_tutorial6/share/dis_tutorial6/environment/path.sh
[0.559s] -- Up-to-date: /home/mu/Documents/RINS/project/RINSproject/install/dis_tutorial6/share/dis_tutorial6/environment/path.dsv
[0.559s] -- Up-to-date: /home/mu/Documents/RINS/project/RINSproject/install/dis_tutorial6/share/dis_tutorial6/local_setup.bash
[0.559s] -- Up-to-date: /home/mu/Documents/RINS/project/RINSproject/install/dis_tutorial6/share/dis_tutorial6/local_setup.sh
[0.559s] -- Up-to-date: /home/mu/Documents/RINS/project/RINSproject/install/dis_tutorial6/share/dis_tutorial6/local_setup.zsh
[0.559s] -- Up-to-date: /home/mu/Documents/RINS/project/RINSproject/install/dis_tutorial6/share/dis_tutorial6/local_setup.dsv
[0.559s] -- Installing: /home/mu/Documents/RINS/project/RINSproject/install/dis_tutorial6/share/dis_tutorial6/package.dsv
[0.559s] -- Up-to-date: /home/mu/Documents/RINS/project/RINSproject/install/dis_tutorial6/share/ament_index/resource_index/packages/dis_tutorial6
[0.559s] -- Up-to-date: /home/mu/Documents/RINS/project/RINSproject/install/dis_tutorial6/share/dis_tutorial6/cmake/dis_tutorial6Config.cmake
[0.559s] -- Up-to-date: /home/mu/Documents/RINS/project/RINSproject/install/dis_tutorial6/share/dis_tutorial6/cmake/dis_tutorial6Config-version.cmake
[0.559s] -- Up-to-date: /home/mu/Documents/RINS/project/RINSproject/install/dis_tutorial6/share/dis_tutorial6/package.xml
[0.559s] Invoked command in '/home/mu/Documents/RINS/project/RINSproject/build/dis_tutorial6' returned '0': CMAKE_PREFIX_PATH=${CMAKE_PREFIX_PATH}:/opt/ros/humble /usr/bin/cmake --install /home/mu/Documents/RINS/project/RINSproject/build/dis_tutorial6
