[ 66%] Built target planes
[ 66%] Built target pcl_forwarder
[100%] Built target cylinder_segmentation
-- Install configuration: ""
-- Up-to-date: /home/mu/RINSproject/src/install/dis_tutorial6/lib/dis_tutorial6/pcl_forwarder
-- Up-to-date: /home/mu/RINSproject/src/install/dis_tutorial6/lib/dis_tutorial6/planes
-- Up-to-date: /home/mu/RINSproject/src/install/dis_tutorial6/lib/dis_tutorial6/cylinder_segmentation
-- Installing: /home/mu/RINSproject/src/install/dis_tutorial6/lib/dis_tutorial6/detect_rings.py
-- Up-to-date: /home/mu/RINSproject/src/install/dis_tutorial6/share/ament_index/resource_index/package_run_dependencies/dis_tutorial6
-- Up-to-date: /home/mu/RINSproject/src/install/dis_tutorial6/share/ament_index/resource_index/parent_prefix_path/dis_tutorial6
-- Up-to-date: /home/mu/RINSproject/src/install/dis_tutorial6/share/dis_tutorial6/environment/ament_prefix_path.sh
-- Up-to-date: /home/mu/RINSproject/src/install/dis_tutorial6/share/dis_tutorial6/environment/ament_prefix_path.dsv
-- Up-to-date: /home/mu/RINSproject/src/install/dis_tutorial6/share/dis_tutorial6/environment/path.sh
-- Up-to-date: /home/mu/RINSproject/src/install/dis_tutorial6/share/dis_tutorial6/environment/path.dsv
-- Up-to-date: /home/mu/RINSproject/src/install/dis_tutorial6/share/dis_tutorial6/local_setup.bash
-- Up-to-date: /home/mu/RINSproject/src/install/dis_tutorial6/share/dis_tutorial6/local_setup.sh
-- Up-to-date: /home/mu/RINSproject/src/install/dis_tutorial6/share/dis_tutorial6/local_setup.zsh
-- Up-to-date: /home/mu/RINSproject/src/install/dis_tutorial6/share/dis_tutorial6/local_setup.dsv
-- Installing: /home/mu/RINSproject/src/install/dis_tutorial6/share/dis_tutorial6/package.dsv
-- Up-to-date: /home/mu/RINSproject/src/install/dis_tutorial6/share/ament_index/resource_index/packages/dis_tutorial6
-- Up-to-date: /home/mu/RINSproject/src/install/dis_tutorial6/share/dis_tutorial6/cmake/dis_tutorial6Config.cmake
-- Up-to-date: /home/mu/RINSproject/src/install/dis_tutorial6/share/dis_tutorial6/cmake/dis_tutorial6Config-version.cmake
-- Up-to-date: /home/mu/RINSproject/src/install/dis_tutorial6/share/dis_tutorial6/package.xml
