[0.086s] Invoking command in '/home/mu/RINSproject/src/build/dis_tutorial6': CMAKE_PREFIX_PATH=${CMAKE_PREFIX_PATH}:/opt/ros/humble /usr/bin/cmake /home/mu/RINSproject/src/dis_tutorial6 -DCMAKE_INSTALL_PREFIX=/home/mu/RINSproject/src/install/dis_tutorial6
[0.128s] -- The C compiler identification is GNU 11.4.0
[0.171s] -- The CXX compiler identification is GNU 11.4.0
[0.177s] -- Detecting C compiler ABI info
[0.234s] -- Detecting C compiler ABI info - done
[0.239s] -- Check for working C compiler: /usr/bin/cc - skipped
[0.239s] -- Detecting C compile features
[0.240s] -- Detecting C compile features - done
[0.242s] -- Detecting CXX compiler ABI info
[0.306s] -- Detecting CXX compiler ABI info - done
[0.313s] -- Check for working CXX compiler: /usr/bin/c++ - skipped
[0.314s] -- Detecting CXX compile features
[0.314s] -- Detecting CXX compile features - done
[0.317s] -- Found ament_cmake: 1.3.8 (/opt/ros/humble/share/ament_cmake/cmake)
[0.431s] -- Found Python3: /usr/bin/python3 (found version "3.10.12") found components: Interpreter 
[0.511s] -- Found rclcpp: 16.0.8 (/opt/ros/humble/share/rclcpp/cmake)
[0.556s] -- Found rosidl_generator_c: 3.1.5 (/opt/ros/humble/share/rosidl_generator_c/cmake)
[0.561s] -- Found rosidl_adapter: 3.1.5 (/opt/ros/humble/share/rosidl_adapter/cmake)
[0.568s] -- Found rosidl_generator_cpp: 3.1.5 (/opt/ros/humble/share/rosidl_generator_cpp/cmake)
[0.580s] -- Using all available rosidl_typesupport_c: rosidl_typesupport_fastrtps_c;rosidl_typesupport_introspection_c
[0.596s] -- Using all available rosidl_typesupport_cpp: rosidl_typesupport_fastrtps_cpp;rosidl_typesupport_introspection_cpp
[0.653s] -- Found rmw_implementation_cmake: 6.1.1 (/opt/ros/humble/share/rmw_implementation_cmake/cmake)
[0.655s] -- Found rmw_fastrtps_cpp: 6.2.6 (/opt/ros/humble/share/rmw_fastrtps_cpp/cmake)
[0.744s] -- Found OpenSSL: /usr/lib/x86_64-linux-gnu/libcrypto.so (found version "3.0.2")  
[0.769s] -- Found FastRTPS: /opt/ros/humble/include  
[0.813s] -- Using RMW implementation 'rmw_fastrtps_cpp' as default
[0.823s] -- Looking for pthread.h
[0.882s] -- Looking for pthread.h - found
[0.882s] -- Performing Test CMAKE_HAVE_LIBC_PTHREAD
[0.943s] -- Performing Test CMAKE_HAVE_LIBC_PTHREAD - Success
[0.944s] -- Found Threads: TRUE  
[1.059s] -- Found rclpy: 3.3.12 (/opt/ros/humble/share/rclpy/cmake)
[1.068s] -- Found geometry_msgs: 4.2.3 (/opt/ros/humble/share/geometry_msgs/cmake)
[1.103s] -- Found visualization_msgs: 4.2.3 (/opt/ros/humble/share/visualization_msgs/cmake)
[1.265s] -- Found tf2: 0.25.6 (/opt/ros/humble/share/tf2/cmake)
[1.280s] -- Found tf2_geometry_msgs: 0.25.6 (/opt/ros/humble/share/tf2_geometry_msgs/cmake)
[1.299s] -- Found eigen3_cmake_module: 0.1.1 (/opt/ros/humble/share/eigen3_cmake_module/cmake)
[1.300s] -- Found Eigen3: TRUE (found version "3.4.0") 
[1.301s] -- Ensuring Eigen3 include directory is part of orocos-kdl CMake target
[1.567s] -- Found pcl_conversions: 2.4.0 (/opt/ros/humble/share/pcl_conversions/cmake)
[1.668s] -- Checking for module 'eigen3'
[1.680s] --   Found eigen3, version 3.4.0
[1.711s] -- Found Eigen: /usr/include/eigen3 (Required is at least version "3.1") 
[1.711s] -- Eigen found (include: /usr/include/eigen3, version: 3.4.0)
[1.759s] -- Found Boost: /usr/lib/x86_64-linux-gnu/cmake/Boost-1.74.0/BoostConfig.cmake (found suitable version "1.74.0", minimum required is "1.65.0") found components: system filesystem date_time iostreams serialization 
[1.775s] -- Checking for module 'flann'
[1.788s] --   Found flann, version 1.9.1
[1.824s] -- Found FLANN: /usr/lib/x86_64-linux-gnu/libflann_cpp.so  
[1.825s] -- FLANN found (include: /usr/include, lib: /usr/lib/x86_64-linux-gnu/libflann_cpp.so)
[1.853s] -- Found GLEW: /usr/lib/x86_64-linux-gnu/libGLEW.so  
[1.858s] -- Found OpenGL: /usr/lib/x86_64-linux-gnu/libOpenGL.so  found components: OpenGL GLX 
[1.985s] -- Found MPI_C: /usr/lib/x86_64-linux-gnu/libmpi.so (found version "3.1") 
[1.985s] -- Found MPI: TRUE (found version "3.1") found components: C 
[1.987s] -- Found JsonCpp: /usr/lib/x86_64-linux-gnu/libjsoncpp.so (found suitable version "1.9.5", minimum required is "0.7.0") 
[1.995s] -- Found ZLIB: /usr/lib/x86_64-linux-gnu/libz.so (found version "1.2.11") 
[2.008s] -- Found PNG: /usr/lib/x86_64-linux-gnu/libpng.so (found version "1.6.37") 
[2.025s] -- Found Eigen3: /usr/include/eigen3 (found version "3.4.0") 
[2.105s] -- Found X11: /usr/include   
[2.105s] -- Looking for XOpenDisplay in /usr/lib/x86_64-linux-gnu/libX11.so;/usr/lib/x86_64-linux-gnu/libXext.so
[2.170s] -- Looking for XOpenDisplay in /usr/lib/x86_64-linux-gnu/libX11.so;/usr/lib/x86_64-linux-gnu/libXext.so - found
[2.170s] -- Looking for gethostbyname
[2.228s] -- Looking for gethostbyname - found
[2.228s] -- Looking for connect
[2.288s] -- Looking for connect - found
[2.288s] -- Looking for remove
[2.345s] -- Looking for remove - found
[2.345s] -- Looking for shmat
[2.403s] -- Looking for shmat - found
[2.403s] -- Looking for IceConnectionNumber in ICE
[2.463s] -- Looking for IceConnectionNumber in ICE - found
[2.535s] -- Found EXPAT: /usr/lib/x86_64-linux-gnu/libexpat.so (found version "2.4.7") 
[2.537s] -- Found double-conversion: /usr/lib/x86_64-linux-gnu/libdouble-conversion.so  
[2.539s] -- Found LZ4: /usr/lib/x86_64-linux-gnu/liblz4.so (found version "1.9.3") 
[2.541s] -- Found LZMA: /usr/lib/x86_64-linux-gnu/liblzma.so (found version "5.2.5") 
[2.583s] -- Found JPEG: /usr/lib/x86_64-linux-gnu/libjpeg.so (found version "80") 
[2.588s] -- Found TIFF: /usr/lib/x86_64-linux-gnu/libtiff.so (found version "4.3.0")  
[2.591s] -- Found Freetype: /usr/lib/x86_64-linux-gnu/libfreetype.so (found version "2.11.1") 
[2.595s] -- Found utf8cpp: /usr/include/utf8cpp  
[2.668s] -- Checking for module 'libusb-1.0'
[2.681s] --   Found libusb-1.0, version 1.0.25
[2.715s] -- Found libusb: /usr/lib/x86_64-linux-gnu/libusb-1.0.so  
[2.716s] -- Found OpenNI: /usr/lib/libOpenNI.so;libusb::libusb (found version "1.5.4.0") 
[2.716s] -- OpenNI found (version: 1.5.4.0, include: /usr/include/ni, lib: /usr/lib/libOpenNI.so;libusb::libusb)
[2.768s] -- Found OpenNI2: /usr/lib/x86_64-linux-gnu/libOpenNI2.so;libusb::libusb (found version "2.2.0.33") 
[2.768s] -- OpenNI2 found (version: 2.2.0.33, include: /usr/include/openni2, lib: /usr/lib/x86_64-linux-gnu/libOpenNI2.so;libusb::libusb)
[2.768s] [0m** WARNING ** io features related to pcap will be disabled[0m
[2.893s] -- Eigen found (include: /usr/include/eigen3, version: 3.4.0)
[2.895s] -- OpenNI found (version: 1.5.4.0, include: /usr/include/ni, lib: /usr/lib/libOpenNI.so;libusb::libusb)
[2.900s] -- OpenNI2 found (version: 2.2.0.33, include: /usr/include/openni2, lib: /usr/lib/x86_64-linux-gnu/libOpenNI2.so;libusb::libusb)
[3.015s] -- Found Qhull version 8.0.2
[3.131s] -- OpenNI found (version: 1.5.4.0, include: /usr/include/ni, lib: /usr/lib/libOpenNI.so;libusb::libusb)
[3.242s] -- looking for PCL_COMMON
[3.250s] -- Found PCL_COMMON: /usr/lib/x86_64-linux-gnu/libpcl_common.so  
[3.250s] -- looking for PCL_KDTREE
[3.251s] -- Found PCL_KDTREE: /usr/lib/x86_64-linux-gnu/libpcl_kdtree.so  
[3.251s] -- looking for PCL_OCTREE
[3.252s] -- Found PCL_OCTREE: /usr/lib/x86_64-linux-gnu/libpcl_octree.so  
[3.252s] -- looking for PCL_SEARCH
[3.252s] -- Found PCL_SEARCH: /usr/lib/x86_64-linux-gnu/libpcl_search.so  
[3.253s] -- looking for PCL_SAMPLE_CONSENSUS
[3.253s] -- Found PCL_SAMPLE_CONSENSUS: /usr/lib/x86_64-linux-gnu/libpcl_sample_consensus.so  
[3.253s] -- looking for PCL_FILTERS
[3.254s] -- Found PCL_FILTERS: /usr/lib/x86_64-linux-gnu/libpcl_filters.so  
[3.254s] -- looking for PCL_2D
[3.254s] -- Found PCL_2D: /usr/include/pcl-1.12  
[3.254s] -- looking for PCL_GEOMETRY
[3.255s] -- Found PCL_GEOMETRY: /usr/include/pcl-1.12  
[3.255s] -- looking for PCL_IO
[3.255s] -- Found PCL_IO: /usr/lib/x86_64-linux-gnu/libpcl_io.so  
[3.255s] -- looking for PCL_FEATURES
[3.256s] -- Found PCL_FEATURES: /usr/lib/x86_64-linux-gnu/libpcl_features.so  
[3.256s] -- looking for PCL_ML
[3.257s] -- Found PCL_ML: /usr/lib/x86_64-linux-gnu/libpcl_ml.so  
[3.257s] -- looking for PCL_SEGMENTATION
[3.257s] -- Found PCL_SEGMENTATION: /usr/lib/x86_64-linux-gnu/libpcl_segmentation.so  
[3.258s] -- looking for PCL_VISUALIZATION
[3.258s] -- Found PCL_VISUALIZATION: /usr/lib/x86_64-linux-gnu/libpcl_visualization.so  
[3.258s] -- looking for PCL_SURFACE
[3.259s] -- Found PCL_SURFACE: /usr/lib/x86_64-linux-gnu/libpcl_surface.so  
[3.259s] -- looking for PCL_REGISTRATION
[3.260s] -- Found PCL_REGISTRATION: /usr/lib/x86_64-linux-gnu/libpcl_registration.so  
[3.260s] -- looking for PCL_KEYPOINTS
[3.260s] -- Found PCL_KEYPOINTS: /usr/lib/x86_64-linux-gnu/libpcl_keypoints.so  
[3.261s] -- looking for PCL_TRACKING
[3.261s] -- Found PCL_TRACKING: /usr/lib/x86_64-linux-gnu/libpcl_tracking.so  
[3.261s] -- looking for PCL_RECOGNITION
[3.262s] -- Found PCL_RECOGNITION: /usr/lib/x86_64-linux-gnu/libpcl_recognition.so  
[3.262s] -- looking for PCL_STEREO
[3.263s] -- Found PCL_STEREO: /usr/lib/x86_64-linux-gnu/libpcl_stereo.so  
[3.263s] -- looking for PCL_APPS
[3.263s] -- Found PCL_APPS: /usr/lib/x86_64-linux-gnu/libpcl_apps.so  
[3.264s] -- looking for PCL_IN_HAND_SCANNER
[3.264s] -- Found PCL_IN_HAND_SCANNER: /usr/include/pcl-1.12  
[3.264s] -- looking for PCL_MODELER
[3.264s] -- Found PCL_MODELER: /usr/include/pcl-1.12  
[3.264s] -- looking for PCL_POINT_CLOUD_EDITOR
[3.265s] -- Found PCL_POINT_CLOUD_EDITOR: /usr/include/pcl-1.12  
[3.265s] -- looking for PCL_OUTOFCORE
[3.265s] -- Found PCL_OUTOFCORE: /usr/lib/x86_64-linux-gnu/libpcl_outofcore.so  
[3.266s] -- looking for PCL_PEOPLE
[3.266s] -- Found PCL_PEOPLE: /usr/lib/x86_64-linux-gnu/libpcl_people.so  
[3.267s] -- Found PCL: pcl_common;pcl_kdtree;pcl_octree;pcl_search;pcl_sample_consensus;pcl_filters;pcl_io;pcl_features;pcl_ml;pcl_segmentation;pcl_visualization;pcl_surface;pcl_registration;pcl_keypoints;pcl_tracking;pcl_recognition;pcl_stereo;pcl_apps;pcl_outofcore;pcl_people;Boost::system;Boost::filesystem;Boost::date_time;Boost::iostreams;Boost::serialization;/usr/lib/libOpenNI.so;libusb::libusb;/usr/lib/x86_64-linux-gnu/libOpenNI2.so;libusb::libusb;VTK::ChartsCore;VTK::CommonColor;VTK::CommonComputationalGeometry;VTK::CommonCore;VTK::CommonDataModel;VTK::CommonExecutionModel;VTK::CommonMath;VTK::CommonMisc;VTK::CommonTransforms;VTK::FiltersCore;VTK::FiltersExtraction;VTK::FiltersGeneral;VTK::FiltersGeometry;VTK::FiltersModeling;VTK::FiltersSources;VTK::ImagingCore;VTK::ImagingSources;VTK::InteractionImage;VTK::InteractionStyle;VTK::InteractionWidgets;VTK::IOCore;VTK::IOGeometry;VTK::IOImage;VTK::IOLegacy;VTK::IOPLY;VTK::RenderingAnnotation;VTK::RenderingCore;VTK::RenderingContext2D;VTK::RenderingLOD;VTK::RenderingFreeType;VTK::ViewsCore;VTK::ViewsContext2D;VTK::RenderingOpenGL2;VTK::GUISupportQt;FLANN::FLANN;QHULL::QHULL (Required is at least version "1.10") 
[3.430s] -- Configuring done
[3.518s] -- Generating done
[3.521s] -- Build files have been written to: /home/mu/RINSproject/src/build/dis_tutorial6
[3.537s] Invoked command in '/home/mu/RINSproject/src/build/dis_tutorial6' returned '0': CMAKE_PREFIX_PATH=${CMAKE_PREFIX_PATH}:/opt/ros/humble /usr/bin/cmake /home/mu/RINSproject/src/dis_tutorial6 -DCMAKE_INSTALL_PREFIX=/home/mu/RINSproject/src/install/dis_tutorial6
[3.538s] Invoking command in '/home/mu/RINSproject/src/build/dis_tutorial6': CMAKE_PREFIX_PATH=${CMAKE_PREFIX_PATH}:/opt/ros/humble /usr/bin/cmake --build /home/mu/RINSproject/src/build/dis_tutorial6 -- -j16 -l16
[3.586s] [ 50%] [32mBuilding CXX object CMakeFiles/cylinder_segmentation.dir/src/cylinder_segmentation.cpp.o[0m
[3.586s] [ 50%] [32mBuilding CXX object CMakeFiles/planes.dir/src/planes.cpp.o[0m
[3.586s] [ 50%] [32mBuilding CXX object CMakeFiles/pcl_forwarder.dir/src/forwarder.cpp.o[0m
[12.531s] [ 66%] [32m[1mLinking CXX executable pcl_forwarder[0m
[13.127s] [ 83%] [32m[1mLinking CXX executable planes[0m
[13.157s] [ 83%] Built target pcl_forwarder
[14.211s] [ 83%] Built target planes
[15.401s] [100%] [32m[1mLinking CXX executable cylinder_segmentation[0m
[17.508s] [100%] Built target cylinder_segmentation
[17.518s] Invoked command in '/home/mu/RINSproject/src/build/dis_tutorial6' returned '0': CMAKE_PREFIX_PATH=${CMAKE_PREFIX_PATH}:/opt/ros/humble /usr/bin/cmake --build /home/mu/RINSproject/src/build/dis_tutorial6 -- -j16 -l16
[17.554s] Invoking command in '/home/mu/RINSproject/src/build/dis_tutorial6': CMAKE_PREFIX_PATH=${CMAKE_PREFIX_PATH}:/opt/ros/humble /usr/bin/cmake --install /home/mu/RINSproject/src/build/dis_tutorial6
[17.560s] -- Install configuration: ""
[17.560s] -- Installing: /home/mu/RINSproject/src/install/dis_tutorial6/lib/dis_tutorial6/pcl_forwarder
[17.565s] -- Set runtime path of "/home/mu/RINSproject/src/install/dis_tutorial6/lib/dis_tutorial6/pcl_forwarder" to ""
[17.565s] -- Installing: /home/mu/RINSproject/src/install/dis_tutorial6/lib/dis_tutorial6/planes
[17.569s] -- Set runtime path of "/home/mu/RINSproject/src/install/dis_tutorial6/lib/dis_tutorial6/planes" to ""
[17.569s] -- Installing: /home/mu/RINSproject/src/install/dis_tutorial6/lib/dis_tutorial6/cylinder_segmentation
[17.574s] -- Set runtime path of "/home/mu/RINSproject/src/install/dis_tutorial6/lib/dis_tutorial6/cylinder_segmentation" to ""
[17.574s] -- Installing: /home/mu/RINSproject/src/install/dis_tutorial6/lib/dis_tutorial6/detect_rings.py
[17.575s] -- Installing: /home/mu/RINSproject/src/install/dis_tutorial6/share/ament_index/resource_index/package_run_dependencies/dis_tutorial6
[17.575s] -- Installing: /home/mu/RINSproject/src/install/dis_tutorial6/share/ament_index/resource_index/parent_prefix_path/dis_tutorial6
[17.575s] -- Installing: /home/mu/RINSproject/src/install/dis_tutorial6/share/dis_tutorial6/environment/ament_prefix_path.sh
[17.575s] -- Installing: /home/mu/RINSproject/src/install/dis_tutorial6/share/dis_tutorial6/environment/ament_prefix_path.dsv
[17.575s] -- Installing: /home/mu/RINSproject/src/install/dis_tutorial6/share/dis_tutorial6/environment/path.sh
[17.575s] -- Installing: /home/mu/RINSproject/src/install/dis_tutorial6/share/dis_tutorial6/environment/path.dsv
[17.575s] -- Installing: /home/mu/RINSproject/src/install/dis_tutorial6/share/dis_tutorial6/local_setup.bash
[17.576s] -- Installing: /home/mu/RINSproject/src/install/dis_tutorial6/share/dis_tutorial6/local_setup.sh
[17.576s] -- Installing: /home/mu/RINSproject/src/install/dis_tutorial6/share/dis_tutorial6/local_setup.zsh
[17.576s] -- Installing: /home/mu/RINSproject/src/install/dis_tutorial6/share/dis_tutorial6/local_setup.dsv
[17.576s] -- Installing: /home/mu/RINSproject/src/install/dis_tutorial6/share/dis_tutorial6/package.dsv
[17.576s] -- Installing: /home/mu/RINSproject/src/install/dis_tutorial6/share/ament_index/resource_index/packages/dis_tutorial6
[17.576s] -- Installing: /home/mu/RINSproject/src/install/dis_tutorial6/share/dis_tutorial6/cmake/dis_tutorial6Config.cmake
[17.576s] -- Installing: /home/mu/RINSproject/src/install/dis_tutorial6/share/dis_tutorial6/cmake/dis_tutorial6Config-version.cmake
[17.577s] -- Installing: /home/mu/RINSproject/src/install/dis_tutorial6/share/dis_tutorial6/package.xml
[17.579s] Invoked command in '/home/mu/RINSproject/src/build/dis_tutorial6' returned '0': CMAKE_PREFIX_PATH=${CMAKE_PREFIX_PATH}:/opt/ros/humble /usr/bin/cmake --install /home/mu/RINSproject/src/build/dis_tutorial6
