[0.185s] Invoking command in '/home/mu/Documents/RINS/project/RINSproject/build/dis_tutorial6': CMAKE_PREFIX_PATH=${CMAKE_PREFIX_PATH}:/opt/ros/humble /usr/bin/cmake /home/mu/Documents/RINS/project/RINSproject/src/dis_tutorial6 -DCMAKE_INSTALL_PREFIX=/home/mu/Documents/RINS/project/RINSproject/install/dis_tutorial6
[0.289s] -- The C compiler identification is GNU 11.4.0
[0.378s] -- The CXX compiler identification is GNU 11.4.0
[0.389s] -- Detecting C compiler ABI info
[0.477s] -- Detecting C compiler ABI info - done
[0.485s] -- Check for working C compiler: /usr/bin/cc - skipped
[0.485s] -- Detecting C compile features
[0.486s] -- Detecting C compile features - done
[0.490s] -- Detecting CXX compiler ABI info
[0.589s] -- Detecting CXX compiler ABI info - done
[0.597s] -- Check for working CXX compiler: /usr/bin/c++ - skipped
[0.597s] -- Detecting CXX compile features
[0.598s] -- Detecting CXX compile features - done
[0.602s] -- Found ament_cmake: 1.3.8 (/opt/ros/humble/share/ament_cmake/cmake)
[0.781s] -- Found Python3: /usr/bin/python3 (found version "3.10.12") found components: Interpreter 
[0.917s] -- Found rclcpp: 16.0.8 (/opt/ros/humble/share/rclcpp/cmake)
[0.984s] -- Found rosidl_generator_c: 3.1.5 (/opt/ros/humble/share/rosidl_generator_c/cmake)
[0.993s] -- Found rosidl_adapter: 3.1.5 (/opt/ros/humble/share/rosidl_adapter/cmake)
[1.006s] -- Found rosidl_generator_cpp: 3.1.5 (/opt/ros/humble/share/rosidl_generator_cpp/cmake)
[1.026s] -- Using all available rosidl_typesupport_c: rosidl_typesupport_fastrtps_c;rosidl_typesupport_introspection_c
[1.052s] -- Using all available rosidl_typesupport_cpp: rosidl_typesupport_fastrtps_cpp;rosidl_typesupport_introspection_cpp
[1.143s] -- Found rmw_implementation_cmake: 6.1.1 (/opt/ros/humble/share/rmw_implementation_cmake/cmake)
[1.148s] -- Found rmw_fastrtps_cpp: 6.2.6 (/opt/ros/humble/share/rmw_fastrtps_cpp/cmake)
[1.294s] -- Found OpenSSL: /usr/lib/x86_64-linux-gnu/libcrypto.so (found version "3.0.2")  
[1.333s] -- Found FastRTPS: /opt/ros/humble/include  
[1.399s] -- Using RMW implementation 'rmw_fastrtps_cpp' as default
[1.415s] -- Looking for pthread.h
[1.516s] -- Looking for pthread.h - found
[1.516s] -- Performing Test CMAKE_HAVE_LIBC_PTHREAD
[1.610s] -- Performing Test CMAKE_HAVE_LIBC_PTHREAD - Success
[1.612s] -- Found Threads: TRUE  
[1.796s] -- Found rclpy: 3.3.12 (/opt/ros/humble/share/rclpy/cmake)
[1.798s] -- Found geometry_msgs: 4.2.3 (/opt/ros/humble/share/geometry_msgs/cmake)
[1.849s] -- Found visualization_msgs: 4.2.3 (/opt/ros/humble/share/visualization_msgs/cmake)
[2.097s] -- Found tf2: 0.25.6 (/opt/ros/humble/share/tf2/cmake)
[2.120s] -- Found tf2_geometry_msgs: 0.25.6 (/opt/ros/humble/share/tf2_geometry_msgs/cmake)
[2.146s] -- Found eigen3_cmake_module: 0.1.1 (/opt/ros/humble/share/eigen3_cmake_module/cmake)
[2.148s] -- Found Eigen3: TRUE (found version "3.4.0") 
[2.148s] -- Ensuring Eigen3 include directory is part of orocos-kdl CMake target
[2.552s] -- Found pcl_conversions: 2.4.0 (/opt/ros/humble/share/pcl_conversions/cmake)
[2.705s] -- Checking for module 'eigen3'
[2.723s] --   Found eigen3, version 3.4.0
[2.776s] -- Found Eigen: /usr/include/eigen3 (Required is at least version "3.1") 
[2.776s] -- Eigen found (include: /usr/include/eigen3, version: 3.4.0)
[2.831s] -- Found Boost: /usr/lib/x86_64-linux-gnu/cmake/Boost-1.74.0/BoostConfig.cmake (found suitable version "1.74.0", minimum required is "1.65.0") found components: system filesystem date_time iostreams serialization 
[2.857s] -- Checking for module 'flann'
[2.877s] --   Found flann, version 1.9.1
[2.938s] -- Found FLANN: /usr/lib/x86_64-linux-gnu/libflann_cpp.so  
[2.938s] -- FLANN found (include: /usr/include, lib: /usr/lib/x86_64-linux-gnu/libflann_cpp.so)
[2.980s] -- Found GLEW: /usr/lib/x86_64-linux-gnu/libGLEW.so  
[2.989s] -- Found OpenGL: /usr/lib/x86_64-linux-gnu/libOpenGL.so  found components: OpenGL GLX 
[3.176s] -- Found MPI_C: /usr/lib/x86_64-linux-gnu/libmpi.so (found version "3.1") 
[3.177s] -- Found MPI: TRUE (found version "3.1") found components: C 
[3.180s] -- Found JsonCpp: /usr/lib/x86_64-linux-gnu/libjsoncpp.so (found suitable version "1.9.5", minimum required is "0.7.0") 
[3.191s] -- Found ZLIB: /usr/lib/x86_64-linux-gnu/libz.so (found version "1.2.11") 
[3.213s] -- Found PNG: /usr/lib/x86_64-linux-gnu/libpng.so (found version "1.6.37") 
[3.237s] -- Found Eigen3: /usr/include/eigen3 (found version "3.4.0") 
[3.363s] -- Found X11: /usr/include   
[3.364s] -- Looking for XOpenDisplay in /usr/lib/x86_64-linux-gnu/libX11.so;/usr/lib/x86_64-linux-gnu/libXext.so
[3.478s] -- Looking for XOpenDisplay in /usr/lib/x86_64-linux-gnu/libX11.so;/usr/lib/x86_64-linux-gnu/libXext.so - found
[3.478s] -- Looking for gethostbyname
[3.565s] -- Looking for gethostbyname - found
[3.565s] -- Looking for connect
[3.651s] -- Looking for connect - found
[3.652s] -- Looking for remove
[3.738s] -- Looking for remove - found
[3.738s] -- Looking for shmat
[3.827s] -- Looking for shmat - found
[3.827s] -- Looking for IceConnectionNumber in ICE
[3.916s] -- Looking for IceConnectionNumber in ICE - found
[4.032s] -- Found EXPAT: /usr/lib/x86_64-linux-gnu/libexpat.so (found version "2.4.7") 
[4.036s] -- Found double-conversion: /usr/lib/x86_64-linux-gnu/libdouble-conversion.so  
[4.039s] -- Found LZ4: /usr/lib/x86_64-linux-gnu/liblz4.so (found version "1.9.3") 
[4.043s] -- Found LZMA: /usr/lib/x86_64-linux-gnu/liblzma.so (found version "5.2.5") 
[4.098s] -- Found JPEG: /usr/lib/x86_64-linux-gnu/libjpeg.so (found version "80") 
[4.106s] -- Found TIFF: /usr/lib/x86_64-linux-gnu/libtiff.so (found version "4.3.0")  
[4.110s] -- Found Freetype: /usr/lib/x86_64-linux-gnu/libfreetype.so (found version "2.11.1") 
[4.117s] -- Found utf8cpp: /usr/include/utf8cpp  
[4.229s] -- Checking for module 'libusb-1.0'
[4.249s] --   Found libusb-1.0, version 1.0.25
[4.306s] -- Found libusb: /usr/lib/x86_64-linux-gnu/libusb-1.0.so  
[4.308s] -- Found OpenNI: /usr/lib/libOpenNI.so;libusb::libusb (found version "1.5.4.0") 
[4.308s] -- OpenNI found (version: 1.5.4.0, include: /usr/include/ni, lib: /usr/lib/libOpenNI.so;libusb::libusb)
[4.393s] -- Found OpenNI2: /usr/lib/x86_64-linux-gnu/libOpenNI2.so;libusb::libusb (found version "2.2.0.33") 
[4.393s] -- OpenNI2 found (version: 2.2.0.33, include: /usr/include/openni2, lib: /usr/lib/x86_64-linux-gnu/libOpenNI2.so;libusb::libusb)
[4.393s] [0m** WARNING ** io features related to pcap will be disabled[0m
[4.569s] -- Eigen found (include: /usr/include/eigen3, version: 3.4.0)
[4.577s] -- OpenNI found (version: 1.5.4.0, include: /usr/include/ni, lib: /usr/lib/libOpenNI.so;libusb::libusb)
[4.584s] -- OpenNI2 found (version: 2.2.0.33, include: /usr/include/openni2, lib: /usr/lib/x86_64-linux-gnu/libOpenNI2.so;libusb::libusb)
[4.759s] -- Found Qhull version 8.0.2
[4.946s] -- OpenNI found (version: 1.5.4.0, include: /usr/include/ni, lib: /usr/lib/libOpenNI.so;libusb::libusb)
[5.112s] -- looking for PCL_COMMON
[5.120s] -- Found PCL_COMMON: /usr/lib/x86_64-linux-gnu/libpcl_common.so  
[5.120s] -- looking for PCL_KDTREE
[5.122s] -- Found PCL_KDTREE: /usr/lib/x86_64-linux-gnu/libpcl_kdtree.so  
[5.122s] -- looking for PCL_OCTREE
[5.123s] -- Found PCL_OCTREE: /usr/lib/x86_64-linux-gnu/libpcl_octree.so  
[5.123s] -- looking for PCL_SEARCH
[5.124s] -- Found PCL_SEARCH: /usr/lib/x86_64-linux-gnu/libpcl_search.so  
[5.125s] -- looking for PCL_SAMPLE_CONSENSUS
[5.126s] -- Found PCL_SAMPLE_CONSENSUS: /usr/lib/x86_64-linux-gnu/libpcl_sample_consensus.so  
[5.126s] -- looking for PCL_FILTERS
[5.127s] -- Found PCL_FILTERS: /usr/lib/x86_64-linux-gnu/libpcl_filters.so  
[5.127s] -- looking for PCL_2D
[5.128s] -- Found PCL_2D: /usr/include/pcl-1.12  
[5.128s] -- looking for PCL_GEOMETRY
[5.128s] -- Found PCL_GEOMETRY: /usr/include/pcl-1.12  
[5.129s] -- looking for PCL_IO
[5.130s] -- Found PCL_IO: /usr/lib/x86_64-linux-gnu/libpcl_io.so  
[5.130s] -- looking for PCL_FEATURES
[5.131s] -- Found PCL_FEATURES: /usr/lib/x86_64-linux-gnu/libpcl_features.so  
[5.131s] -- looking for PCL_ML
[5.133s] -- Found PCL_ML: /usr/lib/x86_64-linux-gnu/libpcl_ml.so  
[5.133s] -- looking for PCL_SEGMENTATION
[5.134s] -- Found PCL_SEGMENTATION: /usr/lib/x86_64-linux-gnu/libpcl_segmentation.so  
[5.134s] -- looking for PCL_VISUALIZATION
[5.135s] -- Found PCL_VISUALIZATION: /usr/lib/x86_64-linux-gnu/libpcl_visualization.so  
[5.136s] -- looking for PCL_SURFACE
[5.137s] -- Found PCL_SURFACE: /usr/lib/x86_64-linux-gnu/libpcl_surface.so  
[5.137s] -- looking for PCL_REGISTRATION
[5.138s] -- Found PCL_REGISTRATION: /usr/lib/x86_64-linux-gnu/libpcl_registration.so  
[5.139s] -- looking for PCL_KEYPOINTS
[5.140s] -- Found PCL_KEYPOINTS: /usr/lib/x86_64-linux-gnu/libpcl_keypoints.so  
[5.140s] -- looking for PCL_TRACKING
[5.141s] -- Found PCL_TRACKING: /usr/lib/x86_64-linux-gnu/libpcl_tracking.so  
[5.142s] -- looking for PCL_RECOGNITION
[5.143s] -- Found PCL_RECOGNITION: /usr/lib/x86_64-linux-gnu/libpcl_recognition.so  
[5.143s] -- looking for PCL_STEREO
[5.144s] -- Found PCL_STEREO: /usr/lib/x86_64-linux-gnu/libpcl_stereo.so  
[5.144s] -- looking for PCL_APPS
[5.145s] -- Found PCL_APPS: /usr/lib/x86_64-linux-gnu/libpcl_apps.so  
[5.146s] -- looking for PCL_IN_HAND_SCANNER
[5.147s] -- Found PCL_IN_HAND_SCANNER: /usr/include/pcl-1.12  
[5.147s] -- looking for PCL_MODELER
[5.147s] -- Found PCL_MODELER: /usr/include/pcl-1.12  
[5.147s] -- looking for PCL_POINT_CLOUD_EDITOR
[5.148s] -- Found PCL_POINT_CLOUD_EDITOR: /usr/include/pcl-1.12  
[5.148s] -- looking for PCL_OUTOFCORE
[5.149s] -- Found PCL_OUTOFCORE: /usr/lib/x86_64-linux-gnu/libpcl_outofcore.so  
[5.150s] -- looking for PCL_PEOPLE
[5.151s] -- Found PCL_PEOPLE: /usr/lib/x86_64-linux-gnu/libpcl_people.so  
[5.152s] -- Found PCL: pcl_common;pcl_kdtree;pcl_octree;pcl_search;pcl_sample_consensus;pcl_filters;pcl_io;pcl_features;pcl_ml;pcl_segmentation;pcl_visualization;pcl_surface;pcl_registration;pcl_keypoints;pcl_tracking;pcl_recognition;pcl_stereo;pcl_apps;pcl_outofcore;pcl_people;Boost::system;Boost::filesystem;Boost::date_time;Boost::iostreams;Boost::serialization;/usr/lib/libOpenNI.so;libusb::libusb;/usr/lib/x86_64-linux-gnu/libOpenNI2.so;libusb::libusb;VTK::ChartsCore;VTK::CommonColor;VTK::CommonComputationalGeometry;VTK::CommonCore;VTK::CommonDataModel;VTK::CommonExecutionModel;VTK::CommonMath;VTK::CommonMisc;VTK::CommonTransforms;VTK::FiltersCore;VTK::FiltersExtraction;VTK::FiltersGeneral;VTK::FiltersGeometry;VTK::FiltersModeling;VTK::FiltersSources;VTK::ImagingCore;VTK::ImagingSources;VTK::InteractionImage;VTK::InteractionStyle;VTK::InteractionWidgets;VTK::IOCore;VTK::IOGeometry;VTK::IOImage;VTK::IOLegacy;VTK::IOPLY;VTK::RenderingAnnotation;VTK::RenderingCore;VTK::RenderingContext2D;VTK::RenderingLOD;VTK::RenderingFreeType;VTK::ViewsCore;VTK::ViewsContext2D;VTK::RenderingOpenGL2;VTK::GUISupportQt;FLANN::FLANN;QHULL::QHULL (Required is at least version "1.10") 
[5.419s] -- Configuring done
[5.533s] -- Generating done
[5.537s] -- Build files have been written to: /home/mu/Documents/RINS/project/RINSproject/build/dis_tutorial6
[5.556s] Invoked command in '/home/mu/Documents/RINS/project/RINSproject/build/dis_tutorial6' returned '0': CMAKE_PREFIX_PATH=${CMAKE_PREFIX_PATH}:/opt/ros/humble /usr/bin/cmake /home/mu/Documents/RINS/project/RINSproject/src/dis_tutorial6 -DCMAKE_INSTALL_PREFIX=/home/mu/Documents/RINS/project/RINSproject/install/dis_tutorial6
[5.559s] Invoking command in '/home/mu/Documents/RINS/project/RINSproject/build/dis_tutorial6': CMAKE_PREFIX_PATH=${CMAKE_PREFIX_PATH}:/opt/ros/humble /usr/bin/cmake --build /home/mu/Documents/RINS/project/RINSproject/build/dis_tutorial6 -- -j16 -l16
[5.626s] [ 33%] [32mBuilding CXX object CMakeFiles/planes.dir/src/planes.cpp.o[0m
[5.626s] [ 33%] [32mBuilding CXX object CMakeFiles/pcl_forwarder.dir/src/forwarder.cpp.o[0m
[5.626s] [ 50%] [32mBuilding CXX object CMakeFiles/cylinder_segmentation.dir/src/cylinder_segmentation.cpp.o[0m
[15.541s] [ 66%] [32m[1mLinking CXX executable pcl_forwarder[0m
[16.130s] [ 66%] Built target pcl_forwarder
[16.320s] [ 83%] [32m[1mLinking CXX executable planes[0m
[17.307s] [ 83%] Built target planes
[18.367s] [100%] [32m[1mLinking CXX executable cylinder_segmentation[0m
[20.322s] [100%] Built target cylinder_segmentation
[20.334s] Invoked command in '/home/mu/Documents/RINS/project/RINSproject/build/dis_tutorial6' returned '0': CMAKE_PREFIX_PATH=${CMAKE_PREFIX_PATH}:/opt/ros/humble /usr/bin/cmake --build /home/mu/Documents/RINS/project/RINSproject/build/dis_tutorial6 -- -j16 -l16
[20.365s] Invoking command in '/home/mu/Documents/RINS/project/RINSproject/build/dis_tutorial6': CMAKE_PREFIX_PATH=${CMAKE_PREFIX_PATH}:/opt/ros/humble /usr/bin/cmake --install /home/mu/Documents/RINS/project/RINSproject/build/dis_tutorial6
[20.372s] -- Install configuration: ""
[20.372s] -- Installing: /home/mu/Documents/RINS/project/RINSproject/install/dis_tutorial6/lib/dis_tutorial6/pcl_forwarder
[20.376s] -- Set runtime path of "/home/mu/Documents/RINS/project/RINSproject/install/dis_tutorial6/lib/dis_tutorial6/pcl_forwarder" to ""
[20.376s] -- Installing: /home/mu/Documents/RINS/project/RINSproject/install/dis_tutorial6/lib/dis_tutorial6/planes
[20.381s] -- Set runtime path of "/home/mu/Documents/RINS/project/RINSproject/install/dis_tutorial6/lib/dis_tutorial6/planes" to ""
[20.381s] -- Installing: /home/mu/Documents/RINS/project/RINSproject/install/dis_tutorial6/lib/dis_tutorial6/cylinder_segmentation
[20.386s] -- Set runtime path of "/home/mu/Documents/RINS/project/RINSproject/install/dis_tutorial6/lib/dis_tutorial6/cylinder_segmentation" to ""
[20.386s] -- Installing: /home/mu/Documents/RINS/project/RINSproject/install/dis_tutorial6/lib/dis_tutorial6/detect_rings.py
[20.386s] -- Installing: /home/mu/Documents/RINS/project/RINSproject/install/dis_tutorial6/share/ament_index/resource_index/package_run_dependencies/dis_tutorial6
[20.386s] -- Installing: /home/mu/Documents/RINS/project/RINSproject/install/dis_tutorial6/share/ament_index/resource_index/parent_prefix_path/dis_tutorial6
[20.386s] -- Installing: /home/mu/Documents/RINS/project/RINSproject/install/dis_tutorial6/share/dis_tutorial6/environment/ament_prefix_path.sh
[20.386s] -- Installing: /home/mu/Documents/RINS/project/RINSproject/install/dis_tutorial6/share/dis_tutorial6/environment/ament_prefix_path.dsv
[20.387s] -- Installing: /home/mu/Documents/RINS/project/RINSproject/install/dis_tutorial6/share/dis_tutorial6/environment/path.sh
[20.387s] -- Installing: /home/mu/Documents/RINS/project/RINSproject/install/dis_tutorial6/share/dis_tutorial6/environment/path.dsv
[20.387s] -- Installing: /home/mu/Documents/RINS/project/RINSproject/install/dis_tutorial6/share/dis_tutorial6/local_setup.bash
[20.387s] -- Installing: /home/mu/Documents/RINS/project/RINSproject/install/dis_tutorial6/share/dis_tutorial6/local_setup.sh
[20.387s] -- Installing: /home/mu/Documents/RINS/project/RINSproject/install/dis_tutorial6/share/dis_tutorial6/local_setup.zsh
[20.387s] -- Installing: /home/mu/Documents/RINS/project/RINSproject/install/dis_tutorial6/share/dis_tutorial6/local_setup.dsv
[20.387s] -- Installing: /home/mu/Documents/RINS/project/RINSproject/install/dis_tutorial6/share/dis_tutorial6/package.dsv
[20.388s] -- Installing: /home/mu/Documents/RINS/project/RINSproject/install/dis_tutorial6/share/ament_index/resource_index/packages/dis_tutorial6
[20.388s] -- Installing: /home/mu/Documents/RINS/project/RINSproject/install/dis_tutorial6/share/dis_tutorial6/cmake/dis_tutorial6Config.cmake
[20.388s] -- Installing: /home/mu/Documents/RINS/project/RINSproject/install/dis_tutorial6/share/dis_tutorial6/cmake/dis_tutorial6Config-version.cmake
[20.388s] -- Installing: /home/mu/Documents/RINS/project/RINSproject/install/dis_tutorial6/share/dis_tutorial6/package.xml
[20.390s] Invoked command in '/home/mu/Documents/RINS/project/RINSproject/build/dis_tutorial6' returned '0': CMAKE_PREFIX_PATH=${CMAKE_PREFIX_PATH}:/opt/ros/humble /usr/bin/cmake --install /home/mu/Documents/RINS/project/RINSproject/build/dis_tutorial6
