[1.701s] DEBUG:colcon:Command line arguments: ['/usr/bin/colcon', 'build']
[1.702s] DEBUG:colcon:Parsed command line arguments: Namespace(log_base=None, log_level=None, verb_name='build', build_base='build', install_base='install', merge_install=False, symlink_install=False, test_result_base=None, continue_on_error=False, executor='parallel', parallel_workers=16, event_handlers=None, ignore_user_meta=False, metas=['./colcon.meta'], base_paths=['.'], packages_ignore=None, packages_ignore_regex=None, paths=None, packages_up_to=None, packages_up_to_regex=None, packages_above=None, packages_above_and_dependencies=None, packages_above_depth=None, packages_select_by_dep=None, packages_skip_by_dep=None, packages_skip_up_to=None, packages_select_build_failed=False, packages_skip_build_finished=False, packages_select_test_failures=False, packages_skip_test_passed=False, packages_select=None, packages_skip=None, packages_select_regex=None, packages_skip_regex=None, packages_start=None, packages_end=None, allow_overriding=[], cmake_args=None, cmake_target=None, cmake_target_skip_unavailable=False, cmake_clean_cache=False, cmake_clean_first=False, cmake_force_configure=False, ament_cmake_args=None, catkin_cmake_args=None, catkin_skip_building_tests=False, verb_parser=<colcon_defaults.argument_parser.defaults.DefaultArgumentsDecorator object at 0x7f89e64450f0>, verb_extension=<colcon_core.verb.build.BuildVerb object at 0x7f89e64467a0>, main=<bound method BuildVerb.main of <colcon_core.verb.build.BuildVerb object at 0x7f89e64467a0>>)
[1.786s] Level 1:colcon.colcon_core.package_discovery:discover_packages(colcon_meta) check parameters
[1.786s] Level 1:colcon.colcon_core.package_discovery:discover_packages(recursive) check parameters
[1.786s] Level 1:colcon.colcon_core.package_discovery:discover_packages(ignore) check parameters
[1.786s] Level 1:colcon.colcon_core.package_discovery:discover_packages(path) check parameters
[1.786s] Level 1:colcon.colcon_core.package_discovery:discover_packages(colcon_meta) discover
[1.786s] Level 1:colcon.colcon_core.package_discovery:discover_packages(recursive) discover
[1.786s] INFO:colcon.colcon_core.package_discovery:Crawling recursively for packages in '/home/mu/Documents/RINS/vaje/vaje4'
[1.786s] Level 1:colcon.colcon_core.package_identification:_identify(.) by extensions ['ignore', 'ignore_ament_install']
[1.786s] Level 1:colcon.colcon_core.package_identification:_identify(.) by extension 'ignore'
[1.786s] Level 1:colcon.colcon_core.package_identification:_identify(.) by extension 'ignore_ament_install'
[1.787s] Level 1:colcon.colcon_core.package_identification:_identify(.) by extensions ['colcon_pkg']
[1.787s] Level 1:colcon.colcon_core.package_identification:_identify(.) by extension 'colcon_pkg'
[1.787s] Level 1:colcon.colcon_core.package_identification:_identify(.) by extensions ['colcon_meta']
[1.787s] Level 1:colcon.colcon_core.package_identification:_identify(.) by extension 'colcon_meta'
[1.787s] Level 1:colcon.colcon_core.package_identification:_identify(.) by extensions ['ros']
[1.787s] Level 1:colcon.colcon_core.package_identification:_identify(.) by extension 'ros'
[1.803s] Level 1:colcon.colcon_core.package_identification:_identify(.) by extensions ['cmake', 'python']
[1.803s] Level 1:colcon.colcon_core.package_identification:_identify(.) by extension 'cmake'
[1.803s] Level 1:colcon.colcon_core.package_identification:_identify(.) by extension 'python'
[1.803s] Level 1:colcon.colcon_core.package_identification:_identify(.) by extensions ['python_setup_py']
[1.803s] Level 1:colcon.colcon_core.package_identification:_identify(.) by extension 'python_setup_py'
[1.803s] Level 1:colcon.colcon_core.package_identification:_identify(build) by extensions ['ignore', 'ignore_ament_install']
[1.804s] Level 1:colcon.colcon_core.package_identification:_identify(build) by extension 'ignore'
[1.804s] Level 1:colcon.colcon_core.package_identification:_identify(build) ignored
[1.804s] Level 1:colcon.colcon_core.package_identification:_identify(install) by extensions ['ignore', 'ignore_ament_install']
[1.804s] Level 1:colcon.colcon_core.package_identification:_identify(install) by extension 'ignore'
[1.804s] Level 1:colcon.colcon_core.package_identification:_identify(install) ignored
[1.804s] Level 1:colcon.colcon_core.package_identification:_identify(log) by extensions ['ignore', 'ignore_ament_install']
[1.804s] Level 1:colcon.colcon_core.package_identification:_identify(log) by extension 'ignore'
[1.804s] Level 1:colcon.colcon_core.package_identification:_identify(log) ignored
[1.804s] Level 1:colcon.colcon_core.package_identification:_identify(src) by extensions ['ignore', 'ignore_ament_install']
[1.805s] Level 1:colcon.colcon_core.package_identification:_identify(src) by extension 'ignore'
[1.805s] Level 1:colcon.colcon_core.package_identification:_identify(src) by extension 'ignore_ament_install'
[1.805s] Level 1:colcon.colcon_core.package_identification:_identify(src) by extensions ['colcon_pkg']
[1.805s] Level 1:colcon.colcon_core.package_identification:_identify(src) by extension 'colcon_pkg'
[1.805s] Level 1:colcon.colcon_core.package_identification:_identify(src) by extensions ['colcon_meta']
[1.805s] Level 1:colcon.colcon_core.package_identification:_identify(src) by extension 'colcon_meta'
[1.805s] Level 1:colcon.colcon_core.package_identification:_identify(src) by extensions ['ros']
[1.805s] Level 1:colcon.colcon_core.package_identification:_identify(src) by extension 'ros'
[1.805s] Level 1:colcon.colcon_core.package_identification:_identify(src) by extensions ['cmake', 'python']
[1.805s] Level 1:colcon.colcon_core.package_identification:_identify(src) by extension 'cmake'
[1.805s] Level 1:colcon.colcon_core.package_identification:_identify(src) by extension 'python'
[1.805s] Level 1:colcon.colcon_core.package_identification:_identify(src) by extensions ['python_setup_py']
[1.805s] Level 1:colcon.colcon_core.package_identification:_identify(src) by extension 'python_setup_py'
[1.805s] Level 1:colcon.colcon_core.package_identification:_identify(src/dis_tutorial3) by extensions ['ignore', 'ignore_ament_install']
[1.806s] Level 1:colcon.colcon_core.package_identification:_identify(src/dis_tutorial3) by extension 'ignore'
[1.806s] Level 1:colcon.colcon_core.package_identification:_identify(src/dis_tutorial3) by extension 'ignore_ament_install'
[1.806s] Level 1:colcon.colcon_core.package_identification:_identify(src/dis_tutorial3) by extensions ['colcon_pkg']
[1.806s] Level 1:colcon.colcon_core.package_identification:_identify(src/dis_tutorial3) by extension 'colcon_pkg'
[1.806s] Level 1:colcon.colcon_core.package_identification:_identify(src/dis_tutorial3) by extensions ['colcon_meta']
[1.806s] Level 1:colcon.colcon_core.package_identification:_identify(src/dis_tutorial3) by extension 'colcon_meta'
[1.806s] Level 1:colcon.colcon_core.package_identification:_identify(src/dis_tutorial3) by extensions ['ros']
[1.806s] Level 1:colcon.colcon_core.package_identification:_identify(src/dis_tutorial3) by extension 'ros'
[1.810s] DEBUG:colcon.colcon_core.package_identification:Package 'src/dis_tutorial3' with type 'ros.ament_cmake' and name 'dis_tutorial3'
[1.810s] Level 1:colcon.colcon_core.package_identification:_identify(src/dis_tutorial4) by extensions ['ignore', 'ignore_ament_install']
[1.810s] Level 1:colcon.colcon_core.package_identification:_identify(src/dis_tutorial4) by extension 'ignore'
[1.810s] Level 1:colcon.colcon_core.package_identification:_identify(src/dis_tutorial4) by extension 'ignore_ament_install'
[1.811s] Level 1:colcon.colcon_core.package_identification:_identify(src/dis_tutorial4) by extensions ['colcon_pkg']
[1.811s] Level 1:colcon.colcon_core.package_identification:_identify(src/dis_tutorial4) by extension 'colcon_pkg'
[1.811s] Level 1:colcon.colcon_core.package_identification:_identify(src/dis_tutorial4) by extensions ['colcon_meta']
[1.811s] Level 1:colcon.colcon_core.package_identification:_identify(src/dis_tutorial4) by extension 'colcon_meta'
[1.811s] Level 1:colcon.colcon_core.package_identification:_identify(src/dis_tutorial4) by extensions ['ros']
[1.811s] Level 1:colcon.colcon_core.package_identification:_identify(src/dis_tutorial4) by extension 'ros'
[1.812s] DEBUG:colcon.colcon_core.package_identification:Package 'src/dis_tutorial4' with type 'ros.ament_cmake' and name 'dis_tutorial4'
[1.812s] Level 1:colcon.colcon_core.package_discovery:discover_packages(recursive) using defaults
[1.813s] Level 1:colcon.colcon_core.package_discovery:discover_packages(ignore) discover
[1.813s] Level 1:colcon.colcon_core.package_discovery:discover_packages(ignore) using defaults
[1.813s] Level 1:colcon.colcon_core.package_discovery:discover_packages(path) discover
[1.813s] Level 1:colcon.colcon_core.package_discovery:discover_packages(path) using defaults
[1.967s] Level 1:colcon.colcon_core.package_discovery:discover_packages(prefix_path) check parameters
[1.967s] Level 1:colcon.colcon_core.package_discovery:discover_packages(prefix_path) discover
[2.017s] DEBUG:colcon.colcon_installed_package_information.package_discovery:Found 0 installed packages in /home/mu/colcon_ws/install
[2.044s] DEBUG:colcon.colcon_installed_package_information.package_discovery:Found 407 installed packages in /opt/ros/humble
[2.046s] Level 1:colcon.colcon_core.package_discovery:discover_packages(prefix_path) using defaults
[2.227s] Level 5:colcon.colcon_core.verb:set package 'dis_tutorial3' build argument 'cmake_args' from command line to 'None'
[2.227s] Level 5:colcon.colcon_core.verb:set package 'dis_tutorial3' build argument 'cmake_target' from command line to 'None'
[2.227s] Level 5:colcon.colcon_core.verb:set package 'dis_tutorial3' build argument 'cmake_target_skip_unavailable' from command line to 'False'
[2.227s] Level 5:colcon.colcon_core.verb:set package 'dis_tutorial3' build argument 'cmake_clean_cache' from command line to 'False'
[2.227s] Level 5:colcon.colcon_core.verb:set package 'dis_tutorial3' build argument 'cmake_clean_first' from command line to 'False'
[2.227s] Level 5:colcon.colcon_core.verb:set package 'dis_tutorial3' build argument 'cmake_force_configure' from command line to 'False'
[2.227s] Level 5:colcon.colcon_core.verb:set package 'dis_tutorial3' build argument 'ament_cmake_args' from command line to 'None'
[2.227s] Level 5:colcon.colcon_core.verb:set package 'dis_tutorial3' build argument 'catkin_cmake_args' from command line to 'None'
[2.227s] Level 5:colcon.colcon_core.verb:set package 'dis_tutorial3' build argument 'catkin_skip_building_tests' from command line to 'False'
[2.227s] DEBUG:colcon.colcon_core.verb:Building package 'dis_tutorial3' with the following arguments: {'ament_cmake_args': None, 'build_base': '/home/mu/Documents/RINS/vaje/vaje4/build/dis_tutorial3', 'catkin_cmake_args': None, 'catkin_skip_building_tests': False, 'cmake_args': None, 'cmake_clean_cache': False, 'cmake_clean_first': False, 'cmake_force_configure': False, 'cmake_target': None, 'cmake_target_skip_unavailable': False, 'install_base': '/home/mu/Documents/RINS/vaje/vaje4/install/dis_tutorial3', 'merge_install': False, 'path': '/home/mu/Documents/RINS/vaje/vaje4/src/dis_tutorial3', 'symlink_install': False, 'test_result_base': None}
[2.253s] Level 5:colcon.colcon_core.verb:set package 'dis_tutorial4' build argument 'cmake_args' from command line to 'None'
[2.253s] Level 5:colcon.colcon_core.verb:set package 'dis_tutorial4' build argument 'cmake_target' from command line to 'None'
[2.253s] Level 5:colcon.colcon_core.verb:set package 'dis_tutorial4' build argument 'cmake_target_skip_unavailable' from command line to 'False'
[2.253s] Level 5:colcon.colcon_core.verb:set package 'dis_tutorial4' build argument 'cmake_clean_cache' from command line to 'False'
[2.253s] Level 5:colcon.colcon_core.verb:set package 'dis_tutorial4' build argument 'cmake_clean_first' from command line to 'False'
[2.253s] Level 5:colcon.colcon_core.verb:set package 'dis_tutorial4' build argument 'cmake_force_configure' from command line to 'False'
[2.253s] Level 5:colcon.colcon_core.verb:set package 'dis_tutorial4' build argument 'ament_cmake_args' from command line to 'None'
[2.253s] Level 5:colcon.colcon_core.verb:set package 'dis_tutorial4' build argument 'catkin_cmake_args' from command line to 'None'
[2.253s] Level 5:colcon.colcon_core.verb:set package 'dis_tutorial4' build argument 'catkin_skip_building_tests' from command line to 'False'
[2.253s] DEBUG:colcon.colcon_core.verb:Building package 'dis_tutorial4' with the following arguments: {'ament_cmake_args': None, 'build_base': '/home/mu/Documents/RINS/vaje/vaje4/build/dis_tutorial4', 'catkin_cmake_args': None, 'catkin_skip_building_tests': False, 'cmake_args': None, 'cmake_clean_cache': False, 'cmake_clean_first': False, 'cmake_force_configure': False, 'cmake_target': None, 'cmake_target_skip_unavailable': False, 'install_base': '/home/mu/Documents/RINS/vaje/vaje4/install/dis_tutorial4', 'merge_install': False, 'path': '/home/mu/Documents/RINS/vaje/vaje4/src/dis_tutorial4', 'symlink_install': False, 'test_result_base': None}
[2.281s] INFO:colcon.colcon_core.executor:Executing jobs using 'parallel' executor
[2.308s] DEBUG:colcon.colcon_parallel_executor.executor.parallel:run_until_complete
[2.309s] INFO:colcon.colcon_ros.task.ament_cmake.build:Building ROS package in '/home/mu/Documents/RINS/vaje/vaje4/src/dis_tutorial3' with build type 'ament_cmake'
[2.309s] INFO:colcon.colcon_cmake.task.cmake.build:Building CMake package in '/home/mu/Documents/RINS/vaje/vaje4/src/dis_tutorial3'
[2.336s] INFO:colcon.colcon_core.plugin_system:Skipping extension 'colcon_core.shell.bat': Not used on non-Windows systems
[2.337s] INFO:colcon.colcon_core.shell:Skip shell extension 'powershell' for command environment: Not usable outside of PowerShell
[2.337s] DEBUG:colcon.colcon_core.shell:Skip shell extension 'dsv' for command environment
[2.414s] INFO:colcon.colcon_ros.task.ament_cmake.build:Building ROS package in '/home/mu/Documents/RINS/vaje/vaje4/src/dis_tutorial4' with build type 'ament_cmake'
[2.414s] INFO:colcon.colcon_cmake.task.cmake.build:Building CMake package in '/home/mu/Documents/RINS/vaje/vaje4/src/dis_tutorial4'
[2.439s] INFO:colcon.colcon_core.shell:Skip shell extension 'powershell' for command environment: Not usable outside of PowerShell
[2.439s] DEBUG:colcon.colcon_core.shell:Skip shell extension 'dsv' for command environment
[2.523s] DEBUG:colcon.colcon_core.event_handler.log_command:Invoking command in '/home/mu/Documents/RINS/vaje/vaje4/build/dis_tutorial3': CMAKE_PREFIX_PATH=/opt/ros/humble /usr/bin/cmake --build /home/mu/Documents/RINS/vaje/vaje4/build/dis_tutorial3 -- -j16 -l16
[2.532s] DEBUG:colcon.colcon_core.event_handler.log_command:Invoking command in '/home/mu/Documents/RINS/vaje/vaje4/build/dis_tutorial4': CMAKE_PREFIX_PATH=/opt/ros/humble /usr/bin/cmake --build /home/mu/Documents/RINS/vaje/vaje4/build/dis_tutorial4 -- -j16 -l16
[2.593s] DEBUG:colcon.colcon_core.event_handler.log_command:Invoked command in '/home/mu/Documents/RINS/vaje/vaje4/build/dis_tutorial3' returned '0': CMAKE_PREFIX_PATH=/opt/ros/humble /usr/bin/cmake --build /home/mu/Documents/RINS/vaje/vaje4/build/dis_tutorial3 -- -j16 -l16
[2.598s] DEBUG:colcon.colcon_core.event_handler.log_command:Invoked command in '/home/mu/Documents/RINS/vaje/vaje4/build/dis_tutorial4' returned '0': CMAKE_PREFIX_PATH=/opt/ros/humble /usr/bin/cmake --build /home/mu/Documents/RINS/vaje/vaje4/build/dis_tutorial4 -- -j16 -l16
[2.647s] DEBUG:colcon.colcon_core.event_handler.log_command:Invoking command in '/home/mu/Documents/RINS/vaje/vaje4/build/dis_tutorial3': CMAKE_PREFIX_PATH=/opt/ros/humble /usr/bin/cmake --install /home/mu/Documents/RINS/vaje/vaje4/build/dis_tutorial3
[2.651s] DEBUG:colcon.colcon_core.event_handler.log_command:Invoking command in '/home/mu/Documents/RINS/vaje/vaje4/build/dis_tutorial4': CMAKE_PREFIX_PATH=/opt/ros/humble /usr/bin/cmake --install /home/mu/Documents/RINS/vaje/vaje4/build/dis_tutorial4
[2.669s] Level 1:colcon.colcon_core.environment:create_environment_scripts_only(dis_tutorial3)
[2.681s] DEBUG:colcon.colcon_core.event_handler.log_command:Invoked command in '/home/mu/Documents/RINS/vaje/vaje4/build/dis_tutorial3' returned '0': CMAKE_PREFIX_PATH=/opt/ros/humble /usr/bin/cmake --install /home/mu/Documents/RINS/vaje/vaje4/build/dis_tutorial3
[2.711s] Level 1:colcon.colcon_core.environment:checking '/home/mu/Documents/RINS/vaje/vaje4/install/dis_tutorial3' for CMake module files
[2.712s] Level 1:colcon.colcon_core.environment:checking '/home/mu/Documents/RINS/vaje/vaje4/install/dis_tutorial3' for CMake config files
[2.713s] Level 1:colcon.colcon_core.shell:create_environment_hook('dis_tutorial3', 'cmake_prefix_path')
[2.735s] INFO:colcon.colcon_core.shell:Creating environment hook '/home/mu/Documents/RINS/vaje/vaje4/install/dis_tutorial3/share/dis_tutorial3/hook/cmake_prefix_path.ps1'
[2.735s] INFO:colcon.colcon_core.shell:Creating environment descriptor '/home/mu/Documents/RINS/vaje/vaje4/install/dis_tutorial3/share/dis_tutorial3/hook/cmake_prefix_path.dsv'
[2.736s] INFO:colcon.colcon_core.shell:Creating environment hook '/home/mu/Documents/RINS/vaje/vaje4/install/dis_tutorial3/share/dis_tutorial3/hook/cmake_prefix_path.sh'
[2.737s] Level 1:colcon.colcon_core.environment:checking '/home/mu/Documents/RINS/vaje/vaje4/install/dis_tutorial3/lib'
[2.737s] Level 1:colcon.colcon_core.environment:checking '/home/mu/Documents/RINS/vaje/vaje4/install/dis_tutorial3/bin'
[2.737s] Level 1:colcon.colcon_core.environment:checking '/home/mu/Documents/RINS/vaje/vaje4/install/dis_tutorial3/lib/pkgconfig/dis_tutorial3.pc'
[2.738s] Level 1:colcon.colcon_core.environment:checking '/home/mu/Documents/RINS/vaje/vaje4/install/dis_tutorial3/lib/python3.10/site-packages'
[2.738s] Level 1:colcon.colcon_core.environment:checking '/home/mu/Documents/RINS/vaje/vaje4/install/dis_tutorial3/bin'
[2.762s] INFO:colcon.colcon_core.shell:Creating package script '/home/mu/Documents/RINS/vaje/vaje4/install/dis_tutorial3/share/dis_tutorial3/package.ps1'
[2.764s] INFO:colcon.colcon_core.shell:Creating package descriptor '/home/mu/Documents/RINS/vaje/vaje4/install/dis_tutorial3/share/dis_tutorial3/package.dsv'
[2.765s] INFO:colcon.colcon_core.shell:Creating package script '/home/mu/Documents/RINS/vaje/vaje4/install/dis_tutorial3/share/dis_tutorial3/package.sh'
[2.766s] INFO:colcon.colcon_core.shell:Creating package script '/home/mu/Documents/RINS/vaje/vaje4/install/dis_tutorial3/share/dis_tutorial3/package.bash'
[2.766s] INFO:colcon.colcon_core.shell:Creating package script '/home/mu/Documents/RINS/vaje/vaje4/install/dis_tutorial3/share/dis_tutorial3/package.zsh'
[2.767s] Level 1:colcon.colcon_core.environment:create_file_with_runtime_dependencies(/home/mu/Documents/RINS/vaje/vaje4/install/dis_tutorial3/share/colcon-core/packages/dis_tutorial3)
[2.769s] Level 1:colcon.colcon_core.environment:create_environment_scripts_only(dis_tutorial4)
[2.770s] DEBUG:colcon.colcon_core.event_handler.log_command:Invoked command in '/home/mu/Documents/RINS/vaje/vaje4/build/dis_tutorial4' returned '0': CMAKE_PREFIX_PATH=/opt/ros/humble /usr/bin/cmake --install /home/mu/Documents/RINS/vaje/vaje4/build/dis_tutorial4
[2.795s] Level 1:colcon.colcon_core.environment:checking '/home/mu/Documents/RINS/vaje/vaje4/install/dis_tutorial4' for CMake module files
[2.796s] Level 1:colcon.colcon_core.environment:checking '/home/mu/Documents/RINS/vaje/vaje4/install/dis_tutorial4' for CMake config files
[2.796s] Level 1:colcon.colcon_core.shell:create_environment_hook('dis_tutorial4', 'cmake_prefix_path')
[2.822s] INFO:colcon.colcon_core.shell:Creating environment hook '/home/mu/Documents/RINS/vaje/vaje4/install/dis_tutorial4/share/dis_tutorial4/hook/cmake_prefix_path.ps1'
[2.823s] INFO:colcon.colcon_core.shell:Creating environment descriptor '/home/mu/Documents/RINS/vaje/vaje4/install/dis_tutorial4/share/dis_tutorial4/hook/cmake_prefix_path.dsv'
[2.824s] INFO:colcon.colcon_core.shell:Creating environment hook '/home/mu/Documents/RINS/vaje/vaje4/install/dis_tutorial4/share/dis_tutorial4/hook/cmake_prefix_path.sh'
[2.825s] Level 1:colcon.colcon_core.environment:checking '/home/mu/Documents/RINS/vaje/vaje4/install/dis_tutorial4/lib'
[2.825s] Level 1:colcon.colcon_core.environment:checking '/home/mu/Documents/RINS/vaje/vaje4/install/dis_tutorial4/bin'
[2.825s] Level 1:colcon.colcon_core.environment:checking '/home/mu/Documents/RINS/vaje/vaje4/install/dis_tutorial4/lib/pkgconfig/dis_tutorial4.pc'
[2.825s] Level 1:colcon.colcon_core.environment:checking '/home/mu/Documents/RINS/vaje/vaje4/install/dis_tutorial4/lib/python3.10/site-packages'
[2.826s] Level 1:colcon.colcon_core.environment:checking '/home/mu/Documents/RINS/vaje/vaje4/install/dis_tutorial4/bin'
[2.849s] INFO:colcon.colcon_core.shell:Creating package script '/home/mu/Documents/RINS/vaje/vaje4/install/dis_tutorial4/share/dis_tutorial4/package.ps1'
[2.850s] INFO:colcon.colcon_core.shell:Creating package descriptor '/home/mu/Documents/RINS/vaje/vaje4/install/dis_tutorial4/share/dis_tutorial4/package.dsv'
[2.851s] INFO:colcon.colcon_core.shell:Creating package script '/home/mu/Documents/RINS/vaje/vaje4/install/dis_tutorial4/share/dis_tutorial4/package.sh'
[2.851s] INFO:colcon.colcon_core.shell:Creating package script '/home/mu/Documents/RINS/vaje/vaje4/install/dis_tutorial4/share/dis_tutorial4/package.bash'
[2.852s] INFO:colcon.colcon_core.shell:Creating package script '/home/mu/Documents/RINS/vaje/vaje4/install/dis_tutorial4/share/dis_tutorial4/package.zsh'
[2.852s] Level 1:colcon.colcon_core.environment:create_file_with_runtime_dependencies(/home/mu/Documents/RINS/vaje/vaje4/install/dis_tutorial4/share/colcon-core/packages/dis_tutorial4)
[2.881s] Level 1:colcon.colcon_core.environment:create_environment_scripts_only(dis_tutorial3)
[2.907s] Level 1:colcon.colcon_core.environment:checking '/home/mu/Documents/RINS/vaje/vaje4/install/dis_tutorial3' for CMake module files
[2.908s] Level 1:colcon.colcon_core.environment:checking '/home/mu/Documents/RINS/vaje/vaje4/install/dis_tutorial3' for CMake config files
[2.909s] Level 1:colcon.colcon_core.shell:create_environment_hook('dis_tutorial3', 'cmake_prefix_path')
[2.932s] INFO:colcon.colcon_core.shell:Creating environment hook '/home/mu/Documents/RINS/vaje/vaje4/install/dis_tutorial3/share/dis_tutorial3/hook/cmake_prefix_path.ps1'
[2.933s] INFO:colcon.colcon_core.shell:Creating environment descriptor '/home/mu/Documents/RINS/vaje/vaje4/install/dis_tutorial3/share/dis_tutorial3/hook/cmake_prefix_path.dsv'
[2.934s] INFO:colcon.colcon_core.shell:Creating environment hook '/home/mu/Documents/RINS/vaje/vaje4/install/dis_tutorial3/share/dis_tutorial3/hook/cmake_prefix_path.sh'
[2.935s] Level 1:colcon.colcon_core.environment:checking '/home/mu/Documents/RINS/vaje/vaje4/install/dis_tutorial3/lib'
[2.935s] Level 1:colcon.colcon_core.environment:checking '/home/mu/Documents/RINS/vaje/vaje4/install/dis_tutorial3/bin'
[2.935s] Level 1:colcon.colcon_core.environment:checking '/home/mu/Documents/RINS/vaje/vaje4/install/dis_tutorial3/lib/pkgconfig/dis_tutorial3.pc'
[2.935s] Level 1:colcon.colcon_core.environment:checking '/home/mu/Documents/RINS/vaje/vaje4/install/dis_tutorial3/lib/python3.10/site-packages'
[2.936s] Level 1:colcon.colcon_core.environment:checking '/home/mu/Documents/RINS/vaje/vaje4/install/dis_tutorial3/bin'
[2.959s] INFO:colcon.colcon_core.shell:Creating package script '/home/mu/Documents/RINS/vaje/vaje4/install/dis_tutorial3/share/dis_tutorial3/package.ps1'
[2.960s] INFO:colcon.colcon_core.shell:Creating package descriptor '/home/mu/Documents/RINS/vaje/vaje4/install/dis_tutorial3/share/dis_tutorial3/package.dsv'
[2.960s] INFO:colcon.colcon_core.shell:Creating package script '/home/mu/Documents/RINS/vaje/vaje4/install/dis_tutorial3/share/dis_tutorial3/package.sh'
[2.961s] INFO:colcon.colcon_core.shell:Creating package script '/home/mu/Documents/RINS/vaje/vaje4/install/dis_tutorial3/share/dis_tutorial3/package.bash'
[2.961s] INFO:colcon.colcon_core.shell:Creating package script '/home/mu/Documents/RINS/vaje/vaje4/install/dis_tutorial3/share/dis_tutorial3/package.zsh'
[2.962s] Level 1:colcon.colcon_core.environment:create_file_with_runtime_dependencies(/home/mu/Documents/RINS/vaje/vaje4/install/dis_tutorial3/share/colcon-core/packages/dis_tutorial3)
[2.987s] Level 1:colcon.colcon_core.environment:create_environment_scripts_only(dis_tutorial4)
[3.010s] Level 1:colcon.colcon_core.environment:checking '/home/mu/Documents/RINS/vaje/vaje4/install/dis_tutorial4' for CMake module files
[3.011s] Level 1:colcon.colcon_core.environment:checking '/home/mu/Documents/RINS/vaje/vaje4/install/dis_tutorial4' for CMake config files
[3.012s] Level 1:colcon.colcon_core.shell:create_environment_hook('dis_tutorial4', 'cmake_prefix_path')
[3.034s] INFO:colcon.colcon_core.shell:Creating environment hook '/home/mu/Documents/RINS/vaje/vaje4/install/dis_tutorial4/share/dis_tutorial4/hook/cmake_prefix_path.ps1'
[3.035s] INFO:colcon.colcon_core.shell:Creating environment descriptor '/home/mu/Documents/RINS/vaje/vaje4/install/dis_tutorial4/share/dis_tutorial4/hook/cmake_prefix_path.dsv'
[3.036s] INFO:colcon.colcon_core.shell:Creating environment hook '/home/mu/Documents/RINS/vaje/vaje4/install/dis_tutorial4/share/dis_tutorial4/hook/cmake_prefix_path.sh'
[3.037s] Level 1:colcon.colcon_core.environment:checking '/home/mu/Documents/RINS/vaje/vaje4/install/dis_tutorial4/lib'
[3.037s] Level 1:colcon.colcon_core.environment:checking '/home/mu/Documents/RINS/vaje/vaje4/install/dis_tutorial4/bin'
[3.037s] Level 1:colcon.colcon_core.environment:checking '/home/mu/Documents/RINS/vaje/vaje4/install/dis_tutorial4/lib/pkgconfig/dis_tutorial4.pc'
[3.037s] Level 1:colcon.colcon_core.environment:checking '/home/mu/Documents/RINS/vaje/vaje4/install/dis_tutorial4/lib/python3.10/site-packages'
[3.037s] Level 1:colcon.colcon_core.environment:checking '/home/mu/Documents/RINS/vaje/vaje4/install/dis_tutorial4/bin'
[3.060s] INFO:colcon.colcon_core.shell:Creating package script '/home/mu/Documents/RINS/vaje/vaje4/install/dis_tutorial4/share/dis_tutorial4/package.ps1'
[3.061s] INFO:colcon.colcon_core.shell:Creating package descriptor '/home/mu/Documents/RINS/vaje/vaje4/install/dis_tutorial4/share/dis_tutorial4/package.dsv'
[3.062s] INFO:colcon.colcon_core.shell:Creating package script '/home/mu/Documents/RINS/vaje/vaje4/install/dis_tutorial4/share/dis_tutorial4/package.sh'
[3.062s] INFO:colcon.colcon_core.shell:Creating package script '/home/mu/Documents/RINS/vaje/vaje4/install/dis_tutorial4/share/dis_tutorial4/package.bash'
[3.062s] INFO:colcon.colcon_core.shell:Creating package script '/home/mu/Documents/RINS/vaje/vaje4/install/dis_tutorial4/share/dis_tutorial4/package.zsh'
[3.063s] Level 1:colcon.colcon_core.environment:create_file_with_runtime_dependencies(/home/mu/Documents/RINS/vaje/vaje4/install/dis_tutorial4/share/colcon-core/packages/dis_tutorial4)
[3.063s] DEBUG:colcon.colcon_parallel_executor.executor.parallel:closing loop
[3.064s] DEBUG:colcon.colcon_parallel_executor.executor.parallel:loop closed
[3.064s] DEBUG:colcon.colcon_parallel_executor.executor.parallel:run_until_complete finished with '0'
[3.064s] DEBUG:colcon.colcon_core.event_reactor:joining thread
[3.094s] INFO:colcon.colcon_core.plugin_system:Skipping extension 'colcon_notification.desktop_notification.notify_send': Could not find 'notify-send'
[3.094s] INFO:colcon.colcon_core.plugin_system:Skipping extension 'colcon_notification.desktop_notification.terminal_notifier': Not used on non-Darwin systems
[3.094s] INFO:colcon.colcon_core.plugin_system:Skipping extension 'colcon_notification.desktop_notification.win32': Not used on non-Windows systems
[3.094s] INFO:colcon.colcon_notification.desktop_notification:Sending desktop notification using 'notify2'
[3.127s] DEBUG:colcon.colcon_core.event_reactor:joined thread
[3.148s] INFO:colcon.colcon_core.shell:Creating prefix script '/home/mu/Documents/RINS/vaje/vaje4/install/local_setup.ps1'
[3.149s] INFO:colcon.colcon_core.shell:Creating prefix util module '/home/mu/Documents/RINS/vaje/vaje4/install/_local_setup_util_ps1.py'
[3.150s] INFO:colcon.colcon_core.shell:Creating prefix chain script '/home/mu/Documents/RINS/vaje/vaje4/install/setup.ps1'
[3.171s] INFO:colcon.colcon_core.shell:Creating prefix script '/home/mu/Documents/RINS/vaje/vaje4/install/local_setup.sh'
[3.172s] INFO:colcon.colcon_core.shell:Creating prefix util module '/home/mu/Documents/RINS/vaje/vaje4/install/_local_setup_util_sh.py'
[3.173s] INFO:colcon.colcon_core.shell:Creating prefix chain script '/home/mu/Documents/RINS/vaje/vaje4/install/setup.sh'
[3.196s] INFO:colcon.colcon_core.shell:Creating prefix script '/home/mu/Documents/RINS/vaje/vaje4/install/local_setup.bash'
[3.197s] INFO:colcon.colcon_core.shell:Creating prefix chain script '/home/mu/Documents/RINS/vaje/vaje4/install/setup.bash'
[3.219s] INFO:colcon.colcon_core.shell:Creating prefix script '/home/mu/Documents/RINS/vaje/vaje4/install/local_setup.zsh'
[3.220s] INFO:colcon.colcon_core.shell:Creating prefix chain script '/home/mu/Documents/RINS/vaje/vaje4/install/setup.zsh'
