[0.831s] DEBUG:colcon:Command line arguments: ['/usr/bin/colcon', 'build']
[0.831s] DEBUG:colcon:Parsed command line arguments: Namespace(log_base=None, log_level=None, verb_name='build', build_base='build', install_base='install', merge_install=False, symlink_install=False, test_result_base=None, continue_on_error=False, executor='parallel', parallel_workers=16, event_handlers=None, ignore_user_meta=False, metas=['./colcon.meta'], base_paths=['.'], packages_ignore=None, packages_ignore_regex=None, paths=None, packages_up_to=None, packages_up_to_regex=None, packages_above=None, packages_above_and_dependencies=None, packages_above_depth=None, packages_select_by_dep=None, packages_skip_by_dep=None, packages_skip_up_to=None, packages_select_build_failed=False, packages_skip_build_finished=False, packages_select_test_failures=False, packages_skip_test_passed=False, packages_select=None, packages_skip=None, packages_select_regex=None, packages_skip_regex=None, packages_start=None, packages_end=None, allow_overriding=[], cmake_args=None, cmake_target=None, cmake_target_skip_unavailable=False, cmake_clean_cache=False, cmake_clean_first=False, cmake_force_configure=False, ament_cmake_args=None, catkin_cmake_args=None, catkin_skip_building_tests=False, verb_parser=<colcon_defaults.argument_parser.defaults.DefaultArgumentsDecorator object at 0x70db50c63190>, verb_extension=<colcon_core.verb.build.BuildVerb object at 0x70db50c63dc0>, main=<bound method BuildVerb.main of <colcon_core.verb.build.BuildVerb object at 0x70db50c63dc0>>)
[0.869s] Level 1:colcon.colcon_core.package_discovery:discover_packages(colcon_meta) check parameters
[0.869s] Level 1:colcon.colcon_core.package_discovery:discover_packages(recursive) check parameters
[0.869s] Level 1:colcon.colcon_core.package_discovery:discover_packages(ignore) check parameters
[0.869s] Level 1:colcon.colcon_core.package_discovery:discover_packages(path) check parameters
[0.869s] Level 1:colcon.colcon_core.package_discovery:discover_packages(colcon_meta) discover
[0.869s] Level 1:colcon.colcon_core.package_discovery:discover_packages(recursive) discover
[0.869s] INFO:colcon.colcon_core.package_discovery:Crawling recursively for packages in '/home/mu/Documents/RINS/project/RINSproject'
[0.870s] Level 1:colcon.colcon_core.package_identification:_identify(.) by extensions ['ignore', 'ignore_ament_install']
[0.870s] Level 1:colcon.colcon_core.package_identification:_identify(.) by extension 'ignore'
[0.870s] Level 1:colcon.colcon_core.package_identification:_identify(.) by extension 'ignore_ament_install'
[0.870s] Level 1:colcon.colcon_core.package_identification:_identify(.) by extensions ['colcon_pkg']
[0.870s] Level 1:colcon.colcon_core.package_identification:_identify(.) by extension 'colcon_pkg'
[0.870s] Level 1:colcon.colcon_core.package_identification:_identify(.) by extensions ['colcon_meta']
[0.870s] Level 1:colcon.colcon_core.package_identification:_identify(.) by extension 'colcon_meta'
[0.870s] Level 1:colcon.colcon_core.package_identification:_identify(.) by extensions ['ros']
[0.870s] Level 1:colcon.colcon_core.package_identification:_identify(.) by extension 'ros'
[0.877s] Level 1:colcon.colcon_core.package_identification:_identify(.) by extensions ['cmake', 'python']
[0.877s] Level 1:colcon.colcon_core.package_identification:_identify(.) by extension 'cmake'
[0.877s] Level 1:colcon.colcon_core.package_identification:_identify(.) by extension 'python'
[0.878s] Level 1:colcon.colcon_core.package_identification:_identify(.) by extensions ['python_setup_py']
[0.878s] Level 1:colcon.colcon_core.package_identification:_identify(.) by extension 'python_setup_py'
[0.878s] Level 1:colcon.colcon_core.package_identification:_identify(build) by extensions ['ignore', 'ignore_ament_install']
[0.878s] Level 1:colcon.colcon_core.package_identification:_identify(build) by extension 'ignore'
[0.878s] Level 1:colcon.colcon_core.package_identification:_identify(build) ignored
[0.878s] Level 1:colcon.colcon_core.package_identification:_identify(install) by extensions ['ignore', 'ignore_ament_install']
[0.878s] Level 1:colcon.colcon_core.package_identification:_identify(install) by extension 'ignore'
[0.878s] Level 1:colcon.colcon_core.package_identification:_identify(install) ignored
[0.878s] Level 1:colcon.colcon_core.package_identification:_identify(log) by extensions ['ignore', 'ignore_ament_install']
[0.878s] Level 1:colcon.colcon_core.package_identification:_identify(log) by extension 'ignore'
[0.878s] Level 1:colcon.colcon_core.package_identification:_identify(log) ignored
[0.878s] Level 1:colcon.colcon_core.package_identification:_identify(src) by extensions ['ignore', 'ignore_ament_install']
[0.878s] Level 1:colcon.colcon_core.package_identification:_identify(src) by extension 'ignore'
[0.878s] Level 1:colcon.colcon_core.package_identification:_identify(src) by extension 'ignore_ament_install'
[0.878s] Level 1:colcon.colcon_core.package_identification:_identify(src) by extensions ['colcon_pkg']
[0.878s] Level 1:colcon.colcon_core.package_identification:_identify(src) by extension 'colcon_pkg'
[0.878s] Level 1:colcon.colcon_core.package_identification:_identify(src) by extensions ['colcon_meta']
[0.879s] Level 1:colcon.colcon_core.package_identification:_identify(src) by extension 'colcon_meta'
[0.879s] Level 1:colcon.colcon_core.package_identification:_identify(src) by extensions ['ros']
[0.879s] Level 1:colcon.colcon_core.package_identification:_identify(src) by extension 'ros'
[0.879s] Level 1:colcon.colcon_core.package_identification:_identify(src) by extensions ['cmake', 'python']
[0.879s] Level 1:colcon.colcon_core.package_identification:_identify(src) by extension 'cmake'
[0.879s] Level 1:colcon.colcon_core.package_identification:_identify(src) by extension 'python'
[0.879s] Level 1:colcon.colcon_core.package_identification:_identify(src) by extensions ['python_setup_py']
[0.879s] Level 1:colcon.colcon_core.package_identification:_identify(src) by extension 'python_setup_py'
[0.879s] Level 1:colcon.colcon_core.package_identification:_identify(src/dis_tutorial3) by extensions ['ignore', 'ignore_ament_install']
[0.879s] Level 1:colcon.colcon_core.package_identification:_identify(src/dis_tutorial3) by extension 'ignore'
[0.879s] Level 1:colcon.colcon_core.package_identification:_identify(src/dis_tutorial3) by extension 'ignore_ament_install'
[0.879s] Level 1:colcon.colcon_core.package_identification:_identify(src/dis_tutorial3) by extensions ['colcon_pkg']
[0.879s] Level 1:colcon.colcon_core.package_identification:_identify(src/dis_tutorial3) by extension 'colcon_pkg'
[0.879s] Level 1:colcon.colcon_core.package_identification:_identify(src/dis_tutorial3) by extensions ['colcon_meta']
[0.879s] Level 1:colcon.colcon_core.package_identification:_identify(src/dis_tutorial3) by extension 'colcon_meta'
[0.879s] Level 1:colcon.colcon_core.package_identification:_identify(src/dis_tutorial3) by extensions ['ros']
[0.879s] Level 1:colcon.colcon_core.package_identification:_identify(src/dis_tutorial3) by extension 'ros'
[0.881s] DEBUG:colcon.colcon_core.package_identification:Package 'src/dis_tutorial3' with type 'ros.ament_cmake' and name 'dis_tutorial3'
[0.881s] Level 1:colcon.colcon_core.package_identification:_identify(src/dis_tutorial4) by extensions ['ignore', 'ignore_ament_install']
[0.881s] Level 1:colcon.colcon_core.package_identification:_identify(src/dis_tutorial4) by extension 'ignore'
[0.881s] Level 1:colcon.colcon_core.package_identification:_identify(src/dis_tutorial4) by extension 'ignore_ament_install'
[0.881s] Level 1:colcon.colcon_core.package_identification:_identify(src/dis_tutorial4) by extensions ['colcon_pkg']
[0.881s] Level 1:colcon.colcon_core.package_identification:_identify(src/dis_tutorial4) by extension 'colcon_pkg'
[0.881s] Level 1:colcon.colcon_core.package_identification:_identify(src/dis_tutorial4) by extensions ['colcon_meta']
[0.881s] Level 1:colcon.colcon_core.package_identification:_identify(src/dis_tutorial4) by extension 'colcon_meta'
[0.881s] Level 1:colcon.colcon_core.package_identification:_identify(src/dis_tutorial4) by extensions ['ros']
[0.881s] Level 1:colcon.colcon_core.package_identification:_identify(src/dis_tutorial4) by extension 'ros'
[0.882s] DEBUG:colcon.colcon_core.package_identification:Package 'src/dis_tutorial4' with type 'ros.ament_cmake' and name 'dis_tutorial4'
[0.882s] Level 1:colcon.colcon_core.package_discovery:discover_packages(recursive) using defaults
[0.882s] Level 1:colcon.colcon_core.package_discovery:discover_packages(ignore) discover
[0.882s] Level 1:colcon.colcon_core.package_discovery:discover_packages(ignore) using defaults
[0.882s] Level 1:colcon.colcon_core.package_discovery:discover_packages(path) discover
[0.882s] Level 1:colcon.colcon_core.package_discovery:discover_packages(path) using defaults
[0.957s] Level 1:colcon.colcon_core.package_discovery:discover_packages(prefix_path) check parameters
[0.957s] Level 1:colcon.colcon_core.package_discovery:discover_packages(prefix_path) discover
[0.983s] DEBUG:colcon.colcon_installed_package_information.package_discovery:Found 1 installed packages in /home/mu/colcon_ws/install
[0.996s] DEBUG:colcon.colcon_installed_package_information.package_discovery:Found 408 installed packages in /opt/ros/humble
[1.007s] Level 1:colcon.colcon_core.package_discovery:discover_packages(prefix_path) using defaults
[1.088s] Level 5:colcon.colcon_core.verb:set package 'dis_tutorial3' build argument 'cmake_args' from command line to 'None'
[1.088s] Level 5:colcon.colcon_core.verb:set package 'dis_tutorial3' build argument 'cmake_target' from command line to 'None'
[1.088s] Level 5:colcon.colcon_core.verb:set package 'dis_tutorial3' build argument 'cmake_target_skip_unavailable' from command line to 'False'
[1.088s] Level 5:colcon.colcon_core.verb:set package 'dis_tutorial3' build argument 'cmake_clean_cache' from command line to 'False'
[1.088s] Level 5:colcon.colcon_core.verb:set package 'dis_tutorial3' build argument 'cmake_clean_first' from command line to 'False'
[1.088s] Level 5:colcon.colcon_core.verb:set package 'dis_tutorial3' build argument 'cmake_force_configure' from command line to 'False'
[1.088s] Level 5:colcon.colcon_core.verb:set package 'dis_tutorial3' build argument 'ament_cmake_args' from command line to 'None'
[1.088s] Level 5:colcon.colcon_core.verb:set package 'dis_tutorial3' build argument 'catkin_cmake_args' from command line to 'None'
[1.088s] Level 5:colcon.colcon_core.verb:set package 'dis_tutorial3' build argument 'catkin_skip_building_tests' from command line to 'False'
[1.088s] DEBUG:colcon.colcon_core.verb:Building package 'dis_tutorial3' with the following arguments: {'ament_cmake_args': None, 'build_base': '/home/mu/Documents/RINS/project/RINSproject/build/dis_tutorial3', 'catkin_cmake_args': None, 'catkin_skip_building_tests': False, 'cmake_args': None, 'cmake_clean_cache': False, 'cmake_clean_first': False, 'cmake_force_configure': False, 'cmake_target': None, 'cmake_target_skip_unavailable': False, 'install_base': '/home/mu/Documents/RINS/project/RINSproject/install/dis_tutorial3', 'merge_install': False, 'path': '/home/mu/Documents/RINS/project/RINSproject/src/dis_tutorial3', 'symlink_install': False, 'test_result_base': None}
[1.101s] Level 5:colcon.colcon_core.verb:set package 'dis_tutorial4' build argument 'cmake_args' from command line to 'None'
[1.101s] Level 5:colcon.colcon_core.verb:set package 'dis_tutorial4' build argument 'cmake_target' from command line to 'None'
[1.101s] Level 5:colcon.colcon_core.verb:set package 'dis_tutorial4' build argument 'cmake_target_skip_unavailable' from command line to 'False'
[1.101s] Level 5:colcon.colcon_core.verb:set package 'dis_tutorial4' build argument 'cmake_clean_cache' from command line to 'False'
[1.101s] Level 5:colcon.colcon_core.verb:set package 'dis_tutorial4' build argument 'cmake_clean_first' from command line to 'False'
[1.101s] Level 5:colcon.colcon_core.verb:set package 'dis_tutorial4' build argument 'cmake_force_configure' from command line to 'False'
[1.101s] Level 5:colcon.colcon_core.verb:set package 'dis_tutorial4' build argument 'ament_cmake_args' from command line to 'None'
[1.101s] Level 5:colcon.colcon_core.verb:set package 'dis_tutorial4' build argument 'catkin_cmake_args' from command line to 'None'
[1.101s] Level 5:colcon.colcon_core.verb:set package 'dis_tutorial4' build argument 'catkin_skip_building_tests' from command line to 'False'
[1.101s] DEBUG:colcon.colcon_core.verb:Building package 'dis_tutorial4' with the following arguments: {'ament_cmake_args': None, 'build_base': '/home/mu/Documents/RINS/project/RINSproject/build/dis_tutorial4', 'catkin_cmake_args': None, 'catkin_skip_building_tests': False, 'cmake_args': None, 'cmake_clean_cache': False, 'cmake_clean_first': False, 'cmake_force_configure': False, 'cmake_target': None, 'cmake_target_skip_unavailable': False, 'install_base': '/home/mu/Documents/RINS/project/RINSproject/install/dis_tutorial4', 'merge_install': False, 'path': '/home/mu/Documents/RINS/project/RINSproject/src/dis_tutorial4', 'symlink_install': False, 'test_result_base': None}
[1.113s] INFO:colcon.colcon_core.executor:Executing jobs using 'parallel' executor
[1.126s] DEBUG:colcon.colcon_parallel_executor.executor.parallel:run_until_complete
[1.126s] INFO:colcon.colcon_ros.task.ament_cmake.build:Building ROS package in '/home/mu/Documents/RINS/project/RINSproject/src/dis_tutorial3' with build type 'ament_cmake'
[1.126s] INFO:colcon.colcon_cmake.task.cmake.build:Building CMake package in '/home/mu/Documents/RINS/project/RINSproject/src/dis_tutorial3'
[1.140s] INFO:colcon.colcon_core.plugin_system:Skipping extension 'colcon_core.shell.bat': Not used on non-Windows systems
[1.140s] INFO:colcon.colcon_core.shell:Skip shell extension 'powershell' for command environment: Not usable outside of PowerShell
[1.140s] DEBUG:colcon.colcon_core.shell:Skip shell extension 'dsv' for command environment
[1.181s] INFO:colcon.colcon_ros.task.ament_cmake.build:Building ROS package in '/home/mu/Documents/RINS/project/RINSproject/src/dis_tutorial4' with build type 'ament_cmake'
[1.181s] INFO:colcon.colcon_cmake.task.cmake.build:Building CMake package in '/home/mu/Documents/RINS/project/RINSproject/src/dis_tutorial4'
[1.193s] INFO:colcon.colcon_core.shell:Skip shell extension 'powershell' for command environment: Not usable outside of PowerShell
[1.193s] DEBUG:colcon.colcon_core.shell:Skip shell extension 'dsv' for command environment
[1.237s] DEBUG:colcon.colcon_core.event_handler.log_command:Invoking command in '/home/mu/Documents/RINS/project/RINSproject/build/dis_tutorial3': CMAKE_PREFIX_PATH=${CMAKE_PREFIX_PATH}:/opt/ros/humble /usr/bin/cmake --build /home/mu/Documents/RINS/project/RINSproject/build/dis_tutorial3 -- -j16 -l16
[1.240s] DEBUG:colcon.colcon_core.event_handler.log_command:Invoking command in '/home/mu/Documents/RINS/project/RINSproject/build/dis_tutorial4': CMAKE_PREFIX_PATH=${CMAKE_PREFIX_PATH}:/opt/ros/humble /usr/bin/cmake --build /home/mu/Documents/RINS/project/RINSproject/build/dis_tutorial4 -- -j16 -l16
[1.270s] DEBUG:colcon.colcon_core.event_handler.log_command:Invoked command in '/home/mu/Documents/RINS/project/RINSproject/build/dis_tutorial3' returned '0': CMAKE_PREFIX_PATH=${CMAKE_PREFIX_PATH}:/opt/ros/humble /usr/bin/cmake --build /home/mu/Documents/RINS/project/RINSproject/build/dis_tutorial3 -- -j16 -l16
[1.272s] DEBUG:colcon.colcon_core.event_handler.log_command:Invoked command in '/home/mu/Documents/RINS/project/RINSproject/build/dis_tutorial4' returned '0': CMAKE_PREFIX_PATH=${CMAKE_PREFIX_PATH}:/opt/ros/humble /usr/bin/cmake --build /home/mu/Documents/RINS/project/RINSproject/build/dis_tutorial4 -- -j16 -l16
[1.298s] DEBUG:colcon.colcon_core.event_handler.log_command:Invoking command in '/home/mu/Documents/RINS/project/RINSproject/build/dis_tutorial4': CMAKE_PREFIX_PATH=${CMAKE_PREFIX_PATH}:/opt/ros/humble /usr/bin/cmake --install /home/mu/Documents/RINS/project/RINSproject/build/dis_tutorial4
[1.299s] DEBUG:colcon.colcon_core.event_handler.log_command:Invoking command in '/home/mu/Documents/RINS/project/RINSproject/build/dis_tutorial3': CMAKE_PREFIX_PATH=${CMAKE_PREFIX_PATH}:/opt/ros/humble /usr/bin/cmake --install /home/mu/Documents/RINS/project/RINSproject/build/dis_tutorial3
[1.306s] Level 1:colcon.colcon_core.environment:create_environment_scripts_only(dis_tutorial4)
[1.313s] DEBUG:colcon.colcon_core.event_handler.log_command:Invoked command in '/home/mu/Documents/RINS/project/RINSproject/build/dis_tutorial4' returned '0': CMAKE_PREFIX_PATH=${CMAKE_PREFIX_PATH}:/opt/ros/humble /usr/bin/cmake --install /home/mu/Documents/RINS/project/RINSproject/build/dis_tutorial4
[1.327s] Level 1:colcon.colcon_core.environment:checking '/home/mu/Documents/RINS/project/RINSproject/install/dis_tutorial4' for CMake module files
[1.328s] Level 1:colcon.colcon_core.environment:checking '/home/mu/Documents/RINS/project/RINSproject/install/dis_tutorial4' for CMake config files
[1.328s] Level 1:colcon.colcon_core.shell:create_environment_hook('dis_tutorial4', 'cmake_prefix_path')
[1.341s] INFO:colcon.colcon_core.shell:Creating environment hook '/home/mu/Documents/RINS/project/RINSproject/install/dis_tutorial4/share/dis_tutorial4/hook/cmake_prefix_path.ps1'
[1.342s] INFO:colcon.colcon_core.shell:Creating environment descriptor '/home/mu/Documents/RINS/project/RINSproject/install/dis_tutorial4/share/dis_tutorial4/hook/cmake_prefix_path.dsv'
[1.342s] INFO:colcon.colcon_core.shell:Creating environment hook '/home/mu/Documents/RINS/project/RINSproject/install/dis_tutorial4/share/dis_tutorial4/hook/cmake_prefix_path.sh'
[1.343s] Level 1:colcon.colcon_core.environment:checking '/home/mu/Documents/RINS/project/RINSproject/install/dis_tutorial4/lib'
[1.343s] Level 1:colcon.colcon_core.environment:checking '/home/mu/Documents/RINS/project/RINSproject/install/dis_tutorial4/bin'
[1.343s] Level 1:colcon.colcon_core.environment:checking '/home/mu/Documents/RINS/project/RINSproject/install/dis_tutorial4/lib/pkgconfig/dis_tutorial4.pc'
[1.343s] Level 1:colcon.colcon_core.environment:checking '/home/mu/Documents/RINS/project/RINSproject/install/dis_tutorial4/lib/python3.10/site-packages'
[1.343s] Level 1:colcon.colcon_core.environment:checking '/home/mu/Documents/RINS/project/RINSproject/install/dis_tutorial4/bin'
[1.356s] INFO:colcon.colcon_core.shell:Creating package script '/home/mu/Documents/RINS/project/RINSproject/install/dis_tutorial4/share/dis_tutorial4/package.ps1'
[1.357s] INFO:colcon.colcon_core.shell:Creating package descriptor '/home/mu/Documents/RINS/project/RINSproject/install/dis_tutorial4/share/dis_tutorial4/package.dsv'
[1.357s] INFO:colcon.colcon_core.shell:Creating package script '/home/mu/Documents/RINS/project/RINSproject/install/dis_tutorial4/share/dis_tutorial4/package.sh'
[1.357s] INFO:colcon.colcon_core.shell:Creating package script '/home/mu/Documents/RINS/project/RINSproject/install/dis_tutorial4/share/dis_tutorial4/package.bash'
[1.358s] INFO:colcon.colcon_core.shell:Creating package script '/home/mu/Documents/RINS/project/RINSproject/install/dis_tutorial4/share/dis_tutorial4/package.zsh'
[1.358s] Level 1:colcon.colcon_core.environment:create_file_with_runtime_dependencies(/home/mu/Documents/RINS/project/RINSproject/install/dis_tutorial4/share/colcon-core/packages/dis_tutorial4)
[1.360s] Level 1:colcon.colcon_core.environment:create_environment_scripts_only(dis_tutorial3)
[1.360s] DEBUG:colcon.colcon_core.event_handler.log_command:Invoked command in '/home/mu/Documents/RINS/project/RINSproject/build/dis_tutorial3' returned '0': CMAKE_PREFIX_PATH=${CMAKE_PREFIX_PATH}:/opt/ros/humble /usr/bin/cmake --install /home/mu/Documents/RINS/project/RINSproject/build/dis_tutorial3
[1.373s] Level 1:colcon.colcon_core.environment:checking '/home/mu/Documents/RINS/project/RINSproject/install/dis_tutorial3' for CMake module files
[1.374s] Level 1:colcon.colcon_core.environment:checking '/home/mu/Documents/RINS/project/RINSproject/install/dis_tutorial3' for CMake config files
[1.374s] Level 1:colcon.colcon_core.shell:create_environment_hook('dis_tutorial3', 'cmake_prefix_path')
[1.387s] INFO:colcon.colcon_core.shell:Creating environment hook '/home/mu/Documents/RINS/project/RINSproject/install/dis_tutorial3/share/dis_tutorial3/hook/cmake_prefix_path.ps1'
[1.387s] INFO:colcon.colcon_core.shell:Creating environment descriptor '/home/mu/Documents/RINS/project/RINSproject/install/dis_tutorial3/share/dis_tutorial3/hook/cmake_prefix_path.dsv'
[1.388s] INFO:colcon.colcon_core.shell:Creating environment hook '/home/mu/Documents/RINS/project/RINSproject/install/dis_tutorial3/share/dis_tutorial3/hook/cmake_prefix_path.sh'
[1.388s] Level 1:colcon.colcon_core.environment:checking '/home/mu/Documents/RINS/project/RINSproject/install/dis_tutorial3/lib'
[1.388s] Level 1:colcon.colcon_core.environment:checking '/home/mu/Documents/RINS/project/RINSproject/install/dis_tutorial3/bin'
[1.388s] Level 1:colcon.colcon_core.environment:checking '/home/mu/Documents/RINS/project/RINSproject/install/dis_tutorial3/lib/pkgconfig/dis_tutorial3.pc'
[1.388s] Level 1:colcon.colcon_core.environment:checking '/home/mu/Documents/RINS/project/RINSproject/install/dis_tutorial3/lib/python3.10/site-packages'
[1.388s] Level 1:colcon.colcon_core.environment:checking '/home/mu/Documents/RINS/project/RINSproject/install/dis_tutorial3/bin'
[1.401s] INFO:colcon.colcon_core.shell:Creating package script '/home/mu/Documents/RINS/project/RINSproject/install/dis_tutorial3/share/dis_tutorial3/package.ps1'
[1.402s] INFO:colcon.colcon_core.shell:Creating package descriptor '/home/mu/Documents/RINS/project/RINSproject/install/dis_tutorial3/share/dis_tutorial3/package.dsv'
[1.402s] INFO:colcon.colcon_core.shell:Creating package script '/home/mu/Documents/RINS/project/RINSproject/install/dis_tutorial3/share/dis_tutorial3/package.sh'
[1.402s] INFO:colcon.colcon_core.shell:Creating package script '/home/mu/Documents/RINS/project/RINSproject/install/dis_tutorial3/share/dis_tutorial3/package.bash'
[1.402s] INFO:colcon.colcon_core.shell:Creating package script '/home/mu/Documents/RINS/project/RINSproject/install/dis_tutorial3/share/dis_tutorial3/package.zsh'
[1.403s] Level 1:colcon.colcon_core.environment:create_file_with_runtime_dependencies(/home/mu/Documents/RINS/project/RINSproject/install/dis_tutorial3/share/colcon-core/packages/dis_tutorial3)
[1.416s] Level 1:colcon.colcon_core.environment:create_environment_scripts_only(dis_tutorial4)
[1.429s] Level 1:colcon.colcon_core.environment:checking '/home/mu/Documents/RINS/project/RINSproject/install/dis_tutorial4' for CMake module files
[1.429s] Level 1:colcon.colcon_core.environment:checking '/home/mu/Documents/RINS/project/RINSproject/install/dis_tutorial4' for CMake config files
[1.429s] Level 1:colcon.colcon_core.shell:create_environment_hook('dis_tutorial4', 'cmake_prefix_path')
[1.442s] INFO:colcon.colcon_core.shell:Creating environment hook '/home/mu/Documents/RINS/project/RINSproject/install/dis_tutorial4/share/dis_tutorial4/hook/cmake_prefix_path.ps1'
[1.443s] INFO:colcon.colcon_core.shell:Creating environment descriptor '/home/mu/Documents/RINS/project/RINSproject/install/dis_tutorial4/share/dis_tutorial4/hook/cmake_prefix_path.dsv'
[1.443s] INFO:colcon.colcon_core.shell:Creating environment hook '/home/mu/Documents/RINS/project/RINSproject/install/dis_tutorial4/share/dis_tutorial4/hook/cmake_prefix_path.sh'
[1.443s] Level 1:colcon.colcon_core.environment:checking '/home/mu/Documents/RINS/project/RINSproject/install/dis_tutorial4/lib'
[1.443s] Level 1:colcon.colcon_core.environment:checking '/home/mu/Documents/RINS/project/RINSproject/install/dis_tutorial4/bin'
[1.443s] Level 1:colcon.colcon_core.environment:checking '/home/mu/Documents/RINS/project/RINSproject/install/dis_tutorial4/lib/pkgconfig/dis_tutorial4.pc'
[1.444s] Level 1:colcon.colcon_core.environment:checking '/home/mu/Documents/RINS/project/RINSproject/install/dis_tutorial4/lib/python3.10/site-packages'
[1.444s] Level 1:colcon.colcon_core.environment:checking '/home/mu/Documents/RINS/project/RINSproject/install/dis_tutorial4/bin'
[1.456s] INFO:colcon.colcon_core.shell:Creating package script '/home/mu/Documents/RINS/project/RINSproject/install/dis_tutorial4/share/dis_tutorial4/package.ps1'
[1.456s] INFO:colcon.colcon_core.shell:Creating package descriptor '/home/mu/Documents/RINS/project/RINSproject/install/dis_tutorial4/share/dis_tutorial4/package.dsv'
[1.457s] INFO:colcon.colcon_core.shell:Creating package script '/home/mu/Documents/RINS/project/RINSproject/install/dis_tutorial4/share/dis_tutorial4/package.sh'
[1.457s] INFO:colcon.colcon_core.shell:Creating package script '/home/mu/Documents/RINS/project/RINSproject/install/dis_tutorial4/share/dis_tutorial4/package.bash'
[1.457s] INFO:colcon.colcon_core.shell:Creating package script '/home/mu/Documents/RINS/project/RINSproject/install/dis_tutorial4/share/dis_tutorial4/package.zsh'
[1.458s] Level 1:colcon.colcon_core.environment:create_file_with_runtime_dependencies(/home/mu/Documents/RINS/project/RINSproject/install/dis_tutorial4/share/colcon-core/packages/dis_tutorial4)
[1.471s] Level 1:colcon.colcon_core.environment:create_environment_scripts_only(dis_tutorial3)
[1.484s] Level 1:colcon.colcon_core.environment:checking '/home/mu/Documents/RINS/project/RINSproject/install/dis_tutorial3' for CMake module files
[1.484s] Level 1:colcon.colcon_core.environment:checking '/home/mu/Documents/RINS/project/RINSproject/install/dis_tutorial3' for CMake config files
[1.485s] Level 1:colcon.colcon_core.shell:create_environment_hook('dis_tutorial3', 'cmake_prefix_path')
[1.497s] INFO:colcon.colcon_core.shell:Creating environment hook '/home/mu/Documents/RINS/project/RINSproject/install/dis_tutorial3/share/dis_tutorial3/hook/cmake_prefix_path.ps1'
[1.498s] INFO:colcon.colcon_core.shell:Creating environment descriptor '/home/mu/Documents/RINS/project/RINSproject/install/dis_tutorial3/share/dis_tutorial3/hook/cmake_prefix_path.dsv'
[1.498s] INFO:colcon.colcon_core.shell:Creating environment hook '/home/mu/Documents/RINS/project/RINSproject/install/dis_tutorial3/share/dis_tutorial3/hook/cmake_prefix_path.sh'
[1.498s] Level 1:colcon.colcon_core.environment:checking '/home/mu/Documents/RINS/project/RINSproject/install/dis_tutorial3/lib'
[1.498s] Level 1:colcon.colcon_core.environment:checking '/home/mu/Documents/RINS/project/RINSproject/install/dis_tutorial3/bin'
[1.498s] Level 1:colcon.colcon_core.environment:checking '/home/mu/Documents/RINS/project/RINSproject/install/dis_tutorial3/lib/pkgconfig/dis_tutorial3.pc'
[1.498s] Level 1:colcon.colcon_core.environment:checking '/home/mu/Documents/RINS/project/RINSproject/install/dis_tutorial3/lib/python3.10/site-packages'
[1.499s] Level 1:colcon.colcon_core.environment:checking '/home/mu/Documents/RINS/project/RINSproject/install/dis_tutorial3/bin'
[1.511s] INFO:colcon.colcon_core.shell:Creating package script '/home/mu/Documents/RINS/project/RINSproject/install/dis_tutorial3/share/dis_tutorial3/package.ps1'
[1.511s] INFO:colcon.colcon_core.shell:Creating package descriptor '/home/mu/Documents/RINS/project/RINSproject/install/dis_tutorial3/share/dis_tutorial3/package.dsv'
[1.511s] INFO:colcon.colcon_core.shell:Creating package script '/home/mu/Documents/RINS/project/RINSproject/install/dis_tutorial3/share/dis_tutorial3/package.sh'
[1.512s] INFO:colcon.colcon_core.shell:Creating package script '/home/mu/Documents/RINS/project/RINSproject/install/dis_tutorial3/share/dis_tutorial3/package.bash'
[1.512s] INFO:colcon.colcon_core.shell:Creating package script '/home/mu/Documents/RINS/project/RINSproject/install/dis_tutorial3/share/dis_tutorial3/package.zsh'
[1.512s] Level 1:colcon.colcon_core.environment:create_file_with_runtime_dependencies(/home/mu/Documents/RINS/project/RINSproject/install/dis_tutorial3/share/colcon-core/packages/dis_tutorial3)
[1.513s] DEBUG:colcon.colcon_parallel_executor.executor.parallel:closing loop
[1.513s] DEBUG:colcon.colcon_parallel_executor.executor.parallel:loop closed
[1.513s] DEBUG:colcon.colcon_parallel_executor.executor.parallel:run_until_complete finished with '0'
[1.513s] DEBUG:colcon.colcon_core.event_reactor:joining thread
[1.529s] INFO:colcon.colcon_core.plugin_system:Skipping extension 'colcon_notification.desktop_notification.notify_send': Could not find 'notify-send'
[1.529s] INFO:colcon.colcon_core.plugin_system:Skipping extension 'colcon_notification.desktop_notification.terminal_notifier': Not used on non-Darwin systems
[1.529s] INFO:colcon.colcon_core.plugin_system:Skipping extension 'colcon_notification.desktop_notification.win32': Not used on non-Windows systems
[1.529s] INFO:colcon.colcon_notification.desktop_notification:Sending desktop notification using 'notify2'
[1.542s] DEBUG:colcon.colcon_core.event_reactor:joined thread
[1.555s] INFO:colcon.colcon_core.shell:Creating prefix script '/home/mu/Documents/RINS/project/RINSproject/install/local_setup.ps1'
[1.556s] INFO:colcon.colcon_core.shell:Creating prefix util module '/home/mu/Documents/RINS/project/RINSproject/install/_local_setup_util_ps1.py'
[1.557s] INFO:colcon.colcon_core.shell:Creating prefix chain script '/home/mu/Documents/RINS/project/RINSproject/install/setup.ps1'
[1.570s] INFO:colcon.colcon_core.shell:Creating prefix script '/home/mu/Documents/RINS/project/RINSproject/install/local_setup.sh'
[1.570s] INFO:colcon.colcon_core.shell:Creating prefix util module '/home/mu/Documents/RINS/project/RINSproject/install/_local_setup_util_sh.py'
[1.571s] INFO:colcon.colcon_core.shell:Creating prefix chain script '/home/mu/Documents/RINS/project/RINSproject/install/setup.sh'
[1.583s] INFO:colcon.colcon_core.shell:Creating prefix script '/home/mu/Documents/RINS/project/RINSproject/install/local_setup.bash'
[1.584s] INFO:colcon.colcon_core.shell:Creating prefix chain script '/home/mu/Documents/RINS/project/RINSproject/install/setup.bash'
[1.596s] INFO:colcon.colcon_core.shell:Creating prefix script '/home/mu/Documents/RINS/project/RINSproject/install/local_setup.zsh'
[1.597s] INFO:colcon.colcon_core.shell:Creating prefix chain script '/home/mu/Documents/RINS/project/RINSproject/install/setup.zsh'
