[1.168s] DEBUG:colcon:Command line arguments: ['/usr/bin/colcon', 'build']
[1.168s] DEBUG:colcon:Parsed command line arguments: Namespace(log_base=None, log_level=None, verb_name='build', build_base='build', install_base='install', merge_install=False, symlink_install=False, test_result_base=None, continue_on_error=False, executor='parallel', parallel_workers=16, event_handlers=None, ignore_user_meta=False, metas=['./colcon.meta'], base_paths=['.'], packages_ignore=None, packages_ignore_regex=None, paths=None, packages_up_to=None, packages_up_to_regex=None, packages_above=None, packages_above_and_dependencies=None, packages_above_depth=None, packages_select_by_dep=None, packages_skip_by_dep=None, packages_skip_up_to=None, packages_select_build_failed=False, packages_skip_build_finished=False, packages_select_test_failures=False, packages_skip_test_passed=False, packages_select=None, packages_skip=None, packages_select_regex=None, packages_skip_regex=None, packages_start=None, packages_end=None, allow_overriding=[], cmake_args=None, cmake_target=None, cmake_target_skip_unavailable=False, cmake_clean_cache=False, cmake_clean_first=False, cmake_force_configure=False, ament_cmake_args=None, catkin_cmake_args=None, catkin_skip_building_tests=False, verb_parser=<colcon_defaults.argument_parser.defaults.DefaultArgumentsDecorator object at 0x7235cf4d6800>, verb_extension=<colcon_core.verb.build.BuildVerb object at 0x7235cf4d4a90>, main=<bound method BuildVerb.main of <colcon_core.verb.build.BuildVerb object at 0x7235cf4d4a90>>)
[1.229s] Level 1:colcon.colcon_core.package_discovery:discover_packages(colcon_meta) check parameters
[1.230s] Level 1:colcon.colcon_core.package_discovery:discover_packages(recursive) check parameters
[1.230s] Level 1:colcon.colcon_core.package_discovery:discover_packages(ignore) check parameters
[1.230s] Level 1:colcon.colcon_core.package_discovery:discover_packages(path) check parameters
[1.230s] Level 1:colcon.colcon_core.package_discovery:discover_packages(colcon_meta) discover
[1.230s] Level 1:colcon.colcon_core.package_discovery:discover_packages(recursive) discover
[1.230s] INFO:colcon.colcon_core.package_discovery:Crawling recursively for packages in '/home/mu/Documents/RINS/project/RINSproject'
[1.230s] Level 1:colcon.colcon_core.package_identification:_identify(.) by extensions ['ignore', 'ignore_ament_install']
[1.230s] Level 1:colcon.colcon_core.package_identification:_identify(.) by extension 'ignore'
[1.230s] Level 1:colcon.colcon_core.package_identification:_identify(.) by extension 'ignore_ament_install'
[1.231s] Level 1:colcon.colcon_core.package_identification:_identify(.) by extensions ['colcon_pkg']
[1.231s] Level 1:colcon.colcon_core.package_identification:_identify(.) by extension 'colcon_pkg'
[1.231s] Level 1:colcon.colcon_core.package_identification:_identify(.) by extensions ['colcon_meta']
[1.231s] Level 1:colcon.colcon_core.package_identification:_identify(.) by extension 'colcon_meta'
[1.231s] Level 1:colcon.colcon_core.package_identification:_identify(.) by extensions ['ros']
[1.231s] Level 1:colcon.colcon_core.package_identification:_identify(.) by extension 'ros'
[1.245s] Level 1:colcon.colcon_core.package_identification:_identify(.) by extensions ['cmake', 'python']
[1.246s] Level 1:colcon.colcon_core.package_identification:_identify(.) by extension 'cmake'
[1.246s] Level 1:colcon.colcon_core.package_identification:_identify(.) by extension 'python'
[1.246s] Level 1:colcon.colcon_core.package_identification:_identify(.) by extensions ['python_setup_py']
[1.246s] Level 1:colcon.colcon_core.package_identification:_identify(.) by extension 'python_setup_py'
[1.246s] Level 1:colcon.colcon_core.package_identification:_identify(build) by extensions ['ignore', 'ignore_ament_install']
[1.246s] Level 1:colcon.colcon_core.package_identification:_identify(build) by extension 'ignore'
[1.246s] Level 1:colcon.colcon_core.package_identification:_identify(build) ignored
[1.247s] Level 1:colcon.colcon_core.package_identification:_identify(install) by extensions ['ignore', 'ignore_ament_install']
[1.247s] Level 1:colcon.colcon_core.package_identification:_identify(install) by extension 'ignore'
[1.247s] Level 1:colcon.colcon_core.package_identification:_identify(install) ignored
[1.247s] Level 1:colcon.colcon_core.package_identification:_identify(log) by extensions ['ignore', 'ignore_ament_install']
[1.247s] Level 1:colcon.colcon_core.package_identification:_identify(log) by extension 'ignore'
[1.247s] Level 1:colcon.colcon_core.package_identification:_identify(log) ignored
[1.247s] Level 1:colcon.colcon_core.package_identification:_identify(src) by extensions ['ignore', 'ignore_ament_install']
[1.247s] Level 1:colcon.colcon_core.package_identification:_identify(src) by extension 'ignore'
[1.247s] Level 1:colcon.colcon_core.package_identification:_identify(src) by extension 'ignore_ament_install'
[1.247s] Level 1:colcon.colcon_core.package_identification:_identify(src) by extensions ['colcon_pkg']
[1.248s] Level 1:colcon.colcon_core.package_identification:_identify(src) by extension 'colcon_pkg'
[1.248s] Level 1:colcon.colcon_core.package_identification:_identify(src) by extensions ['colcon_meta']
[1.248s] Level 1:colcon.colcon_core.package_identification:_identify(src) by extension 'colcon_meta'
[1.248s] Level 1:colcon.colcon_core.package_identification:_identify(src) by extensions ['ros']
[1.248s] Level 1:colcon.colcon_core.package_identification:_identify(src) by extension 'ros'
[1.248s] Level 1:colcon.colcon_core.package_identification:_identify(src) by extensions ['cmake', 'python']
[1.248s] Level 1:colcon.colcon_core.package_identification:_identify(src) by extension 'cmake'
[1.248s] Level 1:colcon.colcon_core.package_identification:_identify(src) by extension 'python'
[1.248s] Level 1:colcon.colcon_core.package_identification:_identify(src) by extensions ['python_setup_py']
[1.248s] Level 1:colcon.colcon_core.package_identification:_identify(src) by extension 'python_setup_py'
[1.248s] Level 1:colcon.colcon_core.package_identification:_identify(src/dis_tutorial3) by extensions ['ignore', 'ignore_ament_install']
[1.248s] Level 1:colcon.colcon_core.package_identification:_identify(src/dis_tutorial3) by extension 'ignore'
[1.248s] Level 1:colcon.colcon_core.package_identification:_identify(src/dis_tutorial3) by extension 'ignore_ament_install'
[1.248s] Level 1:colcon.colcon_core.package_identification:_identify(src/dis_tutorial3) by extensions ['colcon_pkg']
[1.248s] Level 1:colcon.colcon_core.package_identification:_identify(src/dis_tutorial3) by extension 'colcon_pkg'
[1.248s] Level 1:colcon.colcon_core.package_identification:_identify(src/dis_tutorial3) by extensions ['colcon_meta']
[1.248s] Level 1:colcon.colcon_core.package_identification:_identify(src/dis_tutorial3) by extension 'colcon_meta'
[1.248s] Level 1:colcon.colcon_core.package_identification:_identify(src/dis_tutorial3) by extensions ['ros']
[1.248s] Level 1:colcon.colcon_core.package_identification:_identify(src/dis_tutorial3) by extension 'ros'
[1.252s] DEBUG:colcon.colcon_core.package_identification:Package 'src/dis_tutorial3' with type 'ros.ament_cmake' and name 'dis_tutorial3'
[1.252s] Level 1:colcon.colcon_core.package_identification:_identify(src/dis_tutorial4) by extensions ['ignore', 'ignore_ament_install']
[1.253s] Level 1:colcon.colcon_core.package_identification:_identify(src/dis_tutorial4) by extension 'ignore'
[1.253s] Level 1:colcon.colcon_core.package_identification:_identify(src/dis_tutorial4) by extension 'ignore_ament_install'
[1.253s] Level 1:colcon.colcon_core.package_identification:_identify(src/dis_tutorial4) by extensions ['colcon_pkg']
[1.253s] Level 1:colcon.colcon_core.package_identification:_identify(src/dis_tutorial4) by extension 'colcon_pkg'
[1.253s] Level 1:colcon.colcon_core.package_identification:_identify(src/dis_tutorial4) by extensions ['colcon_meta']
[1.253s] Level 1:colcon.colcon_core.package_identification:_identify(src/dis_tutorial4) by extension 'colcon_meta'
[1.253s] Level 1:colcon.colcon_core.package_identification:_identify(src/dis_tutorial4) by extensions ['ros']
[1.253s] Level 1:colcon.colcon_core.package_identification:_identify(src/dis_tutorial4) by extension 'ros'
[1.254s] DEBUG:colcon.colcon_core.package_identification:Package 'src/dis_tutorial4' with type 'ros.ament_cmake' and name 'dis_tutorial4'
[1.254s] Level 1:colcon.colcon_core.package_identification:_identify(src/dis_tutorial7) by extensions ['ignore', 'ignore_ament_install']
[1.254s] Level 1:colcon.colcon_core.package_identification:_identify(src/dis_tutorial7) by extension 'ignore'
[1.254s] Level 1:colcon.colcon_core.package_identification:_identify(src/dis_tutorial7) by extension 'ignore_ament_install'
[1.254s] Level 1:colcon.colcon_core.package_identification:_identify(src/dis_tutorial7) by extensions ['colcon_pkg']
[1.254s] Level 1:colcon.colcon_core.package_identification:_identify(src/dis_tutorial7) by extension 'colcon_pkg'
[1.254s] Level 1:colcon.colcon_core.package_identification:_identify(src/dis_tutorial7) by extensions ['colcon_meta']
[1.254s] Level 1:colcon.colcon_core.package_identification:_identify(src/dis_tutorial7) by extension 'colcon_meta'
[1.254s] Level 1:colcon.colcon_core.package_identification:_identify(src/dis_tutorial7) by extensions ['ros']
[1.254s] Level 1:colcon.colcon_core.package_identification:_identify(src/dis_tutorial7) by extension 'ros'
[1.255s] DEBUG:colcon.colcon_core.package_identification:Package 'src/dis_tutorial7' with type 'ros.ament_cmake' and name 'dis_tutorial7'
[1.255s] Level 1:colcon.colcon_core.package_discovery:discover_packages(recursive) using defaults
[1.255s] Level 1:colcon.colcon_core.package_discovery:discover_packages(ignore) discover
[1.255s] Level 1:colcon.colcon_core.package_discovery:discover_packages(ignore) using defaults
[1.255s] Level 1:colcon.colcon_core.package_discovery:discover_packages(path) discover
[1.255s] Level 1:colcon.colcon_core.package_discovery:discover_packages(path) using defaults
[1.375s] Level 1:colcon.colcon_core.package_discovery:discover_packages(prefix_path) check parameters
[1.375s] Level 1:colcon.colcon_core.package_discovery:discover_packages(prefix_path) discover
[1.414s] DEBUG:colcon.colcon_installed_package_information.package_discovery:Found 2 installed packages in /home/mu/colcon_ws/install
[1.461s] DEBUG:colcon.colcon_installed_package_information.package_discovery:Found 411 installed packages in /opt/ros/humble
[1.463s] Level 1:colcon.colcon_core.package_discovery:discover_packages(prefix_path) using defaults
[1.600s] Level 5:colcon.colcon_core.verb:set package 'dis_tutorial3' build argument 'cmake_args' from command line to 'None'
[1.601s] Level 5:colcon.colcon_core.verb:set package 'dis_tutorial3' build argument 'cmake_target' from command line to 'None'
[1.601s] Level 5:colcon.colcon_core.verb:set package 'dis_tutorial3' build argument 'cmake_target_skip_unavailable' from command line to 'False'
[1.601s] Level 5:colcon.colcon_core.verb:set package 'dis_tutorial3' build argument 'cmake_clean_cache' from command line to 'False'
[1.601s] Level 5:colcon.colcon_core.verb:set package 'dis_tutorial3' build argument 'cmake_clean_first' from command line to 'False'
[1.601s] Level 5:colcon.colcon_core.verb:set package 'dis_tutorial3' build argument 'cmake_force_configure' from command line to 'False'
[1.601s] Level 5:colcon.colcon_core.verb:set package 'dis_tutorial3' build argument 'ament_cmake_args' from command line to 'None'
[1.601s] Level 5:colcon.colcon_core.verb:set package 'dis_tutorial3' build argument 'catkin_cmake_args' from command line to 'None'
[1.601s] Level 5:colcon.colcon_core.verb:set package 'dis_tutorial3' build argument 'catkin_skip_building_tests' from command line to 'False'
[1.601s] DEBUG:colcon.colcon_core.verb:Building package 'dis_tutorial3' with the following arguments: {'ament_cmake_args': None, 'build_base': '/home/mu/Documents/RINS/project/RINSproject/build/dis_tutorial3', 'catkin_cmake_args': None, 'catkin_skip_building_tests': False, 'cmake_args': None, 'cmake_clean_cache': False, 'cmake_clean_first': False, 'cmake_force_configure': False, 'cmake_target': None, 'cmake_target_skip_unavailable': False, 'install_base': '/home/mu/Documents/RINS/project/RINSproject/install/dis_tutorial3', 'merge_install': False, 'path': '/home/mu/Documents/RINS/project/RINSproject/src/dis_tutorial3', 'symlink_install': False, 'test_result_base': None}
[1.621s] Level 5:colcon.colcon_core.verb:set package 'dis_tutorial4' build argument 'cmake_args' from command line to 'None'
[1.621s] Level 5:colcon.colcon_core.verb:set package 'dis_tutorial4' build argument 'cmake_target' from command line to 'None'
[1.621s] Level 5:colcon.colcon_core.verb:set package 'dis_tutorial4' build argument 'cmake_target_skip_unavailable' from command line to 'False'
[1.622s] Level 5:colcon.colcon_core.verb:set package 'dis_tutorial4' build argument 'cmake_clean_cache' from command line to 'False'
[1.622s] Level 5:colcon.colcon_core.verb:set package 'dis_tutorial4' build argument 'cmake_clean_first' from command line to 'False'
[1.622s] Level 5:colcon.colcon_core.verb:set package 'dis_tutorial4' build argument 'cmake_force_configure' from command line to 'False'
[1.622s] Level 5:colcon.colcon_core.verb:set package 'dis_tutorial4' build argument 'ament_cmake_args' from command line to 'None'
[1.622s] Level 5:colcon.colcon_core.verb:set package 'dis_tutorial4' build argument 'catkin_cmake_args' from command line to 'None'
[1.622s] Level 5:colcon.colcon_core.verb:set package 'dis_tutorial4' build argument 'catkin_skip_building_tests' from command line to 'False'
[1.622s] DEBUG:colcon.colcon_core.verb:Building package 'dis_tutorial4' with the following arguments: {'ament_cmake_args': None, 'build_base': '/home/mu/Documents/RINS/project/RINSproject/build/dis_tutorial4', 'catkin_cmake_args': None, 'catkin_skip_building_tests': False, 'cmake_args': None, 'cmake_clean_cache': False, 'cmake_clean_first': False, 'cmake_force_configure': False, 'cmake_target': None, 'cmake_target_skip_unavailable': False, 'install_base': '/home/mu/Documents/RINS/project/RINSproject/install/dis_tutorial4', 'merge_install': False, 'path': '/home/mu/Documents/RINS/project/RINSproject/src/dis_tutorial4', 'symlink_install': False, 'test_result_base': None}
[1.643s] Level 5:colcon.colcon_core.verb:set package 'dis_tutorial7' build argument 'cmake_args' from command line to 'None'
[1.643s] Level 5:colcon.colcon_core.verb:set package 'dis_tutorial7' build argument 'cmake_target' from command line to 'None'
[1.643s] Level 5:colcon.colcon_core.verb:set package 'dis_tutorial7' build argument 'cmake_target_skip_unavailable' from command line to 'False'
[1.643s] Level 5:colcon.colcon_core.verb:set package 'dis_tutorial7' build argument 'cmake_clean_cache' from command line to 'False'
[1.643s] Level 5:colcon.colcon_core.verb:set package 'dis_tutorial7' build argument 'cmake_clean_first' from command line to 'False'
[1.643s] Level 5:colcon.colcon_core.verb:set package 'dis_tutorial7' build argument 'cmake_force_configure' from command line to 'False'
[1.643s] Level 5:colcon.colcon_core.verb:set package 'dis_tutorial7' build argument 'ament_cmake_args' from command line to 'None'
[1.643s] Level 5:colcon.colcon_core.verb:set package 'dis_tutorial7' build argument 'catkin_cmake_args' from command line to 'None'
[1.643s] Level 5:colcon.colcon_core.verb:set package 'dis_tutorial7' build argument 'catkin_skip_building_tests' from command line to 'False'
[1.643s] DEBUG:colcon.colcon_core.verb:Building package 'dis_tutorial7' with the following arguments: {'ament_cmake_args': None, 'build_base': '/home/mu/Documents/RINS/project/RINSproject/build/dis_tutorial7', 'catkin_cmake_args': None, 'catkin_skip_building_tests': False, 'cmake_args': None, 'cmake_clean_cache': False, 'cmake_clean_first': False, 'cmake_force_configure': False, 'cmake_target': None, 'cmake_target_skip_unavailable': False, 'install_base': '/home/mu/Documents/RINS/project/RINSproject/install/dis_tutorial7', 'merge_install': False, 'path': '/home/mu/Documents/RINS/project/RINSproject/src/dis_tutorial7', 'symlink_install': False, 'test_result_base': None}
[1.662s] INFO:colcon.colcon_core.executor:Executing jobs using 'parallel' executor
[1.682s] DEBUG:colcon.colcon_parallel_executor.executor.parallel:run_until_complete
[1.682s] INFO:colcon.colcon_ros.task.ament_cmake.build:Building ROS package in '/home/mu/Documents/RINS/project/RINSproject/src/dis_tutorial3' with build type 'ament_cmake'
[1.683s] INFO:colcon.colcon_cmake.task.cmake.build:Building CMake package in '/home/mu/Documents/RINS/project/RINSproject/src/dis_tutorial3'
[1.703s] INFO:colcon.colcon_core.plugin_system:Skipping extension 'colcon_core.shell.bat': Not used on non-Windows systems
[1.704s] INFO:colcon.colcon_core.shell:Skip shell extension 'powershell' for command environment: Not usable outside of PowerShell
[1.704s] DEBUG:colcon.colcon_core.shell:Skip shell extension 'dsv' for command environment
[1.767s] INFO:colcon.colcon_ros.task.ament_cmake.build:Building ROS package in '/home/mu/Documents/RINS/project/RINSproject/src/dis_tutorial4' with build type 'ament_cmake'
[1.767s] INFO:colcon.colcon_cmake.task.cmake.build:Building CMake package in '/home/mu/Documents/RINS/project/RINSproject/src/dis_tutorial4'
[1.788s] INFO:colcon.colcon_core.shell:Skip shell extension 'powershell' for command environment: Not usable outside of PowerShell
[1.788s] DEBUG:colcon.colcon_core.shell:Skip shell extension 'dsv' for command environment
[1.854s] INFO:colcon.colcon_ros.task.ament_cmake.build:Building ROS package in '/home/mu/Documents/RINS/project/RINSproject/src/dis_tutorial7' with build type 'ament_cmake'
[1.854s] INFO:colcon.colcon_cmake.task.cmake.build:Building CMake package in '/home/mu/Documents/RINS/project/RINSproject/src/dis_tutorial7'
[1.875s] INFO:colcon.colcon_core.shell:Skip shell extension 'powershell' for command environment: Not usable outside of PowerShell
[1.875s] DEBUG:colcon.colcon_core.shell:Skip shell extension 'dsv' for command environment
[1.947s] DEBUG:colcon.colcon_core.event_handler.log_command:Invoking command in '/home/mu/Documents/RINS/project/RINSproject/build/dis_tutorial3': CMAKE_PREFIX_PATH=${CMAKE_PREFIX_PATH}:/opt/ros/humble /usr/bin/cmake --build /home/mu/Documents/RINS/project/RINSproject/build/dis_tutorial3 -- -j16 -l16
[1.950s] DEBUG:colcon.colcon_core.event_handler.log_command:Invoking command in '/home/mu/Documents/RINS/project/RINSproject/build/dis_tutorial4': CMAKE_PREFIX_PATH=${CMAKE_PREFIX_PATH}:/opt/ros/humble /usr/bin/cmake --build /home/mu/Documents/RINS/project/RINSproject/build/dis_tutorial4 -- -j16 -l16
[1.955s] DEBUG:colcon.colcon_core.event_handler.log_command:Invoking command in '/home/mu/Documents/RINS/project/RINSproject/build/dis_tutorial7': CMAKE_PREFIX_PATH=${CMAKE_PREFIX_PATH}:/opt/ros/humble /usr/bin/cmake --build /home/mu/Documents/RINS/project/RINSproject/build/dis_tutorial7 -- -j16 -l16
[2.001s] DEBUG:colcon.colcon_core.event_handler.log_command:Invoked command in '/home/mu/Documents/RINS/project/RINSproject/build/dis_tutorial3' returned '0': CMAKE_PREFIX_PATH=${CMAKE_PREFIX_PATH}:/opt/ros/humble /usr/bin/cmake --build /home/mu/Documents/RINS/project/RINSproject/build/dis_tutorial3 -- -j16 -l16
[2.006s] DEBUG:colcon.colcon_core.event_handler.log_command:Invoked command in '/home/mu/Documents/RINS/project/RINSproject/build/dis_tutorial4' returned '0': CMAKE_PREFIX_PATH=${CMAKE_PREFIX_PATH}:/opt/ros/humble /usr/bin/cmake --build /home/mu/Documents/RINS/project/RINSproject/build/dis_tutorial4 -- -j16 -l16
[2.019s] DEBUG:colcon.colcon_core.event_handler.log_command:Invoked command in '/home/mu/Documents/RINS/project/RINSproject/build/dis_tutorial7' returned '0': CMAKE_PREFIX_PATH=${CMAKE_PREFIX_PATH}:/opt/ros/humble /usr/bin/cmake --build /home/mu/Documents/RINS/project/RINSproject/build/dis_tutorial7 -- -j16 -l16
[2.045s] DEBUG:colcon.colcon_core.event_handler.log_command:Invoking command in '/home/mu/Documents/RINS/project/RINSproject/build/dis_tutorial3': CMAKE_PREFIX_PATH=${CMAKE_PREFIX_PATH}:/opt/ros/humble /usr/bin/cmake --install /home/mu/Documents/RINS/project/RINSproject/build/dis_tutorial3
[2.049s] DEBUG:colcon.colcon_core.event_handler.log_command:Invoking command in '/home/mu/Documents/RINS/project/RINSproject/build/dis_tutorial4': CMAKE_PREFIX_PATH=${CMAKE_PREFIX_PATH}:/opt/ros/humble /usr/bin/cmake --install /home/mu/Documents/RINS/project/RINSproject/build/dis_tutorial4
[2.051s] DEBUG:colcon.colcon_core.event_handler.log_command:Invoking command in '/home/mu/Documents/RINS/project/RINSproject/build/dis_tutorial7': CMAKE_PREFIX_PATH=${CMAKE_PREFIX_PATH}:/opt/ros/humble /usr/bin/cmake --install /home/mu/Documents/RINS/project/RINSproject/build/dis_tutorial7
[2.065s] Level 1:colcon.colcon_core.environment:create_environment_scripts_only(dis_tutorial4)
[2.082s] DEBUG:colcon.colcon_core.event_handler.log_command:Invoked command in '/home/mu/Documents/RINS/project/RINSproject/build/dis_tutorial4' returned '0': CMAKE_PREFIX_PATH=${CMAKE_PREFIX_PATH}:/opt/ros/humble /usr/bin/cmake --install /home/mu/Documents/RINS/project/RINSproject/build/dis_tutorial4
[2.100s] Level 1:colcon.colcon_core.environment:checking '/home/mu/Documents/RINS/project/RINSproject/install/dis_tutorial4' for CMake module files
[2.101s] Level 1:colcon.colcon_core.environment:checking '/home/mu/Documents/RINS/project/RINSproject/install/dis_tutorial4' for CMake config files
[2.101s] Level 1:colcon.colcon_core.shell:create_environment_hook('dis_tutorial4', 'cmake_prefix_path')
[2.122s] INFO:colcon.colcon_core.shell:Creating environment hook '/home/mu/Documents/RINS/project/RINSproject/install/dis_tutorial4/share/dis_tutorial4/hook/cmake_prefix_path.ps1'
[2.123s] INFO:colcon.colcon_core.shell:Creating environment descriptor '/home/mu/Documents/RINS/project/RINSproject/install/dis_tutorial4/share/dis_tutorial4/hook/cmake_prefix_path.dsv'
[2.123s] INFO:colcon.colcon_core.shell:Creating environment hook '/home/mu/Documents/RINS/project/RINSproject/install/dis_tutorial4/share/dis_tutorial4/hook/cmake_prefix_path.sh'
[2.125s] Level 1:colcon.colcon_core.environment:checking '/home/mu/Documents/RINS/project/RINSproject/install/dis_tutorial4/lib'
[2.125s] Level 1:colcon.colcon_core.environment:checking '/home/mu/Documents/RINS/project/RINSproject/install/dis_tutorial4/bin'
[2.125s] Level 1:colcon.colcon_core.environment:checking '/home/mu/Documents/RINS/project/RINSproject/install/dis_tutorial4/lib/pkgconfig/dis_tutorial4.pc'
[2.125s] Level 1:colcon.colcon_core.environment:checking '/home/mu/Documents/RINS/project/RINSproject/install/dis_tutorial4/lib/python3.10/site-packages'
[2.126s] Level 1:colcon.colcon_core.environment:checking '/home/mu/Documents/RINS/project/RINSproject/install/dis_tutorial4/bin'
[2.146s] INFO:colcon.colcon_core.shell:Creating package script '/home/mu/Documents/RINS/project/RINSproject/install/dis_tutorial4/share/dis_tutorial4/package.ps1'
[2.147s] INFO:colcon.colcon_core.shell:Creating package descriptor '/home/mu/Documents/RINS/project/RINSproject/install/dis_tutorial4/share/dis_tutorial4/package.dsv'
[2.148s] INFO:colcon.colcon_core.shell:Creating package script '/home/mu/Documents/RINS/project/RINSproject/install/dis_tutorial4/share/dis_tutorial4/package.sh'
[2.148s] INFO:colcon.colcon_core.shell:Creating package script '/home/mu/Documents/RINS/project/RINSproject/install/dis_tutorial4/share/dis_tutorial4/package.bash'
[2.149s] INFO:colcon.colcon_core.shell:Creating package script '/home/mu/Documents/RINS/project/RINSproject/install/dis_tutorial4/share/dis_tutorial4/package.zsh'
[2.149s] Level 1:colcon.colcon_core.environment:create_file_with_runtime_dependencies(/home/mu/Documents/RINS/project/RINSproject/install/dis_tutorial4/share/colcon-core/packages/dis_tutorial4)
[2.151s] Level 1:colcon.colcon_core.environment:create_environment_scripts_only(dis_tutorial3)
[2.152s] DEBUG:colcon.colcon_core.event_handler.log_command:Invoked command in '/home/mu/Documents/RINS/project/RINSproject/build/dis_tutorial3' returned '0': CMAKE_PREFIX_PATH=${CMAKE_PREFIX_PATH}:/opt/ros/humble /usr/bin/cmake --install /home/mu/Documents/RINS/project/RINSproject/build/dis_tutorial3
[2.173s] Level 1:colcon.colcon_core.environment:checking '/home/mu/Documents/RINS/project/RINSproject/install/dis_tutorial3' for CMake module files
[2.174s] Level 1:colcon.colcon_core.environment:checking '/home/mu/Documents/RINS/project/RINSproject/install/dis_tutorial3' for CMake config files
[2.174s] Level 1:colcon.colcon_core.shell:create_environment_hook('dis_tutorial3', 'cmake_prefix_path')
[2.195s] INFO:colcon.colcon_core.shell:Creating environment hook '/home/mu/Documents/RINS/project/RINSproject/install/dis_tutorial3/share/dis_tutorial3/hook/cmake_prefix_path.ps1'
[2.196s] INFO:colcon.colcon_core.shell:Creating environment descriptor '/home/mu/Documents/RINS/project/RINSproject/install/dis_tutorial3/share/dis_tutorial3/hook/cmake_prefix_path.dsv'
[2.196s] INFO:colcon.colcon_core.shell:Creating environment hook '/home/mu/Documents/RINS/project/RINSproject/install/dis_tutorial3/share/dis_tutorial3/hook/cmake_prefix_path.sh'
[2.197s] Level 1:colcon.colcon_core.environment:checking '/home/mu/Documents/RINS/project/RINSproject/install/dis_tutorial3/lib'
[2.197s] Level 1:colcon.colcon_core.environment:checking '/home/mu/Documents/RINS/project/RINSproject/install/dis_tutorial3/bin'
[2.197s] Level 1:colcon.colcon_core.environment:checking '/home/mu/Documents/RINS/project/RINSproject/install/dis_tutorial3/lib/pkgconfig/dis_tutorial3.pc'
[2.197s] Level 1:colcon.colcon_core.environment:checking '/home/mu/Documents/RINS/project/RINSproject/install/dis_tutorial3/lib/python3.10/site-packages'
[2.197s] Level 1:colcon.colcon_core.environment:checking '/home/mu/Documents/RINS/project/RINSproject/install/dis_tutorial3/bin'
[2.218s] INFO:colcon.colcon_core.shell:Creating package script '/home/mu/Documents/RINS/project/RINSproject/install/dis_tutorial3/share/dis_tutorial3/package.ps1'
[2.219s] INFO:colcon.colcon_core.shell:Creating package descriptor '/home/mu/Documents/RINS/project/RINSproject/install/dis_tutorial3/share/dis_tutorial3/package.dsv'
[2.219s] INFO:colcon.colcon_core.shell:Creating package script '/home/mu/Documents/RINS/project/RINSproject/install/dis_tutorial3/share/dis_tutorial3/package.sh'
[2.219s] INFO:colcon.colcon_core.shell:Creating package script '/home/mu/Documents/RINS/project/RINSproject/install/dis_tutorial3/share/dis_tutorial3/package.bash'
[2.220s] INFO:colcon.colcon_core.shell:Creating package script '/home/mu/Documents/RINS/project/RINSproject/install/dis_tutorial3/share/dis_tutorial3/package.zsh'
[2.220s] Level 1:colcon.colcon_core.environment:create_file_with_runtime_dependencies(/home/mu/Documents/RINS/project/RINSproject/install/dis_tutorial3/share/colcon-core/packages/dis_tutorial3)
[2.222s] Level 1:colcon.colcon_core.environment:create_environment_scripts_only(dis_tutorial7)
[2.223s] DEBUG:colcon.colcon_core.event_handler.log_command:Invoked command in '/home/mu/Documents/RINS/project/RINSproject/build/dis_tutorial7' returned '0': CMAKE_PREFIX_PATH=${CMAKE_PREFIX_PATH}:/opt/ros/humble /usr/bin/cmake --install /home/mu/Documents/RINS/project/RINSproject/build/dis_tutorial7
[2.248s] Level 1:colcon.colcon_core.environment:checking '/home/mu/Documents/RINS/project/RINSproject/install/dis_tutorial7' for CMake module files
[2.249s] Level 1:colcon.colcon_core.environment:checking '/home/mu/Documents/RINS/project/RINSproject/install/dis_tutorial7' for CMake config files
[2.249s] Level 1:colcon.colcon_core.shell:create_environment_hook('dis_tutorial7', 'cmake_prefix_path')
[2.268s] INFO:colcon.colcon_core.shell:Creating environment hook '/home/mu/Documents/RINS/project/RINSproject/install/dis_tutorial7/share/dis_tutorial7/hook/cmake_prefix_path.ps1'
[2.268s] INFO:colcon.colcon_core.shell:Creating environment descriptor '/home/mu/Documents/RINS/project/RINSproject/install/dis_tutorial7/share/dis_tutorial7/hook/cmake_prefix_path.dsv'
[2.269s] INFO:colcon.colcon_core.shell:Creating environment hook '/home/mu/Documents/RINS/project/RINSproject/install/dis_tutorial7/share/dis_tutorial7/hook/cmake_prefix_path.sh'
[2.269s] Level 1:colcon.colcon_core.environment:checking '/home/mu/Documents/RINS/project/RINSproject/install/dis_tutorial7/lib'
[2.269s] Level 1:colcon.colcon_core.environment:checking '/home/mu/Documents/RINS/project/RINSproject/install/dis_tutorial7/bin'
[2.269s] Level 1:colcon.colcon_core.environment:checking '/home/mu/Documents/RINS/project/RINSproject/install/dis_tutorial7/lib/pkgconfig/dis_tutorial7.pc'
[2.269s] Level 1:colcon.colcon_core.environment:checking '/home/mu/Documents/RINS/project/RINSproject/install/dis_tutorial7/lib/python3.10/site-packages'
[2.270s] Level 1:colcon.colcon_core.environment:checking '/home/mu/Documents/RINS/project/RINSproject/install/dis_tutorial7/bin'
[2.290s] INFO:colcon.colcon_core.shell:Creating package script '/home/mu/Documents/RINS/project/RINSproject/install/dis_tutorial7/share/dis_tutorial7/package.ps1'
[2.291s] INFO:colcon.colcon_core.shell:Creating package descriptor '/home/mu/Documents/RINS/project/RINSproject/install/dis_tutorial7/share/dis_tutorial7/package.dsv'
[2.291s] INFO:colcon.colcon_core.shell:Creating package script '/home/mu/Documents/RINS/project/RINSproject/install/dis_tutorial7/share/dis_tutorial7/package.sh'
[2.292s] INFO:colcon.colcon_core.shell:Creating package script '/home/mu/Documents/RINS/project/RINSproject/install/dis_tutorial7/share/dis_tutorial7/package.bash'
[2.292s] INFO:colcon.colcon_core.shell:Creating package script '/home/mu/Documents/RINS/project/RINSproject/install/dis_tutorial7/share/dis_tutorial7/package.zsh'
[2.292s] Level 1:colcon.colcon_core.environment:create_file_with_runtime_dependencies(/home/mu/Documents/RINS/project/RINSproject/install/dis_tutorial7/share/colcon-core/packages/dis_tutorial7)
[2.313s] Level 1:colcon.colcon_core.environment:create_environment_scripts_only(dis_tutorial4)
[2.333s] Level 1:colcon.colcon_core.environment:checking '/home/mu/Documents/RINS/project/RINSproject/install/dis_tutorial4' for CMake module files
[2.333s] Level 1:colcon.colcon_core.environment:checking '/home/mu/Documents/RINS/project/RINSproject/install/dis_tutorial4' for CMake config files
[2.334s] Level 1:colcon.colcon_core.shell:create_environment_hook('dis_tutorial4', 'cmake_prefix_path')
[2.352s] INFO:colcon.colcon_core.shell:Creating environment hook '/home/mu/Documents/RINS/project/RINSproject/install/dis_tutorial4/share/dis_tutorial4/hook/cmake_prefix_path.ps1'
[2.353s] INFO:colcon.colcon_core.shell:Creating environment descriptor '/home/mu/Documents/RINS/project/RINSproject/install/dis_tutorial4/share/dis_tutorial4/hook/cmake_prefix_path.dsv'
[2.353s] INFO:colcon.colcon_core.shell:Creating environment hook '/home/mu/Documents/RINS/project/RINSproject/install/dis_tutorial4/share/dis_tutorial4/hook/cmake_prefix_path.sh'
[2.354s] Level 1:colcon.colcon_core.environment:checking '/home/mu/Documents/RINS/project/RINSproject/install/dis_tutorial4/lib'
[2.354s] Level 1:colcon.colcon_core.environment:checking '/home/mu/Documents/RINS/project/RINSproject/install/dis_tutorial4/bin'
[2.354s] Level 1:colcon.colcon_core.environment:checking '/home/mu/Documents/RINS/project/RINSproject/install/dis_tutorial4/lib/pkgconfig/dis_tutorial4.pc'
[2.354s] Level 1:colcon.colcon_core.environment:checking '/home/mu/Documents/RINS/project/RINSproject/install/dis_tutorial4/lib/python3.10/site-packages'
[2.355s] Level 1:colcon.colcon_core.environment:checking '/home/mu/Documents/RINS/project/RINSproject/install/dis_tutorial4/bin'
[2.377s] INFO:colcon.colcon_core.shell:Creating package script '/home/mu/Documents/RINS/project/RINSproject/install/dis_tutorial4/share/dis_tutorial4/package.ps1'
[2.377s] INFO:colcon.colcon_core.shell:Creating package descriptor '/home/mu/Documents/RINS/project/RINSproject/install/dis_tutorial4/share/dis_tutorial4/package.dsv'
[2.378s] INFO:colcon.colcon_core.shell:Creating package script '/home/mu/Documents/RINS/project/RINSproject/install/dis_tutorial4/share/dis_tutorial4/package.sh'
[2.378s] INFO:colcon.colcon_core.shell:Creating package script '/home/mu/Documents/RINS/project/RINSproject/install/dis_tutorial4/share/dis_tutorial4/package.bash'
[2.379s] INFO:colcon.colcon_core.shell:Creating package script '/home/mu/Documents/RINS/project/RINSproject/install/dis_tutorial4/share/dis_tutorial4/package.zsh'
[2.379s] Level 1:colcon.colcon_core.environment:create_file_with_runtime_dependencies(/home/mu/Documents/RINS/project/RINSproject/install/dis_tutorial4/share/colcon-core/packages/dis_tutorial4)
[2.405s] Level 1:colcon.colcon_core.environment:create_environment_scripts_only(dis_tutorial3)
[2.427s] Level 1:colcon.colcon_core.environment:checking '/home/mu/Documents/RINS/project/RINSproject/install/dis_tutorial3' for CMake module files
[2.428s] Level 1:colcon.colcon_core.environment:checking '/home/mu/Documents/RINS/project/RINSproject/install/dis_tutorial3' for CMake config files
[2.429s] Level 1:colcon.colcon_core.shell:create_environment_hook('dis_tutorial3', 'cmake_prefix_path')
[2.448s] INFO:colcon.colcon_core.shell:Creating environment hook '/home/mu/Documents/RINS/project/RINSproject/install/dis_tutorial3/share/dis_tutorial3/hook/cmake_prefix_path.ps1'
[2.448s] INFO:colcon.colcon_core.shell:Creating environment descriptor '/home/mu/Documents/RINS/project/RINSproject/install/dis_tutorial3/share/dis_tutorial3/hook/cmake_prefix_path.dsv'
[2.449s] INFO:colcon.colcon_core.shell:Creating environment hook '/home/mu/Documents/RINS/project/RINSproject/install/dis_tutorial3/share/dis_tutorial3/hook/cmake_prefix_path.sh'
[2.449s] Level 1:colcon.colcon_core.environment:checking '/home/mu/Documents/RINS/project/RINSproject/install/dis_tutorial3/lib'
[2.449s] Level 1:colcon.colcon_core.environment:checking '/home/mu/Documents/RINS/project/RINSproject/install/dis_tutorial3/bin'
[2.449s] Level 1:colcon.colcon_core.environment:checking '/home/mu/Documents/RINS/project/RINSproject/install/dis_tutorial3/lib/pkgconfig/dis_tutorial3.pc'
[2.450s] Level 1:colcon.colcon_core.environment:checking '/home/mu/Documents/RINS/project/RINSproject/install/dis_tutorial3/lib/python3.10/site-packages'
[2.450s] Level 1:colcon.colcon_core.environment:checking '/home/mu/Documents/RINS/project/RINSproject/install/dis_tutorial3/bin'
[2.473s] INFO:colcon.colcon_core.shell:Creating package script '/home/mu/Documents/RINS/project/RINSproject/install/dis_tutorial3/share/dis_tutorial3/package.ps1'
[2.474s] INFO:colcon.colcon_core.shell:Creating package descriptor '/home/mu/Documents/RINS/project/RINSproject/install/dis_tutorial3/share/dis_tutorial3/package.dsv'
[2.475s] INFO:colcon.colcon_core.shell:Creating package script '/home/mu/Documents/RINS/project/RINSproject/install/dis_tutorial3/share/dis_tutorial3/package.sh'
[2.475s] INFO:colcon.colcon_core.shell:Creating package script '/home/mu/Documents/RINS/project/RINSproject/install/dis_tutorial3/share/dis_tutorial3/package.bash'
[2.475s] INFO:colcon.colcon_core.shell:Creating package script '/home/mu/Documents/RINS/project/RINSproject/install/dis_tutorial3/share/dis_tutorial3/package.zsh'
[2.476s] Level 1:colcon.colcon_core.environment:create_file_with_runtime_dependencies(/home/mu/Documents/RINS/project/RINSproject/install/dis_tutorial3/share/colcon-core/packages/dis_tutorial3)
[2.497s] Level 1:colcon.colcon_core.environment:create_environment_scripts_only(dis_tutorial7)
[2.518s] Level 1:colcon.colcon_core.environment:checking '/home/mu/Documents/RINS/project/RINSproject/install/dis_tutorial7' for CMake module files
[2.518s] Level 1:colcon.colcon_core.environment:checking '/home/mu/Documents/RINS/project/RINSproject/install/dis_tutorial7' for CMake config files
[2.519s] Level 1:colcon.colcon_core.shell:create_environment_hook('dis_tutorial7', 'cmake_prefix_path')
[2.539s] INFO:colcon.colcon_core.shell:Creating environment hook '/home/mu/Documents/RINS/project/RINSproject/install/dis_tutorial7/share/dis_tutorial7/hook/cmake_prefix_path.ps1'
[2.540s] INFO:colcon.colcon_core.shell:Creating environment descriptor '/home/mu/Documents/RINS/project/RINSproject/install/dis_tutorial7/share/dis_tutorial7/hook/cmake_prefix_path.dsv'
[2.541s] INFO:colcon.colcon_core.shell:Creating environment hook '/home/mu/Documents/RINS/project/RINSproject/install/dis_tutorial7/share/dis_tutorial7/hook/cmake_prefix_path.sh'
[2.542s] Level 1:colcon.colcon_core.environment:checking '/home/mu/Documents/RINS/project/RINSproject/install/dis_tutorial7/lib'
[2.542s] Level 1:colcon.colcon_core.environment:checking '/home/mu/Documents/RINS/project/RINSproject/install/dis_tutorial7/bin'
[2.542s] Level 1:colcon.colcon_core.environment:checking '/home/mu/Documents/RINS/project/RINSproject/install/dis_tutorial7/lib/pkgconfig/dis_tutorial7.pc'
[2.542s] Level 1:colcon.colcon_core.environment:checking '/home/mu/Documents/RINS/project/RINSproject/install/dis_tutorial7/lib/python3.10/site-packages'
[2.543s] Level 1:colcon.colcon_core.environment:checking '/home/mu/Documents/RINS/project/RINSproject/install/dis_tutorial7/bin'
[2.564s] INFO:colcon.colcon_core.shell:Creating package script '/home/mu/Documents/RINS/project/RINSproject/install/dis_tutorial7/share/dis_tutorial7/package.ps1'
[2.564s] INFO:colcon.colcon_core.shell:Creating package descriptor '/home/mu/Documents/RINS/project/RINSproject/install/dis_tutorial7/share/dis_tutorial7/package.dsv'
[2.565s] INFO:colcon.colcon_core.shell:Creating package script '/home/mu/Documents/RINS/project/RINSproject/install/dis_tutorial7/share/dis_tutorial7/package.sh'
[2.565s] INFO:colcon.colcon_core.shell:Creating package script '/home/mu/Documents/RINS/project/RINSproject/install/dis_tutorial7/share/dis_tutorial7/package.bash'
[2.566s] INFO:colcon.colcon_core.shell:Creating package script '/home/mu/Documents/RINS/project/RINSproject/install/dis_tutorial7/share/dis_tutorial7/package.zsh'
[2.566s] Level 1:colcon.colcon_core.environment:create_file_with_runtime_dependencies(/home/mu/Documents/RINS/project/RINSproject/install/dis_tutorial7/share/colcon-core/packages/dis_tutorial7)
[2.566s] DEBUG:colcon.colcon_parallel_executor.executor.parallel:closing loop
[2.567s] DEBUG:colcon.colcon_parallel_executor.executor.parallel:loop closed
[2.567s] DEBUG:colcon.colcon_parallel_executor.executor.parallel:run_until_complete finished with '0'
[2.567s] DEBUG:colcon.colcon_core.event_reactor:joining thread
[2.595s] INFO:colcon.colcon_core.plugin_system:Skipping extension 'colcon_notification.desktop_notification.notify_send': Could not find 'notify-send'
[2.595s] INFO:colcon.colcon_core.plugin_system:Skipping extension 'colcon_notification.desktop_notification.terminal_notifier': Not used on non-Darwin systems
[2.595s] INFO:colcon.colcon_core.plugin_system:Skipping extension 'colcon_notification.desktop_notification.win32': Not used on non-Windows systems
[2.595s] INFO:colcon.colcon_notification.desktop_notification:Sending desktop notification using 'notify2'
[2.629s] DEBUG:colcon.colcon_core.event_reactor:joined thread
[2.648s] INFO:colcon.colcon_core.shell:Creating prefix script '/home/mu/Documents/RINS/project/RINSproject/install/local_setup.ps1'
[2.649s] INFO:colcon.colcon_core.shell:Creating prefix util module '/home/mu/Documents/RINS/project/RINSproject/install/_local_setup_util_ps1.py'
[2.650s] INFO:colcon.colcon_core.shell:Creating prefix chain script '/home/mu/Documents/RINS/project/RINSproject/install/setup.ps1'
[2.666s] INFO:colcon.colcon_core.shell:Creating prefix script '/home/mu/Documents/RINS/project/RINSproject/install/local_setup.sh'
[2.666s] INFO:colcon.colcon_core.shell:Creating prefix util module '/home/mu/Documents/RINS/project/RINSproject/install/_local_setup_util_sh.py'
[2.667s] INFO:colcon.colcon_core.shell:Creating prefix chain script '/home/mu/Documents/RINS/project/RINSproject/install/setup.sh'
[2.684s] INFO:colcon.colcon_core.shell:Creating prefix script '/home/mu/Documents/RINS/project/RINSproject/install/local_setup.bash'
[2.685s] INFO:colcon.colcon_core.shell:Creating prefix chain script '/home/mu/Documents/RINS/project/RINSproject/install/setup.bash'
[2.704s] INFO:colcon.colcon_core.shell:Creating prefix script '/home/mu/Documents/RINS/project/RINSproject/install/local_setup.zsh'
[2.704s] INFO:colcon.colcon_core.shell:Creating prefix chain script '/home/mu/Documents/RINS/project/RINSproject/install/setup.zsh'
