[1.338s] DEBUG:colcon:Command line arguments: ['/usr/bin/colcon', 'build']
[1.339s] DEBUG:colcon:Parsed command line arguments: Namespace(log_base=None, log_level=None, verb_name='build', build_base='build', install_base='install', merge_install=False, symlink_install=False, test_result_base=None, continue_on_error=False, executor='parallel', parallel_workers=16, event_handlers=None, ignore_user_meta=False, metas=['./colcon.meta'], base_paths=['.'], packages_ignore=None, packages_ignore_regex=None, paths=None, packages_up_to=None, packages_up_to_regex=None, packages_above=None, packages_above_and_dependencies=None, packages_above_depth=None, packages_select_by_dep=None, packages_skip_by_dep=None, packages_skip_up_to=None, packages_select_build_failed=False, packages_skip_build_finished=False, packages_select_test_failures=False, packages_skip_test_passed=False, packages_select=None, packages_skip=None, packages_select_regex=None, packages_skip_regex=None, packages_start=None, packages_end=None, allow_overriding=[], cmake_args=None, cmake_target=None, cmake_target_skip_unavailable=False, cmake_clean_cache=False, cmake_clean_first=False, cmake_force_configure=False, ament_cmake_args=None, catkin_cmake_args=None, catkin_skip_building_tests=False, verb_parser=<colcon_defaults.argument_parser.defaults.DefaultArgumentsDecorator object at 0x7ab394dec430>, verb_extension=<colcon_core.verb.build.BuildVerb object at 0x7ab394deeb60>, main=<bound method BuildVerb.main of <colcon_core.verb.build.BuildVerb object at 0x7ab394deeb60>>)
[1.403s] Level 1:colcon.colcon_core.package_discovery:discover_packages(colcon_meta) check parameters
[1.404s] Level 1:colcon.colcon_core.package_discovery:discover_packages(recursive) check parameters
[1.404s] Level 1:colcon.colcon_core.package_discovery:discover_packages(ignore) check parameters
[1.404s] Level 1:colcon.colcon_core.package_discovery:discover_packages(path) check parameters
[1.404s] Level 1:colcon.colcon_core.package_discovery:discover_packages(colcon_meta) discover
[1.404s] Level 1:colcon.colcon_core.package_discovery:discover_packages(recursive) discover
[1.404s] INFO:colcon.colcon_core.package_discovery:Crawling recursively for packages in '/home/mu/Documents/RINS/project/RINSproject'
[1.404s] Level 1:colcon.colcon_core.package_identification:_identify(.) by extensions ['ignore', 'ignore_ament_install']
[1.404s] Level 1:colcon.colcon_core.package_identification:_identify(.) by extension 'ignore'
[1.404s] Level 1:colcon.colcon_core.package_identification:_identify(.) by extension 'ignore_ament_install'
[1.404s] Level 1:colcon.colcon_core.package_identification:_identify(.) by extensions ['colcon_pkg']
[1.404s] Level 1:colcon.colcon_core.package_identification:_identify(.) by extension 'colcon_pkg'
[1.404s] Level 1:colcon.colcon_core.package_identification:_identify(.) by extensions ['colcon_meta']
[1.404s] Level 1:colcon.colcon_core.package_identification:_identify(.) by extension 'colcon_meta'
[1.404s] Level 1:colcon.colcon_core.package_identification:_identify(.) by extensions ['ros']
[1.404s] Level 1:colcon.colcon_core.package_identification:_identify(.) by extension 'ros'
[1.421s] Level 1:colcon.colcon_core.package_identification:_identify(.) by extensions ['cmake', 'python']
[1.421s] Level 1:colcon.colcon_core.package_identification:_identify(.) by extension 'cmake'
[1.421s] Level 1:colcon.colcon_core.package_identification:_identify(.) by extension 'python'
[1.421s] Level 1:colcon.colcon_core.package_identification:_identify(.) by extensions ['python_setup_py']
[1.421s] Level 1:colcon.colcon_core.package_identification:_identify(.) by extension 'python_setup_py'
[1.421s] Level 1:colcon.colcon_core.package_identification:_identify(build) by extensions ['ignore', 'ignore_ament_install']
[1.421s] Level 1:colcon.colcon_core.package_identification:_identify(build) by extension 'ignore'
[1.421s] Level 1:colcon.colcon_core.package_identification:_identify(build) ignored
[1.421s] Level 1:colcon.colcon_core.package_identification:_identify(install) by extensions ['ignore', 'ignore_ament_install']
[1.422s] Level 1:colcon.colcon_core.package_identification:_identify(install) by extension 'ignore'
[1.422s] Level 1:colcon.colcon_core.package_identification:_identify(install) ignored
[1.422s] Level 1:colcon.colcon_core.package_identification:_identify(log) by extensions ['ignore', 'ignore_ament_install']
[1.422s] Level 1:colcon.colcon_core.package_identification:_identify(log) by extension 'ignore'
[1.422s] Level 1:colcon.colcon_core.package_identification:_identify(log) ignored
[1.422s] Level 1:colcon.colcon_core.package_identification:_identify(src) by extensions ['ignore', 'ignore_ament_install']
[1.422s] Level 1:colcon.colcon_core.package_identification:_identify(src) by extension 'ignore'
[1.422s] Level 1:colcon.colcon_core.package_identification:_identify(src) by extension 'ignore_ament_install'
[1.423s] Level 1:colcon.colcon_core.package_identification:_identify(src) by extensions ['colcon_pkg']
[1.423s] Level 1:colcon.colcon_core.package_identification:_identify(src) by extension 'colcon_pkg'
[1.423s] Level 1:colcon.colcon_core.package_identification:_identify(src) by extensions ['colcon_meta']
[1.423s] Level 1:colcon.colcon_core.package_identification:_identify(src) by extension 'colcon_meta'
[1.423s] Level 1:colcon.colcon_core.package_identification:_identify(src) by extensions ['ros']
[1.423s] Level 1:colcon.colcon_core.package_identification:_identify(src) by extension 'ros'
[1.423s] Level 1:colcon.colcon_core.package_identification:_identify(src) by extensions ['cmake', 'python']
[1.423s] Level 1:colcon.colcon_core.package_identification:_identify(src) by extension 'cmake'
[1.423s] Level 1:colcon.colcon_core.package_identification:_identify(src) by extension 'python'
[1.423s] Level 1:colcon.colcon_core.package_identification:_identify(src) by extensions ['python_setup_py']
[1.423s] Level 1:colcon.colcon_core.package_identification:_identify(src) by extension 'python_setup_py'
[1.423s] Level 1:colcon.colcon_core.package_identification:_identify(src/dis_tutorial3) by extensions ['ignore', 'ignore_ament_install']
[1.423s] Level 1:colcon.colcon_core.package_identification:_identify(src/dis_tutorial3) by extension 'ignore'
[1.423s] Level 1:colcon.colcon_core.package_identification:_identify(src/dis_tutorial3) by extension 'ignore_ament_install'
[1.423s] Level 1:colcon.colcon_core.package_identification:_identify(src/dis_tutorial3) by extensions ['colcon_pkg']
[1.423s] Level 1:colcon.colcon_core.package_identification:_identify(src/dis_tutorial3) by extension 'colcon_pkg'
[1.423s] Level 1:colcon.colcon_core.package_identification:_identify(src/dis_tutorial3) by extensions ['colcon_meta']
[1.423s] Level 1:colcon.colcon_core.package_identification:_identify(src/dis_tutorial3) by extension 'colcon_meta'
[1.424s] Level 1:colcon.colcon_core.package_identification:_identify(src/dis_tutorial3) by extensions ['ros']
[1.424s] Level 1:colcon.colcon_core.package_identification:_identify(src/dis_tutorial3) by extension 'ros'
[1.427s] DEBUG:colcon.colcon_core.package_identification:Package 'src/dis_tutorial3' with type 'ros.ament_cmake' and name 'dis_tutorial3'
[1.428s] Level 1:colcon.colcon_core.package_identification:_identify(src/dis_tutorial4) by extensions ['ignore', 'ignore_ament_install']
[1.428s] Level 1:colcon.colcon_core.package_identification:_identify(src/dis_tutorial4) by extension 'ignore'
[1.428s] Level 1:colcon.colcon_core.package_identification:_identify(src/dis_tutorial4) by extension 'ignore_ament_install'
[1.428s] Level 1:colcon.colcon_core.package_identification:_identify(src/dis_tutorial4) by extensions ['colcon_pkg']
[1.428s] Level 1:colcon.colcon_core.package_identification:_identify(src/dis_tutorial4) by extension 'colcon_pkg'
[1.428s] Level 1:colcon.colcon_core.package_identification:_identify(src/dis_tutorial4) by extensions ['colcon_meta']
[1.428s] Level 1:colcon.colcon_core.package_identification:_identify(src/dis_tutorial4) by extension 'colcon_meta'
[1.428s] Level 1:colcon.colcon_core.package_identification:_identify(src/dis_tutorial4) by extensions ['ros']
[1.428s] Level 1:colcon.colcon_core.package_identification:_identify(src/dis_tutorial4) by extension 'ros'
[1.429s] DEBUG:colcon.colcon_core.package_identification:Package 'src/dis_tutorial4' with type 'ros.ament_cmake' and name 'dis_tutorial4'
[1.429s] Level 1:colcon.colcon_core.package_identification:_identify(src/dis_tutorial6) by extensions ['ignore', 'ignore_ament_install']
[1.429s] Level 1:colcon.colcon_core.package_identification:_identify(src/dis_tutorial6) by extension 'ignore'
[1.429s] Level 1:colcon.colcon_core.package_identification:_identify(src/dis_tutorial6) by extension 'ignore_ament_install'
[1.429s] Level 1:colcon.colcon_core.package_identification:_identify(src/dis_tutorial6) by extensions ['colcon_pkg']
[1.429s] Level 1:colcon.colcon_core.package_identification:_identify(src/dis_tutorial6) by extension 'colcon_pkg'
[1.429s] Level 1:colcon.colcon_core.package_identification:_identify(src/dis_tutorial6) by extensions ['colcon_meta']
[1.429s] Level 1:colcon.colcon_core.package_identification:_identify(src/dis_tutorial6) by extension 'colcon_meta'
[1.429s] Level 1:colcon.colcon_core.package_identification:_identify(src/dis_tutorial6) by extensions ['ros']
[1.429s] Level 1:colcon.colcon_core.package_identification:_identify(src/dis_tutorial6) by extension 'ros'
[1.430s] DEBUG:colcon.colcon_core.package_identification:Package 'src/dis_tutorial6' with type 'ros.ament_cmake' and name 'dis_tutorial6'
[1.430s] Level 1:colcon.colcon_core.package_identification:_identify(src/dis_tutorial7) by extensions ['ignore', 'ignore_ament_install']
[1.431s] Level 1:colcon.colcon_core.package_identification:_identify(src/dis_tutorial7) by extension 'ignore'
[1.431s] Level 1:colcon.colcon_core.package_identification:_identify(src/dis_tutorial7) by extension 'ignore_ament_install'
[1.431s] Level 1:colcon.colcon_core.package_identification:_identify(src/dis_tutorial7) by extensions ['colcon_pkg']
[1.431s] Level 1:colcon.colcon_core.package_identification:_identify(src/dis_tutorial7) by extension 'colcon_pkg'
[1.431s] Level 1:colcon.colcon_core.package_identification:_identify(src/dis_tutorial7) by extensions ['colcon_meta']
[1.431s] Level 1:colcon.colcon_core.package_identification:_identify(src/dis_tutorial7) by extension 'colcon_meta'
[1.431s] Level 1:colcon.colcon_core.package_identification:_identify(src/dis_tutorial7) by extensions ['ros']
[1.431s] Level 1:colcon.colcon_core.package_identification:_identify(src/dis_tutorial7) by extension 'ros'
[1.432s] DEBUG:colcon.colcon_core.package_identification:Package 'src/dis_tutorial7' with type 'ros.ament_cmake' and name 'dis_tutorial7'
[1.432s] Level 1:colcon.colcon_core.package_discovery:discover_packages(recursive) using defaults
[1.432s] Level 1:colcon.colcon_core.package_discovery:discover_packages(ignore) discover
[1.432s] Level 1:colcon.colcon_core.package_discovery:discover_packages(ignore) using defaults
[1.432s] Level 1:colcon.colcon_core.package_discovery:discover_packages(path) discover
[1.432s] Level 1:colcon.colcon_core.package_discovery:discover_packages(path) using defaults
[1.549s] Level 1:colcon.colcon_core.package_discovery:discover_packages(prefix_path) check parameters
[1.549s] Level 1:colcon.colcon_core.package_discovery:discover_packages(prefix_path) discover
[1.591s] DEBUG:colcon.colcon_installed_package_information.package_discovery:Found 4 installed packages in /home/mu/Documents/RINS/project/RINSproject/install
[1.631s] DEBUG:colcon.colcon_installed_package_information.package_discovery:Found 3 installed packages in /home/mu/colcon_ws/install
[1.652s] DEBUG:colcon.colcon_installed_package_information.package_discovery:Found 411 installed packages in /opt/ros/humble
[1.654s] Level 1:colcon.colcon_core.package_discovery:discover_packages(prefix_path) using defaults
[1.780s] Level 5:colcon.colcon_core.verb:set package 'dis_tutorial3' build argument 'cmake_args' from command line to 'None'
[1.780s] Level 5:colcon.colcon_core.verb:set package 'dis_tutorial3' build argument 'cmake_target' from command line to 'None'
[1.780s] Level 5:colcon.colcon_core.verb:set package 'dis_tutorial3' build argument 'cmake_target_skip_unavailable' from command line to 'False'
[1.780s] Level 5:colcon.colcon_core.verb:set package 'dis_tutorial3' build argument 'cmake_clean_cache' from command line to 'False'
[1.780s] Level 5:colcon.colcon_core.verb:set package 'dis_tutorial3' build argument 'cmake_clean_first' from command line to 'False'
[1.780s] Level 5:colcon.colcon_core.verb:set package 'dis_tutorial3' build argument 'cmake_force_configure' from command line to 'False'
[1.780s] Level 5:colcon.colcon_core.verb:set package 'dis_tutorial3' build argument 'ament_cmake_args' from command line to 'None'
[1.780s] Level 5:colcon.colcon_core.verb:set package 'dis_tutorial3' build argument 'catkin_cmake_args' from command line to 'None'
[1.780s] Level 5:colcon.colcon_core.verb:set package 'dis_tutorial3' build argument 'catkin_skip_building_tests' from command line to 'False'
[1.780s] DEBUG:colcon.colcon_core.verb:Building package 'dis_tutorial3' with the following arguments: {'ament_cmake_args': None, 'build_base': '/home/mu/Documents/RINS/project/RINSproject/build/dis_tutorial3', 'catkin_cmake_args': None, 'catkin_skip_building_tests': False, 'cmake_args': None, 'cmake_clean_cache': False, 'cmake_clean_first': False, 'cmake_force_configure': False, 'cmake_target': None, 'cmake_target_skip_unavailable': False, 'install_base': '/home/mu/Documents/RINS/project/RINSproject/install/dis_tutorial3', 'merge_install': False, 'path': '/home/mu/Documents/RINS/project/RINSproject/src/dis_tutorial3', 'symlink_install': False, 'test_result_base': None}
[1.800s] Level 5:colcon.colcon_core.verb:set package 'dis_tutorial4' build argument 'cmake_args' from command line to 'None'
[1.800s] Level 5:colcon.colcon_core.verb:set package 'dis_tutorial4' build argument 'cmake_target' from command line to 'None'
[1.800s] Level 5:colcon.colcon_core.verb:set package 'dis_tutorial4' build argument 'cmake_target_skip_unavailable' from command line to 'False'
[1.800s] Level 5:colcon.colcon_core.verb:set package 'dis_tutorial4' build argument 'cmake_clean_cache' from command line to 'False'
[1.800s] Level 5:colcon.colcon_core.verb:set package 'dis_tutorial4' build argument 'cmake_clean_first' from command line to 'False'
[1.800s] Level 5:colcon.colcon_core.verb:set package 'dis_tutorial4' build argument 'cmake_force_configure' from command line to 'False'
[1.800s] Level 5:colcon.colcon_core.verb:set package 'dis_tutorial4' build argument 'ament_cmake_args' from command line to 'None'
[1.800s] Level 5:colcon.colcon_core.verb:set package 'dis_tutorial4' build argument 'catkin_cmake_args' from command line to 'None'
[1.800s] Level 5:colcon.colcon_core.verb:set package 'dis_tutorial4' build argument 'catkin_skip_building_tests' from command line to 'False'
[1.800s] DEBUG:colcon.colcon_core.verb:Building package 'dis_tutorial4' with the following arguments: {'ament_cmake_args': None, 'build_base': '/home/mu/Documents/RINS/project/RINSproject/build/dis_tutorial4', 'catkin_cmake_args': None, 'catkin_skip_building_tests': False, 'cmake_args': None, 'cmake_clean_cache': False, 'cmake_clean_first': False, 'cmake_force_configure': False, 'cmake_target': None, 'cmake_target_skip_unavailable': False, 'install_base': '/home/mu/Documents/RINS/project/RINSproject/install/dis_tutorial4', 'merge_install': False, 'path': '/home/mu/Documents/RINS/project/RINSproject/src/dis_tutorial4', 'symlink_install': False, 'test_result_base': None}
[1.820s] Level 5:colcon.colcon_core.verb:set package 'dis_tutorial6' build argument 'cmake_args' from command line to 'None'
[1.821s] Level 5:colcon.colcon_core.verb:set package 'dis_tutorial6' build argument 'cmake_target' from command line to 'None'
[1.821s] Level 5:colcon.colcon_core.verb:set package 'dis_tutorial6' build argument 'cmake_target_skip_unavailable' from command line to 'False'
[1.821s] Level 5:colcon.colcon_core.verb:set package 'dis_tutorial6' build argument 'cmake_clean_cache' from command line to 'False'
[1.821s] Level 5:colcon.colcon_core.verb:set package 'dis_tutorial6' build argument 'cmake_clean_first' from command line to 'False'
[1.821s] Level 5:colcon.colcon_core.verb:set package 'dis_tutorial6' build argument 'cmake_force_configure' from command line to 'False'
[1.821s] Level 5:colcon.colcon_core.verb:set package 'dis_tutorial6' build argument 'ament_cmake_args' from command line to 'None'
[1.821s] Level 5:colcon.colcon_core.verb:set package 'dis_tutorial6' build argument 'catkin_cmake_args' from command line to 'None'
[1.821s] Level 5:colcon.colcon_core.verb:set package 'dis_tutorial6' build argument 'catkin_skip_building_tests' from command line to 'False'
[1.821s] DEBUG:colcon.colcon_core.verb:Building package 'dis_tutorial6' with the following arguments: {'ament_cmake_args': None, 'build_base': '/home/mu/Documents/RINS/project/RINSproject/build/dis_tutorial6', 'catkin_cmake_args': None, 'catkin_skip_building_tests': False, 'cmake_args': None, 'cmake_clean_cache': False, 'cmake_clean_first': False, 'cmake_force_configure': False, 'cmake_target': None, 'cmake_target_skip_unavailable': False, 'install_base': '/home/mu/Documents/RINS/project/RINSproject/install/dis_tutorial6', 'merge_install': False, 'path': '/home/mu/Documents/RINS/project/RINSproject/src/dis_tutorial6', 'symlink_install': False, 'test_result_base': None}
[1.840s] Level 5:colcon.colcon_core.verb:set package 'dis_tutorial7' build argument 'cmake_args' from command line to 'None'
[1.841s] Level 5:colcon.colcon_core.verb:set package 'dis_tutorial7' build argument 'cmake_target' from command line to 'None'
[1.841s] Level 5:colcon.colcon_core.verb:set package 'dis_tutorial7' build argument 'cmake_target_skip_unavailable' from command line to 'False'
[1.841s] Level 5:colcon.colcon_core.verb:set package 'dis_tutorial7' build argument 'cmake_clean_cache' from command line to 'False'
[1.841s] Level 5:colcon.colcon_core.verb:set package 'dis_tutorial7' build argument 'cmake_clean_first' from command line to 'False'
[1.841s] Level 5:colcon.colcon_core.verb:set package 'dis_tutorial7' build argument 'cmake_force_configure' from command line to 'False'
[1.841s] Level 5:colcon.colcon_core.verb:set package 'dis_tutorial7' build argument 'ament_cmake_args' from command line to 'None'
[1.841s] Level 5:colcon.colcon_core.verb:set package 'dis_tutorial7' build argument 'catkin_cmake_args' from command line to 'None'
[1.841s] Level 5:colcon.colcon_core.verb:set package 'dis_tutorial7' build argument 'catkin_skip_building_tests' from command line to 'False'
[1.841s] DEBUG:colcon.colcon_core.verb:Building package 'dis_tutorial7' with the following arguments: {'ament_cmake_args': None, 'build_base': '/home/mu/Documents/RINS/project/RINSproject/build/dis_tutorial7', 'catkin_cmake_args': None, 'catkin_skip_building_tests': False, 'cmake_args': None, 'cmake_clean_cache': False, 'cmake_clean_first': False, 'cmake_force_configure': False, 'cmake_target': None, 'cmake_target_skip_unavailable': False, 'install_base': '/home/mu/Documents/RINS/project/RINSproject/install/dis_tutorial7', 'merge_install': False, 'path': '/home/mu/Documents/RINS/project/RINSproject/src/dis_tutorial7', 'symlink_install': False, 'test_result_base': None}
[1.860s] INFO:colcon.colcon_core.executor:Executing jobs using 'parallel' executor
[1.879s] DEBUG:colcon.colcon_parallel_executor.executor.parallel:run_until_complete
[1.879s] INFO:colcon.colcon_ros.task.ament_cmake.build:Building ROS package in '/home/mu/Documents/RINS/project/RINSproject/src/dis_tutorial3' with build type 'ament_cmake'
[1.880s] INFO:colcon.colcon_cmake.task.cmake.build:Building CMake package in '/home/mu/Documents/RINS/project/RINSproject/src/dis_tutorial3'
[1.902s] INFO:colcon.colcon_core.plugin_system:Skipping extension 'colcon_core.shell.bat': Not used on non-Windows systems
[1.902s] INFO:colcon.colcon_core.shell:Skip shell extension 'powershell' for command environment: Not usable outside of PowerShell
[1.902s] DEBUG:colcon.colcon_core.shell:Skip shell extension 'dsv' for command environment
[1.985s] INFO:colcon.colcon_ros.task.ament_cmake.build:Building ROS package in '/home/mu/Documents/RINS/project/RINSproject/src/dis_tutorial4' with build type 'ament_cmake'
[1.986s] INFO:colcon.colcon_cmake.task.cmake.build:Building CMake package in '/home/mu/Documents/RINS/project/RINSproject/src/dis_tutorial4'
[2.006s] INFO:colcon.colcon_core.shell:Skip shell extension 'powershell' for command environment: Not usable outside of PowerShell
[2.006s] DEBUG:colcon.colcon_core.shell:Skip shell extension 'dsv' for command environment
[2.088s] INFO:colcon.colcon_ros.task.ament_cmake.build:Building ROS package in '/home/mu/Documents/RINS/project/RINSproject/src/dis_tutorial6' with build type 'ament_cmake'
[2.088s] INFO:colcon.colcon_cmake.task.cmake.build:Building CMake package in '/home/mu/Documents/RINS/project/RINSproject/src/dis_tutorial6'
[2.108s] INFO:colcon.colcon_core.shell:Skip shell extension 'powershell' for command environment: Not usable outside of PowerShell
[2.108s] DEBUG:colcon.colcon_core.shell:Skip shell extension 'dsv' for command environment
[2.189s] INFO:colcon.colcon_ros.task.ament_cmake.build:Building ROS package in '/home/mu/Documents/RINS/project/RINSproject/src/dis_tutorial7' with build type 'ament_cmake'
[2.189s] INFO:colcon.colcon_cmake.task.cmake.build:Building CMake package in '/home/mu/Documents/RINS/project/RINSproject/src/dis_tutorial7'
[2.212s] INFO:colcon.colcon_core.shell:Skip shell extension 'powershell' for command environment: Not usable outside of PowerShell
[2.212s] DEBUG:colcon.colcon_core.shell:Skip shell extension 'dsv' for command environment
[2.310s] DEBUG:colcon.colcon_core.event_handler.log_command:Invoking command in '/home/mu/Documents/RINS/project/RINSproject/build/dis_tutorial3': CMAKE_PREFIX_PATH=${CMAKE_PREFIX_PATH}:/opt/ros/humble /usr/bin/cmake --build /home/mu/Documents/RINS/project/RINSproject/build/dis_tutorial3 -- -j16 -l16
[2.315s] DEBUG:colcon.colcon_core.event_handler.log_command:Invoking command in '/home/mu/Documents/RINS/project/RINSproject/build/dis_tutorial4': CMAKE_PREFIX_PATH=${CMAKE_PREFIX_PATH}:/opt/ros/humble /usr/bin/cmake --build /home/mu/Documents/RINS/project/RINSproject/build/dis_tutorial4 -- -j16 -l16
[2.319s] DEBUG:colcon.colcon_core.event_handler.log_command:Invoking command in '/home/mu/Documents/RINS/project/RINSproject/build/dis_tutorial6': CMAKE_PREFIX_PATH=${CMAKE_PREFIX_PATH}:/opt/ros/humble /usr/bin/cmake --build /home/mu/Documents/RINS/project/RINSproject/build/dis_tutorial6 -- -j16 -l16
[2.323s] DEBUG:colcon.colcon_core.event_handler.log_command:Invoking command in '/home/mu/Documents/RINS/project/RINSproject/build/dis_tutorial7': CMAKE_PREFIX_PATH=${CMAKE_PREFIX_PATH}:/opt/ros/humble /usr/bin/cmake --build /home/mu/Documents/RINS/project/RINSproject/build/dis_tutorial7 -- -j16 -l16
[2.367s] DEBUG:colcon.colcon_core.event_handler.log_command:Invoked command in '/home/mu/Documents/RINS/project/RINSproject/build/dis_tutorial3' returned '0': CMAKE_PREFIX_PATH=${CMAKE_PREFIX_PATH}:/opt/ros/humble /usr/bin/cmake --build /home/mu/Documents/RINS/project/RINSproject/build/dis_tutorial3 -- -j16 -l16
[2.376s] DEBUG:colcon.colcon_core.event_handler.log_command:Invoked command in '/home/mu/Documents/RINS/project/RINSproject/build/dis_tutorial4' returned '0': CMAKE_PREFIX_PATH=${CMAKE_PREFIX_PATH}:/opt/ros/humble /usr/bin/cmake --build /home/mu/Documents/RINS/project/RINSproject/build/dis_tutorial4 -- -j16 -l16
[2.382s] DEBUG:colcon.colcon_core.event_handler.log_command:Invoked command in '/home/mu/Documents/RINS/project/RINSproject/build/dis_tutorial7' returned '0': CMAKE_PREFIX_PATH=${CMAKE_PREFIX_PATH}:/opt/ros/humble /usr/bin/cmake --build /home/mu/Documents/RINS/project/RINSproject/build/dis_tutorial7 -- -j16 -l16
[2.413s] DEBUG:colcon.colcon_core.event_handler.log_command:Invoking command in '/home/mu/Documents/RINS/project/RINSproject/build/dis_tutorial3': CMAKE_PREFIX_PATH=${CMAKE_PREFIX_PATH}:/opt/ros/humble /usr/bin/cmake --install /home/mu/Documents/RINS/project/RINSproject/build/dis_tutorial3
[2.416s] DEBUG:colcon.colcon_core.event_handler.log_command:Invoking command in '/home/mu/Documents/RINS/project/RINSproject/build/dis_tutorial4': CMAKE_PREFIX_PATH=${CMAKE_PREFIX_PATH}:/opt/ros/humble /usr/bin/cmake --install /home/mu/Documents/RINS/project/RINSproject/build/dis_tutorial4
[2.419s] DEBUG:colcon.colcon_core.event_handler.log_command:Invoking command in '/home/mu/Documents/RINS/project/RINSproject/build/dis_tutorial7': CMAKE_PREFIX_PATH=${CMAKE_PREFIX_PATH}:/opt/ros/humble /usr/bin/cmake --install /home/mu/Documents/RINS/project/RINSproject/build/dis_tutorial7
[2.431s] Level 1:colcon.colcon_core.environment:create_environment_scripts_only(dis_tutorial4)
[2.449s] DEBUG:colcon.colcon_core.event_handler.log_command:Invoked command in '/home/mu/Documents/RINS/project/RINSproject/build/dis_tutorial4' returned '0': CMAKE_PREFIX_PATH=${CMAKE_PREFIX_PATH}:/opt/ros/humble /usr/bin/cmake --install /home/mu/Documents/RINS/project/RINSproject/build/dis_tutorial4
[2.468s] Level 1:colcon.colcon_core.environment:checking '/home/mu/Documents/RINS/project/RINSproject/install/dis_tutorial4' for CMake module files
[2.469s] Level 1:colcon.colcon_core.environment:checking '/home/mu/Documents/RINS/project/RINSproject/install/dis_tutorial4' for CMake config files
[2.470s] Level 1:colcon.colcon_core.shell:create_environment_hook('dis_tutorial4', 'cmake_prefix_path')
[2.489s] INFO:colcon.colcon_core.shell:Creating environment hook '/home/mu/Documents/RINS/project/RINSproject/install/dis_tutorial4/share/dis_tutorial4/hook/cmake_prefix_path.ps1'
[2.490s] INFO:colcon.colcon_core.shell:Creating environment descriptor '/home/mu/Documents/RINS/project/RINSproject/install/dis_tutorial4/share/dis_tutorial4/hook/cmake_prefix_path.dsv'
[2.490s] INFO:colcon.colcon_core.shell:Creating environment hook '/home/mu/Documents/RINS/project/RINSproject/install/dis_tutorial4/share/dis_tutorial4/hook/cmake_prefix_path.sh'
[2.491s] Level 1:colcon.colcon_core.environment:checking '/home/mu/Documents/RINS/project/RINSproject/install/dis_tutorial4/lib'
[2.491s] Level 1:colcon.colcon_core.environment:checking '/home/mu/Documents/RINS/project/RINSproject/install/dis_tutorial4/bin'
[2.492s] Level 1:colcon.colcon_core.environment:checking '/home/mu/Documents/RINS/project/RINSproject/install/dis_tutorial4/lib/pkgconfig/dis_tutorial4.pc'
[2.492s] Level 1:colcon.colcon_core.environment:checking '/home/mu/Documents/RINS/project/RINSproject/install/dis_tutorial4/lib/python3.10/site-packages'
[2.492s] Level 1:colcon.colcon_core.environment:checking '/home/mu/Documents/RINS/project/RINSproject/install/dis_tutorial4/bin'
[2.512s] INFO:colcon.colcon_core.shell:Creating package script '/home/mu/Documents/RINS/project/RINSproject/install/dis_tutorial4/share/dis_tutorial4/package.ps1'
[2.513s] INFO:colcon.colcon_core.shell:Creating package descriptor '/home/mu/Documents/RINS/project/RINSproject/install/dis_tutorial4/share/dis_tutorial4/package.dsv'
[2.514s] INFO:colcon.colcon_core.shell:Creating package script '/home/mu/Documents/RINS/project/RINSproject/install/dis_tutorial4/share/dis_tutorial4/package.sh'
[2.515s] INFO:colcon.colcon_core.shell:Creating package script '/home/mu/Documents/RINS/project/RINSproject/install/dis_tutorial4/share/dis_tutorial4/package.bash'
[2.516s] INFO:colcon.colcon_core.shell:Creating package script '/home/mu/Documents/RINS/project/RINSproject/install/dis_tutorial4/share/dis_tutorial4/package.zsh'
[2.516s] Level 1:colcon.colcon_core.environment:create_file_with_runtime_dependencies(/home/mu/Documents/RINS/project/RINSproject/install/dis_tutorial4/share/colcon-core/packages/dis_tutorial4)
[2.518s] DEBUG:colcon.colcon_core.event_handler.log_command:Invoked command in '/home/mu/Documents/RINS/project/RINSproject/build/dis_tutorial6' returned '0': CMAKE_PREFIX_PATH=${CMAKE_PREFIX_PATH}:/opt/ros/humble /usr/bin/cmake --build /home/mu/Documents/RINS/project/RINSproject/build/dis_tutorial6 -- -j16 -l16
[2.519s] Level 1:colcon.colcon_core.environment:create_environment_scripts_only(dis_tutorial3)
[2.520s] DEBUG:colcon.colcon_core.event_handler.log_command:Invoked command in '/home/mu/Documents/RINS/project/RINSproject/build/dis_tutorial3' returned '0': CMAKE_PREFIX_PATH=${CMAKE_PREFIX_PATH}:/opt/ros/humble /usr/bin/cmake --install /home/mu/Documents/RINS/project/RINSproject/build/dis_tutorial3
[2.540s] Level 1:colcon.colcon_core.environment:checking '/home/mu/Documents/RINS/project/RINSproject/install/dis_tutorial3' for CMake module files
[2.541s] Level 1:colcon.colcon_core.environment:checking '/home/mu/Documents/RINS/project/RINSproject/install/dis_tutorial3' for CMake config files
[2.541s] Level 1:colcon.colcon_core.shell:create_environment_hook('dis_tutorial3', 'cmake_prefix_path')
[2.562s] INFO:colcon.colcon_core.shell:Creating environment hook '/home/mu/Documents/RINS/project/RINSproject/install/dis_tutorial3/share/dis_tutorial3/hook/cmake_prefix_path.ps1'
[2.562s] INFO:colcon.colcon_core.shell:Creating environment descriptor '/home/mu/Documents/RINS/project/RINSproject/install/dis_tutorial3/share/dis_tutorial3/hook/cmake_prefix_path.dsv'
[2.563s] INFO:colcon.colcon_core.shell:Creating environment hook '/home/mu/Documents/RINS/project/RINSproject/install/dis_tutorial3/share/dis_tutorial3/hook/cmake_prefix_path.sh'
[2.564s] Level 1:colcon.colcon_core.environment:checking '/home/mu/Documents/RINS/project/RINSproject/install/dis_tutorial3/lib'
[2.564s] Level 1:colcon.colcon_core.environment:checking '/home/mu/Documents/RINS/project/RINSproject/install/dis_tutorial3/bin'
[2.564s] Level 1:colcon.colcon_core.environment:checking '/home/mu/Documents/RINS/project/RINSproject/install/dis_tutorial3/lib/pkgconfig/dis_tutorial3.pc'
[2.565s] Level 1:colcon.colcon_core.environment:checking '/home/mu/Documents/RINS/project/RINSproject/install/dis_tutorial3/lib/python3.10/site-packages'
[2.565s] Level 1:colcon.colcon_core.environment:checking '/home/mu/Documents/RINS/project/RINSproject/install/dis_tutorial3/bin'
[2.587s] INFO:colcon.colcon_core.shell:Creating package script '/home/mu/Documents/RINS/project/RINSproject/install/dis_tutorial3/share/dis_tutorial3/package.ps1'
[2.588s] INFO:colcon.colcon_core.shell:Creating package descriptor '/home/mu/Documents/RINS/project/RINSproject/install/dis_tutorial3/share/dis_tutorial3/package.dsv'
[2.588s] INFO:colcon.colcon_core.shell:Creating package script '/home/mu/Documents/RINS/project/RINSproject/install/dis_tutorial3/share/dis_tutorial3/package.sh'
[2.588s] INFO:colcon.colcon_core.shell:Creating package script '/home/mu/Documents/RINS/project/RINSproject/install/dis_tutorial3/share/dis_tutorial3/package.bash'
[2.589s] INFO:colcon.colcon_core.shell:Creating package script '/home/mu/Documents/RINS/project/RINSproject/install/dis_tutorial3/share/dis_tutorial3/package.zsh'
[2.589s] Level 1:colcon.colcon_core.environment:create_file_with_runtime_dependencies(/home/mu/Documents/RINS/project/RINSproject/install/dis_tutorial3/share/colcon-core/packages/dis_tutorial3)
[2.592s] Level 1:colcon.colcon_core.environment:create_environment_scripts_only(dis_tutorial7)
[2.593s] DEBUG:colcon.colcon_core.event_handler.log_command:Invoked command in '/home/mu/Documents/RINS/project/RINSproject/build/dis_tutorial7' returned '0': CMAKE_PREFIX_PATH=${CMAKE_PREFIX_PATH}:/opt/ros/humble /usr/bin/cmake --install /home/mu/Documents/RINS/project/RINSproject/build/dis_tutorial7
[2.615s] Level 1:colcon.colcon_core.environment:checking '/home/mu/Documents/RINS/project/RINSproject/install/dis_tutorial7' for CMake module files
[2.615s] Level 1:colcon.colcon_core.environment:checking '/home/mu/Documents/RINS/project/RINSproject/install/dis_tutorial7' for CMake config files
[2.616s] Level 1:colcon.colcon_core.shell:create_environment_hook('dis_tutorial7', 'cmake_prefix_path')
[2.634s] INFO:colcon.colcon_core.shell:Creating environment hook '/home/mu/Documents/RINS/project/RINSproject/install/dis_tutorial7/share/dis_tutorial7/hook/cmake_prefix_path.ps1'
[2.635s] INFO:colcon.colcon_core.shell:Creating environment descriptor '/home/mu/Documents/RINS/project/RINSproject/install/dis_tutorial7/share/dis_tutorial7/hook/cmake_prefix_path.dsv'
[2.635s] INFO:colcon.colcon_core.shell:Creating environment hook '/home/mu/Documents/RINS/project/RINSproject/install/dis_tutorial7/share/dis_tutorial7/hook/cmake_prefix_path.sh'
[2.636s] Level 1:colcon.colcon_core.environment:checking '/home/mu/Documents/RINS/project/RINSproject/install/dis_tutorial7/lib'
[2.636s] Level 1:colcon.colcon_core.environment:checking '/home/mu/Documents/RINS/project/RINSproject/install/dis_tutorial7/bin'
[2.636s] Level 1:colcon.colcon_core.environment:checking '/home/mu/Documents/RINS/project/RINSproject/install/dis_tutorial7/lib/pkgconfig/dis_tutorial7.pc'
[2.636s] Level 1:colcon.colcon_core.environment:checking '/home/mu/Documents/RINS/project/RINSproject/install/dis_tutorial7/lib/python3.10/site-packages'
[2.636s] Level 1:colcon.colcon_core.environment:checking '/home/mu/Documents/RINS/project/RINSproject/install/dis_tutorial7/bin'
[2.655s] INFO:colcon.colcon_core.shell:Creating package script '/home/mu/Documents/RINS/project/RINSproject/install/dis_tutorial7/share/dis_tutorial7/package.ps1'
[2.656s] INFO:colcon.colcon_core.shell:Creating package descriptor '/home/mu/Documents/RINS/project/RINSproject/install/dis_tutorial7/share/dis_tutorial7/package.dsv'
[2.656s] INFO:colcon.colcon_core.shell:Creating package script '/home/mu/Documents/RINS/project/RINSproject/install/dis_tutorial7/share/dis_tutorial7/package.sh'
[2.657s] INFO:colcon.colcon_core.shell:Creating package script '/home/mu/Documents/RINS/project/RINSproject/install/dis_tutorial7/share/dis_tutorial7/package.bash'
[2.657s] INFO:colcon.colcon_core.shell:Creating package script '/home/mu/Documents/RINS/project/RINSproject/install/dis_tutorial7/share/dis_tutorial7/package.zsh'
[2.657s] Level 1:colcon.colcon_core.environment:create_file_with_runtime_dependencies(/home/mu/Documents/RINS/project/RINSproject/install/dis_tutorial7/share/colcon-core/packages/dis_tutorial7)
[2.683s] Level 1:colcon.colcon_core.environment:create_environment_scripts_only(dis_tutorial4)
[2.703s] Level 1:colcon.colcon_core.environment:checking '/home/mu/Documents/RINS/project/RINSproject/install/dis_tutorial4' for CMake module files
[2.703s] Level 1:colcon.colcon_core.environment:checking '/home/mu/Documents/RINS/project/RINSproject/install/dis_tutorial4' for CMake config files
[2.704s] Level 1:colcon.colcon_core.shell:create_environment_hook('dis_tutorial4', 'cmake_prefix_path')
[2.723s] INFO:colcon.colcon_core.shell:Creating environment hook '/home/mu/Documents/RINS/project/RINSproject/install/dis_tutorial4/share/dis_tutorial4/hook/cmake_prefix_path.ps1'
[2.723s] INFO:colcon.colcon_core.shell:Creating environment descriptor '/home/mu/Documents/RINS/project/RINSproject/install/dis_tutorial4/share/dis_tutorial4/hook/cmake_prefix_path.dsv'
[2.724s] INFO:colcon.colcon_core.shell:Creating environment hook '/home/mu/Documents/RINS/project/RINSproject/install/dis_tutorial4/share/dis_tutorial4/hook/cmake_prefix_path.sh'
[2.724s] Level 1:colcon.colcon_core.environment:checking '/home/mu/Documents/RINS/project/RINSproject/install/dis_tutorial4/lib'
[2.724s] Level 1:colcon.colcon_core.environment:checking '/home/mu/Documents/RINS/project/RINSproject/install/dis_tutorial4/bin'
[2.724s] Level 1:colcon.colcon_core.environment:checking '/home/mu/Documents/RINS/project/RINSproject/install/dis_tutorial4/lib/pkgconfig/dis_tutorial4.pc'
[2.725s] Level 1:colcon.colcon_core.environment:checking '/home/mu/Documents/RINS/project/RINSproject/install/dis_tutorial4/lib/python3.10/site-packages'
[2.725s] Level 1:colcon.colcon_core.environment:checking '/home/mu/Documents/RINS/project/RINSproject/install/dis_tutorial4/bin'
[2.745s] INFO:colcon.colcon_core.shell:Creating package script '/home/mu/Documents/RINS/project/RINSproject/install/dis_tutorial4/share/dis_tutorial4/package.ps1'
[2.746s] INFO:colcon.colcon_core.shell:Creating package descriptor '/home/mu/Documents/RINS/project/RINSproject/install/dis_tutorial4/share/dis_tutorial4/package.dsv'
[2.747s] INFO:colcon.colcon_core.shell:Creating package script '/home/mu/Documents/RINS/project/RINSproject/install/dis_tutorial4/share/dis_tutorial4/package.sh'
[2.747s] INFO:colcon.colcon_core.shell:Creating package script '/home/mu/Documents/RINS/project/RINSproject/install/dis_tutorial4/share/dis_tutorial4/package.bash'
[2.748s] INFO:colcon.colcon_core.shell:Creating package script '/home/mu/Documents/RINS/project/RINSproject/install/dis_tutorial4/share/dis_tutorial4/package.zsh'
[2.749s] Level 1:colcon.colcon_core.environment:create_file_with_runtime_dependencies(/home/mu/Documents/RINS/project/RINSproject/install/dis_tutorial4/share/colcon-core/packages/dis_tutorial4)
[2.753s] DEBUG:colcon.colcon_core.event_handler.log_command:Invoking command in '/home/mu/Documents/RINS/project/RINSproject/build/dis_tutorial6': CMAKE_PREFIX_PATH=${CMAKE_PREFIX_PATH}:/opt/ros/humble /usr/bin/cmake --install /home/mu/Documents/RINS/project/RINSproject/build/dis_tutorial6
[2.774s] Level 1:colcon.colcon_core.environment:create_environment_scripts_only(dis_tutorial3)
[2.794s] Level 1:colcon.colcon_core.environment:checking '/home/mu/Documents/RINS/project/RINSproject/install/dis_tutorial3' for CMake module files
[2.795s] Level 1:colcon.colcon_core.environment:checking '/home/mu/Documents/RINS/project/RINSproject/install/dis_tutorial3' for CMake config files
[2.795s] Level 1:colcon.colcon_core.shell:create_environment_hook('dis_tutorial3', 'cmake_prefix_path')
[2.817s] INFO:colcon.colcon_core.shell:Creating environment hook '/home/mu/Documents/RINS/project/RINSproject/install/dis_tutorial3/share/dis_tutorial3/hook/cmake_prefix_path.ps1'
[2.818s] INFO:colcon.colcon_core.shell:Creating environment descriptor '/home/mu/Documents/RINS/project/RINSproject/install/dis_tutorial3/share/dis_tutorial3/hook/cmake_prefix_path.dsv'
[2.818s] INFO:colcon.colcon_core.shell:Creating environment hook '/home/mu/Documents/RINS/project/RINSproject/install/dis_tutorial3/share/dis_tutorial3/hook/cmake_prefix_path.sh'
[2.819s] Level 1:colcon.colcon_core.environment:checking '/home/mu/Documents/RINS/project/RINSproject/install/dis_tutorial3/lib'
[2.819s] Level 1:colcon.colcon_core.environment:checking '/home/mu/Documents/RINS/project/RINSproject/install/dis_tutorial3/bin'
[2.819s] Level 1:colcon.colcon_core.environment:checking '/home/mu/Documents/RINS/project/RINSproject/install/dis_tutorial3/lib/pkgconfig/dis_tutorial3.pc'
[2.820s] Level 1:colcon.colcon_core.environment:checking '/home/mu/Documents/RINS/project/RINSproject/install/dis_tutorial3/lib/python3.10/site-packages'
[2.820s] Level 1:colcon.colcon_core.environment:checking '/home/mu/Documents/RINS/project/RINSproject/install/dis_tutorial3/bin'
[2.842s] INFO:colcon.colcon_core.shell:Creating package script '/home/mu/Documents/RINS/project/RINSproject/install/dis_tutorial3/share/dis_tutorial3/package.ps1'
[2.843s] INFO:colcon.colcon_core.shell:Creating package descriptor '/home/mu/Documents/RINS/project/RINSproject/install/dis_tutorial3/share/dis_tutorial3/package.dsv'
[2.844s] INFO:colcon.colcon_core.shell:Creating package script '/home/mu/Documents/RINS/project/RINSproject/install/dis_tutorial3/share/dis_tutorial3/package.sh'
[2.844s] INFO:colcon.colcon_core.shell:Creating package script '/home/mu/Documents/RINS/project/RINSproject/install/dis_tutorial3/share/dis_tutorial3/package.bash'
[2.844s] INFO:colcon.colcon_core.shell:Creating package script '/home/mu/Documents/RINS/project/RINSproject/install/dis_tutorial3/share/dis_tutorial3/package.zsh'
[2.845s] Level 1:colcon.colcon_core.environment:create_file_with_runtime_dependencies(/home/mu/Documents/RINS/project/RINSproject/install/dis_tutorial3/share/colcon-core/packages/dis_tutorial3)
[2.868s] Level 1:colcon.colcon_core.environment:create_environment_scripts_only(dis_tutorial7)
[2.886s] Level 1:colcon.colcon_core.environment:checking '/home/mu/Documents/RINS/project/RINSproject/install/dis_tutorial7' for CMake module files
[2.887s] Level 1:colcon.colcon_core.environment:checking '/home/mu/Documents/RINS/project/RINSproject/install/dis_tutorial7' for CMake config files
[2.888s] Level 1:colcon.colcon_core.shell:create_environment_hook('dis_tutorial7', 'cmake_prefix_path')
[2.932s] INFO:colcon.colcon_core.shell:Creating environment hook '/home/mu/Documents/RINS/project/RINSproject/install/dis_tutorial7/share/dis_tutorial7/hook/cmake_prefix_path.ps1'
[2.933s] INFO:colcon.colcon_core.shell:Creating environment descriptor '/home/mu/Documents/RINS/project/RINSproject/install/dis_tutorial7/share/dis_tutorial7/hook/cmake_prefix_path.dsv'
[2.933s] INFO:colcon.colcon_core.shell:Creating environment hook '/home/mu/Documents/RINS/project/RINSproject/install/dis_tutorial7/share/dis_tutorial7/hook/cmake_prefix_path.sh'
[2.934s] Level 1:colcon.colcon_core.environment:checking '/home/mu/Documents/RINS/project/RINSproject/install/dis_tutorial7/lib'
[2.934s] Level 1:colcon.colcon_core.environment:checking '/home/mu/Documents/RINS/project/RINSproject/install/dis_tutorial7/bin'
[2.934s] Level 1:colcon.colcon_core.environment:checking '/home/mu/Documents/RINS/project/RINSproject/install/dis_tutorial7/lib/pkgconfig/dis_tutorial7.pc'
[2.934s] Level 1:colcon.colcon_core.environment:checking '/home/mu/Documents/RINS/project/RINSproject/install/dis_tutorial7/lib/python3.10/site-packages'
[2.934s] Level 1:colcon.colcon_core.environment:checking '/home/mu/Documents/RINS/project/RINSproject/install/dis_tutorial7/bin'
[2.955s] INFO:colcon.colcon_core.shell:Creating package script '/home/mu/Documents/RINS/project/RINSproject/install/dis_tutorial7/share/dis_tutorial7/package.ps1'
[2.956s] INFO:colcon.colcon_core.shell:Creating package descriptor '/home/mu/Documents/RINS/project/RINSproject/install/dis_tutorial7/share/dis_tutorial7/package.dsv'
[2.956s] INFO:colcon.colcon_core.shell:Creating package script '/home/mu/Documents/RINS/project/RINSproject/install/dis_tutorial7/share/dis_tutorial7/package.sh'
[2.957s] INFO:colcon.colcon_core.shell:Creating package script '/home/mu/Documents/RINS/project/RINSproject/install/dis_tutorial7/share/dis_tutorial7/package.bash'
[2.957s] INFO:colcon.colcon_core.shell:Creating package script '/home/mu/Documents/RINS/project/RINSproject/install/dis_tutorial7/share/dis_tutorial7/package.zsh'
[2.957s] Level 1:colcon.colcon_core.environment:create_file_with_runtime_dependencies(/home/mu/Documents/RINS/project/RINSproject/install/dis_tutorial7/share/colcon-core/packages/dis_tutorial7)
[2.958s] Level 1:colcon.colcon_core.environment:create_environment_scripts_only(dis_tutorial6)
[2.959s] DEBUG:colcon.colcon_core.event_handler.log_command:Invoked command in '/home/mu/Documents/RINS/project/RINSproject/build/dis_tutorial6' returned '0': CMAKE_PREFIX_PATH=${CMAKE_PREFIX_PATH}:/opt/ros/humble /usr/bin/cmake --install /home/mu/Documents/RINS/project/RINSproject/build/dis_tutorial6
[2.983s] Level 1:colcon.colcon_core.environment:checking '/home/mu/Documents/RINS/project/RINSproject/install/dis_tutorial6' for CMake module files
[2.983s] Level 1:colcon.colcon_core.environment:checking '/home/mu/Documents/RINS/project/RINSproject/install/dis_tutorial6' for CMake config files
[2.984s] Level 1:colcon.colcon_core.shell:create_environment_hook('dis_tutorial6', 'cmake_prefix_path')
[3.007s] INFO:colcon.colcon_core.shell:Creating environment hook '/home/mu/Documents/RINS/project/RINSproject/install/dis_tutorial6/share/dis_tutorial6/hook/cmake_prefix_path.ps1'
[3.009s] INFO:colcon.colcon_core.shell:Creating environment descriptor '/home/mu/Documents/RINS/project/RINSproject/install/dis_tutorial6/share/dis_tutorial6/hook/cmake_prefix_path.dsv'
[3.010s] INFO:colcon.colcon_core.shell:Creating environment hook '/home/mu/Documents/RINS/project/RINSproject/install/dis_tutorial6/share/dis_tutorial6/hook/cmake_prefix_path.sh'
[3.011s] Level 1:colcon.colcon_core.environment:checking '/home/mu/Documents/RINS/project/RINSproject/install/dis_tutorial6/lib'
[3.011s] Level 1:colcon.colcon_core.environment:checking '/home/mu/Documents/RINS/project/RINSproject/install/dis_tutorial6/bin'
[3.011s] Level 1:colcon.colcon_core.environment:checking '/home/mu/Documents/RINS/project/RINSproject/install/dis_tutorial6/lib/pkgconfig/dis_tutorial6.pc'
[3.012s] Level 1:colcon.colcon_core.environment:checking '/home/mu/Documents/RINS/project/RINSproject/install/dis_tutorial6/lib/python3.10/site-packages'
[3.012s] Level 1:colcon.colcon_core.environment:checking '/home/mu/Documents/RINS/project/RINSproject/install/dis_tutorial6/bin'
[3.034s] INFO:colcon.colcon_core.shell:Creating package script '/home/mu/Documents/RINS/project/RINSproject/install/dis_tutorial6/share/dis_tutorial6/package.ps1'
[3.035s] INFO:colcon.colcon_core.shell:Creating package descriptor '/home/mu/Documents/RINS/project/RINSproject/install/dis_tutorial6/share/dis_tutorial6/package.dsv'
[3.035s] INFO:colcon.colcon_core.shell:Creating package script '/home/mu/Documents/RINS/project/RINSproject/install/dis_tutorial6/share/dis_tutorial6/package.sh'
[3.036s] INFO:colcon.colcon_core.shell:Creating package script '/home/mu/Documents/RINS/project/RINSproject/install/dis_tutorial6/share/dis_tutorial6/package.bash'
[3.036s] INFO:colcon.colcon_core.shell:Creating package script '/home/mu/Documents/RINS/project/RINSproject/install/dis_tutorial6/share/dis_tutorial6/package.zsh'
[3.037s] Level 1:colcon.colcon_core.environment:create_file_with_runtime_dependencies(/home/mu/Documents/RINS/project/RINSproject/install/dis_tutorial6/share/colcon-core/packages/dis_tutorial6)
[3.102s] Level 1:colcon.colcon_core.environment:create_environment_scripts_only(dis_tutorial6)
[3.122s] Level 1:colcon.colcon_core.environment:checking '/home/mu/Documents/RINS/project/RINSproject/install/dis_tutorial6' for CMake module files
[3.123s] Level 1:colcon.colcon_core.environment:checking '/home/mu/Documents/RINS/project/RINSproject/install/dis_tutorial6' for CMake config files
[3.123s] Level 1:colcon.colcon_core.shell:create_environment_hook('dis_tutorial6', 'cmake_prefix_path')
[3.142s] INFO:colcon.colcon_core.shell:Creating environment hook '/home/mu/Documents/RINS/project/RINSproject/install/dis_tutorial6/share/dis_tutorial6/hook/cmake_prefix_path.ps1'
[3.143s] INFO:colcon.colcon_core.shell:Creating environment descriptor '/home/mu/Documents/RINS/project/RINSproject/install/dis_tutorial6/share/dis_tutorial6/hook/cmake_prefix_path.dsv'
[3.143s] INFO:colcon.colcon_core.shell:Creating environment hook '/home/mu/Documents/RINS/project/RINSproject/install/dis_tutorial6/share/dis_tutorial6/hook/cmake_prefix_path.sh'
[3.144s] Level 1:colcon.colcon_core.environment:checking '/home/mu/Documents/RINS/project/RINSproject/install/dis_tutorial6/lib'
[3.144s] Level 1:colcon.colcon_core.environment:checking '/home/mu/Documents/RINS/project/RINSproject/install/dis_tutorial6/bin'
[3.144s] Level 1:colcon.colcon_core.environment:checking '/home/mu/Documents/RINS/project/RINSproject/install/dis_tutorial6/lib/pkgconfig/dis_tutorial6.pc'
[3.144s] Level 1:colcon.colcon_core.environment:checking '/home/mu/Documents/RINS/project/RINSproject/install/dis_tutorial6/lib/python3.10/site-packages'
[3.145s] Level 1:colcon.colcon_core.environment:checking '/home/mu/Documents/RINS/project/RINSproject/install/dis_tutorial6/bin'
[3.166s] INFO:colcon.colcon_core.shell:Creating package script '/home/mu/Documents/RINS/project/RINSproject/install/dis_tutorial6/share/dis_tutorial6/package.ps1'
[3.167s] INFO:colcon.colcon_core.shell:Creating package descriptor '/home/mu/Documents/RINS/project/RINSproject/install/dis_tutorial6/share/dis_tutorial6/package.dsv'
[3.167s] INFO:colcon.colcon_core.shell:Creating package script '/home/mu/Documents/RINS/project/RINSproject/install/dis_tutorial6/share/dis_tutorial6/package.sh'
[3.168s] INFO:colcon.colcon_core.shell:Creating package script '/home/mu/Documents/RINS/project/RINSproject/install/dis_tutorial6/share/dis_tutorial6/package.bash'
[3.168s] INFO:colcon.colcon_core.shell:Creating package script '/home/mu/Documents/RINS/project/RINSproject/install/dis_tutorial6/share/dis_tutorial6/package.zsh'
[3.168s] Level 1:colcon.colcon_core.environment:create_file_with_runtime_dependencies(/home/mu/Documents/RINS/project/RINSproject/install/dis_tutorial6/share/colcon-core/packages/dis_tutorial6)
[3.169s] DEBUG:colcon.colcon_parallel_executor.executor.parallel:closing loop
[3.169s] DEBUG:colcon.colcon_parallel_executor.executor.parallel:loop closed
[3.169s] DEBUG:colcon.colcon_parallel_executor.executor.parallel:run_until_complete finished with '0'
[3.170s] DEBUG:colcon.colcon_core.event_reactor:joining thread
[3.197s] INFO:colcon.colcon_core.plugin_system:Skipping extension 'colcon_notification.desktop_notification.notify_send': Could not find 'notify-send'
[3.197s] INFO:colcon.colcon_core.plugin_system:Skipping extension 'colcon_notification.desktop_notification.terminal_notifier': Not used on non-Darwin systems
[3.197s] INFO:colcon.colcon_core.plugin_system:Skipping extension 'colcon_notification.desktop_notification.win32': Not used on non-Windows systems
[3.197s] INFO:colcon.colcon_notification.desktop_notification:Sending desktop notification using 'notify2'
[3.219s] DEBUG:colcon.colcon_core.event_reactor:joined thread
[3.243s] INFO:colcon.colcon_core.shell:Creating prefix script '/home/mu/Documents/RINS/project/RINSproject/install/local_setup.ps1'
[3.244s] INFO:colcon.colcon_core.shell:Creating prefix util module '/home/mu/Documents/RINS/project/RINSproject/install/_local_setup_util_ps1.py'
[3.246s] INFO:colcon.colcon_core.shell:Creating prefix chain script '/home/mu/Documents/RINS/project/RINSproject/install/setup.ps1'
[3.264s] INFO:colcon.colcon_core.shell:Creating prefix script '/home/mu/Documents/RINS/project/RINSproject/install/local_setup.sh'
[3.265s] INFO:colcon.colcon_core.shell:Creating prefix util module '/home/mu/Documents/RINS/project/RINSproject/install/_local_setup_util_sh.py'
[3.266s] INFO:colcon.colcon_core.shell:Creating prefix chain script '/home/mu/Documents/RINS/project/RINSproject/install/setup.sh'
[3.284s] INFO:colcon.colcon_core.shell:Creating prefix script '/home/mu/Documents/RINS/project/RINSproject/install/local_setup.bash'
[3.284s] INFO:colcon.colcon_core.shell:Creating prefix chain script '/home/mu/Documents/RINS/project/RINSproject/install/setup.bash'
[3.302s] INFO:colcon.colcon_core.shell:Creating prefix script '/home/mu/Documents/RINS/project/RINSproject/install/local_setup.zsh'
[3.302s] INFO:colcon.colcon_core.shell:Creating prefix chain script '/home/mu/Documents/RINS/project/RINSproject/install/setup.zsh'
