[0.170s] Invoking command in '/home/mu/Documents/RINS/project/RINSproject/build/dis_tutorial3': CMAKE_PREFIX_PATH=${CMAKE_PREFIX_PATH}:/opt/ros/humble /usr/bin/cmake --build /home/mu/Documents/RINS/project/RINSproject/build/dis_tutorial3 -- -j16 -l16
[0.226s] -- Found ament_cmake: 1.3.8 (/opt/ros/humble/share/ament_cmake/cmake)
[0.332s] -- Found rclcpp: 16.0.8 (/opt/ros/humble/share/rclcpp/cmake)
[0.375s] -- Found rosidl_generator_c: 3.1.5 (/opt/ros/humble/share/rosidl_generator_c/cmake)
[0.378s] -- Found rosidl_adapter: 3.1.5 (/opt/ros/humble/share/rosidl_adapter/cmake)
[0.384s] -- Found rosidl_generator_cpp: 3.1.5 (/opt/ros/humble/share/rosidl_generator_cpp/cmake)
[0.395s] -- Using all available rosidl_typesupport_c: rosidl_typesupport_fastrtps_c;rosidl_typesupport_introspection_c
[0.408s] -- Using all available rosidl_typesupport_cpp: rosidl_typesupport_fastrtps_cpp;rosidl_typesupport_introspection_cpp
[0.457s] -- Found rmw_implementation_cmake: 6.1.1 (/opt/ros/humble/share/rmw_implementation_cmake/cmake)
[0.458s] -- Found rmw_fastrtps_cpp: 6.2.6 (/opt/ros/humble/share/rmw_fastrtps_cpp/cmake)
[0.569s] -- Using RMW implementation 'rmw_fastrtps_cpp' as default
[0.685s] -- Found rclpy: 3.3.12 (/opt/ros/humble/share/rclpy/cmake)
[0.686s] -- Found std_srvs: 4.2.3 (/opt/ros/humble/share/std_srvs/cmake)
[0.744s] -- Configuring done
[0.748s] -- Generating done
[0.749s] -- Build files have been written to: /home/mu/Documents/RINS/project/RINSproject/build/dis_tutorial3
[0.772s] Invoked command in '/home/mu/Documents/RINS/project/RINSproject/build/dis_tutorial3' returned '0': CMAKE_PREFIX_PATH=${CMAKE_PREFIX_PATH}:/opt/ros/humble /usr/bin/cmake --build /home/mu/Documents/RINS/project/RINSproject/build/dis_tutorial3 -- -j16 -l16
[0.800s] Invoking command in '/home/mu/Documents/RINS/project/RINSproject/build/dis_tutorial3': CMAKE_PREFIX_PATH=${CMAKE_PREFIX_PATH}:/opt/ros/humble /usr/bin/cmake --install /home/mu/Documents/RINS/project/RINSproject/build/dis_tutorial3
[0.806s] -- Install configuration: ""
[0.806s] -- Up-to-date: /home/mu/Documents/RINS/project/RINSproject/install/dis_tutorial3/share/dis_tutorial3//launch
[0.806s] -- Up-to-date: /home/mu/Documents/RINS/project/RINSproject/install/dis_tutorial3/share/dis_tutorial3//launch/ignition.launch.py
[0.806s] -- Up-to-date: /home/mu/Documents/RINS/project/RINSproject/install/dis_tutorial3/share/dis_tutorial3//launch/nav2.launch.py
[0.806s] -- Up-to-date: /home/mu/Documents/RINS/project/RINSproject/install/dis_tutorial3/share/dis_tutorial3//launch/sim_turtlebot_slam.launch.py
[0.806s] -- Up-to-date: /home/mu/Documents/RINS/project/RINSproject/install/dis_tutorial3/share/dis_tutorial3//launch/dis_sim.launch.py
[0.806s] -- Up-to-date: /home/mu/Documents/RINS/project/RINSproject/install/dis_tutorial3/share/dis_tutorial3//launch/sim_turtlebot_nav.launch.py
[0.806s] -- Up-to-date: /home/mu/Documents/RINS/project/RINSproject/install/dis_tutorial3/share/dis_tutorial3//launch/slam.launch.py
[0.807s] -- Up-to-date: /home/mu/Documents/RINS/project/RINSproject/install/dis_tutorial3/share/dis_tutorial3//launch/turtlebot4_spawn.launch.py
[0.807s] -- Up-to-date: /home/mu/Documents/RINS/project/RINSproject/install/dis_tutorial3/share/dis_tutorial3//launch/localization.launch.py
[0.807s] -- Up-to-date: /home/mu/Documents/RINS/project/RINSproject/install/dis_tutorial3/share/dis_tutorial3//launch/turtlebot4_spawn_nav.launch.py
[0.807s] -- Up-to-date: /home/mu/Documents/RINS/project/RINSproject/install/dis_tutorial3/share/dis_tutorial3//config
[0.807s] -- Up-to-date: /home/mu/Documents/RINS/project/RINSproject/install/dis_tutorial3/share/dis_tutorial3//config/nav2.yaml
[0.807s] -- Up-to-date: /home/mu/Documents/RINS/project/RINSproject/install/dis_tutorial3/share/dis_tutorial3//config/laser_filter_chain.yaml
[0.807s] -- Up-to-date: /home/mu/Documents/RINS/project/RINSproject/install/dis_tutorial3/share/dis_tutorial3//config/localization.yaml
[0.807s] -- Up-to-date: /home/mu/Documents/RINS/project/RINSproject/install/dis_tutorial3/share/dis_tutorial3//config/slam.yaml
[0.807s] -- Up-to-date: /home/mu/Documents/RINS/project/RINSproject/install/dis_tutorial3/share/dis_tutorial3//worlds
[0.807s] -- Up-to-date: /home/mu/Documents/RINS/project/RINSproject/install/dis_tutorial3/share/dis_tutorial3//worlds/dis.sdf
[0.807s] -- Up-to-date: /home/mu/Documents/RINS/project/RINSproject/install/dis_tutorial3/share/dis_tutorial3//worlds/demo2.sdf
[0.808s] -- Up-to-date: /home/mu/Documents/RINS/project/RINSproject/install/dis_tutorial3/share/dis_tutorial3//worlds/dis_meshes
[0.808s] -- Up-to-date: /home/mu/Documents/RINS/project/RINSproject/install/dis_tutorial3/share/dis_tutorial3//worlds/dis_meshes/mona1.jpg
[0.808s] -- Up-to-date: /home/mu/Documents/RINS/project/RINSproject/install/dis_tutorial3/share/dis_tutorial3//worlds/dis_meshes/fakering3.jpg
[0.808s] -- Up-to-date: /home/mu/Documents/RINS/project/RINSproject/install/dis_tutorial3/share/dis_tutorial3//worlds/dis_meshes/map_colliders.dae
[0.808s] -- Up-to-date: /home/mu/Documents/RINS/project/RINSproject/install/dis_tutorial3/share/dis_tutorial3//worlds/dis_meshes/objects.jpg
[0.808s] -- Up-to-date: /home/mu/Documents/RINS/project/RINSproject/install/dis_tutorial3/share/dis_tutorial3//worlds/dis_meshes/person2.jpg
[0.808s] -- Up-to-date: /home/mu/Documents/RINS/project/RINSproject/install/dis_tutorial3/share/dis_tutorial3//worlds/dis_meshes/person4.jpg
[0.808s] -- Up-to-date: /home/mu/Documents/RINS/project/RINSproject/install/dis_tutorial3/share/dis_tutorial3//worlds/dis_meshes/parking_space.jpg
[0.808s] -- Up-to-date: /home/mu/Documents/RINS/project/RINSproject/install/dis_tutorial3/share/dis_tutorial3//worlds/dis_meshes/person5.jpg
[0.808s] -- Up-to-date: /home/mu/Documents/RINS/project/RINSproject/install/dis_tutorial3/share/dis_tutorial3//worlds/dis_meshes/qr2.jpg
[0.808s] -- Up-to-date: /home/mu/Documents/RINS/project/RINSproject/install/dis_tutorial3/share/dis_tutorial3//worlds/dis_meshes/fakering2.jpg
[0.808s] -- Up-to-date: /home/mu/Documents/RINS/project/RINSproject/install/dis_tutorial3/share/dis_tutorial3//worlds/dis_meshes/person3.jpg
[0.808s] -- Up-to-date: /home/mu/Documents/RINS/project/RINSproject/install/dis_tutorial3/share/dis_tutorial3//worlds/dis_meshes/person1.jpg
[0.808s] -- Up-to-date: /home/mu/Documents/RINS/project/RINSproject/install/dis_tutorial3/share/dis_tutorial3//worlds/dis_meshes/fakering1.jpg
[0.808s] -- Up-to-date: /home/mu/Documents/RINS/project/RINSproject/install/dis_tutorial3/share/dis_tutorial3//worlds/dis_meshes/wood.jpg
[0.808s] -- Up-to-date: /home/mu/Documents/RINS/project/RINSproject/install/dis_tutorial3/share/dis_tutorial3//worlds/dis_meshes/qr1.jpg
[0.809s] -- Up-to-date: /home/mu/Documents/RINS/project/RINSproject/install/dis_tutorial3/share/dis_tutorial3//worlds/dis_meshes/davinci.jpg
[0.809s] -- Up-to-date: /home/mu/Documents/RINS/project/RINSproject/install/dis_tutorial3/share/dis_tutorial3//worlds/dis_meshes/ground.jpg
[0.809s] -- Up-to-date: /home/mu/Documents/RINS/project/RINSproject/install/dis_tutorial3/share/dis_tutorial3//worlds/dis_meshes/cylinders.jpg
[0.809s] -- Up-to-date: /home/mu/Documents/RINS/project/RINSproject/install/dis_tutorial3/share/dis_tutorial3//worlds/dis_meshes/map.dae
[0.809s] -- Up-to-date: /home/mu/Documents/RINS/project/RINSproject/install/dis_tutorial3/share/dis_tutorial3//worlds/task_meshes
[0.809s] -- Up-to-date: /home/mu/Documents/RINS/project/RINSproject/install/dis_tutorial3/share/dis_tutorial3//worlds/task_meshes/fakering3.jpg
[0.809s] -- Up-to-date: /home/mu/Documents/RINS/project/RINSproject/install/dis_tutorial3/share/dis_tutorial3//worlds/task_meshes/map_colliders.dae
[0.809s] -- Up-to-date: /home/mu/Documents/RINS/project/RINSproject/install/dis_tutorial3/share/dis_tutorial3//worlds/task_meshes/objects.jpg
[0.809s] -- Up-to-date: /home/mu/Documents/RINS/project/RINSproject/install/dis_tutorial3/share/dis_tutorial3//worlds/task_meshes/parking_space.jpg
[0.809s] -- Up-to-date: /home/mu/Documents/RINS/project/RINSproject/install/dis_tutorial3/share/dis_tutorial3//worlds/task_meshes/qr2.jpg
[0.809s] -- Up-to-date: /home/mu/Documents/RINS/project/RINSproject/install/dis_tutorial3/share/dis_tutorial3//worlds/task_meshes/person17.png
[0.809s] -- Up-to-date: /home/mu/Documents/RINS/project/RINSproject/install/dis_tutorial3/share/dis_tutorial3//worlds/task_meshes/fakering2.jpg
[0.809s] -- Up-to-date: /home/mu/Documents/RINS/project/RINSproject/install/dis_tutorial3/share/dis_tutorial3//worlds/task_meshes/person21.png
[0.809s] -- Up-to-date: /home/mu/Documents/RINS/project/RINSproject/install/dis_tutorial3/share/dis_tutorial3//worlds/task_meshes/person19.png
[0.809s] -- Up-to-date: /home/mu/Documents/RINS/project/RINSproject/install/dis_tutorial3/share/dis_tutorial3//worlds/task_meshes/fakering1.jpg
[0.809s] -- Up-to-date: /home/mu/Documents/RINS/project/RINSproject/install/dis_tutorial3/share/dis_tutorial3//worlds/task_meshes/person15.png
[0.809s] -- Up-to-date: /home/mu/Documents/RINS/project/RINSproject/install/dis_tutorial3/share/dis_tutorial3//worlds/task_meshes/qr1.jpg
[0.810s] -- Up-to-date: /home/mu/Documents/RINS/project/RINSproject/install/dis_tutorial3/share/dis_tutorial3//worlds/task_meshes/ground.jpg
[0.810s] -- Up-to-date: /home/mu/Documents/RINS/project/RINSproject/install/dis_tutorial3/share/dis_tutorial3//worlds/task_meshes/cylinders.jpg
[0.810s] -- Up-to-date: /home/mu/Documents/RINS/project/RINSproject/install/dis_tutorial3/share/dis_tutorial3//worlds/task_meshes/person23.png
[0.810s] -- Up-to-date: /home/mu/Documents/RINS/project/RINSproject/install/dis_tutorial3/share/dis_tutorial3//worlds/task_meshes/map.dae
[0.810s] -- Up-to-date: /home/mu/Documents/RINS/project/RINSproject/install/dis_tutorial3/share/dis_tutorial3//worlds/task_meshes/person22.png
[0.810s] -- Up-to-date: /home/mu/Documents/RINS/project/RINSproject/install/dis_tutorial3/share/dis_tutorial3//worlds/demo1.sdf
[0.810s] -- Up-to-date: /home/mu/Documents/RINS/project/RINSproject/install/dis_tutorial3/share/dis_tutorial3//worlds/task.sdf
[0.810s] -- Up-to-date: /home/mu/Documents/RINS/project/RINSproject/install/dis_tutorial3/share/dis_tutorial3//worlds/demo1_meshes
[0.810s] -- Up-to-date: /home/mu/Documents/RINS/project/RINSproject/install/dis_tutorial3/share/dis_tutorial3//worlds/demo1_meshes/fakering3.jpg
[0.810s] -- Up-to-date: /home/mu/Documents/RINS/project/RINSproject/install/dis_tutorial3/share/dis_tutorial3//worlds/demo1_meshes/map_colliders.dae
[0.810s] -- Up-to-date: /home/mu/Documents/RINS/project/RINSproject/install/dis_tutorial3/share/dis_tutorial3//worlds/demo1_meshes/objects.jpg
[0.810s] -- Up-to-date: /home/mu/Documents/RINS/project/RINSproject/install/dis_tutorial3/share/dis_tutorial3//worlds/demo1_meshes/person5.png
[0.810s] -- Up-to-date: /home/mu/Documents/RINS/project/RINSproject/install/dis_tutorial3/share/dis_tutorial3//worlds/demo1_meshes/parking_space.jpg
[0.810s] -- Up-to-date: /home/mu/Documents/RINS/project/RINSproject/install/dis_tutorial3/share/dis_tutorial3//worlds/demo1_meshes/person2.png
[0.810s] -- Up-to-date: /home/mu/Documents/RINS/project/RINSproject/install/dis_tutorial3/share/dis_tutorial3//worlds/demo1_meshes/person1.png
[0.810s] -- Up-to-date: /home/mu/Documents/RINS/project/RINSproject/install/dis_tutorial3/share/dis_tutorial3//worlds/demo1_meshes/qr2.jpg
[0.810s] -- Up-to-date: /home/mu/Documents/RINS/project/RINSproject/install/dis_tutorial3/share/dis_tutorial3//worlds/demo1_meshes/person4.png
[0.810s] -- Up-to-date: /home/mu/Documents/RINS/project/RINSproject/install/dis_tutorial3/share/dis_tutorial3//worlds/demo1_meshes/person3.png
[0.810s] -- Up-to-date: /home/mu/Documents/RINS/project/RINSproject/install/dis_tutorial3/share/dis_tutorial3//worlds/demo1_meshes/fakering2.jpg
[0.810s] -- Up-to-date: /home/mu/Documents/RINS/project/RINSproject/install/dis_tutorial3/share/dis_tutorial3//worlds/demo1_meshes/fakering1.jpg
[0.811s] -- Up-to-date: /home/mu/Documents/RINS/project/RINSproject/install/dis_tutorial3/share/dis_tutorial3//worlds/demo1_meshes/qr1.jpg
[0.811s] -- Up-to-date: /home/mu/Documents/RINS/project/RINSproject/install/dis_tutorial3/share/dis_tutorial3//worlds/demo1_meshes/person11.png
[0.811s] -- Up-to-date: /home/mu/Documents/RINS/project/RINSproject/install/dis_tutorial3/share/dis_tutorial3//worlds/demo1_meshes/ground.jpg
[0.811s] -- Up-to-date: /home/mu/Documents/RINS/project/RINSproject/install/dis_tutorial3/share/dis_tutorial3//worlds/demo1_meshes/cylinders.jpg
[0.812s] -- Up-to-date: /home/mu/Documents/RINS/project/RINSproject/install/dis_tutorial3/share/dis_tutorial3//worlds/demo1_meshes/map.dae
[0.812s] -- Up-to-date: /home/mu/Documents/RINS/project/RINSproject/install/dis_tutorial3/share/dis_tutorial3//worlds/demo2_meshes
[0.812s] -- Up-to-date: /home/mu/Documents/RINS/project/RINSproject/install/dis_tutorial3/share/dis_tutorial3//worlds/demo2_meshes/fakering3.jpg
[0.812s] -- Up-to-date: /home/mu/Documents/RINS/project/RINSproject/install/dis_tutorial3/share/dis_tutorial3//worlds/demo2_meshes/map_colliders.dae
[0.812s] -- Up-to-date: /home/mu/Documents/RINS/project/RINSproject/install/dis_tutorial3/share/dis_tutorial3//worlds/demo2_meshes/objects.jpg
[0.812s] -- Up-to-date: /home/mu/Documents/RINS/project/RINSproject/install/dis_tutorial3/share/dis_tutorial3//worlds/demo2_meshes/person7.png
[0.812s] -- Up-to-date: /home/mu/Documents/RINS/project/RINSproject/install/dis_tutorial3/share/dis_tutorial3//worlds/demo2_meshes/parking_space.jpg
[0.812s] -- Up-to-date: /home/mu/Documents/RINS/project/RINSproject/install/dis_tutorial3/share/dis_tutorial3//worlds/demo2_meshes/person8.png
[0.812s] -- Up-to-date: /home/mu/Documents/RINS/project/RINSproject/install/dis_tutorial3/share/dis_tutorial3//worlds/demo2_meshes/qr2.jpg
[0.812s] -- Up-to-date: /home/mu/Documents/RINS/project/RINSproject/install/dis_tutorial3/share/dis_tutorial3//worlds/demo2_meshes/fakering2.jpg
[0.812s] -- Up-to-date: /home/mu/Documents/RINS/project/RINSproject/install/dis_tutorial3/share/dis_tutorial3//worlds/demo2_meshes/person18.png
[0.812s] -- Up-to-date: /home/mu/Documents/RINS/project/RINSproject/install/dis_tutorial3/share/dis_tutorial3//worlds/demo2_meshes/person20.png
[0.813s] -- Up-to-date: /home/mu/Documents/RINS/project/RINSproject/install/dis_tutorial3/share/dis_tutorial3//worlds/demo2_meshes/fakering1.jpg
[0.813s] -- Up-to-date: /home/mu/Documents/RINS/project/RINSproject/install/dis_tutorial3/share/dis_tutorial3//worlds/demo2_meshes/person9.png
[0.813s] -- Up-to-date: /home/mu/Documents/RINS/project/RINSproject/install/dis_tutorial3/share/dis_tutorial3//worlds/demo2_meshes/qr1.jpg
[0.813s] -- Up-to-date: /home/mu/Documents/RINS/project/RINSproject/install/dis_tutorial3/share/dis_tutorial3//worlds/demo2_meshes/ground.jpg
[0.813s] -- Up-to-date: /home/mu/Documents/RINS/project/RINSproject/install/dis_tutorial3/share/dis_tutorial3//worlds/demo2_meshes/cylinders.jpg
[0.813s] -- Up-to-date: /home/mu/Documents/RINS/project/RINSproject/install/dis_tutorial3/share/dis_tutorial3//worlds/demo2_meshes/person6.png
[0.813s] -- Up-to-date: /home/mu/Documents/RINS/project/RINSproject/install/dis_tutorial3/share/dis_tutorial3//worlds/demo2_meshes/map.dae
[0.813s] -- Up-to-date: /home/mu/Documents/RINS/project/RINSproject/install/dis_tutorial3/share/dis_tutorial3//maps
[0.813s] -- Up-to-date: /home/mu/Documents/RINS/project/RINSproject/install/dis_tutorial3/share/dis_tutorial3//maps/map.pgm
[0.813s] -- Up-to-date: /home/mu/Documents/RINS/project/RINSproject/install/dis_tutorial3/share/dis_tutorial3//maps/map.yaml
[0.813s] -- Up-to-date: /home/mu/Documents/RINS/project/RINSproject/install/dis_tutorial3/lib/dis_tutorial3/detect_people.py
[0.813s] -- Up-to-date: /home/mu/Documents/RINS/project/RINSproject/install/dis_tutorial3/lib/dis_tutorial3/robot_commander.py
[0.814s] -- Up-to-date: /home/mu/Documents/RINS/project/RINSproject/install/dis_tutorial3/share/ament_index/resource_index/package_run_dependencies/dis_tutorial3
[0.814s] -- Installing: /home/mu/Documents/RINS/project/RINSproject/install/dis_tutorial3/share/ament_index/resource_index/parent_prefix_path/dis_tutorial3
[0.814s] -- Installing: /home/mu/Documents/RINS/project/RINSproject/install/dis_tutorial3/share/dis_tutorial3/environment/ament_prefix_path.sh
[0.814s] -- Installing: /home/mu/Documents/RINS/project/RINSproject/install/dis_tutorial3/share/dis_tutorial3/environment/ament_prefix_path.dsv
[0.814s] -- Installing: /home/mu/Documents/RINS/project/RINSproject/install/dis_tutorial3/share/dis_tutorial3/environment/path.sh
[0.814s] -- Installing: /home/mu/Documents/RINS/project/RINSproject/install/dis_tutorial3/share/dis_tutorial3/environment/path.dsv
[0.814s] -- Up-to-date: /home/mu/Documents/RINS/project/RINSproject/install/dis_tutorial3/share/dis_tutorial3/local_setup.bash
[0.814s] -- Up-to-date: /home/mu/Documents/RINS/project/RINSproject/install/dis_tutorial3/share/dis_tutorial3/local_setup.sh
[0.814s] -- Up-to-date: /home/mu/Documents/RINS/project/RINSproject/install/dis_tutorial3/share/dis_tutorial3/local_setup.zsh
[0.814s] -- Installing: /home/mu/Documents/RINS/project/RINSproject/install/dis_tutorial3/share/dis_tutorial3/local_setup.dsv
[0.814s] -- Installing: /home/mu/Documents/RINS/project/RINSproject/install/dis_tutorial3/share/dis_tutorial3/package.dsv
[0.814s] -- Up-to-date: /home/mu/Documents/RINS/project/RINSproject/install/dis_tutorial3/share/ament_index/resource_index/packages/dis_tutorial3
[0.814s] -- Up-to-date: /home/mu/Documents/RINS/project/RINSproject/install/dis_tutorial3/share/dis_tutorial3/cmake/dis_tutorial3Config.cmake
[0.815s] -- Up-to-date: /home/mu/Documents/RINS/project/RINSproject/install/dis_tutorial3/share/dis_tutorial3/cmake/dis_tutorial3Config-version.cmake
[0.815s] -- Up-to-date: /home/mu/Documents/RINS/project/RINSproject/install/dis_tutorial3/share/dis_tutorial3/package.xml
[0.815s] Invoked command in '/home/mu/Documents/RINS/project/RINSproject/build/dis_tutorial3' returned '0': CMAKE_PREFIX_PATH=${CMAKE_PREFIX_PATH}:/opt/ros/humble /usr/bin/cmake --install /home/mu/Documents/RINS/project/RINSproject/build/dis_tutorial3
