[0.116s] Invoking command in '/home/mu/RINSproject/src/build/dis_tutorial6': CMAKE_PREFIX_PATH=${CMAKE_PREFIX_PATH}:/opt/ros/humble /usr/bin/cmake --build /home/mu/RINSproject/src/build/dis_tutorial6 -- -j16 -l16
[0.191s] [ 83%] Built target pcl_forwarder
[0.191s] [ 83%] Built target planes
[0.192s] [100%] Built target cylinder_segmentation
[0.208s] Invoked command in '/home/mu/RINSproject/src/build/dis_tutorial6' returned '0': CMAKE_PREFIX_PATH=${CMAKE_PREFIX_PATH}:/opt/ros/humble /usr/bin/cmake --build /home/mu/RINSproject/src/build/dis_tutorial6 -- -j16 -l16
[0.254s] Invoking command in '/home/mu/RINSproject/src/build/dis_tutorial6': CMAKE_PREFIX_PATH=${CMAKE_PREFIX_PATH}:/opt/ros/humble /usr/bin/cmake --install /home/mu/RINSproject/src/build/dis_tutorial6
[0.262s] -- Install configuration: ""
[0.262s] -- Up-to-date: /home/mu/RINSproject/src/install/dis_tutorial6/lib/dis_tutorial6/pcl_forwarder
[0.262s] -- Up-to-date: /home/mu/RINSproject/src/install/dis_tutorial6/lib/dis_tutorial6/planes
[0.263s] -- Up-to-date: /home/mu/RINSproject/src/install/dis_tutorial6/lib/dis_tutorial6/cylinder_segmentation
[0.263s] -- Installing: /home/mu/RINSproject/src/install/dis_tutorial6/lib/dis_tutorial6/detect_rings.py
[0.263s] -- Up-to-date: /home/mu/RINSproject/src/install/dis_tutorial6/share/ament_index/resource_index/package_run_dependencies/dis_tutorial6
[0.263s] -- Up-to-date: /home/mu/RINSproject/src/install/dis_tutorial6/share/ament_index/resource_index/parent_prefix_path/dis_tutorial6
[0.263s] -- Up-to-date: /home/mu/RINSproject/src/install/dis_tutorial6/share/dis_tutorial6/environment/ament_prefix_path.sh
[0.264s] -- Up-to-date: /home/mu/RINSproject/src/install/dis_tutorial6/share/dis_tutorial6/environment/ament_prefix_path.dsv
[0.264s] -- Up-to-date: /home/mu/RINSproject/src/install/dis_tutorial6/share/dis_tutorial6/environment/path.sh
[0.264s] -- Up-to-date: /home/mu/RINSproject/src/install/dis_tutorial6/share/dis_tutorial6/environment/path.dsv
[0.264s] -- Up-to-date: /home/mu/RINSproject/src/install/dis_tutorial6/share/dis_tutorial6/local_setup.bash
[0.264s] -- Up-to-date: /home/mu/RINSproject/src/install/dis_tutorial6/share/dis_tutorial6/local_setup.sh
[0.264s] -- Up-to-date: /home/mu/RINSproject/src/install/dis_tutorial6/share/dis_tutorial6/local_setup.zsh
[0.264s] -- Up-to-date: /home/mu/RINSproject/src/install/dis_tutorial6/share/dis_tutorial6/local_setup.dsv
[0.264s] -- Installing: /home/mu/RINSproject/src/install/dis_tutorial6/share/dis_tutorial6/package.dsv
[0.264s] -- Up-to-date: /home/mu/RINSproject/src/install/dis_tutorial6/share/ament_index/resource_index/packages/dis_tutorial6
[0.264s] -- Up-to-date: /home/mu/RINSproject/src/install/dis_tutorial6/share/dis_tutorial6/cmake/dis_tutorial6Config.cmake
[0.264s] -- Up-to-date: /home/mu/RINSproject/src/install/dis_tutorial6/share/dis_tutorial6/cmake/dis_tutorial6Config-version.cmake
[0.264s] -- Up-to-date: /home/mu/RINSproject/src/install/dis_tutorial6/share/dis_tutorial6/package.xml
[0.267s] Invoked command in '/home/mu/RINSproject/src/build/dis_tutorial6' returned '0': CMAKE_PREFIX_PATH=${CMAKE_PREFIX_PATH}:/opt/ros/humble /usr/bin/cmake --install /home/mu/RINSproject/src/build/dis_tutorial6
